#
# There is insufficient memory for the Java Runtime Environment to continue.
# Native memory allocation (malloc) failed to allocate 405798912 bytes for committing reserved memory.
# Possible reasons:
#   The system is out of physical RAM or swap space
#   In 32 bit mode, the process size limit was hit
# Possible solutions:
#   Reduce memory load on the system
#   Increase physical memory or swap space
#   Check if swap backing store is full
#   Use 64 bit Java on a 64 bit OS
#   Decrease Java heap size (-Xmx/-Xms)
#   Decrease number of Java threads
#   Decrease Java thread stack sizes (-Xss)
#   Set larger code cache with -XX:ReservedCodeCacheSize=
# This output file may be truncated or incomplete.
#
#  Out of Memory Error (os_linux.cpp:2756), pid=14280, tid=140435266832128
#
# JRE version: Java(TM) SE Runtime Environment (7.0_80-b15) (build 1.7.0_80-b15)
# Java VM: Java HotSpot(TM) 64-Bit Server VM (24.80-b11 mixed mode linux-amd64 compressed oops)
# Failed to write core dump. Core dumps have been disabled. To enable core dumping, try "ulimit -c unlimited" before starting Java again
#

---------------  T H R E A D  ---------------

Current thread (0x00007fb9ac069800):  VMThread [stack: 0x00007fb9a2218000,0x00007fb9a2319000] [id=14286]

Stack: [0x00007fb9a2218000,0x00007fb9a2319000],  sp=0x00007fb9a23171a0,  free space=1020k
Native frames: (J=compiled Java code, j=interpreted, Vv=VM code, C=native code)
V  [libjvm.so+0x9a320a]  VMError::report_and_die()+0x2ea
V  [libjvm.so+0x498d3b]  report_vm_out_of_memory(char const*, int, unsigned long, char const*)+0x9b
V  [libjvm.so+0x82191e]  os::Linux::commit_memory_impl(char*, unsigned long, bool)+0xfe
V  [libjvm.so+0x821e69]  os::pd_commit_memory(char*, unsigned long, unsigned long, bool)+0x29
V  [libjvm.so+0x81bb6a]  os::commit_memory(char*, unsigned long, unsigned long, bool)+0x2a
V  [libjvm.so+0x88d623]  PSVirtualSpace::expand_by(unsigned long)+0x53
V  [libjvm.so+0x87ca80]  PSOldGen::expand(unsigned long)+0x170
V  [libjvm.so+0x87cc8b]  PSOldGen::resize(unsigned long)+0x1cb
V  [libjvm.so+0x885951]  PSParallelCompact::invoke_no_policy(bool)+0x9b1
V  [libjvm.so+0x88b8cd]  PSScavenge::invoke()+0x1ad
V  [libjvm.so+0x843f40]  ParallelScavengeHeap::failed_mem_allocate(unsigned long)+0x70
V  [libjvm.so+0x9a4a97]  VM_ParallelGCFailedAllocation::doit()+0x97
V  [libjvm.so+0x9abf35]  VM_Operation::evaluate()+0x55
V  [libjvm.so+0x9aa2fa]  VMThread::evaluate_operation(VM_Operation*)+0xba
V  [libjvm.so+0x9aa67e]  VMThread::loop()+0x1ce
V  [libjvm.so+0x9aaaf0]  VMThread::run()+0x70
V  [libjvm.so+0x8238c8]  java_start(Thread*)+0x108

VM_Operation (0x00007fb9b25d7540): ParallelGCFailedAllocation, mode: safepoint, requested by thread 0x00007fb9ac009800


---------------  P R O C E S S  ---------------

Java Threads: ( => current thread )
  0x00007fb9540b2000 JavaThread "TimerQueue" daemon [_thread_blocked, id=14313, stack(0x00007fb99a794000,0x00007fb99a895000)]
  0x00007fb9ac20a800 JavaThread "AWT-EventQueue-0" [_thread_blocked, id=14297, stack(0x00007fb99b7ec000,0x00007fb99b8ed000)]
  0x00007fb9ac1e2800 JavaThread "AWT-Shutdown" [_thread_blocked, id=14296, stack(0x00007fb99b8ed000,0x00007fb99b9ee000)]
  0x00007fb9ac1be000 JavaThread "AWT-XAWT" daemon [_thread_blocked, id=14295, stack(0x00007fb99b9ee000,0x00007fb99baef000)]
  0x00007fb9ac19a800 JavaThread "Java2D Disposer" daemon [_thread_blocked, id=14294, stack(0x00007fb99beff000,0x00007fb99c000000)]
  0x00007fb9ac099800 JavaThread "Service Thread" daemon [_thread_blocked, id=14292, stack(0x00007fb9a1818000,0x00007fb9a1919000)]
  0x00007fb9ac097000 JavaThread "C2 CompilerThread1" daemon [_thread_blocked, id=14291, stack(0x00007fb9a1919000,0x00007fb9a1a1a000)]
  0x00007fb9ac094000 JavaThread "C2 CompilerThread0" daemon [_thread_blocked, id=14290, stack(0x00007fb9a1a1a000,0x00007fb9a1b1b000)]
  0x00007fb9ac092000 JavaThread "Signal Dispatcher" daemon [_thread_blocked, id=14289, stack(0x00007fb9a1b1b000,0x00007fb9a1c1c000)]
  0x00007fb9ac070000 JavaThread "Finalizer" daemon [_thread_blocked, id=14288, stack(0x00007fb9a2016000,0x00007fb9a2117000)]
  0x00007fb9ac06e000 JavaThread "Reference Handler" daemon [_thread_blocked, id=14287, stack(0x00007fb9a2117000,0x00007fb9a2218000)]
  0x00007fb9ac009800 JavaThread "main" [_thread_blocked, id=14281, stack(0x00007fb9b24d8000,0x00007fb9b25d9000)]

Other Threads:
=>0x00007fb9ac069800 VMThread [stack: 0x00007fb9a2218000,0x00007fb9a2319000] [id=14286]
  0x00007fb9ac0a4000 WatcherThread [stack: 0x00007fb9a1717000,0x00007fb9a1818000] [id=14293]

VM state:at safepoint (normal execution)

VM Mutex/Monitor currently owned by a thread:  ([mutex/lock_event])
[0x00007fb9ac0058f0] ExpandHeap_lock - owner thread: 0x00007fb9ac069800
[0x00007fb9ac005f70] Threads_lock - owner thread: 0x00007fb9ac069800
[0x00007fb9ac006470] Heap_lock - owner thread: 0x00007fb9ac009800

Heap
 PSYoungGen      total 466432K, used 0K [0x00000007d5500000, 0x0000000800000000, 0x0000000800000000)
  eden space 233472K, 0% used [0x00000007d5500000,0x00000007d5500000,0x00000007e3900000)
  from space 232960K, 0% used [0x00000007f1c80000,0x00000007f1c80000,0x0000000800000000)
  to   space 232960K, 0% used [0x00000007e3900000,0x00000007e3900000,0x00000007f1c80000)
 ParOldGen       total 983040K, used 856235K [0x0000000780000000, 0x00000007bc000000, 0x00000007d5500000)
  object space 983040K, 87% used [0x0000000780000000,0x00000007b442aec0,0x00000007bc000000)
 PSPermGen       total 23040K, used 12135K [0x000000077ae00000, 0x000000077c480000, 0x0000000780000000)
  object space 23040K, 52% used [0x000000077ae00000,0x000000077b9d9c90,0x000000077c480000)

Card table byte_map: [0x00007fb9a838c000,0x00007fb9a87b6000] byte_map_base: 0x00007fb9a47b5000

Polling page: 0x00007fb9b25fb000

Code Cache  [0x00007fb9a87b6000, 0x00007fb9a8a26000, 0x00007fb9ab7b6000)
 total_blobs=912 nmethods=449 adapters=416 free_code_cache=47656Kb largest_free_block=48763328

Compilation events (10 events):
Event: 60,139 Thread 0x00007fb9ac097000  469 %           java.util.HashMap::readObject @ 149 (182 bytes)
Event: 60,147 Thread 0x00007fb9ac097000 nmethod 469% 0x00007fb9a891e210 code [0x00007fb9a891e3c0, 0x00007fb9a891ec18]
Event: 60,658 Thread 0x00007fb9ac094000  470   !         sun.reflect.GeneratedSerializationConstructorAccessor4::newInstance (49 bytes)
Event: 60,659 Thread 0x00007fb9ac094000 nmethod 470 0x00007fb9a891de10 code [0x00007fb9a891df60, 0x00007fb9a891e078]
Event: 70,879 Thread 0x00007fb9ac094000  471 %           java.util.Arrays::fill @ 10 (28 bytes)
Event: 70,883 Thread 0x00007fb9ac094000 nmethod 471% 0x00007fb9a8851150 code [0x00007fb9a88512a0, 0x00007fb9a8851478]
Event: 70,889 Thread 0x00007fb9ac097000  472 %           java.util.Arrays::fill @ 10 (28 bytes)
Event: 70,894 Thread 0x00007fb9ac097000 nmethod 472% 0x00007fb9a8925d10 code [0x00007fb9a8925e60, 0x00007fb9a89260f8]
Event: 70,896 Thread 0x00007fb9ac094000  473 %           java.util.Arrays::fill @ 10 (28 bytes)
Event: 70,911 Thread 0x00007fb9ac094000 nmethod 473% 0x00007fb9a886f350 code [0x00007fb9a886f4a0, 0x00007fb9a886fa58]

GC Heap History (10 events):
Event: 59,216 GC heap after
Heap after GC invocations=38 (full 5):
 PSYoungGen      total 466432K, used 181664K [0x00000007d5500000, 0x0000000800000000, 0x0000000800000000)
  eden space 233472K, 0% used [0x00000007d5500000,0x00000007d5500000,0x00000007e3900000)
  from space 232960K, 77% used [0x00000007e3900000,0x00000007eea68050,0x00000007f1c80000)
  to   space 232960K, 0% used [0x00000007f1c80000,0x00000007f1c80000,0x0000000800000000)
 ParOldGen       total 566784K, used 445571K [0x0000000780000000, 0x00000007a2980000, 0x00000007d5500000)
  object space 566784K, 78% used [0x0000000780000000,0x000000079b320e68,0x00000007a2980000)
 PSPermGen       total 24064K, used 12134K [0x000000077ae00000, 0x000000077c580000, 0x0000000780000000)
  object space 24064K, 50% used [0x000000077ae00000,0x000000077b9d9b68,0x000000077c580000)
}
Event: 64,476 GC heap before
{Heap before GC invocations=39 (full 5):
 PSYoungGen      total 466432K, used 415136K [0x00000007d5500000, 0x0000000800000000, 0x0000000800000000)
  eden space 233472K, 100% used [0x00000007d5500000,0x00000007e3900000,0x00000007e3900000)
  from space 232960K, 77% used [0x00000007e3900000,0x00000007eea68050,0x00000007f1c80000)
  to   space 232960K, 0% used [0x00000007f1c80000,0x00000007f1c80000,0x0000000800000000)
 ParOldGen       total 566784K, used 445571K [0x0000000780000000, 0x00000007a2980000, 0x00000007d5500000)
  object space 566784K, 78% used [0x0000000780000000,0x000000079b320e68,0x00000007a2980000)
 PSPermGen       total 24064K, used 12135K [0x000000077ae00000, 0x000000077c580000, 0x0000000780000000)
  object space 24064K, 50% used [0x000000077ae00000,0x000000077b9d9ca8,0x000000077c580000)
Event: 64,719 GC heap after
Heap after GC invocations=39 (full 5):
 PSYoungGen      total 466432K, used 202080K [0x00000007d5500000, 0x0000000800000000, 0x0000000800000000)
  eden space 233472K, 0% used [0x00000007d5500000,0x00000007d5500000,0x00000007e3900000)
  from space 232960K, 86% used [0x00000007f1c80000,0x00000007fe1d8050,0x0000000800000000)
  to   space 232960K, 0% used [0x00000007e3900000,0x00000007e3900000,0x00000007f1c80000)
 ParOldGen       total 566784K, used 531955K [0x0000000780000000, 0x00000007a2980000, 0x00000007d5500000)
  object space 566784K, 93% used [0x0000000780000000,0x00000007a077ce68,0x00000007a2980000)
 PSPermGen       total 24064K, used 12135K [0x000000077ae00000, 0x000000077c580000, 0x0000000780000000)
  object space 24064K, 50% used [0x000000077ae00000,0x000000077b9d9ca8,0x000000077c580000)
}
Event: 64,719 GC heap before
{Heap before GC invocations=40 (full 6):
 PSYoungGen      total 466432K, used 202080K [0x00000007d5500000, 0x0000000800000000, 0x0000000800000000)
  eden space 233472K, 0% used [0x00000007d5500000,0x00000007d5500000,0x00000007e3900000)
  from space 232960K, 86% used [0x00000007f1c80000,0x00000007fe1d8050,0x0000000800000000)
  to   space 232960K, 0% used [0x00000007e3900000,0x00000007e3900000,0x00000007f1c80000)
 ParOldGen       total 566784K, used 531955K [0x0000000780000000, 0x00000007a2980000, 0x00000007d5500000)
  object space 566784K, 93% used [0x0000000780000000,0x00000007a077ce68,0x00000007a2980000)
 PSPermGen       total 24064K, used 12135K [0x000000077ae00000, 0x000000077c580000, 0x0000000780000000)
  object space 24064K, 50% used [0x000000077ae00000,0x000000077b9d9ca8,0x000000077c580000)
Event: 68,113 GC heap after
Heap after GC invocations=40 (full 6):
 PSYoungGen      total 466432K, used 164501K [0x00000007d5500000, 0x0000000800000000, 0x0000000800000000)
  eden space 233472K, 0% used [0x00000007d5500000,0x00000007d5500000,0x00000007e3900000)
  from space 232960K, 70% used [0x00000007f1c80000,0x00000007fbd25560,0x0000000800000000)
  to   space 232960K, 0% used [0x00000007e3900000,0x00000007e3900000,0x00000007f1c80000)
 ParOldGen       total 983040K, used 566596K [0x0000000780000000, 0x00000007bc000000, 0x00000007d5500000)
  object space 983040K, 57% used [0x0000000780000000,0x00000007a2951010,0x00000007bc000000)
 PSPermGen       total 23040K, used 12134K [0x000000077ae00000, 0x000000077c480000, 0x0000000780000000)
  object space 23040K, 52% used [0x000000077ae00000,0x000000077b9d9b88,0x000000077c480000)
}
Event: 71,056 GC heap before
{Heap before GC invocations=41 (full 6):
 PSYoungGen      total 466432K, used 397973K [0x00000007d5500000, 0x0000000800000000, 0x0000000800000000)
  eden space 233472K, 100% used [0x00000007d5500000,0x00000007e3900000,0x00000007e3900000)
  from space 232960K, 70% used [0x00000007f1c80000,0x00000007fbd25560,0x0000000800000000)
  to   space 232960K, 0% used [0x00000007e3900000,0x00000007e3900000,0x00000007f1c80000)
 ParOldGen       total 983040K, used 566596K [0x0000000780000000, 0x00000007bc000000, 0x00000007d5500000)
  object space 983040K, 57% used [0x0000000780000000,0x00000007a2951010,0x00000007bc000000)
 PSPermGen       total 23040K, used 12135K [0x000000077ae00000, 0x000000077c480000, 0x0000000780000000)
  object space 23040K, 52% used [0x000000077ae00000,0x000000077b9d9c90,0x000000077c480000)
Event: 71,673 GC heap after
Heap after GC invocations=41 (full 6):
 PSYoungGen      total 466432K, used 200416K [0x00000007d5500000, 0x0000000800000000, 0x0000000800000000)
  eden space 233472K, 0% used [0x00000007d5500000,0x00000007d5500000,0x00000007e3900000)
  from space 232960K, 86% used [0x00000007e3900000,0x00000007efcb8030,0x00000007f1c80000)
  to   space 232960K, 0% used [0x00000007f1c80000,0x00000007f1c80000,0x0000000800000000)
 ParOldGen       total 983040K, used 644084K [0x0000000780000000, 0x00000007bc000000, 0x00000007d5500000)
  object space 983040K, 65% used [0x0000000780000000,0x00000007a74fd020,0x00000007bc000000)
 PSPermGen       total 23040K, used 12135K [0x000000077ae00000, 0x000000077c480000, 0x0000000780000000)
  object space 23040K, 52% used [0x000000077ae00000,0x000000077b9d9c90,0x000000077c480000)
}
Event: 72,026 GC heap before
{Heap before GC invocations=42 (full 6):
 PSYoungGen      total 466432K, used 433888K [0x00000007d5500000, 0x0000000800000000, 0x0000000800000000)
  eden space 233472K, 100% used [0x00000007d5500000,0x00000007e3900000,0x00000007e3900000)
  from space 232960K, 86% used [0x00000007e3900000,0x00000007efcb8030,0x00000007f1c80000)
  to   space 232960K, 0% used [0x00000007f1c80000,0x00000007f1c80000,0x0000000800000000)
 ParOldGen       total 983040K, used 644084K [0x0000000780000000, 0x00000007bc000000, 0x00000007d5500000)
  object space 983040K, 65% used [0x0000000780000000,0x00000007a74fd020,0x00000007bc000000)
 PSPermGen       total 23040K, used 12135K [0x000000077ae00000, 0x000000077c480000, 0x0000000780000000)
  object space 23040K, 52% used [0x000000077ae00000,0x000000077b9d9c90,0x000000077c480000)
Event: 72,582 GC heap after
Heap after GC invocations=42 (full 6):
 PSYoungGen      total 466432K, used 77024K [0x00000007d5500000, 0x0000000800000000, 0x0000000800000000)
  eden space 233472K, 0% used [0x00000007d5500000,0x00000007d5500000,0x00000007e3900000)
  from space 232960K, 33% used [0x00000007f1c80000,0x00000007f67b8010,0x0000000800000000)
  to   space 232960K, 0% used [0x00000007e3900000,0x00000007e3900000,0x00000007f1c80000)
 ParOldGen       total 983040K, used 844820K [0x0000000780000000, 0x00000007bc000000, 0x00000007d5500000)
  object space 983040K, 85% used [0x0000000780000000,0x00000007b3905050,0x00000007bc000000)
 PSPermGen       total 23040K, used 12135K [0x000000077ae00000, 0x000000077c480000, 0x0000000780000000)
  object space 23040K, 52% used [0x000000077ae00000,0x000000077b9d9c90,0x000000077c480000)
}
Event: 72,582 GC heap before
{Heap before GC invocations=43 (full 7):
 PSYoungGen      total 466432K, used 77024K [0x00000007d5500000, 0x0000000800000000, 0x0000000800000000)
  eden space 233472K, 0% used [0x00000007d5500000,0x00000007d5500000,0x00000007e3900000)
  from space 232960K, 33% used [0x00000007f1c80000,0x00000007f67b8010,0x0000000800000000)
  to   space 232960K, 0% used [0x00000007e3900000,0x00000007e3900000,0x00000007f1c80000)
 ParOldGen       total 983040K, used 844820K [0x0000000780000000, 0x00000007bc000000, 0x00000007d5500000)
  object space 983040K, 85% used [0x0000000780000000,0x00000007b3905050,0x00000007bc000000)
 PSPermGen       total 23040K, used 12135K [0x000000077ae00000, 0x000000077c480000, 0x0000000780000000)
  object space 23040K, 52% used [0x000000077ae00000,0x000000077b9d9c90,0x000000077c480000)

Deoptimization events (10 events):
Event: 58,279 Thread 0x00007fb9ac009800 Uncommon trap: reason=unstable_if action=reinterpret pc=0x00007fb9a8911b68 method=java.io.ObjectInputStream$PeekInputStream.read([BII)I @ 10
Event: 58,364 Thread 0x00007fb9ac009800 Uncommon trap: reason=unstable_if action=reinterpret pc=0x00007fb9a88f88bc method=java.io.ObjectInputStream$BlockDataInputStream.readUTFSpan(Ljava/lang/StringBuilder;J)J @ 35
Event: 58,408 Thread 0x00007fb9ac009800 Uncommon trap: reason=unstable_if action=reinterpret pc=0x00007fb9a89061f8 method=java.util.HashMap.putForCreate(Ljava/lang/Object;Ljava/lang/Object;)V @ 46
Event: 70,879 Thread 0x00007fb9ac009800 Uncommon trap: reason=unstable_if action=reinterpret pc=0x00007fb9a89040bc method=java.io.ObjectInputStream$HandleTable.markDependency(II)V @ 2
Event: 70,884 Thread 0x00007fb9ac009800 Uncommon trap: reason=unstable_if action=reinterpret pc=0x00007fb9a88513dc method=java.util.Arrays.fill([BIIB)V @ 13
Event: 70,889 Thread 0x00007fb9ac009800 Uncommon trap: reason=predicate action=maybe_recompile pc=0x00007fb9a88e8af8 method=java.util.Arrays.fill([Ljava/lang/Object;IILjava/lang/Object;)V @ 16
Event: 70,894 Thread 0x00007fb9ac009800 Uncommon trap: reason=array_check action=maybe_recompile pc=0x00007fb9a89260b4 method=java.util.Arrays.fill([Ljava/lang/Object;IILjava/lang/Object;)V @ 20
Event: 70,894 Thread 0x00007fb9ac009800 Uncommon trap: reason=array_check action=maybe_recompile pc=0x00007fb9a89260b4 method=java.util.Arrays.fill([Ljava/lang/Object;IILjava/lang/Object;)V @ 20
Event: 70,894 Thread 0x00007fb9ac009800 Uncommon trap: reason=array_check action=maybe_recompile pc=0x00007fb9a89260b4 method=java.util.Arrays.fill([Ljava/lang/Object;IILjava/lang/Object;)V @ 20
Event: 70,894 Thread 0x00007fb9ac009800 Uncommon trap: reason=array_check action=maybe_recompile pc=0x00007fb9a89260b4 method=java.util.Arrays.fill([Ljava/lang/Object;IILjava/lang/Object;)V @ 20

Internal exceptions (10 events):
Event: 0,778 Thread 0x00007fb9ac009800 Threw 0x00000007d6cbb448 at /HUDSON/workspace/7u-2-build-linux-amd64/jdk7u80/2329/hotspot/src/share/vm/prims/jvm.cpp:1319
Event: 0,780 Thread 0x00007fb9ac009800 Threw 0x00000007d6cc35d0 at /HUDSON/workspace/7u-2-build-linux-amd64/jdk7u80/2329/hotspot/src/share/vm/prims/jvm.cpp:1319
Event: 1,164 Thread 0x00007fb9ac1be000 Implicit null exception at 0x00007fb9a887ec19 to 0x00007fb9a887ec5d
Event: 4,561 Thread 0x00007fb9ac009800 Implicit null exception at 0x00007fb9a889b218 to 0x00007fb9a889b73d
Event: 17,492 Thread 0x00007fb9ac009800 Implicit null exception at 0x00007fb9a88bb3fd to 0x00007fb9a88bb5f5
Event: 17,493 Thread 0x00007fb9ac009800 Threw 0x00000007ece2af70 at /HUDSON/workspace/7u-2-build-linux-amd64/jdk7u80/2329/hotspot/src/share/vm/prims/jni.cpp:1632
Event: 17,496 Thread 0x00007fb9ac009800 Threw 0x00000007ece3d3b8 at /HUDSON/workspace/7u-2-build-linux-amd64/jdk7u80/2329/hotspot/src/share/vm/prims/jni.cpp:1632
Event: 33,815 Thread 0x00007fb9ac009800 Implicit null exception at 0x00007fb9a88dfad7 to 0x00007fb9a88e0c6d
Event: 58,025 Thread 0x00007fb9ac009800 Implicit null exception at 0x00007fb9a88ef407 to 0x00007fb9a88ef6d5
Event: 58,026 Thread 0x00007fb9ac009800 Implicit null exception at 0x00007fb9a887ef96 to 0x00007fb9a887efd2

Events (10 events):
Event: 70,894 Thread 0x00007fb9ac009800 DEOPT UNPACKING pc=0x00007fb9a87ef445 sp=0x00007fb9b25d7460 mode 2
Event: 70,894 Thread 0x00007fb9ac009800 Uncommon trap: trap_request=0xffffffd6 fr.pc=0x00007fb9a89260b4
Event: 70,894 Thread 0x00007fb9ac009800 DEOPT PACKING pc=0x00007fb9a89260b4 sp=0x00007fb9b25d7490
Event: 70,894 Thread 0x00007fb9ac009800 DEOPT UNPACKING pc=0x00007fb9a87ef445 sp=0x00007fb9b25d7460 mode 2
Event: 70,894 Thread 0x00007fb9ac009800 Uncommon trap: trap_request=0xffffffd6 fr.pc=0x00007fb9a89260b4
Event: 70,894 Thread 0x00007fb9ac009800 DEOPT PACKING pc=0x00007fb9a89260b4 sp=0x00007fb9b25d7490
Event: 70,894 Thread 0x00007fb9ac009800 DEOPT UNPACKING pc=0x00007fb9a87ef445 sp=0x00007fb9b25d7460 mode 2
Event: 71,056 Executing VM operation: ParallelGCFailedAllocation
Event: 71,673 Executing VM operation: ParallelGCFailedAllocation done
Event: 72,026 Executing VM operation: ParallelGCFailedAllocation


Dynamic libraries:
00400000-00401000 r-xp 00000000 08:02 538188                             /usr/lib/jvm/java-7-oracle/jre/bin/java
00600000-00601000 rw-p 00000000 08:02 538188                             /usr/lib/jvm/java-7-oracle/jre/bin/java
01609000-0162a000 rw-p 00000000 00:00 0                                  [heap]
77ae00000-77c480000 rw-p 00000000 00:00 0 
77c480000-77c880000 ---p 00000000 00:00 0 
77c880000-780000000 rw-p 00000000 00:00 0 
780000000-7bc000000 rw-p 00000000 00:00 0 
7d4300000-7d5500000 rw-p 00000000 00:00 0 
7d5500000-800000000 rw-p 00000000 00:00 0 
7fb94c000000-7fb94c021000 rw-p 00000000 00:00 0 
7fb94c021000-7fb950000000 ---p 00000000 00:00 0 
7fb954000000-7fb954182000 rw-p 00000000 00:00 0 
7fb954182000-7fb958000000 ---p 00000000 00:00 0 
7fb958000000-7fb958021000 rw-p 00000000 00:00 0 
7fb958021000-7fb95c000000 ---p 00000000 00:00 0 
7fb95c000000-7fb95c021000 rw-p 00000000 00:00 0 
7fb95c021000-7fb960000000 ---p 00000000 00:00 0 
7fb960000000-7fb960021000 rw-p 00000000 00:00 0 
7fb960021000-7fb964000000 ---p 00000000 00:00 0 
7fb964000000-7fb964021000 rw-p 00000000 00:00 0 
7fb964021000-7fb968000000 ---p 00000000 00:00 0 
7fb968000000-7fb968021000 rw-p 00000000 00:00 0 
7fb968021000-7fb96c000000 ---p 00000000 00:00 0 
7fb96c000000-7fb96c6ea000 rw-p 00000000 00:00 0 
7fb96c6ea000-7fb970000000 ---p 00000000 00:00 0 
7fb970000000-7fb970021000 rw-p 00000000 00:00 0 
7fb970021000-7fb974000000 ---p 00000000 00:00 0 
7fb974000000-7fb974021000 rw-p 00000000 00:00 0 
7fb974021000-7fb978000000 ---p 00000000 00:00 0 
7fb978000000-7fb9785f8000 rw-p 00000000 00:00 0 
7fb9785f8000-7fb97c000000 ---p 00000000 00:00 0 
7fb97c000000-7fb97c021000 rw-p 00000000 00:00 0 
7fb97c021000-7fb980000000 ---p 00000000 00:00 0 
7fb980000000-7fb980021000 rw-p 00000000 00:00 0 
7fb980021000-7fb984000000 ---p 00000000 00:00 0 
7fb984000000-7fb985376000 rw-p 00000000 00:00 0 
7fb985376000-7fb988000000 ---p 00000000 00:00 0 
7fb988000000-7fb988021000 rw-p 00000000 00:00 0 
7fb988021000-7fb98c000000 ---p 00000000 00:00 0 
7fb98c000000-7fb98c021000 rw-p 00000000 00:00 0 
7fb98c021000-7fb990000000 ---p 00000000 00:00 0 
7fb994000000-7fb9951a5000 rw-p 00000000 00:00 0 
7fb9951a5000-7fb998000000 ---p 00000000 00:00 0 
7fb999f2b000-7fb999f2c000 r--s 00000000 08:02 96748                      /var/cache/fontconfig/c05880de57d1f5e948fdfacc138775d9-le64.cache-4
7fb999f2c000-7fb999f37000 r--s 00000000 08:02 96741                      /var/cache/fontconfig/945677eb7aeaf62f1d50efc3fb3ec7d8-le64.cache-4
7fb999f37000-7fb999f39000 r--s 00000000 08:02 96743                      /var/cache/fontconfig/99e8ed0e538f840c565b6ed5dad60d56-le64.cache-4
7fb999f39000-7fb999f3f000 r--s 00000000 08:02 96726                      /var/cache/fontconfig/2cd17615ca594fa2959ae173292e504c-le64.cache-4
7fb999f3f000-7fb999f40000 r--s 00000000 08:02 96758                      /var/cache/fontconfig/e7071f4a29fa870f4323321c154eba04-le64.cache-4
7fb999f40000-7fb999f41000 r--s 00000000 08:02 96723                      /var/cache/fontconfig/0d8c3b2ac0904cb8a57a757ad11a4a08-le64.cache-4
7fb999f41000-7fb999f48000 r--s 00000000 08:02 96745                      /var/cache/fontconfig/a755afe4a08bf5b97852ceb7400b47bc-le64.cache-4
7fb999f48000-7fb999f54000 r--s 00000000 08:02 96736                      /var/cache/fontconfig/6d41288fd70b0be22e8c3a91e032eec0-le64.cache-4
7fb999f54000-7fb999f5f000 r--s 00000000 08:02 99811                      /var/cache/fontconfig/a6354e3ac43af67bd8d7b8e43c34e49f-le64.cache-4
7fb999f5f000-7fb999f73000 r--s 00000000 08:02 96720                      /var/cache/fontconfig/04aabc0a78ac019cf9454389977116d2-le64.cache-4
7fb999f73000-7fb999f74000 r--s 00000000 08:02 96725                      /var/cache/fontconfig/1ac9eb803944fde146138c791f5cc56a-le64.cache-4
7fb999f74000-7fb999f86000 r--s 00000000 08:02 96721                      /var/cache/fontconfig/0bd3dc0958fa2205aaaa8ebb13e2872b-le64.cache-4
7fb99a627000-7fb99a794000 rw-p 00000000 00:00 0 
7fb99a794000-7fb99a797000 ---p 00000000 00:00 0 
7fb99a797000-7fb99a895000 rw-p 00000000 00:00 0                          [stack:14313]
7fb99a895000-7fb99a899000 r--s 0008b000 08:02 538171                     /usr/lib/jvm/java-7-oracle/jre/lib/jsse.jar
7fb99a89a000-7fb99a89e000 rw-s 00000000 00:05 450297869                  /SYSV00000000 (deleted)
7fb99a9f2000-7fb99aace000 rw-p 00000000 00:00 0 
7fb99aace000-7fb99aad2000 r--s 00000000 08:02 96729                      /var/cache/fontconfig/385c0604a188198f04d133e54aba7fe7-le64.cache-4
7fb99aad2000-7fb99aad3000 r--s 00000000 08:02 96755                      /var/cache/fontconfig/dc05db6664285cc2f12bf69c139ae4c3-le64.cache-4
7fb99aad3000-7fb99aad5000 r--s 00000000 08:02 96738                      /var/cache/fontconfig/767a8244fc0220cfb567a839d0392e0b-le64.cache-4
7fb99aad5000-7fb99aada000 r--s 00000000 08:02 96740                      /var/cache/fontconfig/8801497958630a81b71ace7c5f9b32a8-le64.cache-4
7fb99aada000-7fb99aaed000 r--s 00000000 08:02 96752                      /var/cache/fontconfig/d52a8644073d54c13679302ca1180695-le64.cache-4
7fb99abb5000-7fb99ac1e000 r-xp 00000000 08:02 537526                     /usr/lib/jvm/java-7-oracle/jre/lib/amd64/libt2k.so
7fb99ac1e000-7fb99ae1d000 ---p 00069000 08:02 537526                     /usr/lib/jvm/java-7-oracle/jre/lib/amd64/libt2k.so
7fb99ae1d000-7fb99ae24000 rw-p 00068000 08:02 537526                     /usr/lib/jvm/java-7-oracle/jre/lib/amd64/libt2k.so
7fb99ae24000-7fb99ae34000 rw-p 00000000 00:00 0 
7fb99ae34000-7fb99ae44000 r-xp 00000000 08:02 537562                     /usr/lib/jvm/java-7-oracle/jre/lib/amd64/libnio.so
7fb99ae44000-7fb99b044000 ---p 00010000 08:02 537562                     /usr/lib/jvm/java-7-oracle/jre/lib/amd64/libnio.so
7fb99b044000-7fb99b045000 rw-p 00010000 08:02 537562                     /usr/lib/jvm/java-7-oracle/jre/lib/amd64/libnio.so
7fb99b045000-7fb99b05c000 r-xp 00000000 08:02 537579                     /usr/lib/jvm/java-7-oracle/jre/lib/amd64/libnet.so
7fb99b05c000-7fb99b25b000 ---p 00017000 08:02 537579                     /usr/lib/jvm/java-7-oracle/jre/lib/amd64/libnet.so
7fb99b25b000-7fb99b25c000 rw-p 00016000 08:02 537579                     /usr/lib/jvm/java-7-oracle/jre/lib/amd64/libnet.so
7fb99b25c000-7fb99b272000 r-xp 00000000 08:02 1049705                    /lib/x86_64-linux-gnu/libgcc_s.so.1
7fb99b272000-7fb99b471000 ---p 00016000 08:02 1049705                    /lib/x86_64-linux-gnu/libgcc_s.so.1
7fb99b471000-7fb99b472000 rw-p 00015000 08:02 1049705                    /lib/x86_64-linux-gnu/libgcc_s.so.1
7fb99b472000-7fb99b4d7000 r-xp 00000000 08:02 537580                     /usr/lib/jvm/java-7-oracle/jre/lib/amd64/libfontmanager.so
7fb99b4d7000-7fb99b6d6000 ---p 00065000 08:02 537580                     /usr/lib/jvm/java-7-oracle/jre/lib/amd64/libfontmanager.so
7fb99b6d6000-7fb99b6db000 rw-p 00064000 08:02 537580                     /usr/lib/jvm/java-7-oracle/jre/lib/amd64/libfontmanager.so
7fb99b6db000-7fb99b6eb000 rw-p 00000000 00:00 0 
7fb99b6eb000-7fb99b6ee000 ---p 00000000 00:00 0 
7fb99b6ee000-7fb99b7ec000 rw-p 00000000 00:00 0 
7fb99b7ec000-7fb99b7ef000 ---p 00000000 00:00 0 
7fb99b7ef000-7fb99b8ed000 rw-p 00000000 00:00 0                          [stack:14297]
7fb99b8ed000-7fb99b8f0000 ---p 00000000 00:00 0 
7fb99b8f0000-7fb99b9ee000 rw-p 00000000 00:00 0                          [stack:14296]
7fb99b9ee000-7fb99b9f1000 ---p 00000000 00:00 0 
7fb99b9f1000-7fb99baef000 rw-p 00000000 00:00 0                          [stack:14295]
7fb99baef000-7fb99baf4000 r-xp 00000000 08:02 532910                     /usr/lib/x86_64-linux-gnu/libXfixes.so.3.1.0
7fb99baf4000-7fb99bcf3000 ---p 00005000 08:02 532910                     /usr/lib/x86_64-linux-gnu/libXfixes.so.3.1.0
7fb99bcf3000-7fb99bcf4000 r--p 00004000 08:02 532910                     /usr/lib/x86_64-linux-gnu/libXfixes.so.3.1.0
7fb99bcf4000-7fb99bcf5000 rw-p 00005000 08:02 532910                     /usr/lib/x86_64-linux-gnu/libXfixes.so.3.1.0
7fb99bcf5000-7fb99bcfe000 r-xp 00000000 08:02 532902                     /usr/lib/x86_64-linux-gnu/libXcursor.so.1.0.2
7fb99bcfe000-7fb99befd000 ---p 00009000 08:02 532902                     /usr/lib/x86_64-linux-gnu/libXcursor.so.1.0.2
7fb99befd000-7fb99befe000 r--p 00008000 08:02 532902                     /usr/lib/x86_64-linux-gnu/libXcursor.so.1.0.2
7fb99befe000-7fb99beff000 rw-p 00009000 08:02 532902                     /usr/lib/x86_64-linux-gnu/libXcursor.so.1.0.2
7fb99beff000-7fb99bf02000 ---p 00000000 00:00 0 
7fb99bf02000-7fb99c000000 rw-p 00000000 00:00 0                          [stack:14294]
7fb99c000000-7fb99c021000 rw-p 00000000 00:00 0 
7fb99c021000-7fb9a0000000 ---p 00000000 00:00 0 
7fb9a0000000-7fb9a0007000 r--s 00000000 08:02 96727                      /var/cache/fontconfig/3047814df9a2f067bd2d96a2b9c36e5a-le64.cache-4
7fb9a0007000-7fb9a0010000 r--s 00000000 08:02 96730                      /var/cache/fontconfig/3f7329c5293ffd510edef78f73874cfd-le64.cache-4
7fb9a0010000-7fb9a0041000 rw-p 00000000 00:00 0 
7fb9a0041000-7fb9a0046000 r-xp 00000000 08:02 532906                     /usr/lib/x86_64-linux-gnu/libXdmcp.so.6.0.0
7fb9a0046000-7fb9a0245000 ---p 00005000 08:02 532906                     /usr/lib/x86_64-linux-gnu/libXdmcp.so.6.0.0
7fb9a0245000-7fb9a0246000 r--p 00004000 08:02 532906                     /usr/lib/x86_64-linux-gnu/libXdmcp.so.6.0.0
7fb9a0246000-7fb9a0247000 rw-p 00005000 08:02 532906                     /usr/lib/x86_64-linux-gnu/libXdmcp.so.6.0.0
7fb9a0247000-7fb9a0249000 r-xp 00000000 08:02 532895                     /usr/lib/x86_64-linux-gnu/libXau.so.6.0.0
7fb9a0249000-7fb9a0449000 ---p 00002000 08:02 532895                     /usr/lib/x86_64-linux-gnu/libXau.so.6.0.0
7fb9a0449000-7fb9a044a000 r--p 00002000 08:02 532895                     /usr/lib/x86_64-linux-gnu/libXau.so.6.0.0
7fb9a044a000-7fb9a044b000 rw-p 00003000 08:02 532895                     /usr/lib/x86_64-linux-gnu/libXau.so.6.0.0
7fb9a044b000-7fb9a0468000 r-xp 00000000 08:02 534114                     /usr/lib/x86_64-linux-gnu/libxcb.so.1.1.0
7fb9a0468000-7fb9a0668000 ---p 0001d000 08:02 534114                     /usr/lib/x86_64-linux-gnu/libxcb.so.1.1.0
7fb9a0668000-7fb9a0669000 r--p 0001d000 08:02 534114                     /usr/lib/x86_64-linux-gnu/libxcb.so.1.1.0
7fb9a0669000-7fb9a066a000 rw-p 0001e000 08:02 534114                     /usr/lib/x86_64-linux-gnu/libxcb.so.1.1.0
7fb9a066a000-7fb9a0679000 r-xp 00000000 08:02 532916                     /usr/lib/x86_64-linux-gnu/libXi.so.6.1.0
7fb9a0679000-7fb9a0878000 ---p 0000f000 08:02 532916                     /usr/lib/x86_64-linux-gnu/libXi.so.6.1.0
7fb9a0878000-7fb9a0879000 r--p 0000e000 08:02 532916                     /usr/lib/x86_64-linux-gnu/libXi.so.6.1.0
7fb9a0879000-7fb9a087a000 rw-p 0000f000 08:02 532916                     /usr/lib/x86_64-linux-gnu/libXi.so.6.1.0
7fb9a087a000-7fb9a087f000 r-xp 00000000 08:02 532936                     /usr/lib/x86_64-linux-gnu/libXtst.so.6.1.0
7fb9a087f000-7fb9a0a7e000 ---p 00005000 08:02 532936                     /usr/lib/x86_64-linux-gnu/libXtst.so.6.1.0
7fb9a0a7e000-7fb9a0a7f000 r--p 00004000 08:02 532936                     /usr/lib/x86_64-linux-gnu/libXtst.so.6.1.0
7fb9a0a7f000-7fb9a0a80000 rw-p 00005000 08:02 532936                     /usr/lib/x86_64-linux-gnu/libXtst.so.6.1.0
7fb9a0a80000-7fb9a0a89000 r-xp 00000000 08:02 532930                     /usr/lib/x86_64-linux-gnu/libXrender.so.1.3.0
7fb9a0a89000-7fb9a0c88000 ---p 00009000 08:02 532930                     /usr/lib/x86_64-linux-gnu/libXrender.so.1.3.0
7fb9a0c88000-7fb9a0c89000 r--p 00008000 08:02 532930                     /usr/lib/x86_64-linux-gnu/libXrender.so.1.3.0
7fb9a0c89000-7fb9a0c8a000 rw-p 00009000 08:02 532930                     /usr/lib/x86_64-linux-gnu/libXrender.so.1.3.0
7fb9a0c8a000-7fb9a0dba000 r-xp 00000000 08:02 532891                     /usr/lib/x86_64-linux-gnu/libX11.so.6.3.0
7fb9a0dba000-7fb9a0fba000 ---p 00130000 08:02 532891                     /usr/lib/x86_64-linux-gnu/libX11.so.6.3.0
7fb9a0fba000-7fb9a0fbb000 r--p 00130000 08:02 532891                     /usr/lib/x86_64-linux-gnu/libX11.so.6.3.0
7fb9a0fbb000-7fb9a0fbf000 rw-p 00131000 08:02 532891                     /usr/lib/x86_64-linux-gnu/libX11.so.6.3.0
7fb9a0fbf000-7fb9a0fd0000 r-xp 00000000 08:02 532908                     /usr/lib/x86_64-linux-gnu/libXext.so.6.4.0
7fb9a0fd0000-7fb9a11cf000 ---p 00011000 08:02 532908                     /usr/lib/x86_64-linux-gnu/libXext.so.6.4.0
7fb9a11cf000-7fb9a11d0000 r--p 00010000 08:02 532908                     /usr/lib/x86_64-linux-gnu/libXext.so.6.4.0
7fb9a11d0000-7fb9a11d1000 rw-p 00011000 08:02 532908                     /usr/lib/x86_64-linux-gnu/libXext.so.6.4.0
7fb9a11d1000-7fb9a11d2000 r--s 00000000 08:02 96731                      /var/cache/fontconfig/4794a0821666d79190d59a36cb4f44b5-le64.cache-4
7fb9a11d2000-7fb9a11d3000 r--s 00000000 08:02 96733                      /var/cache/fontconfig/56cf4f4769d0f4abc89a4895d7bd3ae1-le64.cache-4
7fb9a11d3000-7fb9a11d9000 r--s 00000000 08:02 96746                      /var/cache/fontconfig/b47c4e1ecd0709278f4910c18777a504-le64.cache-4
7fb9a11f0000-7fb9a1240000 r-xp 00000000 08:02 537583                     /usr/lib/jvm/java-7-oracle/jre/lib/amd64/xawt/libmawt.so
7fb9a1240000-7fb9a1440000 ---p 00050000 08:02 537583                     /usr/lib/jvm/java-7-oracle/jre/lib/amd64/xawt/libmawt.so
7fb9a1440000-7fb9a1444000 rw-p 00050000 08:02 537583                     /usr/lib/jvm/java-7-oracle/jre/lib/amd64/xawt/libmawt.so
7fb9a1444000-7fb9a1445000 rw-p 00000000 00:00 0 
7fb9a1445000-7fb9a14e7000 r-xp 00000000 08:02 537543                     /usr/lib/jvm/java-7-oracle/jre/lib/amd64/libawt.so
7fb9a14e7000-7fb9a16e7000 ---p 000a2000 08:02 537543                     /usr/lib/jvm/java-7-oracle/jre/lib/amd64/libawt.so
7fb9a16e7000-7fb9a16f3000 rw-p 000a2000 08:02 537543                     /usr/lib/jvm/java-7-oracle/jre/lib/amd64/libawt.so
7fb9a16f3000-7fb9a1717000 rw-p 00000000 00:00 0 
7fb9a1717000-7fb9a1718000 ---p 00000000 00:00 0 
7fb9a1718000-7fb9a1818000 rw-p 00000000 00:00 0                          [stack:14293]
7fb9a1818000-7fb9a181b000 ---p 00000000 00:00 0 
7fb9a181b000-7fb9a1919000 rw-p 00000000 00:00 0                          [stack:14292]
7fb9a1919000-7fb9a191c000 ---p 00000000 00:00 0 
7fb9a191c000-7fb9a1a1a000 rw-p 00000000 00:00 0                          [stack:14291]
7fb9a1a1a000-7fb9a1a1d000 ---p 00000000 00:00 0 
7fb9a1a1d000-7fb9a1b1b000 rw-p 00000000 00:00 0                          [stack:14290]
7fb9a1b1b000-7fb9a1b1e000 ---p 00000000 00:00 0 
7fb9a1b1e000-7fb9a1c1c000 rw-p 00000000 00:00 0                          [stack:14289]
7fb9a1c1c000-7fb9a2016000 r--p 00000000 08:02 531394                     /usr/lib/locale/locale-archive
7fb9a2016000-7fb9a2019000 ---p 00000000 00:00 0 
7fb9a2019000-7fb9a2117000 rw-p 00000000 00:00 0                          [stack:14288]
7fb9a2117000-7fb9a211a000 ---p 00000000 00:00 0 
7fb9a211a000-7fb9a2218000 rw-p 00000000 00:00 0                          [stack:14287]
7fb9a2218000-7fb9a2219000 ---p 00000000 00:00 0 
7fb9a2219000-7fb9a3318000 rw-p 00000000 00:00 0                          [stack:14286]
7fb9a3318000-7fb9a34d8000 r--s 039fb000 08:02 537590                     /usr/lib/jvm/java-7-oracle/jre/lib/rt.jar
7fb9a34d8000-7fb9a7cb4000 rw-p 00000000 00:00 0 
7fb9a7cb4000-7fb9a7cb5000 ---p 00000000 00:00 0 
7fb9a7cb5000-7fb9a7db5000 rw-p 00000000 00:00 0                          [stack:14285]
7fb9a7db5000-7fb9a7db6000 ---p 00000000 00:00 0 
7fb9a7db6000-7fb9a7eb6000 rw-p 00000000 00:00 0                          [stack:14284]
7fb9a7eb6000-7fb9a7eb7000 ---p 00000000 00:00 0 
7fb9a7eb7000-7fb9a7fb7000 rw-p 00000000 00:00 0                          [stack:14283]
7fb9a7fb7000-7fb9a7fb8000 ---p 00000000 00:00 0 
7fb9a7fb8000-7fb9a80c4000 rw-p 00000000 00:00 0                          [stack:14282]
7fb9a80c4000-7fb9a80c6000 ---p 00000000 00:00 0 
7fb9a80c6000-7fb9a80e1000 rw-p 00000000 00:00 0 
7fb9a80e1000-7fb9a82c1000 rw-p 00000000 00:00 0 
7fb9a82c1000-7fb9a838c000 rw-p 00000000 00:00 0 
7fb9a838c000-7fb9a8398000 rw-p 00000000 00:00 0 
7fb9a8398000-7fb9a839a000 ---p 00000000 00:00 0 
7fb9a839a000-7fb9a83b5000 rw-p 00000000 00:00 0 
7fb9a83b5000-7fb9a8595000 rw-p 00000000 00:00 0 
7fb9a8595000-7fb9a865f000 rw-p 00000000 00:00 0 
7fb9a865f000-7fb9a87b5000 rw-p 00000000 00:00 0 
7fb9a87b5000-7fb9a87b6000 rw-p 00000000 00:00 0 
7fb9a87b6000-7fb9a8a26000 rwxp 00000000 00:00 0 
7fb9a8a26000-7fb9ab7b6000 rw-p 00000000 00:00 0 
7fb9ab7b6000-7fb9ab7cd000 r-xp 00000000 08:02 537529                     /usr/lib/jvm/java-7-oracle/jre/lib/amd64/libzip.so
7fb9ab7cd000-7fb9ab9cd000 ---p 00017000 08:02 537529                     /usr/lib/jvm/java-7-oracle/jre/lib/amd64/libzip.so
7fb9ab9cd000-7fb9ab9ce000 rw-p 00017000 08:02 537529                     /usr/lib/jvm/java-7-oracle/jre/lib/amd64/libzip.so
7fb9ab9ce000-7fb9ab9d9000 r-xp 00000000 08:02 1053015                    /lib/x86_64-linux-gnu/libnss_files-2.19.so
7fb9ab9d9000-7fb9abbd8000 ---p 0000b000 08:02 1053015                    /lib/x86_64-linux-gnu/libnss_files-2.19.so
7fb9abbd8000-7fb9abbd9000 r--p 0000a000 08:02 1053015                    /lib/x86_64-linux-gnu/libnss_files-2.19.so
7fb9abbd9000-7fb9abbda000 rw-p 0000b000 08:02 1053015                    /lib/x86_64-linux-gnu/libnss_files-2.19.so
7fb9abbda000-7fb9abbe5000 r-xp 00000000 08:02 1053025                    /lib/x86_64-linux-gnu/libnss_nis-2.19.so
7fb9abbe5000-7fb9abde4000 ---p 0000b000 08:02 1053025                    /lib/x86_64-linux-gnu/libnss_nis-2.19.so
7fb9abde4000-7fb9abde5000 r--p 0000a000 08:02 1053025                    /lib/x86_64-linux-gnu/libnss_nis-2.19.so
7fb9abde5000-7fb9abde6000 rw-p 0000b000 08:02 1053025                    /lib/x86_64-linux-gnu/libnss_nis-2.19.so
7fb9abde6000-7fb9abdfd000 r-xp 00000000 08:02 1053009                    /lib/x86_64-linux-gnu/libnsl-2.19.so
7fb9abdfd000-7fb9abffc000 ---p 00017000 08:02 1053009                    /lib/x86_64-linux-gnu/libnsl-2.19.so
7fb9abffc000-7fb9abffd000 r--p 00016000 08:02 1053009                    /lib/x86_64-linux-gnu/libnsl-2.19.so
7fb9abffd000-7fb9abffe000 rw-p 00017000 08:02 1053009                    /lib/x86_64-linux-gnu/libnsl-2.19.so
7fb9abffe000-7fb9ac000000 rw-p 00000000 00:00 0 
7fb9ac000000-7fb9ac335000 rw-p 00000000 00:00 0 
7fb9ac335000-7fb9b0000000 ---p 00000000 00:00 0 
7fb9b0000000-7fb9b000b000 r--s 00000000 08:02 96753                      /var/cache/fontconfig/d589a48862398ed80a3d6066f4f56f4c-le64.cache-4
7fb9b0015000-7fb9b001e000 r-xp 00000000 08:02 1053011                    /lib/x86_64-linux-gnu/libnss_compat-2.19.so
7fb9b001e000-7fb9b021d000 ---p 00009000 08:02 1053011                    /lib/x86_64-linux-gnu/libnss_compat-2.19.so
7fb9b021d000-7fb9b021e000 r--p 00008000 08:02 1053011                    /lib/x86_64-linux-gnu/libnss_compat-2.19.so
7fb9b021e000-7fb9b021f000 rw-p 00009000 08:02 1053011                    /lib/x86_64-linux-gnu/libnss_compat-2.19.so
7fb9b021f000-7fb9b0248000 r-xp 00000000 08:02 537563                     /usr/lib/jvm/java-7-oracle/jre/lib/amd64/libjava.so
7fb9b0248000-7fb9b0448000 ---p 00029000 08:02 537563                     /usr/lib/jvm/java-7-oracle/jre/lib/amd64/libjava.so
7fb9b0448000-7fb9b044a000 rw-p 00029000 08:02 537563                     /usr/lib/jvm/java-7-oracle/jre/lib/amd64/libjava.so
7fb9b044a000-7fb9b0457000 r-xp 00000000 08:02 537558                     /usr/lib/jvm/java-7-oracle/jre/lib/amd64/libverify.so
7fb9b0457000-7fb9b0656000 ---p 0000d000 08:02 537558                     /usr/lib/jvm/java-7-oracle/jre/lib/amd64/libverify.so
7fb9b0656000-7fb9b0658000 rw-p 0000c000 08:02 537558                     /usr/lib/jvm/java-7-oracle/jre/lib/amd64/libverify.so
7fb9b0658000-7fb9b065f000 r-xp 00000000 08:02 1053068                    /lib/x86_64-linux-gnu/librt-2.19.so
7fb9b065f000-7fb9b085e000 ---p 00007000 08:02 1053068                    /lib/x86_64-linux-gnu/librt-2.19.so
7fb9b085e000-7fb9b085f000 r--p 00006000 08:02 1053068                    /lib/x86_64-linux-gnu/librt-2.19.so
7fb9b085f000-7fb9b0860000 rw-p 00007000 08:02 1053068                    /lib/x86_64-linux-gnu/librt-2.19.so
7fb9b0860000-7fb9b0965000 r-xp 00000000 08:02 1052990                    /lib/x86_64-linux-gnu/libm-2.19.so
7fb9b0965000-7fb9b0b64000 ---p 00105000 08:02 1052990                    /lib/x86_64-linux-gnu/libm-2.19.so
7fb9b0b64000-7fb9b0b65000 r--p 00104000 08:02 1052990                    /lib/x86_64-linux-gnu/libm-2.19.so
7fb9b0b65000-7fb9b0b66000 rw-p 00105000 08:02 1052990                    /lib/x86_64-linux-gnu/libm-2.19.so
7fb9b0b66000-7fb9b16dc000 r-xp 00000000 08:02 537570                     /usr/lib/jvm/java-7-oracle/jre/lib/amd64/server/libjvm.so
7fb9b16dc000-7fb9b18db000 ---p 00b76000 08:02 537570                     /usr/lib/jvm/java-7-oracle/jre/lib/amd64/server/libjvm.so
7fb9b18db000-7fb9b199f000 rw-p 00b75000 08:02 537570                     /usr/lib/jvm/java-7-oracle/jre/lib/amd64/server/libjvm.so
7fb9b199f000-7fb9b19e0000 rw-p 00000000 00:00 0 
7fb9b19e0000-7fb9b1b9b000 r-xp 00000000 08:02 1052939                    /lib/x86_64-linux-gnu/libc-2.19.so
7fb9b1b9b000-7fb9b1d9a000 ---p 001bb000 08:02 1052939                    /lib/x86_64-linux-gnu/libc-2.19.so
7fb9b1d9a000-7fb9b1d9e000 r--p 001ba000 08:02 1052939                    /lib/x86_64-linux-gnu/libc-2.19.so
7fb9b1d9e000-7fb9b1da0000 rw-p 001be000 08:02 1052939                    /lib/x86_64-linux-gnu/libc-2.19.so
7fb9b1da0000-7fb9b1da5000 rw-p 00000000 00:00 0 
7fb9b1da5000-7fb9b1da8000 r-xp 00000000 08:02 1052956                    /lib/x86_64-linux-gnu/libdl-2.19.so
7fb9b1da8000-7fb9b1fa7000 ---p 00003000 08:02 1052956                    /lib/x86_64-linux-gnu/libdl-2.19.so
7fb9b1fa7000-7fb9b1fa8000 r--p 00002000 08:02 1052956                    /lib/x86_64-linux-gnu/libdl-2.19.so
7fb9b1fa8000-7fb9b1fa9000 rw-p 00003000 08:02 1052956                    /lib/x86_64-linux-gnu/libdl-2.19.so
7fb9b1fa9000-7fb9b1fbe000 r-xp 00000000 08:02 537539                     /usr/lib/jvm/java-7-oracle/jre/lib/amd64/jli/libjli.so
7fb9b1fbe000-7fb9b21bd000 ---p 00015000 08:02 537539                     /usr/lib/jvm/java-7-oracle/jre/lib/amd64/jli/libjli.so
7fb9b21bd000-7fb9b21be000 rw-p 00014000 08:02 537539                     /usr/lib/jvm/java-7-oracle/jre/lib/amd64/jli/libjli.so
7fb9b21be000-7fb9b21d7000 r-xp 00000000 08:02 1053060                    /lib/x86_64-linux-gnu/libpthread-2.19.so
7fb9b21d7000-7fb9b23d6000 ---p 00019000 08:02 1053060                    /lib/x86_64-linux-gnu/libpthread-2.19.so
7fb9b23d6000-7fb9b23d7000 r--p 00018000 08:02 1053060                    /lib/x86_64-linux-gnu/libpthread-2.19.so
7fb9b23d7000-7fb9b23d8000 rw-p 00019000 08:02 1053060                    /lib/x86_64-linux-gnu/libpthread-2.19.so
7fb9b23d8000-7fb9b23dc000 rw-p 00000000 00:00 0 
7fb9b23dc000-7fb9b23ff000 r-xp 00000000 08:02 1052913                    /lib/x86_64-linux-gnu/ld-2.19.so
7fb9b23ff000-7fb9b2400000 r--s 00000000 08:02 96747                      /var/cache/fontconfig/b9d506c9ac06c20b433354fa67a72993-le64.cache-4
7fb9b2400000-7fb9b2403000 r--s 00000000 08:02 96898                      /var/cache/fontconfig/e13b20fdb08344e0e664864cc2ede53d-le64.cache-4
7fb9b2403000-7fb9b2407000 r--s 00000000 08:02 99809                      /var/cache/fontconfig/7ef2298fde41cc6eeb7af42e48b7d293-le64.cache-4
7fb9b2418000-7fb9b2422000 rw-p 00000000 00:00 0 
7fb9b2422000-7fb9b24d8000 rw-p 00000000 00:00 0 
7fb9b24d8000-7fb9b24db000 ---p 00000000 00:00 0 
7fb9b24db000-7fb9b25dd000 rw-p 00000000 00:00 0                          [stack:14281]
7fb9b25dd000-7fb9b25de000 r--s 00000000 08:02 96722                      /var/cache/fontconfig/0c9eb80ebd1c36541ebe2852d3bb0c49-le64.cache-4
7fb9b25f1000-7fb9b25f2000 rw-p 00000000 00:00 0 
7fb9b25f2000-7fb9b25fa000 rw-s 00000000 08:02 13204                      /tmp/hsperfdata_ted-cassirer/14280
7fb9b25fa000-7fb9b25fb000 rw-p 00000000 00:00 0 
7fb9b25fb000-7fb9b25fc000 ---p 00000000 00:00 0 
7fb9b25fc000-7fb9b25fe000 rw-p 00000000 00:00 0 
7fb9b25fe000-7fb9b25ff000 r--p 00022000 08:02 1052913                    /lib/x86_64-linux-gnu/ld-2.19.so
7fb9b25ff000-7fb9b2600000 rw-p 00023000 08:02 1052913                    /lib/x86_64-linux-gnu/ld-2.19.so
7fb9b2600000-7fb9b2601000 rw-p 00000000 00:00 0 
7ffebccdb000-7ffebccfc000 rw-p 00000000 00:00 0                          [stack]
7ffebcd90000-7ffebcd92000 r--p 00000000 00:00 0                          [vvar]
7ffebcd92000-7ffebcd94000 r-xp 00000000 00:00 0                          [vdso]
ffffffffff600000-ffffffffff601000 r-xp 00000000 00:00 0                  [vsyscall]

VM Arguments:
jvm_args: -Xmx2048m 
java_command: ir.BSBISearchGUI -d /home/ted-cassirer/Desktop/Skolan/davisWiki
Launcher Type: SUN_STANDARD

Environment Variables:
PATH=/usr/local/sbin:/usr/local/bin:/usr/sbin:/usr/bin:/sbin:/bin:/usr/games:/usr/local/games
USERNAME=ted-cassirer
SHELL=/bin/bash
DISPLAY=:0

Signal Handlers:
SIGSEGV: [libjvm.so+0x9a3b20], sa_mask[0]=0x7ffbfeff, sa_flags=0x10000004
SIGBUS: [libjvm.so+0x9a3b20], sa_mask[0]=0x7ffbfeff, sa_flags=0x10000004
SIGFPE: [libjvm.so+0x81e740], sa_mask[0]=0x7ffbfeff, sa_flags=0x10000004
SIGPIPE: [libjvm.so+0x81e740], sa_mask[0]=0x7ffbfeff, sa_flags=0x10000004
SIGXFSZ: [libjvm.so+0x81e740], sa_mask[0]=0x7ffbfeff, sa_flags=0x10000004
SIGILL: [libjvm.so+0x81e740], sa_mask[0]=0x7ffbfeff, sa_flags=0x10000004
SIGUSR1: SIG_DFL, sa_mask[0]=0x00000000, sa_flags=0x00000000
SIGUSR2: [libjvm.so+0x81ffb0], sa_mask[0]=0x00000000, sa_flags=0x10000004
SIGHUP: [libjvm.so+0x8210d0], sa_mask[0]=0x7ffbfeff, sa_flags=0x10000004
SIGINT: [libjvm.so+0x8210d0], sa_mask[0]=0x7ffbfeff, sa_flags=0x10000004
SIGTERM: [libjvm.so+0x8210d0], sa_mask[0]=0x7ffbfeff, sa_flags=0x10000004
SIGQUIT: [libjvm.so+0x8210d0], sa_mask[0]=0x7ffbfeff, sa_flags=0x10000004


---------------  S Y S T E M  ---------------

OS:jessie/sid

uname:Linux 4.4.0-040400-generic #201601101930 SMP Mon Jan 11 00:32:41 UTC 2016 x86_64
libc:glibc 2.19 NPTL 2.19 
rlimit: STACK 8192k, CORE 0k, NPROC 31128, NOFILE 4096, AS infinity
load average:3,03 2,10 2,16

/proc/meminfo:
MemTotal:        8062264 kB
MemFree:           47420 kB
MemAvailable:     365860 kB
Buffers:           11380 kB
Cached:          1160616 kB
SwapCached:            0 kB
Active:          6819032 kB
Inactive:         932496 kB
Active(anon):    6672560 kB
Inactive(anon):   792208 kB
Active(file):     146472 kB
Inactive(file):   140288 kB
Unevictable:        1680 kB
Mlocked:        68719478416 kB
SwapTotal:             0 kB
SwapFree:              0 kB
Dirty:              2020 kB
Writeback:             0 kB
AnonPages:       6581264 kB
Mapped:           763276 kB
Shmem:            885228 kB
Slab:             118396 kB
SReclaimable:      74040 kB
SUnreclaim:        44356 kB
KernelStack:       12624 kB
PageTables:        65312 kB
NFS_Unstable:          0 kB
Bounce:                0 kB
WritebackTmp:          0 kB
CommitLimit:     4031132 kB
Committed_AS:   15064776 kB
VmallocTotal:   34359738367 kB
VmallocUsed:           0 kB
VmallocChunk:          0 kB
HardwareCorrupted:     0 kB
AnonHugePages:   3112960 kB
CmaTotal:              0 kB
CmaFree:               0 kB
HugePages_Total:       0
HugePages_Free:        0
HugePages_Rsvd:        0
HugePages_Surp:        0
Hugepagesize:       2048 kB
DirectMap4k:      216484 kB
DirectMap2M:     5961728 kB
DirectMap1G:     2097152 kB


CPU:total 4 (2 cores per cpu, 2 threads per core) family 6 model 78 stepping 3, cmov, cx8, fxsr, mmx, sse, sse2, sse3, ssse3, sse4.1, sse4.2, popcnt, avx, avx2, aes, erms, ht, tsc, tscinvbit

/proc/cpuinfo:
processor	: 0
vendor_id	: GenuineIntel
cpu family	: 6
model		: 78
model name	: Intel(R) Core(TM) i5-6200U CPU @ 2.30GHz
stepping	: 3
microcode	: 0x33
cpu MHz		: 2700.000
cache size	: 3072 KB
physical id	: 0
siblings	: 4
core id		: 0
cpu cores	: 2
apicid		: 0
initial apicid	: 0
fpu		: yes
fpu_exception	: yes
cpuid level	: 22
wp		: yes
flags		: fpu vme de pse tsc msr pae mce cx8 apic sep mtrr pge mca cmov pat pse36 clflush dts acpi mmx fxsr sse sse2 ss ht tm pbe syscall nx pdpe1gb rdtscp lm constant_tsc arch_perfmon pebs bts rep_good nopl xtopology nonstop_tsc aperfmperf eagerfpu pni pclmulqdq dtes64 monitor ds_cpl vmx est tm2 ssse3 sdbg fma cx16 xtpr pdcm pcid sse4_1 sse4_2 x2apic movbe popcnt tsc_deadline_timer aes xsave avx f16c rdrand lahf_lm abm 3dnowprefetch ida arat epb pln pts dtherm hwp hwp_notify hwp_act_window hwp_epp intel_pt tpr_shadow vnmi flexpriority ept vpid fsgsbase tsc_adjust bmi1 avx2 smep bmi2 erms invpcid mpx rdseed adx smap clflushopt xsaveopt xsavec xgetbv1
bugs		:
bogomips	: 4799.87
clflush size	: 64
cache_alignment	: 64
address sizes	: 39 bits physical, 48 bits virtual
power management:

processor	: 1
vendor_id	: GenuineIntel
cpu family	: 6
model		: 78
model name	: Intel(R) Core(TM) i5-6200U CPU @ 2.30GHz
stepping	: 3
microcode	: 0x33
cpu MHz		: 2699.906
cache size	: 3072 KB
physical id	: 0
siblings	: 4
core id		: 1
cpu cores	: 2
apicid		: 2
initial apicid	: 2
fpu		: yes
fpu_exception	: yes
cpuid level	: 22
wp		: yes
flags		: fpu vme de pse tsc msr pae mce cx8 apic sep mtrr pge mca cmov pat pse36 clflush dts acpi mmx fxsr sse sse2 ss ht tm pbe syscall nx pdpe1gb rdtscp lm constant_tsc arch_perfmon pebs bts rep_good nopl xtopology nonstop_tsc aperfmperf eagerfpu pni pclmulqdq dtes64 monitor ds_cpl vmx est tm2 ssse3 sdbg fma cx16 xtpr pdcm pcid sse4_1 sse4_2 x2apic movbe popcnt tsc_deadline_timer aes xsave avx f16c rdrand lahf_lm abm 3dnowprefetch ida arat epb pln pts dtherm hwp hwp_notify hwp_act_window hwp_epp intel_pt tpr_shadow vnmi flexpriority ept vpid fsgsbase tsc_adjust bmi1 avx2 smep bmi2 erms invpcid mpx rdseed adx smap clflushopt xsaveopt xsavec xgetbv1
bugs		:
bogomips	: 4799.87
clflush size	: 64
cache_alignment	: 64
address sizes	: 39 bits physical, 48 bits virtual
power management:

processor	: 2
vendor_id	: GenuineIntel
cpu family	: 6
model		: 78
model name	: Intel(R) Core(TM) i5-6200U CPU @ 2.30GHz
stepping	: 3
microcode	: 0x33
cpu MHz		: 2700.000
cache size	: 3072 KB
physical id	: 0
siblings	: 4
core id		: 0
cpu cores	: 2
apicid		: 1
initial apicid	: 1
fpu		: yes
fpu_exception	: yes
cpuid level	: 22
wp		: yes
flags		: fpu vme de pse tsc msr pae mce cx8 apic sep mtrr pge mca cmov pat pse36 clflush dts acpi mmx fxsr sse sse2 ss ht tm pbe syscall nx pdpe1gb rdtscp lm constant_tsc arch_perfmon pebs bts rep_good nopl xtopology nonstop_tsc aperfmperf eagerfpu pni pclmulqdq dtes64 monitor ds_cpl vmx est tm2 ssse3 sdbg fma cx16 xtpr pdcm pcid sse4_1 sse4_2 x2apic movbe popcnt tsc_deadline_timer aes xsave avx f16c rdrand lahf_lm abm 3dnowprefetch ida arat epb pln pts dtherm hwp hwp_notify hwp_act_window hwp_epp intel_pt tpr_shadow vnmi flexpriority ept vpid fsgsbase tsc_adjust bmi1 avx2 smep bmi2 erms invpcid mpx rdseed adx smap clflushopt xsaveopt xsavec xgetbv1
bugs		:
bogomips	: 4799.87
clflush size	: 64
cache_alignment	: 64
address sizes	: 39 bits physical, 48 bits virtual
power management:

processor	: 3
vendor_id	: GenuineIntel
cpu family	: 6
model		: 78
model name	: Intel(R) Core(TM) i5-6200U CPU @ 2.30GHz
stepping	: 3
microcode	: 0x33
cpu MHz		: 2700.000
cache size	: 3072 KB
physical id	: 0
siblings	: 4
core id		: 1
cpu cores	: 2
apicid		: 3
initial apicid	: 3
fpu		: yes
fpu_exception	: yes
cpuid level	: 22
wp		: yes
flags		: fpu vme de pse tsc msr pae mce cx8 apic sep mtrr pge mca cmov pat pse36 clflush dts acpi mmx fxsr sse sse2 ss ht tm pbe syscall nx pdpe1gb rdtscp lm constant_tsc arch_perfmon pebs bts rep_good nopl xtopology nonstop_tsc aperfmperf eagerfpu pni pclmulqdq dtes64 monitor ds_cpl vmx est tm2 ssse3 sdbg fma cx16 xtpr pdcm pcid sse4_1 sse4_2 x2apic movbe popcnt tsc_deadline_timer aes xsave avx f16c rdrand lahf_lm abm 3dnowprefetch ida arat epb pln pts dtherm hwp hwp_notify hwp_act_window hwp_epp intel_pt tpr_shadow vnmi flexpriority ept vpid fsgsbase tsc_adjust bmi1 avx2 smep bmi2 erms invpcid mpx rdseed adx smap clflushopt xsaveopt xsavec xgetbv1
bugs		:
bogomips	: 4799.87
clflush size	: 64
cache_alignment	: 64
address sizes	: 39 bits physical, 48 bits virtual
power management:



Memory: 4k page, physical 8062264k(47172k free), swap 0k(0k free)

vm_info: Java HotSpot(TM) 64-Bit Server VM (24.80-b11) for linux-amd64 JRE (1.7.0_80-b15), built on Apr 10 2015 19:53:14 by "java_re" with gcc 4.3.0 20080428 (Red Hat 4.3.0-8)

time: Tue Mar  8 02:52:13 2016
elapsed time: 75 seconds

