#
# There is insufficient memory for the Java Runtime Environment to continue.
# Native memory allocation (malloc) failed to allocate 263192576 bytes for committing reserved memory.
# Possible reasons:
#   The system is out of physical RAM or swap space
#   In 32 bit mode, the process size limit was hit
# Possible solutions:
#   Reduce memory load on the system
#   Increase physical memory or swap space
#   Check if swap backing store is full
#   Use 64 bit Java on a 64 bit OS
#   Decrease Java heap size (-Xmx/-Xms)
#   Decrease number of Java threads
#   Decrease Java thread stack sizes (-Xss)
#   Set larger code cache with -XX:ReservedCodeCacheSize=
# This output file may be truncated or incomplete.
#
#  Out of Memory Error (os_linux.cpp:2756), pid=5832, tid=139811791251200
#
# JRE version: Java(TM) SE Runtime Environment (7.0_80-b15) (build 1.7.0_80-b15)
# Java VM: Java HotSpot(TM) 64-Bit Server VM (24.80-b11 mixed mode linux-amd64 compressed oops)
# Failed to write core dump. Core dumps have been disabled. To enable core dumping, try "ulimit -c unlimited" before starting Java again
#

---------------  T H R E A D  ---------------

Current thread (0x00007f2874069800):  VMThread [stack: 0x00007f2878172000,0x00007f2878273000] [id=5838]

Stack: [0x00007f2878172000,0x00007f2878273000],  sp=0x00007f28782711a0,  free space=1020k
Native frames: (J=compiled Java code, j=interpreted, Vv=VM code, C=native code)
V  [libjvm.so+0x9a320a]  VMError::report_and_die()+0x2ea
V  [libjvm.so+0x498d3b]  report_vm_out_of_memory(char const*, int, unsigned long, char const*)+0x9b
V  [libjvm.so+0x82191e]  os::Linux::commit_memory_impl(char*, unsigned long, bool)+0xfe
V  [libjvm.so+0x821e69]  os::pd_commit_memory(char*, unsigned long, unsigned long, bool)+0x29
V  [libjvm.so+0x81bb6a]  os::commit_memory(char*, unsigned long, unsigned long, bool)+0x2a
V  [libjvm.so+0x88d623]  PSVirtualSpace::expand_by(unsigned long)+0x53
V  [libjvm.so+0x87ca80]  PSOldGen::expand(unsigned long)+0x170
V  [libjvm.so+0x87cc8b]  PSOldGen::resize(unsigned long)+0x1cb
V  [libjvm.so+0x885951]  PSParallelCompact::invoke_no_policy(bool)+0x9b1
V  [libjvm.so+0x88b8cd]  PSScavenge::invoke()+0x1ad
V  [libjvm.so+0x843f40]  ParallelScavengeHeap::failed_mem_allocate(unsigned long)+0x70
V  [libjvm.so+0x9a4a97]  VM_ParallelGCFailedAllocation::doit()+0x97
V  [libjvm.so+0x9abf35]  VM_Operation::evaluate()+0x55
V  [libjvm.so+0x9aa2fa]  VMThread::evaluate_operation(VM_Operation*)+0xba
V  [libjvm.so+0x9aa67e]  VMThread::loop()+0x1ce
V  [libjvm.so+0x9aaaf0]  VMThread::run()+0x70
V  [libjvm.so+0x8238c8]  java_start(Thread*)+0x108

VM_Operation (0x00007f287d28c680): ParallelGCFailedAllocation, mode: safepoint, requested by thread 0x00007f2874009800


---------------  P R O C E S S  ---------------

Java Threads: ( => current thread )
  0x00007f282c0b7000 JavaThread "TimerQueue" daemon [_thread_blocked, id=5851, stack(0x00007f2855460000,0x00007f2855561000)]
  0x00007f287420a000 JavaThread "AWT-EventQueue-0" [_thread_blocked, id=5849, stack(0x00007f28563cc000,0x00007f28564cd000)]
  0x00007f28741da000 JavaThread "AWT-Shutdown" [_thread_blocked, id=5848, stack(0x00007f28564cd000,0x00007f28565ce000)]
  0x00007f28741b6000 JavaThread "AWT-XAWT" daemon [_thread_blocked, id=5847, stack(0x00007f28565ce000,0x00007f28566cf000)]
  0x00007f2874192800 JavaThread "Java2D Disposer" daemon [_thread_blocked, id=5846, stack(0x00007f2856adf000,0x00007f2856be0000)]
  0x00007f2874099800 JavaThread "Service Thread" daemon [_thread_blocked, id=5844, stack(0x00007f2870701000,0x00007f2870802000)]
  0x00007f2874097000 JavaThread "C2 CompilerThread1" daemon [_thread_blocked, id=5843, stack(0x00007f2870802000,0x00007f2870903000)]
  0x00007f2874094000 JavaThread "C2 CompilerThread0" daemon [_thread_blocked, id=5842, stack(0x00007f2870903000,0x00007f2870a04000)]
  0x00007f2874092000 JavaThread "Signal Dispatcher" daemon [_thread_blocked, id=5841, stack(0x00007f2870a04000,0x00007f2870b05000)]
  0x00007f2874070000 JavaThread "Finalizer" daemon [_thread_blocked, id=5840, stack(0x00007f2870eff000,0x00007f2871000000)]
  0x00007f287406e000 JavaThread "Reference Handler" daemon [_thread_blocked, id=5839, stack(0x00007f2878071000,0x00007f2878172000)]
  0x00007f2874009800 JavaThread "main" [_thread_blocked, id=5833, stack(0x00007f287d18d000,0x00007f287d28e000)]

Other Threads:
=>0x00007f2874069800 VMThread [stack: 0x00007f2878172000,0x00007f2878273000] [id=5838]
  0x00007f28740ac800 WatcherThread [stack: 0x00007f2870600000,0x00007f2870701000] [id=5845]

VM state:at safepoint (normal execution)

VM Mutex/Monitor currently owned by a thread:  ([mutex/lock_event])
[0x00007f28740058f0] ExpandHeap_lock - owner thread: 0x00007f2874069800
[0x00007f2874005f70] Threads_lock - owner thread: 0x00007f2874069800
[0x00007f2874006470] Heap_lock - owner thread: 0x00007f2874009800

Heap
 PSYoungGen      total 440320K, used 86952K [0x00000007d5500000, 0x0000000800000000, 0x0000000800000000)
  eden space 258048K, 0% used [0x00000007d5500000,0x00000007d5500000,0x00000007e5100000)
  from space 182272K, 47% used [0x00000007f4e00000,0x00000007fa2ea3e8,0x0000000800000000)
  to   space 220672K, 0% used [0x00000007e5100000,0x00000007e5100000,0x00000007f2880000)
 ParOldGen       total 539136K, used 538883K [0x0000000780000000, 0x00000007a0e80000, 0x00000007d5500000)
  object space 539136K, 99% used [0x0000000780000000,0x00000007a0e40e08,0x00000007a0e80000)
 PSPermGen       total 25088K, used 11474K [0x000000077ae00000, 0x000000077c680000, 0x0000000780000000)
  object space 25088K, 45% used [0x000000077ae00000,0x000000077b934940,0x000000077c680000)

Card table byte_map: [0x00007f287a056000,0x00007f287a480000] byte_map_base: 0x00007f287647f000

Polling page: 0x00007f287d2b0000

Code Cache  [0x00007f2871000000, 0x00007f2871270000, 0x00007f2874000000)
 total_blobs=718 nmethods=255 adapters=416 free_code_cache=48125Kb largest_free_block=49241408

Compilation events (10 events):
Event: 14,413 Thread 0x00007f2874097000 nmethod 269 0x00007f2871105b90 code [0x00007f2871105d00, 0x00007f28711065a8]
Event: 14,413 Thread 0x00007f2874094000 nmethod 271 0x00007f2871105310 code [0x00007f2871105480, 0x00007f28711058e8]
Event: 14,416 Thread 0x00007f2874097000  272             ir.Indexer::generateDocID (12 bytes)
Event: 14,416 Thread 0x00007f2874097000 nmethod 272 0x00007f2871098950 code [0x00007f2871098a80, 0x00007f2871098af8]
Event: 15,442 Thread 0x00007f2874097000  273 % !         ir.Indexer::processFiles @ 25 (289 bytes)
Event: 15,445 Thread 0x00007f2874097000 nmethod 273% 0x00007f28710bcb90 code [0x00007f28710bcd00, 0x00007f28710bcf98]
Event: 18,550 Thread 0x00007f2874094000  274             java.io.InputStreamReader::read (11 bytes)
Event: 18,563 Thread 0x00007f2874094000 nmethod 274 0x00007f28710951d0 code [0x00007f2871095320, 0x00007f28710953c8]
Event: 18,665 Thread 0x00007f2874097000  275             sun.nio.cs.UTF_8$Decoder::isMalformed2 (24 bytes)
Event: 18,666 Thread 0x00007f2874097000 nmethod 275 0x00007f28710c1a50 code [0x00007f28710c1b80, 0x00007f28710c1bf8]

GC Heap History (10 events):
Event: 17,085 GC heap after
Heap after GC invocations=19 (full 3):
 PSYoungGen      total 524288K, used 114656K [0x00000007d5500000, 0x0000000800000000, 0x0000000800000000)
  eden space 409600K, 0% used [0x00000007d5500000,0x00000007d5500000,0x00000007ee500000)
  from space 114688K, 99% used [0x00000007f9000000,0x00000007ffff8010,0x0000000800000000)
  to   space 144896K, 0% used [0x00000007ee500000,0x00000007ee500000,0x00000007f7280000)
 ParOldGen       total 539136K, used 368138K [0x0000000780000000, 0x00000007a0e80000, 0x00000007d5500000)
  object space 539136K, 68% used [0x0000000780000000,0x0000000796782ab0,0x00000007a0e80000)
 PSPermGen       total 25088K, used 11474K [0x000000077ae00000, 0x000000077c680000, 0x0000000780000000)
  object space 25088K, 45% used [0x000000077ae00000,0x000000077b9348b8,0x000000077c680000)
}
Event: 17,839 GC heap before
{Heap before GC invocations=20 (full 3):
 PSYoungGen      total 524288K, used 524256K [0x00000007d5500000, 0x0000000800000000, 0x0000000800000000)
  eden space 409600K, 100% used [0x00000007d5500000,0x00000007ee500000,0x00000007ee500000)
  from space 114688K, 99% used [0x00000007f9000000,0x00000007ffff8010,0x0000000800000000)
  to   space 144896K, 0% used [0x00000007ee500000,0x00000007ee500000,0x00000007f7280000)
 ParOldGen       total 539136K, used 368138K [0x0000000780000000, 0x00000007a0e80000, 0x00000007d5500000)
  object space 539136K, 68% used [0x0000000780000000,0x0000000796782ab0,0x00000007a0e80000)
 PSPermGen       total 25088K, used 11474K [0x000000077ae00000, 0x000000077c680000, 0x0000000780000000)
  object space 25088K, 45% used [0x000000077ae00000,0x000000077b9348b8,0x000000077c680000)
Event: 18,081 GC heap after
Heap after GC invocations=20 (full 3):
 PSYoungGen      total 526336K, used 116659K [0x00000007d5500000, 0x0000000800000000, 0x0000000800000000)
  eden space 409600K, 0% used [0x00000007d5500000,0x00000007d5500000,0x00000007ee500000)
  from space 116736K, 99% used [0x00000007ee500000,0x00000007f56ece40,0x00000007f5700000)
  to   space 157696K, 0% used [0x00000007f6600000,0x00000007f6600000,0x0000000800000000)
 ParOldGen       total 539136K, used 406802K [0x0000000780000000, 0x00000007a0e80000, 0x00000007d5500000)
  object space 539136K, 75% used [0x0000000780000000,0x0000000798d44ab0,0x00000007a0e80000)
 PSPermGen       total 25088K, used 11474K [0x000000077ae00000, 0x000000077c680000, 0x0000000780000000)
  object space 25088K, 45% used [0x000000077ae00000,0x000000077b9348b8,0x000000077c680000)
}
Event: 18,814 GC heap before
{Heap before GC invocations=21 (full 3):
 PSYoungGen      total 526336K, used 526259K [0x00000007d5500000, 0x0000000800000000, 0x0000000800000000)
  eden space 409600K, 100% used [0x00000007d5500000,0x00000007ee500000,0x00000007ee500000)
  from space 116736K, 99% used [0x00000007ee500000,0x00000007f56ece40,0x00000007f5700000)
  to   space 157696K, 0% used [0x00000007f6600000,0x00000007f6600000,0x0000000800000000)
 ParOldGen       total 539136K, used 406802K [0x0000000780000000, 0x00000007a0e80000, 0x00000007d5500000)
  object space 539136K, 75% used [0x0000000780000000,0x0000000798d44ab0,0x00000007a0e80000)
 PSPermGen       total 25088K, used 11474K [0x000000077ae00000, 0x000000077c680000, 0x0000000780000000)
  object space 25088K, 45% used [0x000000077ae00000,0x000000077b9349c0,0x000000077c680000)
Event: 19,024 GC heap after
Heap after GC invocations=21 (full 3):
 PSYoungGen      total 492544K, used 156179K [0x00000007d5500000, 0x0000000800000000, 0x0000000800000000)
  eden space 334848K, 0% used [0x00000007d5500000,0x00000007d5500000,0x00000007e9c00000)
  from space 157696K, 99% used [0x00000007f6600000,0x00000007ffe84e40,0x0000000800000000)
  to   space 182272K, 0% used [0x00000007e9c00000,0x00000007e9c00000,0x00000007f4e00000)
 ParOldGen       total 539136K, used 406802K [0x0000000780000000, 0x00000007a0e80000, 0x00000007d5500000)
  object space 539136K, 75% used [0x0000000780000000,0x0000000798d44ab0,0x00000007a0e80000)
 PSPermGen       total 25088K, used 11474K [0x000000077ae00000, 0x000000077c680000, 0x0000000780000000)
  object space 25088K, 45% used [0x000000077ae00000,0x000000077b9349c0,0x000000077c680000)
}
Event: 19,596 GC heap before
{Heap before GC invocations=22 (full 3):
 PSYoungGen      total 492544K, used 491027K [0x00000007d5500000, 0x0000000800000000, 0x0000000800000000)
  eden space 334848K, 100% used [0x00000007d5500000,0x00000007e9c00000,0x00000007e9c00000)
  from space 157696K, 99% used [0x00000007f6600000,0x00000007ffe84e40,0x0000000800000000)
  to   space 182272K, 0% used [0x00000007e9c00000,0x00000007e9c00000,0x00000007f4e00000)
 ParOldGen       total 539136K, used 406802K [0x0000000780000000, 0x00000007a0e80000, 0x00000007d5500000)
  object space 539136K, 75% used [0x0000000780000000,0x0000000798d44ab0,0x00000007a0e80000)
 PSPermGen       total 25088K, used 11474K [0x000000077ae00000, 0x000000077c680000, 0x0000000780000000)
  object space 25088K, 45% used [0x000000077ae00000,0x000000077b9349c0,0x000000077c680000)
Event: 19,859 GC heap after
Heap after GC invocations=22 (full 3):
 PSYoungGen      total 517120K, used 182240K [0x00000007d5500000, 0x0000000800000000, 0x0000000800000000)
  eden space 334848K, 0% used [0x00000007d5500000,0x00000007d5500000,0x00000007e9c00000)
  from space 182272K, 99% used [0x00000007e9c00000,0x00000007f4df8010,0x00000007f4e00000)
  to   space 182272K, 0% used [0x00000007f4e00000,0x00000007f4e00000,0x0000000800000000)
 ParOldGen       total 539136K, used 412210K [0x0000000780000000, 0x00000007a0e80000, 0x00000007d5500000)
  object space 539136K, 76% used [0x0000000780000000,0x000000079928cab0,0x00000007a0e80000)
 PSPermGen       total 25088K, used 11474K [0x000000077ae00000, 0x000000077c680000, 0x0000000780000000)
  object space 25088K, 45% used [0x000000077ae00000,0x000000077b9349c0,0x000000077c680000)
}
Event: 20,415 GC heap before
{Heap before GC invocations=23 (full 3):
 PSYoungGen      total 517120K, used 517088K [0x00000007d5500000, 0x0000000800000000, 0x0000000800000000)
  eden space 334848K, 100% used [0x00000007d5500000,0x00000007e9c00000,0x00000007e9c00000)
  from space 182272K, 99% used [0x00000007e9c00000,0x00000007f4df8010,0x00000007f4e00000)
  to   space 182272K, 0% used [0x00000007f4e00000,0x00000007f4e00000,0x0000000800000000)
 ParOldGen       total 539136K, used 412210K [0x0000000780000000, 0x00000007a0e80000, 0x00000007d5500000)
  object space 539136K, 76% used [0x0000000780000000,0x000000079928cab0,0x00000007a0e80000)
 PSPermGen       total 25088K, used 11474K [0x000000077ae00000, 0x000000077c680000, 0x0000000780000000)
  object space 25088K, 45% used [0x000000077ae00000,0x000000077b9349c0,0x000000077c680000)
Event: 20,792 GC heap after
Heap after GC invocations=23 (full 3):
 PSYoungGen      total 440320K, used 139296K [0x00000007d5500000, 0x0000000800000000, 0x0000000800000000)
  eden space 258048K, 0% used [0x00000007d5500000,0x00000007d5500000,0x00000007e5100000)
  from space 182272K, 76% used [0x00000007f4e00000,0x00000007fd608000,0x0000000800000000)
  to   space 220672K, 0% used [0x00000007e5100000,0x00000007e5100000,0x00000007f2880000)
 ParOldGen       total 539136K, used 487882K [0x0000000780000000, 0x00000007a0e80000, 0x00000007d5500000)
  object space 539136K, 90% used [0x0000000780000000,0x000000079dc72ac0,0x00000007a0e80000)
 PSPermGen       total 25088K, used 11474K [0x000000077ae00000, 0x000000077c680000, 0x0000000780000000)
  object space 25088K, 45% used [0x000000077ae00000,0x000000077b9349c0,0x000000077c680000)
}
Event: 20,793 GC heap before
{Heap before GC invocations=24 (full 4):
 PSYoungGen      total 440320K, used 139296K [0x00000007d5500000, 0x0000000800000000, 0x0000000800000000)
  eden space 258048K, 0% used [0x00000007d5500000,0x00000007d5500000,0x00000007e5100000)
  from space 182272K, 76% used [0x00000007f4e00000,0x00000007fd608000,0x0000000800000000)
  to   space 220672K, 0% used [0x00000007e5100000,0x00000007e5100000,0x00000007f2880000)
 ParOldGen       total 539136K, used 487882K [0x0000000780000000, 0x00000007a0e80000, 0x00000007d5500000)
  object space 539136K, 90% used [0x0000000780000000,0x000000079dc72ac0,0x00000007a0e80000)
 PSPermGen       total 25088K, used 11474K [0x000000077ae00000, 0x000000077c680000, 0x0000000780000000)
  object space 25088K, 45% used [0x000000077ae00000,0x000000077b9349c0,0x000000077c680000)

Deoptimization events (10 events):
Event: 1,087 Thread 0x00007f2874009800 Uncommon trap: reason=unstable_if action=reinterpret pc=0x00007f28710d3ae4 method=java.util.HashMap.getEntry(Ljava/lang/Object;)Ljava/util/HashMap$Entry; @ 71
Event: 1,087 Thread 0x00007f2874009800 Uncommon trap: reason=unstable_if action=reinterpret pc=0x00007f28710bd508 method=java.util.HashMap.put(Ljava/lang/Object;Ljava/lang/Object;)Ljava/lang/Object; @ 86
Event: 1,116 Thread 0x00007f2874009800 Uncommon trap: reason=unstable_if action=reinterpret pc=0x00007f28710d5b8c method=java.util.HashMap.getEntry(Ljava/lang/Object;)Ljava/util/HashMap$Entry; @ 71
Event: 1,116 Thread 0x00007f2874009800 Uncommon trap: reason=unstable_if action=reinterpret pc=0x00007f28710bc274 method=java.util.HashMap.getEntry(Ljava/lang/Object;)Ljava/util/HashMap$Entry; @ 71
Event: 1,127 Thread 0x00007f2874009800 Uncommon trap: reason=unstable_if action=reinterpret pc=0x00007f28710b88a8 method=java.util.HashMap.getEntry(Ljava/lang/Object;)Ljava/util/HashMap$Entry; @ 71
Event: 1,128 Thread 0x00007f2874009800 Uncommon trap: reason=unstable_if action=reinterpret pc=0x00007f2871099234 method=ir.SimpleTokenizer.normalize([CI)Z @ 68
Event: 2,478 Thread 0x00007f2874009800 Uncommon trap: reason=null_check action=make_not_entrant pc=0x00007f28710ec010 method=sun.nio.cs.StreamDecoder.inReady()Z @ 21
Event: 5,881 Thread 0x00007f2874009800 Uncommon trap: reason=unstable_if action=reinterpret pc=0x00007f28710e561c method=sun.nio.cs.UTF_8$Decoder.xflow(Ljava/nio/Buffer;IILjava/nio/Buffer;II)Ljava/nio/charset/CoderResult; @ 18
Event: 5,976 Thread 0x00007f2874009800 Uncommon trap: reason=unstable_if action=reinterpret pc=0x00007f28710ed874 method=sun.nio.cs.StreamDecoder.implRead([CII)I @ 87
Event: 14,670 Thread 0x00007f2874009800 Uncommon trap: reason=unstable_if action=reinterpret pc=0x00007f28710f8a50 method=java.nio.charset.CharsetDecoder.decode(Ljava/nio/ByteBuffer;Ljava/nio/CharBuffer;Z)Ljava/nio/charset/CoderResult; @ 105

Internal exceptions (10 events):
Event: 0,616 Thread 0x00007f2874009800 Threw 0x00000007d62b8fd0 at /HUDSON/workspace/7u-2-build-linux-amd64/jdk7u80/2329/hotspot/src/share/vm/prims/jvm.cpp:1319
Event: 0,644 Thread 0x00007f287420a000 Implicit null exception at 0x00007f2871095dda to 0x00007f2871095e81
Event: 0,673 Thread 0x00007f28741b6000 Implicit null exception at 0x00007f28710959d5 to 0x00007f2871095a6d
Event: 0,769 Thread 0x00007f287420a000 Implicit null exception at 0x00007f2871095635 to 0x00007f28710956b9
Event: 0,772 Thread 0x00007f287420a000 Threw 0x00000007d5858860 at /HUDSON/workspace/7u-2-build-linux-amd64/jdk7u80/2329/hotspot/src/share/vm/prims/jvm.cpp:1319
Event: 0,772 Thread 0x00007f287420a000 Threw 0x00000007d5858a88 at /HUDSON/workspace/7u-2-build-linux-amd64/jdk7u80/2329/hotspot/src/share/vm/prims/jvm.cpp:1319
Event: 0,772 Thread 0x00007f287420a000 Threw 0x00000007d585aef8 at /HUDSON/workspace/7u-2-build-linux-amd64/jdk7u80/2329/hotspot/src/share/vm/prims/jvm.cpp:1319
Event: 0,772 Thread 0x00007f287420a000 Threw 0x00000007d585b120 at /HUDSON/workspace/7u-2-build-linux-amd64/jdk7u80/2329/hotspot/src/share/vm/prims/jvm.cpp:1319
Event: 0,898 Thread 0x00007f287420a000 Threw 0x00000007d585bf28 at /HUDSON/workspace/7u-2-build-linux-amd64/jdk7u80/2329/hotspot/src/share/vm/prims/jni.cpp:743
Event: 2,478 Thread 0x00007f2874009800 Implicit null exception at 0x00007f28710ebad8 to 0x00007f28710ebffd

Events (10 events):
Event: 16,013 Executing VM operation: ParallelGCFailedAllocation done
Event: 16,794 Executing VM operation: ParallelGCFailedAllocation
Event: 17,092 Executing VM operation: ParallelGCFailedAllocation done
Event: 17,838 Executing VM operation: ParallelGCFailedAllocation
Event: 18,089 Executing VM operation: ParallelGCFailedAllocation done
Event: 18,814 Executing VM operation: ParallelGCFailedAllocation
Event: 19,026 Executing VM operation: ParallelGCFailedAllocation done
Event: 19,594 Executing VM operation: ParallelGCFailedAllocation
Event: 19,859 Executing VM operation: ParallelGCFailedAllocation done
Event: 20,413 Executing VM operation: ParallelGCFailedAllocation


Dynamic libraries:
00400000-00401000 r-xp 00000000 08:02 538188                             /usr/lib/jvm/java-7-oracle/jre/bin/java
00600000-00601000 rw-p 00000000 08:02 538188                             /usr/lib/jvm/java-7-oracle/jre/bin/java
02525000-02546000 rw-p 00000000 00:00 0                                  [heap]
77ae00000-77c680000 rw-p 00000000 00:00 0 
77c680000-77c780000 ---p 00000000 00:00 0 
77c780000-780000000 rw-p 00000000 00:00 0 
780000000-7a0e80000 rw-p 00000000 00:00 0 
7b0980000-7d5500000 rw-p 00000000 00:00 0 
7d5500000-800000000 rw-p 00000000 00:00 0 
7f2820000000-7f2820021000 rw-p 00000000 00:00 0 
7f2820021000-7f2824000000 ---p 00000000 00:00 0 
7f2824000000-7f2824021000 rw-p 00000000 00:00 0 
7f2824021000-7f2828000000 ---p 00000000 00:00 0 
7f2828000000-7f2828021000 rw-p 00000000 00:00 0 
7f2828021000-7f282c000000 ---p 00000000 00:00 0 
7f282c000000-7f282c189000 rw-p 00000000 00:00 0 
7f282c189000-7f2830000000 ---p 00000000 00:00 0 
7f2830000000-7f2830021000 rw-p 00000000 00:00 0 
7f2830021000-7f2834000000 ---p 00000000 00:00 0 
7f2834000000-7f2834021000 rw-p 00000000 00:00 0 
7f2834021000-7f2838000000 ---p 00000000 00:00 0 
7f2838000000-7f2838021000 rw-p 00000000 00:00 0 
7f2838021000-7f283c000000 ---p 00000000 00:00 0 
7f283c000000-7f283c021000 rw-p 00000000 00:00 0 
7f283c021000-7f2840000000 ---p 00000000 00:00 0 
7f2840000000-7f2840764000 rw-p 00000000 00:00 0 
7f2840764000-7f2844000000 ---p 00000000 00:00 0 
7f2844000000-7f2844510000 rw-p 00000000 00:00 0 
7f2844510000-7f2848000000 ---p 00000000 00:00 0 
7f2848000000-7f2848021000 rw-p 00000000 00:00 0 
7f2848021000-7f284c000000 ---p 00000000 00:00 0 
7f284c000000-7f284c021000 rw-p 00000000 00:00 0 
7f284c021000-7f2850000000 ---p 00000000 00:00 0 
7f2850000000-7f2850021000 rw-p 00000000 00:00 0 
7f2850021000-7f2854000000 ---p 00000000 00:00 0 
7f2854be0000-7f2854be1000 r--s 00000000 08:02 96748                      /var/cache/fontconfig/c05880de57d1f5e948fdfacc138775d9-le64.cache-4
7f2854be1000-7f2854bec000 r--s 00000000 08:02 96741                      /var/cache/fontconfig/945677eb7aeaf62f1d50efc3fb3ec7d8-le64.cache-4
7f2854bec000-7f2854bee000 r--s 00000000 08:02 96743                      /var/cache/fontconfig/99e8ed0e538f840c565b6ed5dad60d56-le64.cache-4
7f2854bee000-7f2854bf4000 r--s 00000000 08:02 96726                      /var/cache/fontconfig/2cd17615ca594fa2959ae173292e504c-le64.cache-4
7f2854bf4000-7f2854bf5000 r--s 00000000 08:02 96758                      /var/cache/fontconfig/e7071f4a29fa870f4323321c154eba04-le64.cache-4
7f2854bf5000-7f2854bf6000 r--s 00000000 08:02 96723                      /var/cache/fontconfig/0d8c3b2ac0904cb8a57a757ad11a4a08-le64.cache-4
7f2854bf6000-7f2854bfd000 r--s 00000000 08:02 96745                      /var/cache/fontconfig/a755afe4a08bf5b97852ceb7400b47bc-le64.cache-4
7f2854bfd000-7f2854c09000 r--s 00000000 08:02 96736                      /var/cache/fontconfig/6d41288fd70b0be22e8c3a91e032eec0-le64.cache-4
7f2854c09000-7f2854c14000 r--s 00000000 08:02 99811                      /var/cache/fontconfig/a6354e3ac43af67bd8d7b8e43c34e49f-le64.cache-4
7f2854c14000-7f2854c28000 r--s 00000000 08:02 96720                      /var/cache/fontconfig/04aabc0a78ac019cf9454389977116d2-le64.cache-4
7f2854c28000-7f2854c29000 r--s 00000000 08:02 96725                      /var/cache/fontconfig/1ac9eb803944fde146138c791f5cc56a-le64.cache-4
7f2854c29000-7f2854c2d000 r--s 00000000 08:02 96729                      /var/cache/fontconfig/385c0604a188198f04d133e54aba7fe7-le64.cache-4
7f2854c2d000-7f2854c2f000 r--s 00000000 08:02 96738                      /var/cache/fontconfig/767a8244fc0220cfb567a839d0392e0b-le64.cache-4
7f2854c2f000-7f2854c41000 r--s 00000000 08:02 96721                      /var/cache/fontconfig/0bd3dc0958fa2205aaaa8ebb13e2872b-le64.cache-4
7f2854c41000-7f2854c46000 r--s 00000000 08:02 96740                      /var/cache/fontconfig/8801497958630a81b71ace7c5f9b32a8-le64.cache-4
7f2854c46000-7f2854c4d000 r--s 00000000 08:02 96727                      /var/cache/fontconfig/3047814df9a2f067bd2d96a2b9c36e5a-le64.cache-4
7f28552f3000-7f2855460000 rw-p 00000000 00:00 0 
7f2855460000-7f2855463000 ---p 00000000 00:00 0 
7f2855463000-7f2855561000 rw-p 00000000 00:00 0                          [stack:5851]
7f2855561000-7f2855565000 rw-s 00000000 00:05 429424654                  /SYSV00000000 (deleted)
7f28556b9000-7f2855795000 rw-p 00000000 00:00 0 
7f2855795000-7f28557fe000 r-xp 00000000 08:02 537526                     /usr/lib/jvm/java-7-oracle/jre/lib/amd64/libt2k.so
7f28557fe000-7f28559fd000 ---p 00069000 08:02 537526                     /usr/lib/jvm/java-7-oracle/jre/lib/amd64/libt2k.so
7f28559fd000-7f2855a04000 rw-p 00068000 08:02 537526                     /usr/lib/jvm/java-7-oracle/jre/lib/amd64/libt2k.so
7f2855a04000-7f2855a14000 rw-p 00000000 00:00 0 
7f2855a14000-7f2855a24000 r-xp 00000000 08:02 537562                     /usr/lib/jvm/java-7-oracle/jre/lib/amd64/libnio.so
7f2855a24000-7f2855c24000 ---p 00010000 08:02 537562                     /usr/lib/jvm/java-7-oracle/jre/lib/amd64/libnio.so
7f2855c24000-7f2855c25000 rw-p 00010000 08:02 537562                     /usr/lib/jvm/java-7-oracle/jre/lib/amd64/libnio.so
7f2855c25000-7f2855c3c000 r-xp 00000000 08:02 537579                     /usr/lib/jvm/java-7-oracle/jre/lib/amd64/libnet.so
7f2855c3c000-7f2855e3b000 ---p 00017000 08:02 537579                     /usr/lib/jvm/java-7-oracle/jre/lib/amd64/libnet.so
7f2855e3b000-7f2855e3c000 rw-p 00016000 08:02 537579                     /usr/lib/jvm/java-7-oracle/jre/lib/amd64/libnet.so
7f2855e3c000-7f2855e52000 r-xp 00000000 08:02 1049705                    /lib/x86_64-linux-gnu/libgcc_s.so.1
7f2855e52000-7f2856051000 ---p 00016000 08:02 1049705                    /lib/x86_64-linux-gnu/libgcc_s.so.1
7f2856051000-7f2856052000 rw-p 00015000 08:02 1049705                    /lib/x86_64-linux-gnu/libgcc_s.so.1
7f2856052000-7f28560b7000 r-xp 00000000 08:02 537580                     /usr/lib/jvm/java-7-oracle/jre/lib/amd64/libfontmanager.so
7f28560b7000-7f28562b6000 ---p 00065000 08:02 537580                     /usr/lib/jvm/java-7-oracle/jre/lib/amd64/libfontmanager.so
7f28562b6000-7f28562bb000 rw-p 00064000 08:02 537580                     /usr/lib/jvm/java-7-oracle/jre/lib/amd64/libfontmanager.so
7f28562bb000-7f28562cb000 rw-p 00000000 00:00 0 
7f28562cb000-7f28562ce000 ---p 00000000 00:00 0 
7f28562ce000-7f28563cc000 rw-p 00000000 00:00 0 
7f28563cc000-7f28563cf000 ---p 00000000 00:00 0 
7f28563cf000-7f28564cd000 rw-p 00000000 00:00 0                          [stack:5849]
7f28564cd000-7f28564d0000 ---p 00000000 00:00 0 
7f28564d0000-7f28565ce000 rw-p 00000000 00:00 0                          [stack:5848]
7f28565ce000-7f28565d1000 ---p 00000000 00:00 0 
7f28565d1000-7f28566cf000 rw-p 00000000 00:00 0                          [stack:5847]
7f28566cf000-7f28566d4000 r-xp 00000000 08:02 532910                     /usr/lib/x86_64-linux-gnu/libXfixes.so.3.1.0
7f28566d4000-7f28568d3000 ---p 00005000 08:02 532910                     /usr/lib/x86_64-linux-gnu/libXfixes.so.3.1.0
7f28568d3000-7f28568d4000 r--p 00004000 08:02 532910                     /usr/lib/x86_64-linux-gnu/libXfixes.so.3.1.0
7f28568d4000-7f28568d5000 rw-p 00005000 08:02 532910                     /usr/lib/x86_64-linux-gnu/libXfixes.so.3.1.0
7f28568d5000-7f28568de000 r-xp 00000000 08:02 532902                     /usr/lib/x86_64-linux-gnu/libXcursor.so.1.0.2
7f28568de000-7f2856add000 ---p 00009000 08:02 532902                     /usr/lib/x86_64-linux-gnu/libXcursor.so.1.0.2
7f2856add000-7f2856ade000 r--p 00008000 08:02 532902                     /usr/lib/x86_64-linux-gnu/libXcursor.so.1.0.2
7f2856ade000-7f2856adf000 rw-p 00009000 08:02 532902                     /usr/lib/x86_64-linux-gnu/libXcursor.so.1.0.2
7f2856adf000-7f2856ae2000 ---p 00000000 00:00 0 
7f2856ae2000-7f2856be0000 rw-p 00000000 00:00 0                          [stack:5846]
7f2856be0000-7f2856be5000 r-xp 00000000 08:02 532906                     /usr/lib/x86_64-linux-gnu/libXdmcp.so.6.0.0
7f2856be5000-7f2856de4000 ---p 00005000 08:02 532906                     /usr/lib/x86_64-linux-gnu/libXdmcp.so.6.0.0
7f2856de4000-7f2856de5000 r--p 00004000 08:02 532906                     /usr/lib/x86_64-linux-gnu/libXdmcp.so.6.0.0
7f2856de5000-7f2856de6000 rw-p 00005000 08:02 532906                     /usr/lib/x86_64-linux-gnu/libXdmcp.so.6.0.0
7f2856de6000-7f2856de8000 r-xp 00000000 08:02 532895                     /usr/lib/x86_64-linux-gnu/libXau.so.6.0.0
7f2856de8000-7f2856fe8000 ---p 00002000 08:02 532895                     /usr/lib/x86_64-linux-gnu/libXau.so.6.0.0
7f2856fe8000-7f2856fe9000 r--p 00002000 08:02 532895                     /usr/lib/x86_64-linux-gnu/libXau.so.6.0.0
7f2856fe9000-7f2856fea000 rw-p 00003000 08:02 532895                     /usr/lib/x86_64-linux-gnu/libXau.so.6.0.0
7f2856fea000-7f2857007000 r-xp 00000000 08:02 534114                     /usr/lib/x86_64-linux-gnu/libxcb.so.1.1.0
7f2857007000-7f2857207000 ---p 0001d000 08:02 534114                     /usr/lib/x86_64-linux-gnu/libxcb.so.1.1.0
7f2857207000-7f2857208000 r--p 0001d000 08:02 534114                     /usr/lib/x86_64-linux-gnu/libxcb.so.1.1.0
7f2857208000-7f2857209000 rw-p 0001e000 08:02 534114                     /usr/lib/x86_64-linux-gnu/libxcb.so.1.1.0
7f2857209000-7f2857218000 r-xp 00000000 08:02 532916                     /usr/lib/x86_64-linux-gnu/libXi.so.6.1.0
7f2857218000-7f2857417000 ---p 0000f000 08:02 532916                     /usr/lib/x86_64-linux-gnu/libXi.so.6.1.0
7f2857417000-7f2857418000 r--p 0000e000 08:02 532916                     /usr/lib/x86_64-linux-gnu/libXi.so.6.1.0
7f2857418000-7f2857419000 rw-p 0000f000 08:02 532916                     /usr/lib/x86_64-linux-gnu/libXi.so.6.1.0
7f2857419000-7f285741e000 r-xp 00000000 08:02 532936                     /usr/lib/x86_64-linux-gnu/libXtst.so.6.1.0
7f285741e000-7f285761d000 ---p 00005000 08:02 532936                     /usr/lib/x86_64-linux-gnu/libXtst.so.6.1.0
7f285761d000-7f285761e000 r--p 00004000 08:02 532936                     /usr/lib/x86_64-linux-gnu/libXtst.so.6.1.0
7f285761e000-7f285761f000 rw-p 00005000 08:02 532936                     /usr/lib/x86_64-linux-gnu/libXtst.so.6.1.0
7f285761f000-7f2857628000 r-xp 00000000 08:02 532930                     /usr/lib/x86_64-linux-gnu/libXrender.so.1.3.0
7f2857628000-7f2857827000 ---p 00009000 08:02 532930                     /usr/lib/x86_64-linux-gnu/libXrender.so.1.3.0
7f2857827000-7f2857828000 r--p 00008000 08:02 532930                     /usr/lib/x86_64-linux-gnu/libXrender.so.1.3.0
7f2857828000-7f2857829000 rw-p 00009000 08:02 532930                     /usr/lib/x86_64-linux-gnu/libXrender.so.1.3.0
7f2857829000-7f2857959000 r-xp 00000000 08:02 532891                     /usr/lib/x86_64-linux-gnu/libX11.so.6.3.0
7f2857959000-7f2857b59000 ---p 00130000 08:02 532891                     /usr/lib/x86_64-linux-gnu/libX11.so.6.3.0
7f2857b59000-7f2857b5a000 r--p 00130000 08:02 532891                     /usr/lib/x86_64-linux-gnu/libX11.so.6.3.0
7f2857b5a000-7f2857b5e000 rw-p 00131000 08:02 532891                     /usr/lib/x86_64-linux-gnu/libX11.so.6.3.0
7f2857b5e000-7f2857b6f000 r-xp 00000000 08:02 532908                     /usr/lib/x86_64-linux-gnu/libXext.so.6.4.0
7f2857b6f000-7f2857d6e000 ---p 00011000 08:02 532908                     /usr/lib/x86_64-linux-gnu/libXext.so.6.4.0
7f2857d6e000-7f2857d6f000 r--p 00010000 08:02 532908                     /usr/lib/x86_64-linux-gnu/libXext.so.6.4.0
7f2857d6f000-7f2857d70000 rw-p 00011000 08:02 532908                     /usr/lib/x86_64-linux-gnu/libXext.so.6.4.0
7f2857d70000-7f285c000000 rw-p 00000000 00:00 0 
7f285c000000-7f285c021000 rw-p 00000000 00:00 0 
7f285c021000-7f2860000000 ---p 00000000 00:00 0 
7f2860000000-7f2860021000 rw-p 00000000 00:00 0 
7f2860021000-7f2864000000 ---p 00000000 00:00 0 
7f2864000000-7f2864021000 rw-p 00000000 00:00 0 
7f2864021000-7f2868000000 ---p 00000000 00:00 0 
7f2868000000-7f2868021000 rw-p 00000000 00:00 0 
7f2868021000-7f286c000000 ---p 00000000 00:00 0 
7f286c000000-7f286c021000 rw-p 00000000 00:00 0 
7f286c021000-7f2870000000 ---p 00000000 00:00 0 
7f2870000000-7f2870001000 r--s 00000000 08:02 96755                      /var/cache/fontconfig/dc05db6664285cc2f12bf69c139ae4c3-le64.cache-4
7f2870001000-7f2870002000 r--s 00000000 08:02 96731                      /var/cache/fontconfig/4794a0821666d79190d59a36cb4f44b5-le64.cache-4
7f2870002000-7f2870003000 r--s 00000000 08:02 96733                      /var/cache/fontconfig/56cf4f4769d0f4abc89a4895d7bd3ae1-le64.cache-4
7f2870003000-7f2870009000 r--s 00000000 08:02 96746                      /var/cache/fontconfig/b47c4e1ecd0709278f4910c18777a504-le64.cache-4
7f2870009000-7f287001c000 r--s 00000000 08:02 96752                      /var/cache/fontconfig/d52a8644073d54c13679302ca1180695-le64.cache-4
7f287001c000-7f2870027000 r--s 00000000 08:02 96753                      /var/cache/fontconfig/d589a48862398ed80a3d6066f4f56f4c-le64.cache-4
7f28700d9000-7f2870129000 r-xp 00000000 08:02 537583                     /usr/lib/jvm/java-7-oracle/jre/lib/amd64/xawt/libmawt.so
7f2870129000-7f2870329000 ---p 00050000 08:02 537583                     /usr/lib/jvm/java-7-oracle/jre/lib/amd64/xawt/libmawt.so
7f2870329000-7f287032d000 rw-p 00050000 08:02 537583                     /usr/lib/jvm/java-7-oracle/jre/lib/amd64/xawt/libmawt.so
7f287032d000-7f287032e000 rw-p 00000000 00:00 0 
7f287032e000-7f28703d0000 r-xp 00000000 08:02 537543                     /usr/lib/jvm/java-7-oracle/jre/lib/amd64/libawt.so
7f28703d0000-7f28705d0000 ---p 000a2000 08:02 537543                     /usr/lib/jvm/java-7-oracle/jre/lib/amd64/libawt.so
7f28705d0000-7f28705dc000 rw-p 000a2000 08:02 537543                     /usr/lib/jvm/java-7-oracle/jre/lib/amd64/libawt.so
7f28705dc000-7f2870600000 rw-p 00000000 00:00 0 
7f2870600000-7f2870601000 ---p 00000000 00:00 0 
7f2870601000-7f2870701000 rw-p 00000000 00:00 0                          [stack:5845]
7f2870701000-7f2870704000 ---p 00000000 00:00 0 
7f2870704000-7f2870802000 rw-p 00000000 00:00 0                          [stack:5844]
7f2870802000-7f2870805000 ---p 00000000 00:00 0 
7f2870805000-7f2870903000 rw-p 00000000 00:00 0                          [stack:5843]
7f2870903000-7f2870906000 ---p 00000000 00:00 0 
7f2870906000-7f2870a04000 rw-p 00000000 00:00 0                          [stack:5842]
7f2870a04000-7f2870a07000 ---p 00000000 00:00 0 
7f2870a07000-7f2870b05000 rw-p 00000000 00:00 0                          [stack:5841]
7f2870b05000-7f2870eff000 r--p 00000000 08:02 531394                     /usr/lib/locale/locale-archive
7f2870eff000-7f2870f02000 ---p 00000000 00:00 0 
7f2870f02000-7f2871000000 rw-p 00000000 00:00 0                          [stack:5840]
7f2871000000-7f2871270000 rwxp 00000000 00:00 0 
7f2871270000-7f28742fb000 rw-p 00000000 00:00 0 
7f28742fb000-7f2878000000 ---p 00000000 00:00 0 
7f2878000000-7f2878009000 r--s 00000000 08:02 96730                      /var/cache/fontconfig/3f7329c5293ffd510edef78f73874cfd-le64.cache-4
7f2878040000-7f2878071000 rw-p 00000000 00:00 0 
7f2878071000-7f2878074000 ---p 00000000 00:00 0 
7f2878074000-7f2878172000 rw-p 00000000 00:00 0                          [stack:5839]
7f2878172000-7f2878173000 ---p 00000000 00:00 0 
7f2878173000-7f2879272000 rw-p 00000000 00:00 0                          [stack:5838]
7f2879272000-7f2879432000 r--s 039fb000 08:02 537590                     /usr/lib/jvm/java-7-oracle/jre/lib/rt.jar
7f2879432000-7f287997e000 rw-p 00000000 00:00 0 
7f287997e000-7f287997f000 ---p 00000000 00:00 0 
7f287997f000-7f2879a7f000 rw-p 00000000 00:00 0                          [stack:5837]
7f2879a7f000-7f2879a80000 ---p 00000000 00:00 0 
7f2879a80000-7f2879b80000 rw-p 00000000 00:00 0                          [stack:5836]
7f2879b80000-7f2879b81000 ---p 00000000 00:00 0 
7f2879b81000-7f2879c81000 rw-p 00000000 00:00 0                          [stack:5835]
7f2879c81000-7f2879c82000 ---p 00000000 00:00 0 
7f2879c82000-7f2879d8f000 rw-p 00000000 00:00 0                          [stack:5834]
7f2879d8f000-7f2879dab000 rw-p 00000000 00:00 0 
7f2879dab000-7f2879eb3000 rw-p 00000000 00:00 0 
7f2879eb3000-7f287a056000 rw-p 00000000 00:00 0 
7f287a056000-7f287a063000 rw-p 00000000 00:00 0 
7f287a063000-7f287a07f000 rw-p 00000000 00:00 0 
7f287a07f000-7f287a187000 rw-p 00000000 00:00 0 
7f287a187000-7f287a329000 rw-p 00000000 00:00 0 
7f287a329000-7f287a47f000 rw-p 00000000 00:00 0 
7f287a47f000-7f287a480000 rw-p 00000000 00:00 0 
7f287a480000-7f287a497000 r-xp 00000000 08:02 537529                     /usr/lib/jvm/java-7-oracle/jre/lib/amd64/libzip.so
7f287a497000-7f287a697000 ---p 00017000 08:02 537529                     /usr/lib/jvm/java-7-oracle/jre/lib/amd64/libzip.so
7f287a697000-7f287a698000 rw-p 00017000 08:02 537529                     /usr/lib/jvm/java-7-oracle/jre/lib/amd64/libzip.so
7f287a698000-7f287a6a3000 r-xp 00000000 08:02 1053015                    /lib/x86_64-linux-gnu/libnss_files-2.19.so
7f287a6a3000-7f287a8a2000 ---p 0000b000 08:02 1053015                    /lib/x86_64-linux-gnu/libnss_files-2.19.so
7f287a8a2000-7f287a8a3000 r--p 0000a000 08:02 1053015                    /lib/x86_64-linux-gnu/libnss_files-2.19.so
7f287a8a3000-7f287a8a4000 rw-p 0000b000 08:02 1053015                    /lib/x86_64-linux-gnu/libnss_files-2.19.so
7f287a8a4000-7f287a8af000 r-xp 00000000 08:02 1053025                    /lib/x86_64-linux-gnu/libnss_nis-2.19.so
7f287a8af000-7f287aaae000 ---p 0000b000 08:02 1053025                    /lib/x86_64-linux-gnu/libnss_nis-2.19.so
7f287aaae000-7f287aaaf000 r--p 0000a000 08:02 1053025                    /lib/x86_64-linux-gnu/libnss_nis-2.19.so
7f287aaaf000-7f287aab0000 rw-p 0000b000 08:02 1053025                    /lib/x86_64-linux-gnu/libnss_nis-2.19.so
7f287aab0000-7f287aac7000 r-xp 00000000 08:02 1053009                    /lib/x86_64-linux-gnu/libnsl-2.19.so
7f287aac7000-7f287acc6000 ---p 00017000 08:02 1053009                    /lib/x86_64-linux-gnu/libnsl-2.19.so
7f287acc6000-7f287acc7000 r--p 00016000 08:02 1053009                    /lib/x86_64-linux-gnu/libnsl-2.19.so
7f287acc7000-7f287acc8000 rw-p 00017000 08:02 1053009                    /lib/x86_64-linux-gnu/libnsl-2.19.so
7f287acc8000-7f287acca000 rw-p 00000000 00:00 0 
7f287acca000-7f287acd3000 r-xp 00000000 08:02 1053011                    /lib/x86_64-linux-gnu/libnss_compat-2.19.so
7f287acd3000-7f287aed2000 ---p 00009000 08:02 1053011                    /lib/x86_64-linux-gnu/libnss_compat-2.19.so
7f287aed2000-7f287aed3000 r--p 00008000 08:02 1053011                    /lib/x86_64-linux-gnu/libnss_compat-2.19.so
7f287aed3000-7f287aed4000 rw-p 00009000 08:02 1053011                    /lib/x86_64-linux-gnu/libnss_compat-2.19.so
7f287aed4000-7f287aefd000 r-xp 00000000 08:02 537563                     /usr/lib/jvm/java-7-oracle/jre/lib/amd64/libjava.so
7f287aefd000-7f287b0fd000 ---p 00029000 08:02 537563                     /usr/lib/jvm/java-7-oracle/jre/lib/amd64/libjava.so
7f287b0fd000-7f287b0ff000 rw-p 00029000 08:02 537563                     /usr/lib/jvm/java-7-oracle/jre/lib/amd64/libjava.so
7f287b0ff000-7f287b10c000 r-xp 00000000 08:02 537558                     /usr/lib/jvm/java-7-oracle/jre/lib/amd64/libverify.so
7f287b10c000-7f287b30b000 ---p 0000d000 08:02 537558                     /usr/lib/jvm/java-7-oracle/jre/lib/amd64/libverify.so
7f287b30b000-7f287b30d000 rw-p 0000c000 08:02 537558                     /usr/lib/jvm/java-7-oracle/jre/lib/amd64/libverify.so
7f287b30d000-7f287b314000 r-xp 00000000 08:02 1053068                    /lib/x86_64-linux-gnu/librt-2.19.so
7f287b314000-7f287b513000 ---p 00007000 08:02 1053068                    /lib/x86_64-linux-gnu/librt-2.19.so
7f287b513000-7f287b514000 r--p 00006000 08:02 1053068                    /lib/x86_64-linux-gnu/librt-2.19.so
7f287b514000-7f287b515000 rw-p 00007000 08:02 1053068                    /lib/x86_64-linux-gnu/librt-2.19.so
7f287b515000-7f287b61a000 r-xp 00000000 08:02 1052990                    /lib/x86_64-linux-gnu/libm-2.19.so
7f287b61a000-7f287b819000 ---p 00105000 08:02 1052990                    /lib/x86_64-linux-gnu/libm-2.19.so
7f287b819000-7f287b81a000 r--p 00104000 08:02 1052990                    /lib/x86_64-linux-gnu/libm-2.19.so
7f287b81a000-7f287b81b000 rw-p 00105000 08:02 1052990                    /lib/x86_64-linux-gnu/libm-2.19.so
7f287b81b000-7f287c391000 r-xp 00000000 08:02 537570                     /usr/lib/jvm/java-7-oracle/jre/lib/amd64/server/libjvm.so
7f287c391000-7f287c590000 ---p 00b76000 08:02 537570                     /usr/lib/jvm/java-7-oracle/jre/lib/amd64/server/libjvm.so
7f287c590000-7f287c654000 rw-p 00b75000 08:02 537570                     /usr/lib/jvm/java-7-oracle/jre/lib/amd64/server/libjvm.so
7f287c654000-7f287c695000 rw-p 00000000 00:00 0 
7f287c695000-7f287c850000 r-xp 00000000 08:02 1052939                    /lib/x86_64-linux-gnu/libc-2.19.so
7f287c850000-7f287ca4f000 ---p 001bb000 08:02 1052939                    /lib/x86_64-linux-gnu/libc-2.19.so
7f287ca4f000-7f287ca53000 r--p 001ba000 08:02 1052939                    /lib/x86_64-linux-gnu/libc-2.19.so
7f287ca53000-7f287ca55000 rw-p 001be000 08:02 1052939                    /lib/x86_64-linux-gnu/libc-2.19.so
7f287ca55000-7f287ca5a000 rw-p 00000000 00:00 0 
7f287ca5a000-7f287ca5d000 r-xp 00000000 08:02 1052956                    /lib/x86_64-linux-gnu/libdl-2.19.so
7f287ca5d000-7f287cc5c000 ---p 00003000 08:02 1052956                    /lib/x86_64-linux-gnu/libdl-2.19.so
7f287cc5c000-7f287cc5d000 r--p 00002000 08:02 1052956                    /lib/x86_64-linux-gnu/libdl-2.19.so
7f287cc5d000-7f287cc5e000 rw-p 00003000 08:02 1052956                    /lib/x86_64-linux-gnu/libdl-2.19.so
7f287cc5e000-7f287cc73000 r-xp 00000000 08:02 537539                     /usr/lib/jvm/java-7-oracle/jre/lib/amd64/jli/libjli.so
7f287cc73000-7f287ce72000 ---p 00015000 08:02 537539                     /usr/lib/jvm/java-7-oracle/jre/lib/amd64/jli/libjli.so
7f287ce72000-7f287ce73000 rw-p 00014000 08:02 537539                     /usr/lib/jvm/java-7-oracle/jre/lib/amd64/jli/libjli.so
7f287ce73000-7f287ce8c000 r-xp 00000000 08:02 1053060                    /lib/x86_64-linux-gnu/libpthread-2.19.so
7f287ce8c000-7f287d08b000 ---p 00019000 08:02 1053060                    /lib/x86_64-linux-gnu/libpthread-2.19.so
7f287d08b000-7f287d08c000 r--p 00018000 08:02 1053060                    /lib/x86_64-linux-gnu/libpthread-2.19.so
7f287d08c000-7f287d08d000 rw-p 00019000 08:02 1053060                    /lib/x86_64-linux-gnu/libpthread-2.19.so
7f287d08d000-7f287d091000 rw-p 00000000 00:00 0 
7f287d091000-7f287d0b4000 r-xp 00000000 08:02 1052913                    /lib/x86_64-linux-gnu/ld-2.19.so
7f287d0b4000-7f287d0b5000 r--s 00000000 08:02 96747                      /var/cache/fontconfig/b9d506c9ac06c20b433354fa67a72993-le64.cache-4
7f287d0b5000-7f287d0b8000 r--s 00000000 08:02 96898                      /var/cache/fontconfig/e13b20fdb08344e0e664864cc2ede53d-le64.cache-4
7f287d0b8000-7f287d0bc000 r--s 00000000 08:02 99809                      /var/cache/fontconfig/7ef2298fde41cc6eeb7af42e48b7d293-le64.cache-4
7f287d0cd000-7f287d0d7000 rw-p 00000000 00:00 0 
7f287d0d7000-7f287d18d000 rw-p 00000000 00:00 0 
7f287d18d000-7f287d190000 ---p 00000000 00:00 0 
7f287d190000-7f287d292000 rw-p 00000000 00:00 0                          [stack:5833]
7f287d292000-7f287d293000 r--s 00000000 08:02 96722                      /var/cache/fontconfig/0c9eb80ebd1c36541ebe2852d3bb0c49-le64.cache-4
7f287d2a6000-7f287d2a7000 rw-p 00000000 00:00 0 
7f287d2a7000-7f287d2af000 rw-s 00000000 08:02 13204                      /tmp/hsperfdata_ted-cassirer/5832
7f287d2af000-7f287d2b0000 rw-p 00000000 00:00 0 
7f287d2b0000-7f287d2b1000 ---p 00000000 00:00 0 
7f287d2b1000-7f287d2b3000 rw-p 00000000 00:00 0 
7f287d2b3000-7f287d2b4000 r--p 00022000 08:02 1052913                    /lib/x86_64-linux-gnu/ld-2.19.so
7f287d2b4000-7f287d2b5000 rw-p 00023000 08:02 1052913                    /lib/x86_64-linux-gnu/ld-2.19.so
7f287d2b5000-7f287d2b6000 rw-p 00000000 00:00 0 
7ffebf7a8000-7ffebf7c9000 rw-p 00000000 00:00 0                          [stack]
7ffebf7ec000-7ffebf7ee000 r--p 00000000 00:00 0                          [vvar]
7ffebf7ee000-7ffebf7f0000 r-xp 00000000 00:00 0                          [vdso]
ffffffffff600000-ffffffffff601000 r-xp 00000000 00:00 0                  [vsyscall]

VM Arguments:
jvm_args: -Xmx2048m 
java_command: ir.SearchGUI -d /home/ted-cassirer/Desktop/Skolan/davisWiki
Launcher Type: SUN_STANDARD

Environment Variables:
PATH=/usr/local/sbin:/usr/local/bin:/usr/sbin:/usr/bin:/sbin:/bin:/usr/games:/usr/local/games
USERNAME=ted-cassirer
SHELL=/bin/bash
DISPLAY=:0

Signal Handlers:
SIGSEGV: [libjvm.so+0x9a3b20], sa_mask[0]=0x7ffbfeff, sa_flags=0x10000004
SIGBUS: [libjvm.so+0x9a3b20], sa_mask[0]=0x7ffbfeff, sa_flags=0x10000004
SIGFPE: [libjvm.so+0x81e740], sa_mask[0]=0x7ffbfeff, sa_flags=0x10000004
SIGPIPE: [libjvm.so+0x81e740], sa_mask[0]=0x7ffbfeff, sa_flags=0x10000004
SIGXFSZ: [libjvm.so+0x81e740], sa_mask[0]=0x7ffbfeff, sa_flags=0x10000004
SIGILL: [libjvm.so+0x81e740], sa_mask[0]=0x7ffbfeff, sa_flags=0x10000004
SIGUSR1: SIG_DFL, sa_mask[0]=0x00000000, sa_flags=0x00000000
SIGUSR2: [libjvm.so+0x81ffb0], sa_mask[0]=0x00000000, sa_flags=0x10000004
SIGHUP: [libjvm.so+0x8210d0], sa_mask[0]=0x7ffbfeff, sa_flags=0x10000004
SIGINT: [libjvm.so+0x8210d0], sa_mask[0]=0x7ffbfeff, sa_flags=0x10000004
SIGTERM: [libjvm.so+0x8210d0], sa_mask[0]=0x7ffbfeff, sa_flags=0x10000004
SIGQUIT: [libjvm.so+0x8210d0], sa_mask[0]=0x7ffbfeff, sa_flags=0x10000004


---------------  S Y S T E M  ---------------

OS:jessie/sid

uname:Linux 4.4.0-040400-generic #201601101930 SMP Mon Jan 11 00:32:41 UTC 2016 x86_64
libc:glibc 2.19 NPTL 2.19 
rlimit: STACK 8192k, CORE 0k, NPROC 31128, NOFILE 4096, AS infinity
load average:3,19 3,95 3,82

/proc/meminfo:
MemTotal:        8062264 kB
MemFree:           35660 kB
MemAvailable:     125140 kB
Buffers:            1860 kB
Cached:           894960 kB
SwapCached:            0 kB
Active:          7030360 kB
Inactive:         777452 kB
Active(anon):    6984300 kB
Inactive(anon):   732808 kB
Active(file):      46060 kB
Inactive(file):    44644 kB
Unevictable:         872 kB
Mlocked:        68719477608 kB
SwapTotal:             0 kB
SwapFree:              0 kB
Dirty:               116 kB
Writeback:             0 kB
AnonPages:       6912568 kB
Mapped:           576092 kB
Shmem:            805276 kB
Slab:              83664 kB
SReclaimable:      41136 kB
SUnreclaim:        42528 kB
KernelStack:       12016 kB
PageTables:        61420 kB
NFS_Unstable:          0 kB
Bounce:                0 kB
WritebackTmp:          0 kB
CommitLimit:     4031132 kB
Committed_AS:   14490816 kB
VmallocTotal:   34359738367 kB
VmallocUsed:           0 kB
VmallocChunk:          0 kB
HardwareCorrupted:     0 kB
AnonHugePages:   3366912 kB
CmaTotal:              0 kB
CmaFree:               0 kB
HugePages_Total:       0
HugePages_Free:        0
HugePages_Rsvd:        0
HugePages_Surp:        0
Hugepagesize:       2048 kB
DirectMap4k:      179620 kB
DirectMap2M:     4950016 kB
DirectMap1G:     3145728 kB


CPU:total 4 (2 cores per cpu, 2 threads per core) family 6 model 78 stepping 3, cmov, cx8, fxsr, mmx, sse, sse2, sse3, ssse3, sse4.1, sse4.2, popcnt, avx, avx2, aes, erms, ht, tsc, tscinvbit

/proc/cpuinfo:
processor	: 0
vendor_id	: GenuineIntel
cpu family	: 6
model		: 78
model name	: Intel(R) Core(TM) i5-6200U CPU @ 2.30GHz
stepping	: 3
microcode	: 0x33
cpu MHz		: 2029.406
cache size	: 3072 KB
physical id	: 0
siblings	: 4
core id		: 0
cpu cores	: 2
apicid		: 0
initial apicid	: 0
fpu		: yes
fpu_exception	: yes
cpuid level	: 22
wp		: yes
flags		: fpu vme de pse tsc msr pae mce cx8 apic sep mtrr pge mca cmov pat pse36 clflush dts acpi mmx fxsr sse sse2 ss ht tm pbe syscall nx pdpe1gb rdtscp lm constant_tsc arch_perfmon pebs bts rep_good nopl xtopology nonstop_tsc aperfmperf eagerfpu pni pclmulqdq dtes64 monitor ds_cpl vmx est tm2 ssse3 sdbg fma cx16 xtpr pdcm pcid sse4_1 sse4_2 x2apic movbe popcnt tsc_deadline_timer aes xsave avx f16c rdrand lahf_lm abm 3dnowprefetch ida arat epb pln pts dtherm hwp hwp_notify hwp_act_window hwp_epp intel_pt tpr_shadow vnmi flexpriority ept vpid fsgsbase tsc_adjust bmi1 avx2 smep bmi2 erms invpcid mpx rdseed adx smap clflushopt xsaveopt xsavec xgetbv1
bugs		:
bogomips	: 4799.87
clflush size	: 64
cache_alignment	: 64
address sizes	: 39 bits physical, 48 bits virtual
power management:

processor	: 1
vendor_id	: GenuineIntel
cpu family	: 6
model		: 78
model name	: Intel(R) Core(TM) i5-6200U CPU @ 2.30GHz
stepping	: 3
microcode	: 0x33
cpu MHz		: 2036.531
cache size	: 3072 KB
physical id	: 0
siblings	: 4
core id		: 1
cpu cores	: 2
apicid		: 2
initial apicid	: 2
fpu		: yes
fpu_exception	: yes
cpuid level	: 22
wp		: yes
flags		: fpu vme de pse tsc msr pae mce cx8 apic sep mtrr pge mca cmov pat pse36 clflush dts acpi mmx fxsr sse sse2 ss ht tm pbe syscall nx pdpe1gb rdtscp lm constant_tsc arch_perfmon pebs bts rep_good nopl xtopology nonstop_tsc aperfmperf eagerfpu pni pclmulqdq dtes64 monitor ds_cpl vmx est tm2 ssse3 sdbg fma cx16 xtpr pdcm pcid sse4_1 sse4_2 x2apic movbe popcnt tsc_deadline_timer aes xsave avx f16c rdrand lahf_lm abm 3dnowprefetch ida arat epb pln pts dtherm hwp hwp_notify hwp_act_window hwp_epp intel_pt tpr_shadow vnmi flexpriority ept vpid fsgsbase tsc_adjust bmi1 avx2 smep bmi2 erms invpcid mpx rdseed adx smap clflushopt xsaveopt xsavec xgetbv1
bugs		:
bogomips	: 4799.87
clflush size	: 64
cache_alignment	: 64
address sizes	: 39 bits physical, 48 bits virtual
power management:

processor	: 2
vendor_id	: GenuineIntel
cpu family	: 6
model		: 78
model name	: Intel(R) Core(TM) i5-6200U CPU @ 2.30GHz
stepping	: 3
microcode	: 0x33
cpu MHz		: 2722.875
cache size	: 3072 KB
physical id	: 0
siblings	: 4
core id		: 0
cpu cores	: 2
apicid		: 1
initial apicid	: 1
fpu		: yes
fpu_exception	: yes
cpuid level	: 22
wp		: yes
flags		: fpu vme de pse tsc msr pae mce cx8 apic sep mtrr pge mca cmov pat pse36 clflush dts acpi mmx fxsr sse sse2 ss ht tm pbe syscall nx pdpe1gb rdtscp lm constant_tsc arch_perfmon pebs bts rep_good nopl xtopology nonstop_tsc aperfmperf eagerfpu pni pclmulqdq dtes64 monitor ds_cpl vmx est tm2 ssse3 sdbg fma cx16 xtpr pdcm pcid sse4_1 sse4_2 x2apic movbe popcnt tsc_deadline_timer aes xsave avx f16c rdrand lahf_lm abm 3dnowprefetch ida arat epb pln pts dtherm hwp hwp_notify hwp_act_window hwp_epp intel_pt tpr_shadow vnmi flexpriority ept vpid fsgsbase tsc_adjust bmi1 avx2 smep bmi2 erms invpcid mpx rdseed adx smap clflushopt xsaveopt xsavec xgetbv1
bugs		:
bogomips	: 4799.87
clflush size	: 64
cache_alignment	: 64
address sizes	: 39 bits physical, 48 bits virtual
power management:

processor	: 3
vendor_id	: GenuineIntel
cpu family	: 6
model		: 78
model name	: Intel(R) Core(TM) i5-6200U CPU @ 2.30GHz
stepping	: 3
microcode	: 0x33
cpu MHz		: 2592.187
cache size	: 3072 KB
physical id	: 0
siblings	: 4
core id		: 1
cpu cores	: 2
apicid		: 3
initial apicid	: 3
fpu		: yes
fpu_exception	: yes
cpuid level	: 22
wp		: yes
flags		: fpu vme de pse tsc msr pae mce cx8 apic sep mtrr pge mca cmov pat pse36 clflush dts acpi mmx fxsr sse sse2 ss ht tm pbe syscall nx pdpe1gb rdtscp lm constant_tsc arch_perfmon pebs bts rep_good nopl xtopology nonstop_tsc aperfmperf eagerfpu pni pclmulqdq dtes64 monitor ds_cpl vmx est tm2 ssse3 sdbg fma cx16 xtpr pdcm pcid sse4_1 sse4_2 x2apic movbe popcnt tsc_deadline_timer aes xsave avx f16c rdrand lahf_lm abm 3dnowprefetch ida arat epb pln pts dtherm hwp hwp_notify hwp_act_window hwp_epp intel_pt tpr_shadow vnmi flexpriority ept vpid fsgsbase tsc_adjust bmi1 avx2 smep bmi2 erms invpcid mpx rdseed adx smap clflushopt xsaveopt xsavec xgetbv1
bugs		:
bogomips	: 4799.87
clflush size	: 64
cache_alignment	: 64
address sizes	: 39 bits physical, 48 bits virtual
power management:



Memory: 4k page, physical 8062264k(36156k free), swap 0k(0k free)

vm_info: Java HotSpot(TM) 64-Bit Server VM (24.80-b11) for linux-amd64 JRE (1.7.0_80-b15), built on Apr 10 2015 19:53:14 by "java_re" with gcc 4.3.0 20080428 (Red Hat 4.3.0-8)

time: Mon Mar  7 22:55:32 2016
elapsed time: 25 seconds

