#
# There is insufficient memory for the Java Runtime Environment to continue.
# Native memory allocation (malloc) failed to allocate 315621376 bytes for committing reserved memory.
# Possible reasons:
#   The system is out of physical RAM or swap space
#   In 32 bit mode, the process size limit was hit
# Possible solutions:
#   Reduce memory load on the system
#   Increase physical memory or swap space
#   Check if swap backing store is full
#   Use 64 bit Java on a 64 bit OS
#   Decrease Java heap size (-Xmx/-Xms)
#   Decrease number of Java threads
#   Decrease Java thread stack sizes (-Xss)
#   Set larger code cache with -XX:ReservedCodeCacheSize=
# This output file may be truncated or incomplete.
#
#  Out of Memory Error (os_linux.cpp:2756), pid=2974, tid=139817296226048
#
# JRE version: Java(TM) SE Runtime Environment (7.0_80-b15) (build 1.7.0_80-b15)
# Java VM: Java HotSpot(TM) 64-Bit Server VM (24.80-b11 mixed mode linux-amd64 compressed oops)
# Failed to write core dump. Core dumps have been disabled. To enable core dumping, try "ulimit -c unlimited" before starting Java again
#

---------------  T H R E A D  ---------------

Current thread (0x00007f29c8069800):  VMThread [stack: 0x00007f29c0366000,0x00007f29c0467000] [id=2980]

Stack: [0x00007f29c0366000,0x00007f29c0467000],  sp=0x00007f29c04652a0,  free space=1020k
Native frames: (J=compiled Java code, j=interpreted, Vv=VM code, C=native code)
V  [libjvm.so+0x9a320a]  VMError::report_and_die()+0x2ea
V  [libjvm.so+0x498d3b]  report_vm_out_of_memory(char const*, int, unsigned long, char const*)+0x9b
V  [libjvm.so+0x82191e]  os::Linux::commit_memory_impl(char*, unsigned long, bool)+0xfe
V  [libjvm.so+0x821e69]  os::pd_commit_memory(char*, unsigned long, unsigned long, bool)+0x29
V  [libjvm.so+0x81bb6a]  os::commit_memory(char*, unsigned long, unsigned long, bool)+0x2a
V  [libjvm.so+0x88d623]  PSVirtualSpace::expand_by(unsigned long)+0x53
V  [libjvm.so+0x87ca80]  PSOldGen::expand(unsigned long)+0x170
V  [libjvm.so+0x87cc8b]  PSOldGen::resize(unsigned long)+0x1cb
V  [libjvm.so+0x885951]  PSParallelCompact::invoke_no_policy(bool)+0x9b1
V  [libjvm.so+0x88b8cd]  PSScavenge::invoke()+0x1ad
V  [libjvm.so+0x843f40]  ParallelScavengeHeap::failed_mem_allocate(unsigned long)+0x70
V  [libjvm.so+0x9a4a97]  VM_ParallelGCFailedAllocation::doit()+0x97
V  [libjvm.so+0x9abf35]  VM_Operation::evaluate()+0x55
V  [libjvm.so+0x9aa2fa]  VMThread::evaluate_operation(VM_Operation*)+0xba
V  [libjvm.so+0x9aa67e]  VMThread::loop()+0x1ce
V  [libjvm.so+0x9aaaf0]  VMThread::run()+0x70
V  [libjvm.so+0x8238c8]  java_start(Thread*)+0x108

VM_Operation (0x00007f29d075b690): ParallelGCFailedAllocation, mode: safepoint, requested by thread 0x00007f29c8009800


---------------  P R O C E S S  ---------------

Java Threads: ( => current thread )
  0x00007f29780be000 JavaThread "TimerQueue" daemon [_thread_blocked, id=2994, stack(0x00007f29a86d1000,0x00007f29a87d2000)]
  0x00007f29c8209000 JavaThread "AWT-EventQueue-0" [_thread_blocked, id=2991, stack(0x00007f29a9937000,0x00007f29a9a38000)]
  0x00007f29c81dd000 JavaThread "AWT-Shutdown" [_thread_blocked, id=2990, stack(0x00007f29a9a38000,0x00007f29a9b39000)]
  0x00007f29c81b6800 JavaThread "AWT-XAWT" daemon [_thread_blocked, id=2989, stack(0x00007f29a9b39000,0x00007f29a9c3a000)]
  0x00007f29c8193000 JavaThread "Java2D Disposer" daemon [_thread_blocked, id=2988, stack(0x00007f29aa04a000,0x00007f29aa14b000)]
  0x00007f29c8099800 JavaThread "Service Thread" daemon [_thread_blocked, id=2986, stack(0x00007f29ab903000,0x00007f29aba04000)]
  0x00007f29c8097000 JavaThread "C2 CompilerThread1" daemon [_thread_blocked, id=2985, stack(0x00007f29aba04000,0x00007f29abb05000)]
  0x00007f29c8094000 JavaThread "C2 CompilerThread0" daemon [_thread_blocked, id=2984, stack(0x00007f29abb05000,0x00007f29abc06000)]
  0x00007f29c8092000 JavaThread "Signal Dispatcher" daemon [_thread_blocked, id=2983, stack(0x00007f29c0063000,0x00007f29c0164000)]
  0x00007f29c8070000 JavaThread "Finalizer" daemon [_thread_blocked, id=2982, stack(0x00007f29c0164000,0x00007f29c0265000)]
  0x00007f29c806e000 JavaThread "Reference Handler" daemon [_thread_blocked, id=2981, stack(0x00007f29c0265000,0x00007f29c0366000)]
  0x00007f29c8009800 JavaThread "main" [_thread_blocked, id=2975, stack(0x00007f29d065c000,0x00007f29d075d000)]

Other Threads:
=>0x00007f29c8069800 VMThread [stack: 0x00007f29c0366000,0x00007f29c0467000] [id=2980]
  0x00007f29c80a4000 WatcherThread [stack: 0x00007f29ab802000,0x00007f29ab903000] [id=2987]

VM state:at safepoint (normal execution)

VM Mutex/Monitor currently owned by a thread:  ([mutex/lock_event])
[0x00007f29c80058f0] ExpandHeap_lock - owner thread: 0x00007f29c8069800
[0x00007f29c8005f70] Threads_lock - owner thread: 0x00007f29c8069800
[0x00007f29c8006470] Heap_lock - owner thread: 0x00007f29c8009800

Heap
 PSYoungGen      total 466432K, used 32645K [0x00000007d5500000, 0x0000000800000000, 0x0000000800000000)
  eden space 233472K, 0% used [0x00000007d5500000,0x00000007d5500000,0x00000007e3900000)
  from space 232960K, 14% used [0x00000007e3900000,0x00000007e58e1460,0x00000007f1c80000)
  to   space 232960K, 0% used [0x00000007f1c80000,0x00000007f1c80000,0x0000000800000000)
 ParOldGen       total 812032K, used 811575K [0x0000000780000000, 0x00000007b1900000, 0x00000007d5500000)
  object space 812032K, 99% used [0x0000000780000000,0x00000007b188dfc0,0x00000007b1900000)
 PSPermGen       total 24064K, used 11522K [0x000000077ae00000, 0x000000077c580000, 0x0000000780000000)
  object space 24064K, 47% used [0x000000077ae00000,0x000000077b940b40,0x000000077c580000)

Card table byte_map: [0x00007f29cd525000,0x00007f29cd94f000] byte_map_base: 0x00007f29c994e000

Polling page: 0x00007f29d077f000

Code Cache  [0x00007f29c5000000, 0x00007f29c5270000, 0x00007f29c8000000)
 total_blobs=745 nmethods=282 adapters=416 free_code_cache=48080Kb largest_free_block=49182528

Compilation events (10 events):
Event: 22,548 Thread 0x00007f29c8094000  300   !         java.nio.CharBuffer::wrap (20 bytes)
Event: 22,549 Thread 0x00007f29c8097000  301             java.nio.HeapCharBuffer::<init> (14 bytes)
Event: 22,550 Thread 0x00007f29c8094000 nmethod 300 0x00007f29c50f0a10 code [0x00007f29c50f0b80, 0x00007f29c50f0db8]
Event: 22,550 Thread 0x00007f29c8097000 nmethod 301 0x00007f29c50df4d0 code [0x00007f29c50df620, 0x00007f29c50df7f8]
Event: 22,653 Thread 0x00007f29c8094000  302             java.util.HashMap::values (28 bytes)
Event: 22,655 Thread 0x00007f29c8094000 nmethod 302 0x00007f29c50bc190 code [0x00007f29c50bc2e0, 0x00007f29c50bc3f8]
Event: 22,868 Thread 0x00007f29c8097000  303   !         sun.nio.cs.StreamDecoder::readBytes (289 bytes)
Event: 22,875 Thread 0x00007f29c8097000 nmethod 303 0x00007f29c50de650 code [0x00007f29c50de800, 0x00007f29c50dedf8]
Event: 23,313 Thread 0x00007f29c8094000  304             sun.nio.cs.StreamDecoder::implRead (243 bytes)
Event: 23,327 Thread 0x00007f29c8094000 nmethod 304 0x00007f29c50ec850 code [0x00007f29c50ecac0, 0x00007f29c50ed580]

GC Heap History (10 events):
Event: 22,490 GC heap after
Heap after GC invocations=23 (full 4):
 PSYoungGen      total 515072K, used 155444K [0x00000007d5500000, 0x0000000800000000, 0x0000000800000000)
  eden space 359424K, 0% used [0x00000007d5500000,0x00000007d5500000,0x00000007eb400000)
  from space 155648K, 99% used [0x00000007eb400000,0x00000007f4bcd1a0,0x00000007f4c00000)
  to   space 184320K, 0% used [0x00000007f4c00000,0x00000007f4c00000,0x0000000800000000)
 ParOldGen       total 812032K, used 552055K [0x0000000780000000, 0x00000007b1900000, 0x00000007d5500000)
  object space 812032K, 67% used [0x0000000780000000,0x00000007a1b1dc88,0x00000007b1900000)
 PSPermGen       total 24064K, used 11522K [0x000000077ae00000, 0x000000077c580000, 0x0000000780000000)
  object space 24064K, 47% used [0x000000077ae00000,0x000000077b940a20,0x000000077c580000)
}
Event: 22,950 GC heap before
{Heap before GC invocations=24 (full 4):
 PSYoungGen      total 515072K, used 514868K [0x00000007d5500000, 0x0000000800000000, 0x0000000800000000)
  eden space 359424K, 100% used [0x00000007d5500000,0x00000007eb400000,0x00000007eb400000)
  from space 155648K, 99% used [0x00000007eb400000,0x00000007f4bcd1a0,0x00000007f4c00000)
  to   space 184320K, 0% used [0x00000007f4c00000,0x00000007f4c00000,0x0000000800000000)
 ParOldGen       total 812032K, used 552055K [0x0000000780000000, 0x00000007b1900000, 0x00000007d5500000)
  object space 812032K, 67% used [0x0000000780000000,0x00000007a1b1dc88,0x00000007b1900000)
 PSPermGen       total 24064K, used 11522K [0x000000077ae00000, 0x000000077c580000, 0x0000000780000000)
  object space 24064K, 47% used [0x000000077ae00000,0x000000077b940a20,0x000000077c580000)
Event: 23,278 GC heap after
Heap after GC invocations=24 (full 4):
 PSYoungGen      total 434176K, used 184289K [0x00000007d5500000, 0x0000000800000000, 0x0000000800000000)
  eden space 249856K, 0% used [0x00000007d5500000,0x00000007d5500000,0x00000007e4900000)
  from space 184320K, 99% used [0x00000007f4c00000,0x00000007ffff84a0,0x0000000800000000)
  to   space 224768K, 0% used [0x00000007e4900000,0x00000007e4900000,0x00000007f2480000)
 ParOldGen       total 812032K, used 571374K [0x0000000780000000, 0x00000007b1900000, 0x00000007d5500000)
  object space 812032K, 70% used [0x0000000780000000,0x00000007a2dfbbe8,0x00000007b1900000)
 PSPermGen       total 24064K, used 11522K [0x000000077ae00000, 0x000000077c580000, 0x0000000780000000)
  object space 24064K, 47% used [0x000000077ae00000,0x000000077b940a20,0x000000077c580000)
}
Event: 23,556 GC heap before
{Heap before GC invocations=25 (full 4):
 PSYoungGen      total 434176K, used 434145K [0x00000007d5500000, 0x0000000800000000, 0x0000000800000000)
  eden space 249856K, 100% used [0x00000007d5500000,0x00000007e4900000,0x00000007e4900000)
  from space 184320K, 99% used [0x00000007f4c00000,0x00000007ffff84a0,0x0000000800000000)
  to   space 224768K, 0% used [0x00000007e4900000,0x00000007e4900000,0x00000007f2480000)
 ParOldGen       total 812032K, used 571374K [0x0000000780000000, 0x00000007b1900000, 0x00000007d5500000)
  object space 812032K, 70% used [0x0000000780000000,0x00000007a2dfbbe8,0x00000007b1900000)
 PSPermGen       total 24064K, used 11522K [0x000000077ae00000, 0x000000077c580000, 0x0000000780000000)
  object space 24064K, 47% used [0x000000077ae00000,0x000000077b940ac8,0x000000077c580000)
Event: 23,871 GC heap after
Heap after GC invocations=25 (full 4):
 PSYoungGen      total 454656K, used 204612K [0x00000007d5500000, 0x0000000800000000, 0x0000000800000000)
  eden space 249856K, 0% used [0x00000007d5500000,0x00000007d5500000,0x00000007e4900000)
  from space 204800K, 99% used [0x00000007e4900000,0x00000007f10d1360,0x00000007f1100000)
  to   space 232960K, 0% used [0x00000007f1c80000,0x00000007f1c80000,0x0000000800000000)
 ParOldGen       total 812032K, used 582247K [0x0000000780000000, 0x00000007b1900000, 0x00000007d5500000)
  object space 812032K, 71% used [0x0000000780000000,0x00000007a3899ca8,0x00000007b1900000)
 PSPermGen       total 24064K, used 11522K [0x000000077ae00000, 0x000000077c580000, 0x0000000780000000)
  object space 24064K, 47% used [0x000000077ae00000,0x000000077b940ac8,0x000000077c580000)
}
Event: 24,133 GC heap before
{Heap before GC invocations=26 (full 4):
 PSYoungGen      total 454656K, used 454468K [0x00000007d5500000, 0x0000000800000000, 0x0000000800000000)
  eden space 249856K, 100% used [0x00000007d5500000,0x00000007e4900000,0x00000007e4900000)
  from space 204800K, 99% used [0x00000007e4900000,0x00000007f10d1360,0x00000007f1100000)
  to   space 232960K, 0% used [0x00000007f1c80000,0x00000007f1c80000,0x0000000800000000)
 ParOldGen       total 812032K, used 582247K [0x0000000780000000, 0x00000007b1900000, 0x00000007d5500000)
  object space 812032K, 71% used [0x0000000780000000,0x00000007a3899ca8,0x00000007b1900000)
 PSPermGen       total 24064K, used 11522K [0x000000077ae00000, 0x000000077c580000, 0x0000000780000000)
  object space 24064K, 47% used [0x000000077ae00000,0x000000077b940ba0,0x000000077c580000)
Event: 24,634 GC heap after
Heap after GC invocations=26 (full 4):
 PSYoungGen      total 466432K, used 150676K [0x00000007d5500000, 0x0000000800000000, 0x0000000800000000)
  eden space 233472K, 0% used [0x00000007d5500000,0x00000007d5500000,0x00000007e3900000)
  from space 232960K, 64% used [0x00000007f1c80000,0x00000007fafa51c0,0x0000000800000000)
  to   space 232960K, 0% used [0x00000007e3900000,0x00000007e3900000,0x00000007f1c80000)
 ParOldGen       total 812032K, used 669726K [0x0000000780000000, 0x00000007b1900000, 0x00000007d5500000)
  object space 812032K, 82% used [0x0000000780000000,0x00000007a8e07a08,0x00000007b1900000)
 PSPermGen       total 24064K, used 11522K [0x000000077ae00000, 0x000000077c580000, 0x0000000780000000)
  object space 24064K, 47% used [0x000000077ae00000,0x000000077b940ba0,0x000000077c580000)
}
Event: 24,888 GC heap before
{Heap before GC invocations=27 (full 4):
 PSYoungGen      total 466432K, used 384148K [0x00000007d5500000, 0x0000000800000000, 0x0000000800000000)
  eden space 233472K, 100% used [0x00000007d5500000,0x00000007e3900000,0x00000007e3900000)
  from space 232960K, 64% used [0x00000007f1c80000,0x00000007fafa51c0,0x0000000800000000)
  to   space 232960K, 0% used [0x00000007e3900000,0x00000007e3900000,0x00000007f1c80000)
 ParOldGen       total 812032K, used 669726K [0x0000000780000000, 0x00000007b1900000, 0x00000007d5500000)
  object space 812032K, 82% used [0x0000000780000000,0x00000007a8e07a08,0x00000007b1900000)
 PSPermGen       total 24064K, used 11522K [0x000000077ae00000, 0x000000077c580000, 0x0000000780000000)
  object space 24064K, 47% used [0x000000077ae00000,0x000000077b940ba0,0x000000077c580000)
Event: 25,309 GC heap after
Heap after GC invocations=27 (full 4):
 PSYoungGen      total 466432K, used 96276K [0x00000007d5500000, 0x0000000800000000, 0x0000000800000000)
  eden space 233472K, 0% used [0x00000007d5500000,0x00000007d5500000,0x00000007e3900000)
  from space 232960K, 41% used [0x00000007e3900000,0x00000007e97050e0,0x00000007f1c80000)
  to   space 232960K, 0% used [0x00000007f1c80000,0x00000007f1c80000,0x0000000800000000)
 ParOldGen       total 812032K, used 756005K [0x0000000780000000, 0x00000007b1900000, 0x00000007d5500000)
  object space 812032K, 93% used [0x0000000780000000,0x00000007ae249678,0x00000007b1900000)
 PSPermGen       total 24064K, used 11522K [0x000000077ae00000, 0x000000077c580000, 0x0000000780000000)
  object space 24064K, 47% used [0x000000077ae00000,0x000000077b940ba0,0x000000077c580000)
}
Event: 25,309 GC heap before
{Heap before GC invocations=28 (full 5):
 PSYoungGen      total 466432K, used 96276K [0x00000007d5500000, 0x0000000800000000, 0x0000000800000000)
  eden space 233472K, 0% used [0x00000007d5500000,0x00000007d5500000,0x00000007e3900000)
  from space 232960K, 41% used [0x00000007e3900000,0x00000007e97050e0,0x00000007f1c80000)
  to   space 232960K, 0% used [0x00000007f1c80000,0x00000007f1c80000,0x0000000800000000)
 ParOldGen       total 812032K, used 756005K [0x0000000780000000, 0x00000007b1900000, 0x00000007d5500000)
  object space 812032K, 93% used [0x0000000780000000,0x00000007ae249678,0x00000007b1900000)
 PSPermGen       total 24064K, used 11522K [0x000000077ae00000, 0x000000077c580000, 0x0000000780000000)
  object space 24064K, 47% used [0x000000077ae00000,0x000000077b940ba0,0x000000077c580000)

Deoptimization events (10 events):
Event: 1,446 Thread 0x00007f29c8009800 Uncommon trap: reason=unstable_if action=reinterpret pc=0x00007f29c50ed614 method=java.util.HashMap.getEntry(Ljava/lang/Object;)Ljava/util/HashMap$Entry; @ 71
Event: 1,446 Thread 0x00007f29c8009800 Uncommon trap: reason=unstable_if action=reinterpret pc=0x00007f29c50b00b4 method=java.util.HashMap.getEntry(Ljava/lang/Object;)Ljava/util/HashMap$Entry; @ 71
Event: 1,459 Thread 0x00007f29c8009800 Uncommon trap: reason=unstable_if action=reinterpret pc=0x00007f29c50ded94 method=java.util.HashMap.getEntry(Ljava/lang/Object;)Ljava/util/HashMap$Entry; @ 71
Event: 1,460 Thread 0x00007f29c8009800 Uncommon trap: reason=unstable_if action=reinterpret pc=0x00007f29c50c8cf4 method=ir.SimpleTokenizer.normalize([CI)Z @ 68
Event: 1,513 Thread 0x00007f29c8009800 Uncommon trap: reason=unstable_if action=reinterpret pc=0x00007f29c50bc5e8 method=java.util.HashMap.getEntry(Ljava/lang/Object;)Ljava/util/HashMap$Entry; @ 71
Event: 1,513 Thread 0x00007f29c8009800 Uncommon trap: reason=unstable_if action=reinterpret pc=0x00007f29c50ab574 method=java.util.HashMap.getEntry(Ljava/lang/Object;)Ljava/util/HashMap$Entry; @ 71
Event: 4,140 Thread 0x00007f29c8009800 Uncommon trap: reason=null_check action=make_not_entrant pc=0x00007f29c5106710 method=sun.nio.cs.StreamDecoder.inReady()Z @ 21
Event: 7,484 Thread 0x00007f29c8009800 Uncommon trap: reason=unstable_if action=reinterpret pc=0x00007f29c50f73dc method=sun.nio.cs.UTF_8$Decoder.xflow(Ljava/nio/Buffer;IILjava/nio/Buffer;II)Ljava/nio/charset/CoderResult; @ 18
Event: 7,618 Thread 0x00007f29c8009800 Uncommon trap: reason=unstable_if action=reinterpret pc=0x00007f29c5107f74 method=sun.nio.cs.StreamDecoder.implRead([CII)I @ 87
Event: 21,427 Thread 0x00007f29c8009800 Uncommon trap: reason=unstable_if action=reinterpret pc=0x00007f29c510a0f0 method=java.nio.charset.CharsetDecoder.decode(Ljava/nio/ByteBuffer;Ljava/nio/CharBuffer;Z)Ljava/nio/charset/CoderResult; @ 105

Internal exceptions (10 events):
Event: 0,651 Thread 0x00007f29c8009800 Threw 0x00000007d5fdf948 at /HUDSON/workspace/7u-2-build-linux-amd64/jdk7u80/2329/hotspot/src/share/vm/prims/jvm.cpp:1319
Event: 0,699 Thread 0x00007f29c81b6800 Implicit null exception at 0x00007f29c50961c0 to 0x00007f29c509624d
Event: 0,727 Thread 0x00007f29c8009800 Threw 0x00000007d621e138 at /HUDSON/workspace/7u-2-build-linux-amd64/jdk7u80/2329/hotspot/src/share/vm/prims/jvm.cpp:1319
Event: 0,731 Thread 0x00007f29c8009800 Threw 0x00000007d6221740 at /HUDSON/workspace/7u-2-build-linux-amd64/jdk7u80/2329/hotspot/src/share/vm/prims/jvm.cpp:1319
Event: 0,805 Thread 0x00007f29c8209000 Threw 0x00000007d57b7500 at /HUDSON/workspace/7u-2-build-linux-amd64/jdk7u80/2329/hotspot/src/share/vm/prims/jvm.cpp:1319
Event: 0,805 Thread 0x00007f29c8209000 Threw 0x00000007d57b7728 at /HUDSON/workspace/7u-2-build-linux-amd64/jdk7u80/2329/hotspot/src/share/vm/prims/jvm.cpp:1319
Event: 0,805 Thread 0x00007f29c8209000 Threw 0x00000007d57b9b98 at /HUDSON/workspace/7u-2-build-linux-amd64/jdk7u80/2329/hotspot/src/share/vm/prims/jvm.cpp:1319
Event: 0,805 Thread 0x00007f29c8209000 Threw 0x00000007d57b9dc0 at /HUDSON/workspace/7u-2-build-linux-amd64/jdk7u80/2329/hotspot/src/share/vm/prims/jvm.cpp:1319
Event: 0,880 Thread 0x00007f29c8209000 Threw 0x00000007d57babc8 at /HUDSON/workspace/7u-2-build-linux-amd64/jdk7u80/2329/hotspot/src/share/vm/prims/jni.cpp:743
Event: 4,140 Thread 0x00007f29c8009800 Implicit null exception at 0x00007f29c51061d8 to 0x00007f29c51066fd

Events (10 events):
Event: 21,833 Executing VM operation: ParallelGCFailedAllocation done
Event: 22,218 Executing VM operation: ParallelGCFailedAllocation
Event: 22,490 Executing VM operation: ParallelGCFailedAllocation done
Event: 22,950 Executing VM operation: ParallelGCFailedAllocation
Event: 23,278 Executing VM operation: ParallelGCFailedAllocation done
Event: 23,556 Executing VM operation: ParallelGCFailedAllocation
Event: 23,871 Executing VM operation: ParallelGCFailedAllocation done
Event: 24,133 Executing VM operation: ParallelGCFailedAllocation
Event: 24,634 Executing VM operation: ParallelGCFailedAllocation done
Event: 24,888 Executing VM operation: ParallelGCFailedAllocation


Dynamic libraries:
00400000-00401000 r-xp 00000000 08:02 538188                             /usr/lib/jvm/java-7-oracle/jre/bin/java
00600000-00601000 rw-p 00000000 08:02 538188                             /usr/lib/jvm/java-7-oracle/jre/bin/java
009dd000-009fe000 rw-p 00000000 00:00 0                                  [heap]
77ae00000-77c580000 rw-p 00000000 00:00 0 
77c580000-77c780000 ---p 00000000 00:00 0 
77c780000-780000000 rw-p 00000000 00:00 0 
780000000-7b1900000 rw-p 00000000 00:00 0 
7c4600000-7d5500000 rw-p 00000000 00:00 0 
7d5500000-800000000 rw-p 00000000 00:00 0 
7f2970000000-7f2970021000 rw-p 00000000 00:00 0 
7f2970021000-7f2974000000 ---p 00000000 00:00 0 
7f2978000000-7f29781c1000 rw-p 00000000 00:00 0 
7f29781c1000-7f297c000000 ---p 00000000 00:00 0 
7f297c000000-7f297c021000 rw-p 00000000 00:00 0 
7f297c021000-7f2980000000 ---p 00000000 00:00 0 
7f2980000000-7f2980021000 rw-p 00000000 00:00 0 
7f2980021000-7f2984000000 ---p 00000000 00:00 0 
7f2984000000-7f2984021000 rw-p 00000000 00:00 0 
7f2984021000-7f2988000000 ---p 00000000 00:00 0 
7f2988000000-7f2988021000 rw-p 00000000 00:00 0 
7f2988021000-7f298c000000 ---p 00000000 00:00 0 
7f298c000000-7f298c021000 rw-p 00000000 00:00 0 
7f298c021000-7f2990000000 ---p 00000000 00:00 0 
7f2990000000-7f2990779000 rw-p 00000000 00:00 0 
7f2990779000-7f2994000000 ---p 00000000 00:00 0 
7f2994000000-7f2994021000 rw-p 00000000 00:00 0 
7f2994021000-7f2998000000 ---p 00000000 00:00 0 
7f2998000000-7f2998021000 rw-p 00000000 00:00 0 
7f2998021000-7f299c000000 ---p 00000000 00:00 0 
7f299c000000-7f299cb12000 rw-p 00000000 00:00 0 
7f299cb12000-7f29a0000000 ---p 00000000 00:00 0 
7f29a0000000-7f29a0021000 rw-p 00000000 00:00 0 
7f29a0021000-7f29a4000000 ---p 00000000 00:00 0 
7f29a4000000-7f29a4021000 rw-p 00000000 00:00 0 
7f29a4021000-7f29a8000000 ---p 00000000 00:00 0 
7f29a809a000-7f29a80a5000 r--s 00000000 08:02 96741                      /var/cache/fontconfig/945677eb7aeaf62f1d50efc3fb3ec7d8-le64.cache-4
7f29a80a5000-7f29a80a7000 r--s 00000000 08:02 96743                      /var/cache/fontconfig/99e8ed0e538f840c565b6ed5dad60d56-le64.cache-4
7f29a80a7000-7f29a80ad000 r--s 00000000 08:02 96726                      /var/cache/fontconfig/2cd17615ca594fa2959ae173292e504c-le64.cache-4
7f29a80ad000-7f29a80b4000 r--s 00000000 08:02 96745                      /var/cache/fontconfig/a755afe4a08bf5b97852ceb7400b47bc-le64.cache-4
7f29a80b4000-7f29a80c0000 r--s 00000000 08:02 96736                      /var/cache/fontconfig/6d41288fd70b0be22e8c3a91e032eec0-le64.cache-4
7f29a80c0000-7f29a80cb000 r--s 00000000 08:02 99811                      /var/cache/fontconfig/a6354e3ac43af67bd8d7b8e43c34e49f-le64.cache-4
7f29a80cb000-7f29a80df000 r--s 00000000 08:02 96720                      /var/cache/fontconfig/04aabc0a78ac019cf9454389977116d2-le64.cache-4
7f29a80df000-7f29a80e3000 r--s 00000000 08:02 96729                      /var/cache/fontconfig/385c0604a188198f04d133e54aba7fe7-le64.cache-4
7f29a80e3000-7f29a80f5000 r--s 00000000 08:02 96721                      /var/cache/fontconfig/0bd3dc0958fa2205aaaa8ebb13e2872b-le64.cache-4
7f29a80f5000-7f29a80fa000 r--s 00000000 08:02 96740                      /var/cache/fontconfig/8801497958630a81b71ace7c5f9b32a8-le64.cache-4
7f29a80fa000-7f29a8101000 r--s 00000000 08:02 96727                      /var/cache/fontconfig/3047814df9a2f067bd2d96a2b9c36e5a-le64.cache-4
7f29a86d1000-7f29a86d4000 ---p 00000000 00:00 0 
7f29a86d4000-7f29a87d2000 rw-p 00000000 00:00 0                          [stack:2994]
7f29a87ef000-7f29a87f3000 rw-s 00000000 00:05 60391438                   /SYSV00000000 (deleted)
7f29a88b6000-7f29a8a23000 rw-p 00000000 00:00 0 
7f29a8a23000-7f29a8a24000 r--s 00000000 08:02 96748                      /var/cache/fontconfig/c05880de57d1f5e948fdfacc138775d9-le64.cache-4
7f29a8a24000-7f29a8a25000 r--s 00000000 08:02 96758                      /var/cache/fontconfig/e7071f4a29fa870f4323321c154eba04-le64.cache-4
7f29a8a25000-7f29a8a26000 r--s 00000000 08:02 96723                      /var/cache/fontconfig/0d8c3b2ac0904cb8a57a757ad11a4a08-le64.cache-4
7f29a8a26000-7f29a8a39000 r--s 00000000 08:02 96752                      /var/cache/fontconfig/d52a8644073d54c13679302ca1180695-le64.cache-4
7f29a8a39000-7f29a8a42000 r--s 00000000 08:02 96730                      /var/cache/fontconfig/3f7329c5293ffd510edef78f73874cfd-le64.cache-4
7f29a8ac5000-7f29a8b2e000 r-xp 00000000 08:02 537526                     /usr/lib/jvm/java-7-oracle/jre/lib/amd64/libt2k.so
7f29a8b2e000-7f29a8d2d000 ---p 00069000 08:02 537526                     /usr/lib/jvm/java-7-oracle/jre/lib/amd64/libt2k.so
7f29a8d2d000-7f29a8d34000 rw-p 00068000 08:02 537526                     /usr/lib/jvm/java-7-oracle/jre/lib/amd64/libt2k.so
7f29a8d34000-7f29a8d44000 rw-p 00000000 00:00 0 
7f29a8d44000-7f29a8d54000 r-xp 00000000 08:02 537562                     /usr/lib/jvm/java-7-oracle/jre/lib/amd64/libnio.so
7f29a8d54000-7f29a8f54000 ---p 00010000 08:02 537562                     /usr/lib/jvm/java-7-oracle/jre/lib/amd64/libnio.so
7f29a8f54000-7f29a8f55000 rw-p 00010000 08:02 537562                     /usr/lib/jvm/java-7-oracle/jre/lib/amd64/libnio.so
7f29a8f55000-7f29a8f6c000 r-xp 00000000 08:02 537579                     /usr/lib/jvm/java-7-oracle/jre/lib/amd64/libnet.so
7f29a8f6c000-7f29a916b000 ---p 00017000 08:02 537579                     /usr/lib/jvm/java-7-oracle/jre/lib/amd64/libnet.so
7f29a916b000-7f29a916c000 rw-p 00016000 08:02 537579                     /usr/lib/jvm/java-7-oracle/jre/lib/amd64/libnet.so
7f29a916c000-7f29a9182000 r-xp 00000000 08:02 1049705                    /lib/x86_64-linux-gnu/libgcc_s.so.1
7f29a9182000-7f29a9381000 ---p 00016000 08:02 1049705                    /lib/x86_64-linux-gnu/libgcc_s.so.1
7f29a9381000-7f29a9382000 rw-p 00015000 08:02 1049705                    /lib/x86_64-linux-gnu/libgcc_s.so.1
7f29a9382000-7f29a93e7000 r-xp 00000000 08:02 537580                     /usr/lib/jvm/java-7-oracle/jre/lib/amd64/libfontmanager.so
7f29a93e7000-7f29a95e6000 ---p 00065000 08:02 537580                     /usr/lib/jvm/java-7-oracle/jre/lib/amd64/libfontmanager.so
7f29a95e6000-7f29a95eb000 rw-p 00064000 08:02 537580                     /usr/lib/jvm/java-7-oracle/jre/lib/amd64/libfontmanager.so
7f29a95eb000-7f29a95fb000 rw-p 00000000 00:00 0 
7f29a95fb000-7f29a9635000 r-xp 00000000 08:02 537548                     /usr/lib/jvm/java-7-oracle/jre/lib/amd64/libjpeg.so
7f29a9635000-7f29a9835000 ---p 0003a000 08:02 537548                     /usr/lib/jvm/java-7-oracle/jre/lib/amd64/libjpeg.so
7f29a9835000-7f29a9836000 rw-p 0003a000 08:02 537548                     /usr/lib/jvm/java-7-oracle/jre/lib/amd64/libjpeg.so
7f29a9836000-7f29a9839000 ---p 00000000 00:00 0 
7f29a9839000-7f29a9937000 rw-p 00000000 00:00 0 
7f29a9937000-7f29a993a000 ---p 00000000 00:00 0 
7f29a993a000-7f29a9a38000 rw-p 00000000 00:00 0                          [stack:2991]
7f29a9a38000-7f29a9a3b000 ---p 00000000 00:00 0 
7f29a9a3b000-7f29a9b39000 rw-p 00000000 00:00 0                          [stack:2990]
7f29a9b39000-7f29a9b3c000 ---p 00000000 00:00 0 
7f29a9b3c000-7f29a9c3a000 rw-p 00000000 00:00 0                          [stack:2989]
7f29a9c3a000-7f29a9c3f000 r-xp 00000000 08:02 532910                     /usr/lib/x86_64-linux-gnu/libXfixes.so.3.1.0
7f29a9c3f000-7f29a9e3e000 ---p 00005000 08:02 532910                     /usr/lib/x86_64-linux-gnu/libXfixes.so.3.1.0
7f29a9e3e000-7f29a9e3f000 r--p 00004000 08:02 532910                     /usr/lib/x86_64-linux-gnu/libXfixes.so.3.1.0
7f29a9e3f000-7f29a9e40000 rw-p 00005000 08:02 532910                     /usr/lib/x86_64-linux-gnu/libXfixes.so.3.1.0
7f29a9e40000-7f29a9e49000 r-xp 00000000 08:02 532902                     /usr/lib/x86_64-linux-gnu/libXcursor.so.1.0.2
7f29a9e49000-7f29aa048000 ---p 00009000 08:02 532902                     /usr/lib/x86_64-linux-gnu/libXcursor.so.1.0.2
7f29aa048000-7f29aa049000 r--p 00008000 08:02 532902                     /usr/lib/x86_64-linux-gnu/libXcursor.so.1.0.2
7f29aa049000-7f29aa04a000 rw-p 00009000 08:02 532902                     /usr/lib/x86_64-linux-gnu/libXcursor.so.1.0.2
7f29aa04a000-7f29aa04d000 ---p 00000000 00:00 0 
7f29aa04d000-7f29aa14b000 rw-p 00000000 00:00 0                          [stack:2988]
7f29aa14b000-7f29aa150000 r-xp 00000000 08:02 532906                     /usr/lib/x86_64-linux-gnu/libXdmcp.so.6.0.0
7f29aa150000-7f29aa34f000 ---p 00005000 08:02 532906                     /usr/lib/x86_64-linux-gnu/libXdmcp.so.6.0.0
7f29aa34f000-7f29aa350000 r--p 00004000 08:02 532906                     /usr/lib/x86_64-linux-gnu/libXdmcp.so.6.0.0
7f29aa350000-7f29aa351000 rw-p 00005000 08:02 532906                     /usr/lib/x86_64-linux-gnu/libXdmcp.so.6.0.0
7f29aa351000-7f29aa353000 r-xp 00000000 08:02 532895                     /usr/lib/x86_64-linux-gnu/libXau.so.6.0.0
7f29aa353000-7f29aa553000 ---p 00002000 08:02 532895                     /usr/lib/x86_64-linux-gnu/libXau.so.6.0.0
7f29aa553000-7f29aa554000 r--p 00002000 08:02 532895                     /usr/lib/x86_64-linux-gnu/libXau.so.6.0.0
7f29aa554000-7f29aa555000 rw-p 00003000 08:02 532895                     /usr/lib/x86_64-linux-gnu/libXau.so.6.0.0
7f29aa555000-7f29aa572000 r-xp 00000000 08:02 534114                     /usr/lib/x86_64-linux-gnu/libxcb.so.1.1.0
7f29aa572000-7f29aa772000 ---p 0001d000 08:02 534114                     /usr/lib/x86_64-linux-gnu/libxcb.so.1.1.0
7f29aa772000-7f29aa773000 r--p 0001d000 08:02 534114                     /usr/lib/x86_64-linux-gnu/libxcb.so.1.1.0
7f29aa773000-7f29aa774000 rw-p 0001e000 08:02 534114                     /usr/lib/x86_64-linux-gnu/libxcb.so.1.1.0
7f29aa774000-7f29aa783000 r-xp 00000000 08:02 532916                     /usr/lib/x86_64-linux-gnu/libXi.so.6.1.0
7f29aa783000-7f29aa982000 ---p 0000f000 08:02 532916                     /usr/lib/x86_64-linux-gnu/libXi.so.6.1.0
7f29aa982000-7f29aa983000 r--p 0000e000 08:02 532916                     /usr/lib/x86_64-linux-gnu/libXi.so.6.1.0
7f29aa983000-7f29aa984000 rw-p 0000f000 08:02 532916                     /usr/lib/x86_64-linux-gnu/libXi.so.6.1.0
7f29aa984000-7f29aa989000 r-xp 00000000 08:02 532936                     /usr/lib/x86_64-linux-gnu/libXtst.so.6.1.0
7f29aa989000-7f29aab88000 ---p 00005000 08:02 532936                     /usr/lib/x86_64-linux-gnu/libXtst.so.6.1.0
7f29aab88000-7f29aab89000 r--p 00004000 08:02 532936                     /usr/lib/x86_64-linux-gnu/libXtst.so.6.1.0
7f29aab89000-7f29aab8a000 rw-p 00005000 08:02 532936                     /usr/lib/x86_64-linux-gnu/libXtst.so.6.1.0
7f29aab8a000-7f29aab93000 r-xp 00000000 08:02 532930                     /usr/lib/x86_64-linux-gnu/libXrender.so.1.3.0
7f29aab93000-7f29aad92000 ---p 00009000 08:02 532930                     /usr/lib/x86_64-linux-gnu/libXrender.so.1.3.0
7f29aad92000-7f29aad93000 r--p 00008000 08:02 532930                     /usr/lib/x86_64-linux-gnu/libXrender.so.1.3.0
7f29aad93000-7f29aad94000 rw-p 00009000 08:02 532930                     /usr/lib/x86_64-linux-gnu/libXrender.so.1.3.0
7f29aad94000-7f29aaec4000 r-xp 00000000 08:02 532891                     /usr/lib/x86_64-linux-gnu/libX11.so.6.3.0
7f29aaec4000-7f29ab0c4000 ---p 00130000 08:02 532891                     /usr/lib/x86_64-linux-gnu/libX11.so.6.3.0
7f29ab0c4000-7f29ab0c5000 r--p 00130000 08:02 532891                     /usr/lib/x86_64-linux-gnu/libX11.so.6.3.0
7f29ab0c5000-7f29ab0c9000 rw-p 00131000 08:02 532891                     /usr/lib/x86_64-linux-gnu/libX11.so.6.3.0
7f29ab0c9000-7f29ab0da000 r-xp 00000000 08:02 532908                     /usr/lib/x86_64-linux-gnu/libXext.so.6.4.0
7f29ab0da000-7f29ab2d9000 ---p 00011000 08:02 532908                     /usr/lib/x86_64-linux-gnu/libXext.so.6.4.0
7f29ab2d9000-7f29ab2da000 r--p 00010000 08:02 532908                     /usr/lib/x86_64-linux-gnu/libXext.so.6.4.0
7f29ab2da000-7f29ab2db000 rw-p 00011000 08:02 532908                     /usr/lib/x86_64-linux-gnu/libXext.so.6.4.0
7f29ab2db000-7f29ab32b000 r-xp 00000000 08:02 537583                     /usr/lib/jvm/java-7-oracle/jre/lib/amd64/xawt/libmawt.so
7f29ab32b000-7f29ab52b000 ---p 00050000 08:02 537583                     /usr/lib/jvm/java-7-oracle/jre/lib/amd64/xawt/libmawt.so
7f29ab52b000-7f29ab52f000 rw-p 00050000 08:02 537583                     /usr/lib/jvm/java-7-oracle/jre/lib/amd64/xawt/libmawt.so
7f29ab52f000-7f29ab530000 rw-p 00000000 00:00 0 
7f29ab530000-7f29ab5d2000 r-xp 00000000 08:02 537543                     /usr/lib/jvm/java-7-oracle/jre/lib/amd64/libawt.so
7f29ab5d2000-7f29ab7d2000 ---p 000a2000 08:02 537543                     /usr/lib/jvm/java-7-oracle/jre/lib/amd64/libawt.so
7f29ab7d2000-7f29ab7de000 rw-p 000a2000 08:02 537543                     /usr/lib/jvm/java-7-oracle/jre/lib/amd64/libawt.so
7f29ab7de000-7f29ab802000 rw-p 00000000 00:00 0 
7f29ab802000-7f29ab803000 ---p 00000000 00:00 0 
7f29ab803000-7f29ab903000 rw-p 00000000 00:00 0                          [stack:2987]
7f29ab903000-7f29ab906000 ---p 00000000 00:00 0 
7f29ab906000-7f29aba04000 rw-p 00000000 00:00 0                          [stack:2986]
7f29aba04000-7f29aba07000 ---p 00000000 00:00 0 
7f29aba07000-7f29abb05000 rw-p 00000000 00:00 0                          [stack:2985]
7f29abb05000-7f29abb08000 ---p 00000000 00:00 0 
7f29abb08000-7f29abc06000 rw-p 00000000 00:00 0                          [stack:2984]
7f29abc06000-7f29ac000000 r--p 00000000 08:02 531394                     /usr/lib/locale/locale-archive
7f29ac000000-7f29ac021000 rw-p 00000000 00:00 0 
7f29ac021000-7f29b0000000 ---p 00000000 00:00 0 
7f29b0000000-7f29b00fa000 rw-p 00000000 00:00 0 
7f29b00fa000-7f29b4000000 ---p 00000000 00:00 0 
7f29b4000000-7f29b4021000 rw-p 00000000 00:00 0 
7f29b4021000-7f29b8000000 ---p 00000000 00:00 0 
7f29b8000000-7f29b8021000 rw-p 00000000 00:00 0 
7f29b8021000-7f29bc000000 ---p 00000000 00:00 0 
7f29bc000000-7f29bc021000 rw-p 00000000 00:00 0 
7f29bc021000-7f29c0000000 ---p 00000000 00:00 0 
7f29c0000000-7f29c0001000 r--s 00000000 08:02 96725                      /var/cache/fontconfig/1ac9eb803944fde146138c791f5cc56a-le64.cache-4
7f29c0001000-7f29c0007000 r--s 00000000 08:02 96746                      /var/cache/fontconfig/b47c4e1ecd0709278f4910c18777a504-le64.cache-4
7f29c0063000-7f29c0066000 ---p 00000000 00:00 0 
7f29c0066000-7f29c0164000 rw-p 00000000 00:00 0                          [stack:2983]
7f29c0164000-7f29c0167000 ---p 00000000 00:00 0 
7f29c0167000-7f29c0265000 rw-p 00000000 00:00 0                          [stack:2982]
7f29c0265000-7f29c0268000 ---p 00000000 00:00 0 
7f29c0268000-7f29c0366000 rw-p 00000000 00:00 0                          [stack:2981]
7f29c0366000-7f29c0367000 ---p 00000000 00:00 0 
7f29c0367000-7f29c5000000 rw-p 00000000 00:00 0                          [stack:2980]
7f29c5000000-7f29c5270000 rwxp 00000000 00:00 0 
7f29c5270000-7f29c8332000 rw-p 00000000 00:00 0 
7f29c8332000-7f29cc000000 ---p 00000000 00:00 0 
7f29cc000000-7f29cc001000 r--s 00000000 08:02 96755                      /var/cache/fontconfig/dc05db6664285cc2f12bf69c139ae4c3-le64.cache-4
7f29cc001000-7f29cc003000 r--s 00000000 08:02 96738                      /var/cache/fontconfig/767a8244fc0220cfb567a839d0392e0b-le64.cache-4
7f29cc003000-7f29cc004000 r--s 00000000 08:02 96731                      /var/cache/fontconfig/4794a0821666d79190d59a36cb4f44b5-le64.cache-4
7f29cc004000-7f29cc005000 r--s 00000000 08:02 96733                      /var/cache/fontconfig/56cf4f4769d0f4abc89a4895d7bd3ae1-le64.cache-4
7f29cc005000-7f29cc010000 r--s 00000000 08:02 96753                      /var/cache/fontconfig/d589a48862398ed80a3d6066f4f56f4c-le64.cache-4
7f29cc01a000-7f29cc741000 rw-p 00000000 00:00 0 
7f29cc741000-7f29cc901000 r--s 039fb000 08:02 537590                     /usr/lib/jvm/java-7-oracle/jre/lib/rt.jar
7f29cc901000-7f29cce4d000 rw-p 00000000 00:00 0 
7f29cce4d000-7f29cce4e000 ---p 00000000 00:00 0 
7f29cce4e000-7f29ccf4e000 rw-p 00000000 00:00 0                          [stack:2979]
7f29ccf4e000-7f29ccf4f000 ---p 00000000 00:00 0 
7f29ccf4f000-7f29cd04f000 rw-p 00000000 00:00 0                          [stack:2978]
7f29cd04f000-7f29cd050000 ---p 00000000 00:00 0 
7f29cd050000-7f29cd150000 rw-p 00000000 00:00 0                          [stack:2977]
7f29cd150000-7f29cd151000 ---p 00000000 00:00 0 
7f29cd151000-7f29cd25d000 rw-p 00000000 00:00 0                          [stack:2976]
7f29cd25d000-7f29cd25e000 ---p 00000000 00:00 0 
7f29cd25e000-7f29cd27a000 rw-p 00000000 00:00 0 
7f29cd27a000-7f29cd407000 rw-p 00000000 00:00 0 
7f29cd407000-7f29cd525000 rw-p 00000000 00:00 0 
7f29cd525000-7f29cd531000 rw-p 00000000 00:00 0 
7f29cd531000-7f29cd532000 ---p 00000000 00:00 0 
7f29cd532000-7f29cd54e000 rw-p 00000000 00:00 0 
7f29cd54e000-7f29cd6db000 rw-p 00000000 00:00 0 
7f29cd6db000-7f29cd7f8000 rw-p 00000000 00:00 0 
7f29cd7f8000-7f29cd94e000 rw-p 00000000 00:00 0 
7f29cd94e000-7f29cd94f000 rw-p 00000000 00:00 0 
7f29cd94f000-7f29cd966000 r-xp 00000000 08:02 537529                     /usr/lib/jvm/java-7-oracle/jre/lib/amd64/libzip.so
7f29cd966000-7f29cdb66000 ---p 00017000 08:02 537529                     /usr/lib/jvm/java-7-oracle/jre/lib/amd64/libzip.so
7f29cdb66000-7f29cdb67000 rw-p 00017000 08:02 537529                     /usr/lib/jvm/java-7-oracle/jre/lib/amd64/libzip.so
7f29cdb67000-7f29cdb72000 r-xp 00000000 08:02 1053015                    /lib/x86_64-linux-gnu/libnss_files-2.19.so
7f29cdb72000-7f29cdd71000 ---p 0000b000 08:02 1053015                    /lib/x86_64-linux-gnu/libnss_files-2.19.so
7f29cdd71000-7f29cdd72000 r--p 0000a000 08:02 1053015                    /lib/x86_64-linux-gnu/libnss_files-2.19.so
7f29cdd72000-7f29cdd73000 rw-p 0000b000 08:02 1053015                    /lib/x86_64-linux-gnu/libnss_files-2.19.so
7f29cdd73000-7f29cdd7e000 r-xp 00000000 08:02 1053025                    /lib/x86_64-linux-gnu/libnss_nis-2.19.so
7f29cdd7e000-7f29cdf7d000 ---p 0000b000 08:02 1053025                    /lib/x86_64-linux-gnu/libnss_nis-2.19.so
7f29cdf7d000-7f29cdf7e000 r--p 0000a000 08:02 1053025                    /lib/x86_64-linux-gnu/libnss_nis-2.19.so
7f29cdf7e000-7f29cdf7f000 rw-p 0000b000 08:02 1053025                    /lib/x86_64-linux-gnu/libnss_nis-2.19.so
7f29cdf7f000-7f29cdf96000 r-xp 00000000 08:02 1053009                    /lib/x86_64-linux-gnu/libnsl-2.19.so
7f29cdf96000-7f29ce195000 ---p 00017000 08:02 1053009                    /lib/x86_64-linux-gnu/libnsl-2.19.so
7f29ce195000-7f29ce196000 r--p 00016000 08:02 1053009                    /lib/x86_64-linux-gnu/libnsl-2.19.so
7f29ce196000-7f29ce197000 rw-p 00017000 08:02 1053009                    /lib/x86_64-linux-gnu/libnsl-2.19.so
7f29ce197000-7f29ce199000 rw-p 00000000 00:00 0 
7f29ce199000-7f29ce1a2000 r-xp 00000000 08:02 1053011                    /lib/x86_64-linux-gnu/libnss_compat-2.19.so
7f29ce1a2000-7f29ce3a1000 ---p 00009000 08:02 1053011                    /lib/x86_64-linux-gnu/libnss_compat-2.19.so
7f29ce3a1000-7f29ce3a2000 r--p 00008000 08:02 1053011                    /lib/x86_64-linux-gnu/libnss_compat-2.19.so
7f29ce3a2000-7f29ce3a3000 rw-p 00009000 08:02 1053011                    /lib/x86_64-linux-gnu/libnss_compat-2.19.so
7f29ce3a3000-7f29ce3cc000 r-xp 00000000 08:02 537563                     /usr/lib/jvm/java-7-oracle/jre/lib/amd64/libjava.so
7f29ce3cc000-7f29ce5cc000 ---p 00029000 08:02 537563                     /usr/lib/jvm/java-7-oracle/jre/lib/amd64/libjava.so
7f29ce5cc000-7f29ce5ce000 rw-p 00029000 08:02 537563                     /usr/lib/jvm/java-7-oracle/jre/lib/amd64/libjava.so
7f29ce5ce000-7f29ce5db000 r-xp 00000000 08:02 537558                     /usr/lib/jvm/java-7-oracle/jre/lib/amd64/libverify.so
7f29ce5db000-7f29ce7da000 ---p 0000d000 08:02 537558                     /usr/lib/jvm/java-7-oracle/jre/lib/amd64/libverify.so
7f29ce7da000-7f29ce7dc000 rw-p 0000c000 08:02 537558                     /usr/lib/jvm/java-7-oracle/jre/lib/amd64/libverify.so
7f29ce7dc000-7f29ce7e3000 r-xp 00000000 08:02 1053068                    /lib/x86_64-linux-gnu/librt-2.19.so
7f29ce7e3000-7f29ce9e2000 ---p 00007000 08:02 1053068                    /lib/x86_64-linux-gnu/librt-2.19.so
7f29ce9e2000-7f29ce9e3000 r--p 00006000 08:02 1053068                    /lib/x86_64-linux-gnu/librt-2.19.so
7f29ce9e3000-7f29ce9e4000 rw-p 00007000 08:02 1053068                    /lib/x86_64-linux-gnu/librt-2.19.so
7f29ce9e4000-7f29ceae9000 r-xp 00000000 08:02 1052990                    /lib/x86_64-linux-gnu/libm-2.19.so
7f29ceae9000-7f29cece8000 ---p 00105000 08:02 1052990                    /lib/x86_64-linux-gnu/libm-2.19.so
7f29cece8000-7f29cece9000 r--p 00104000 08:02 1052990                    /lib/x86_64-linux-gnu/libm-2.19.so
7f29cece9000-7f29cecea000 rw-p 00105000 08:02 1052990                    /lib/x86_64-linux-gnu/libm-2.19.so
7f29cecea000-7f29cf860000 r-xp 00000000 08:02 537570                     /usr/lib/jvm/java-7-oracle/jre/lib/amd64/server/libjvm.so
7f29cf860000-7f29cfa5f000 ---p 00b76000 08:02 537570                     /usr/lib/jvm/java-7-oracle/jre/lib/amd64/server/libjvm.so
7f29cfa5f000-7f29cfb23000 rw-p 00b75000 08:02 537570                     /usr/lib/jvm/java-7-oracle/jre/lib/amd64/server/libjvm.so
7f29cfb23000-7f29cfb64000 rw-p 00000000 00:00 0 
7f29cfb64000-7f29cfd1f000 r-xp 00000000 08:02 1052939                    /lib/x86_64-linux-gnu/libc-2.19.so
7f29cfd1f000-7f29cff1e000 ---p 001bb000 08:02 1052939                    /lib/x86_64-linux-gnu/libc-2.19.so
7f29cff1e000-7f29cff22000 r--p 001ba000 08:02 1052939                    /lib/x86_64-linux-gnu/libc-2.19.so
7f29cff22000-7f29cff24000 rw-p 001be000 08:02 1052939                    /lib/x86_64-linux-gnu/libc-2.19.so
7f29cff24000-7f29cff29000 rw-p 00000000 00:00 0 
7f29cff29000-7f29cff2c000 r-xp 00000000 08:02 1052956                    /lib/x86_64-linux-gnu/libdl-2.19.so
7f29cff2c000-7f29d012b000 ---p 00003000 08:02 1052956                    /lib/x86_64-linux-gnu/libdl-2.19.so
7f29d012b000-7f29d012c000 r--p 00002000 08:02 1052956                    /lib/x86_64-linux-gnu/libdl-2.19.so
7f29d012c000-7f29d012d000 rw-p 00003000 08:02 1052956                    /lib/x86_64-linux-gnu/libdl-2.19.so
7f29d012d000-7f29d0142000 r-xp 00000000 08:02 537539                     /usr/lib/jvm/java-7-oracle/jre/lib/amd64/jli/libjli.so
7f29d0142000-7f29d0341000 ---p 00015000 08:02 537539                     /usr/lib/jvm/java-7-oracle/jre/lib/amd64/jli/libjli.so
7f29d0341000-7f29d0342000 rw-p 00014000 08:02 537539                     /usr/lib/jvm/java-7-oracle/jre/lib/amd64/jli/libjli.so
7f29d0342000-7f29d035b000 r-xp 00000000 08:02 1053060                    /lib/x86_64-linux-gnu/libpthread-2.19.so
7f29d035b000-7f29d055a000 ---p 00019000 08:02 1053060                    /lib/x86_64-linux-gnu/libpthread-2.19.so
7f29d055a000-7f29d055b000 r--p 00018000 08:02 1053060                    /lib/x86_64-linux-gnu/libpthread-2.19.so
7f29d055b000-7f29d055c000 rw-p 00019000 08:02 1053060                    /lib/x86_64-linux-gnu/libpthread-2.19.so
7f29d055c000-7f29d0560000 rw-p 00000000 00:00 0 
7f29d0560000-7f29d0583000 r-xp 00000000 08:02 1052913                    /lib/x86_64-linux-gnu/ld-2.19.so
7f29d0583000-7f29d0584000 r--s 00000000 08:02 96747                      /var/cache/fontconfig/b9d506c9ac06c20b433354fa67a72993-le64.cache-4
7f29d0584000-7f29d0587000 r--s 00000000 08:02 96898                      /var/cache/fontconfig/e13b20fdb08344e0e664864cc2ede53d-le64.cache-4
7f29d0587000-7f29d058b000 r--s 00000000 08:02 99809                      /var/cache/fontconfig/7ef2298fde41cc6eeb7af42e48b7d293-le64.cache-4
7f29d059c000-7f29d05a6000 rw-p 00000000 00:00 0 
7f29d05a6000-7f29d065c000 rw-p 00000000 00:00 0 
7f29d065c000-7f29d065f000 ---p 00000000 00:00 0 
7f29d065f000-7f29d0761000 rw-p 00000000 00:00 0                          [stack:2975]
7f29d0761000-7f29d0762000 r--s 00000000 08:02 96722                      /var/cache/fontconfig/0c9eb80ebd1c36541ebe2852d3bb0c49-le64.cache-4
7f29d0775000-7f29d0776000 rw-p 00000000 00:00 0 
7f29d0776000-7f29d077e000 rw-s 00000000 08:02 13123                      /tmp/hsperfdata_ted-cassirer/2974
7f29d077e000-7f29d077f000 rw-p 00000000 00:00 0 
7f29d077f000-7f29d0780000 ---p 00000000 00:00 0 
7f29d0780000-7f29d0782000 rw-p 00000000 00:00 0 
7f29d0782000-7f29d0783000 r--p 00022000 08:02 1052913                    /lib/x86_64-linux-gnu/ld-2.19.so
7f29d0783000-7f29d0784000 rw-p 00023000 08:02 1052913                    /lib/x86_64-linux-gnu/ld-2.19.so
7f29d0784000-7f29d0785000 rw-p 00000000 00:00 0 
7ffc2a1c2000-7ffc2a1e3000 rw-p 00000000 00:00 0                          [stack]
7ffc2a1ed000-7ffc2a1ef000 r--p 00000000 00:00 0                          [vvar]
7ffc2a1ef000-7ffc2a1f1000 r-xp 00000000 00:00 0                          [vdso]
ffffffffff600000-ffffffffff601000 r-xp 00000000 00:00 0                  [vsyscall]

VM Arguments:
jvm_args: -Xmx2048m 
java_command: ir.SearchGUI -d /home/ted-cassirer/Desktop/Skolan/davisWiki
Launcher Type: SUN_STANDARD

Environment Variables:
PATH=/usr/local/sbin:/usr/local/bin:/usr/sbin:/usr/bin:/sbin:/bin:/usr/games:/usr/local/games
USERNAME=ted-cassirer
SHELL=/bin/bash
DISPLAY=:0

Signal Handlers:
SIGSEGV: [libjvm.so+0x9a3b20], sa_mask[0]=0x7ffbfeff, sa_flags=0x10000004
SIGBUS: [libjvm.so+0x9a3b20], sa_mask[0]=0x7ffbfeff, sa_flags=0x10000004
SIGFPE: [libjvm.so+0x81e740], sa_mask[0]=0x7ffbfeff, sa_flags=0x10000004
SIGPIPE: [libjvm.so+0x81e740], sa_mask[0]=0x7ffbfeff, sa_flags=0x10000004
SIGXFSZ: [libjvm.so+0x81e740], sa_mask[0]=0x7ffbfeff, sa_flags=0x10000004
SIGILL: [libjvm.so+0x81e740], sa_mask[0]=0x7ffbfeff, sa_flags=0x10000004
SIGUSR1: SIG_DFL, sa_mask[0]=0x00000000, sa_flags=0x00000000
SIGUSR2: [libjvm.so+0x81ffb0], sa_mask[0]=0x00000000, sa_flags=0x10000004
SIGHUP: [libjvm.so+0x8210d0], sa_mask[0]=0x7ffbfeff, sa_flags=0x10000004
SIGINT: [libjvm.so+0x8210d0], sa_mask[0]=0x7ffbfeff, sa_flags=0x10000004
SIGTERM: [libjvm.so+0x8210d0], sa_mask[0]=0x7ffbfeff, sa_flags=0x10000004
SIGQUIT: [libjvm.so+0x8210d0], sa_mask[0]=0x7ffbfeff, sa_flags=0x10000004


---------------  S Y S T E M  ---------------

OS:jessie/sid

uname:Linux 4.4.0-040400-generic #201601101930 SMP Mon Jan 11 00:32:41 UTC 2016 x86_64
libc:glibc 2.19 NPTL 2.19 
rlimit: STACK 8192k, CORE 0k, NPROC 31128, NOFILE 4096, AS infinity
load average:5,63 4,07 3,95

/proc/meminfo:
MemTotal:        8062264 kB
MemFree:           39176 kB
MemAvailable:     301276 kB
Buffers:           10920 kB
Cached:          1066584 kB
SwapCached:            0 kB
Active:          6981312 kB
Inactive:         795212 kB
Active(anon):    6803144 kB
Inactive(anon):   718556 kB
Active(file):     178168 kB
Inactive(file):    76656 kB
Unevictable:        1688 kB
Mlocked:        34359740056 kB
SwapTotal:             0 kB
SwapFree:              0 kB
Dirty:               236 kB
Writeback:             0 kB
AnonPages:       6700724 kB
Mapped:           522912 kB
Shmem:            822680 kB
Slab:              94128 kB
SReclaimable:      49636 kB
SUnreclaim:        44492 kB
KernelStack:       12256 kB
PageTables:        63664 kB
NFS_Unstable:          0 kB
Bounce:                0 kB
WritebackTmp:          0 kB
CommitLimit:     4031132 kB
Committed_AS:   14920344 kB
VmallocTotal:   34359738367 kB
VmallocUsed:           0 kB
VmallocChunk:          0 kB
HardwareCorrupted:     0 kB
AnonHugePages:   3307520 kB
CmaTotal:              0 kB
CmaFree:               0 kB
HugePages_Total:       0
HugePages_Free:        0
HugePages_Rsvd:        0
HugePages_Surp:        0
Hugepagesize:       2048 kB
DirectMap4k:      255396 kB
DirectMap2M:     5922816 kB
DirectMap1G:     2097152 kB


CPU:total 4 (2 cores per cpu, 2 threads per core) family 6 model 78 stepping 3, cmov, cx8, fxsr, mmx, sse, sse2, sse3, ssse3, sse4.1, sse4.2, popcnt, avx, avx2, aes, erms, ht, tsc, tscinvbit

/proc/cpuinfo:
processor	: 0
vendor_id	: GenuineIntel
cpu family	: 6
model		: 78
model name	: Intel(R) Core(TM) i5-6200U CPU @ 2.30GHz
stepping	: 3
microcode	: 0x33
cpu MHz		: 2700.000
cache size	: 3072 KB
physical id	: 0
siblings	: 4
core id		: 0
cpu cores	: 2
apicid		: 0
initial apicid	: 0
fpu		: yes
fpu_exception	: yes
cpuid level	: 22
wp		: yes
flags		: fpu vme de pse tsc msr pae mce cx8 apic sep mtrr pge mca cmov pat pse36 clflush dts acpi mmx fxsr sse sse2 ss ht tm pbe syscall nx pdpe1gb rdtscp lm constant_tsc arch_perfmon pebs bts rep_good nopl xtopology nonstop_tsc aperfmperf eagerfpu pni pclmulqdq dtes64 monitor ds_cpl vmx est tm2 ssse3 sdbg fma cx16 xtpr pdcm pcid sse4_1 sse4_2 x2apic movbe popcnt tsc_deadline_timer aes xsave avx f16c rdrand lahf_lm abm 3dnowprefetch ida arat epb pln pts dtherm hwp hwp_notify hwp_act_window hwp_epp intel_pt tpr_shadow vnmi flexpriority ept vpid fsgsbase tsc_adjust bmi1 avx2 smep bmi2 erms invpcid mpx rdseed adx smap clflushopt xsaveopt xsavec xgetbv1
bugs		:
bogomips	: 4799.89
clflush size	: 64
cache_alignment	: 64
address sizes	: 39 bits physical, 48 bits virtual
power management:

processor	: 1
vendor_id	: GenuineIntel
cpu family	: 6
model		: 78
model name	: Intel(R) Core(TM) i5-6200U CPU @ 2.30GHz
stepping	: 3
microcode	: 0x33
cpu MHz		: 2700.000
cache size	: 3072 KB
physical id	: 0
siblings	: 4
core id		: 1
cpu cores	: 2
apicid		: 2
initial apicid	: 2
fpu		: yes
fpu_exception	: yes
cpuid level	: 22
wp		: yes
flags		: fpu vme de pse tsc msr pae mce cx8 apic sep mtrr pge mca cmov pat pse36 clflush dts acpi mmx fxsr sse sse2 ss ht tm pbe syscall nx pdpe1gb rdtscp lm constant_tsc arch_perfmon pebs bts rep_good nopl xtopology nonstop_tsc aperfmperf eagerfpu pni pclmulqdq dtes64 monitor ds_cpl vmx est tm2 ssse3 sdbg fma cx16 xtpr pdcm pcid sse4_1 sse4_2 x2apic movbe popcnt tsc_deadline_timer aes xsave avx f16c rdrand lahf_lm abm 3dnowprefetch ida arat epb pln pts dtherm hwp hwp_notify hwp_act_window hwp_epp intel_pt tpr_shadow vnmi flexpriority ept vpid fsgsbase tsc_adjust bmi1 avx2 smep bmi2 erms invpcid mpx rdseed adx smap clflushopt xsaveopt xsavec xgetbv1
bugs		:
bogomips	: 4799.89
clflush size	: 64
cache_alignment	: 64
address sizes	: 39 bits physical, 48 bits virtual
power management:

processor	: 2
vendor_id	: GenuineIntel
cpu family	: 6
model		: 78
model name	: Intel(R) Core(TM) i5-6200U CPU @ 2.30GHz
stepping	: 3
microcode	: 0x33
cpu MHz		: 2699.906
cache size	: 3072 KB
physical id	: 0
siblings	: 4
core id		: 0
cpu cores	: 2
apicid		: 1
initial apicid	: 1
fpu		: yes
fpu_exception	: yes
cpuid level	: 22
wp		: yes
flags		: fpu vme de pse tsc msr pae mce cx8 apic sep mtrr pge mca cmov pat pse36 clflush dts acpi mmx fxsr sse sse2 ss ht tm pbe syscall nx pdpe1gb rdtscp lm constant_tsc arch_perfmon pebs bts rep_good nopl xtopology nonstop_tsc aperfmperf eagerfpu pni pclmulqdq dtes64 monitor ds_cpl vmx est tm2 ssse3 sdbg fma cx16 xtpr pdcm pcid sse4_1 sse4_2 x2apic movbe popcnt tsc_deadline_timer aes xsave avx f16c rdrand lahf_lm abm 3dnowprefetch ida arat epb pln pts dtherm hwp hwp_notify hwp_act_window hwp_epp intel_pt tpr_shadow vnmi flexpriority ept vpid fsgsbase tsc_adjust bmi1 avx2 smep bmi2 erms invpcid mpx rdseed adx smap clflushopt xsaveopt xsavec xgetbv1
bugs		:
bogomips	: 4799.89
clflush size	: 64
cache_alignment	: 64
address sizes	: 39 bits physical, 48 bits virtual
power management:

processor	: 3
vendor_id	: GenuineIntel
cpu family	: 6
model		: 78
model name	: Intel(R) Core(TM) i5-6200U CPU @ 2.30GHz
stepping	: 3
microcode	: 0x33
cpu MHz		: 2722.875
cache size	: 3072 KB
physical id	: 0
siblings	: 4
core id		: 1
cpu cores	: 2
apicid		: 3
initial apicid	: 3
fpu		: yes
fpu_exception	: yes
cpuid level	: 22
wp		: yes
flags		: fpu vme de pse tsc msr pae mce cx8 apic sep mtrr pge mca cmov pat pse36 clflush dts acpi mmx fxsr sse sse2 ss ht tm pbe syscall nx pdpe1gb rdtscp lm constant_tsc arch_perfmon pebs bts rep_good nopl xtopology nonstop_tsc aperfmperf eagerfpu pni pclmulqdq dtes64 monitor ds_cpl vmx est tm2 ssse3 sdbg fma cx16 xtpr pdcm pcid sse4_1 sse4_2 x2apic movbe popcnt tsc_deadline_timer aes xsave avx f16c rdrand lahf_lm abm 3dnowprefetch ida arat epb pln pts dtherm hwp hwp_notify hwp_act_window hwp_epp intel_pt tpr_shadow vnmi flexpriority ept vpid fsgsbase tsc_adjust bmi1 avx2 smep bmi2 erms invpcid mpx rdseed adx smap clflushopt xsaveopt xsavec xgetbv1
bugs		:
bogomips	: 4799.89
clflush size	: 64
cache_alignment	: 64
address sizes	: 39 bits physical, 48 bits virtual
power management:



Memory: 4k page, physical 8062264k(39176k free), swap 0k(0k free)

vm_info: Java HotSpot(TM) 64-Bit Server VM (24.80-b11) for linux-amd64 JRE (1.7.0_80-b15), built on Apr 10 2015 19:53:14 by "java_re" with gcc 4.3.0 20080428 (Red Hat 4.3.0-8)

time: Fri Mar 11 02:25:05 2016
elapsed time: 31 seconds

