#
# There is insufficient memory for the Java Runtime Environment to continue.
# Native memory allocation (malloc) failed to allocate 333971456 bytes for committing reserved memory.
# Possible reasons:
#   The system is out of physical RAM or swap space
#   In 32 bit mode, the process size limit was hit
# Possible solutions:
#   Reduce memory load on the system
#   Increase physical memory or swap space
#   Check if swap backing store is full
#   Use 64 bit Java on a 64 bit OS
#   Decrease Java heap size (-Xmx/-Xms)
#   Decrease number of Java threads
#   Decrease Java thread stack sizes (-Xss)
#   Set larger code cache with -XX:ReservedCodeCacheSize=
# This output file may be truncated or incomplete.
#
#  Out of Memory Error (os_linux.cpp:2756), pid=2945, tid=140580389631744
#
# JRE version: Java(TM) SE Runtime Environment (7.0_80-b15) (build 1.7.0_80-b15)
# Java VM: Java HotSpot(TM) 64-Bit Server VM (24.80-b11 mixed mode linux-amd64 compressed oops)
# Failed to write core dump. Core dumps have been disabled. To enable core dumping, try "ulimit -c unlimited" before starting Java again
#

---------------  T H R E A D  ---------------

Current thread (0x00007fdb68069800):  VMThread [stack: 0x00007fdb6c1fb000,0x00007fdb6c2fc000] [id=2951]

Stack: [0x00007fdb6c1fb000,0x00007fdb6c2fc000],  sp=0x00007fdb6c2fa120,  free space=1020k
Native frames: (J=compiled Java code, j=interpreted, Vv=VM code, C=native code)
V  [libjvm.so+0x9a320a]  VMError::report_and_die()+0x2ea
V  [libjvm.so+0x498d3b]  report_vm_out_of_memory(char const*, int, unsigned long, char const*)+0x9b
V  [libjvm.so+0x82191e]  os::Linux::commit_memory_impl(char*, unsigned long, bool)+0xfe
V  [libjvm.so+0x821e69]  os::pd_commit_memory(char*, unsigned long, unsigned long, bool)+0x29
V  [libjvm.so+0x81bb6a]  os::commit_memory(char*, unsigned long, unsigned long, bool)+0x2a
V  [libjvm.so+0x88d623]  PSVirtualSpace::expand_by(unsigned long)+0x53
V  [libjvm.so+0x87ca80]  PSOldGen::expand(unsigned long)+0x170
V  [libjvm.so+0x87cc8b]  PSOldGen::resize(unsigned long)+0x1cb
V  [libjvm.so+0x885951]  PSParallelCompact::invoke_no_policy(bool)+0x9b1
V  [libjvm.so+0x88b8cd]  PSScavenge::invoke()+0x1ad
V  [libjvm.so+0x843f40]  ParallelScavengeHeap::failed_mem_allocate(unsigned long)+0x70
V  [libjvm.so+0x9a4a97]  VM_ParallelGCFailedAllocation::doit()+0x97
V  [libjvm.so+0x9abf35]  VM_Operation::evaluate()+0x55
V  [libjvm.so+0x9aa2fa]  VMThread::evaluate_operation(VM_Operation*)+0xba
V  [libjvm.so+0x9aa67e]  VMThread::loop()+0x1ce
V  [libjvm.so+0x9aaaf0]  VMThread::run()+0x70
V  [libjvm.so+0x8238c8]  java_start(Thread*)+0x108

VM_Operation (0x00007fdb713155f0): ParallelGCFailedAllocation, mode: safepoint, requested by thread 0x00007fdb68009800


---------------  P R O C E S S  ---------------

Java Threads: ( => current thread )
  0x00007fdb180ac800 JavaThread "TimerQueue" daemon [_thread_blocked, id=2966, stack(0x00007fdb5d4b0000,0x00007fdb5d5b1000)]
  0x00007fdb681eb000 JavaThread "AWT-EventQueue-0" [_thread_blocked, id=2963, stack(0x00007fdb5e65c000,0x00007fdb5e75d000)]
  0x00007fdb681c7000 JavaThread "AWT-Shutdown" [_thread_blocked, id=2962, stack(0x00007fdb5e75d000,0x00007fdb5e85e000)]
  0x00007fdb6819e800 JavaThread "AWT-XAWT" daemon [_thread_blocked, id=2961, stack(0x00007fdb5e85e000,0x00007fdb5e95f000)]
  0x00007fdb6817b000 JavaThread "Java2D Disposer" daemon [_thread_blocked, id=2960, stack(0x00007fdb5ed6f000,0x00007fdb5ee70000)]
  0x00007fdb68099800 JavaThread "Service Thread" daemon [_thread_blocked, id=2958, stack(0x00007fdb64701000,0x00007fdb64802000)]
  0x00007fdb68097000 JavaThread "C2 CompilerThread1" daemon [_thread_blocked, id=2957, stack(0x00007fdb64802000,0x00007fdb64903000)]
  0x00007fdb68094000 JavaThread "C2 CompilerThread0" daemon [_thread_blocked, id=2956, stack(0x00007fdb64903000,0x00007fdb64a04000)]
  0x00007fdb68092000 JavaThread "Signal Dispatcher" daemon [_thread_blocked, id=2955, stack(0x00007fdb64a04000,0x00007fdb64b05000)]
  0x00007fdb68070000 JavaThread "Finalizer" daemon [_thread_blocked, id=2954, stack(0x00007fdb64eff000,0x00007fdb65000000)]
  0x00007fdb6806e000 JavaThread "Reference Handler" daemon [_thread_blocked, id=2952, stack(0x00007fdb6c0fa000,0x00007fdb6c1fb000)]
  0x00007fdb68009800 JavaThread "main" [_thread_blocked, id=2946, stack(0x00007fdb71216000,0x00007fdb71317000)]

Other Threads:
=>0x00007fdb68069800 VMThread [stack: 0x00007fdb6c1fb000,0x00007fdb6c2fc000] [id=2951]
  0x00007fdb680a4800 WatcherThread [stack: 0x00007fdb64600000,0x00007fdb64701000] [id=2959]

VM state:at safepoint (normal execution)

VM Mutex/Monitor currently owned by a thread:  ([mutex/lock_event])
[0x00007fdb680058f0] ExpandHeap_lock - owner thread: 0x00007fdb68069800
[0x00007fdb68005f70] Threads_lock - owner thread: 0x00007fdb68069800
[0x00007fdb68006470] Heap_lock - owner thread: 0x00007fdb68009800

Heap
 PSYoungGen      total 466432K, used 20516K [0x00000007d5500000, 0x0000000800000000, 0x0000000800000000)
  eden space 233472K, 0% used [0x00000007d5500000,0x00000007d5500000,0x00000007e3900000)
  from space 232960K, 8% used [0x00000007e3900000,0x00000007e4d093c8,0x00000007f1c80000)
  to   space 232960K, 0% used [0x00000007f1c80000,0x00000007f1c80000,0x0000000800000000)
 ParOldGen       total 824832K, used 824648K [0x0000000780000000, 0x00000007b2580000, 0x00000007d5500000)
  object space 824832K, 99% used [0x0000000780000000,0x00000007b2552060,0x00000007b2580000)
 PSPermGen       total 24064K, used 11816K [0x000000077ae00000, 0x000000077c580000, 0x0000000780000000)
  object space 24064K, 49% used [0x000000077ae00000,0x000000077b98a330,0x000000077c580000)

Card table byte_map: [0x00007fdb6e0df000,0x00007fdb6e509000] byte_map_base: 0x00007fdb6a508000

Polling page: 0x00007fdb71339000

Code Cache  [0x00007fdb65000000, 0x00007fdb65270000, 0x00007fdb68000000)
 total_blobs=768 nmethods=299 adapters=422 free_code_cache=48051Kb largest_free_block=49161152

Compilation events (10 events):
Event: 26,037 Thread 0x00007fdb68094000  318   !         java.nio.CharBuffer::wrap (20 bytes)
Event: 26,038 Thread 0x00007fdb68097000  319             java.nio.HeapCharBuffer::<init> (14 bytes)
Event: 26,039 Thread 0x00007fdb68097000 nmethod 319 0x00007fdb650ef410 code [0x00007fdb650ef560, 0x00007fdb650ef738]
Event: 26,040 Thread 0x00007fdb68094000 nmethod 318 0x00007fdb650eec90 code [0x00007fdb650eee00, 0x00007fdb650ef038]
Event: 26,327 Thread 0x00007fdb68097000  320             java.nio.Buffer::limit (5 bytes)
Event: 26,328 Thread 0x00007fdb68097000 nmethod 320 0x00007fdb65115250 code [0x00007fdb65115380, 0x00007fdb651153d8]
Event: 26,480 Thread 0x00007fdb68097000  321   !         sun.nio.cs.StreamDecoder::readBytes (289 bytes)
Event: 26,485 Thread 0x00007fdb68097000 nmethod 321 0x00007fdb650f0450 code [0x00007fdb650f0600, 0x00007fdb650f0bf8]
Event: 26,946 Thread 0x00007fdb68094000  322             sun.nio.cs.StreamDecoder::implRead (243 bytes)
Event: 26,961 Thread 0x00007fdb68094000 nmethod 322 0x00007fdb650e9b10 code [0x00007fdb650e9d80, 0x00007fdb650ea840]

GC Heap History (10 events):
Event: 25,902 GC heap after
Heap after GC invocations=23 (full 4):
 PSYoungGen      total 511488K, used 150384K [0x00000007d5500000, 0x0000000800000000, 0x0000000800000000)
  eden space 360960K, 0% used [0x00000007d5500000,0x00000007d5500000,0x00000007eb580000)
  from space 150528K, 99% used [0x00000007eb580000,0x00000007f485c350,0x00000007f4880000)
  to   space 187904K, 0% used [0x00000007f4880000,0x00000007f4880000,0x0000000800000000)
 ParOldGen       total 824832K, used 556003K [0x0000000780000000, 0x00000007b2580000, 0x00000007d5500000)
  object space 824832K, 67% used [0x0000000780000000,0x00000007a1ef8dd8,0x00000007b2580000)
 PSPermGen       total 24064K, used 11816K [0x000000077ae00000, 0x000000077c580000, 0x0000000780000000)
  object space 24064K, 49% used [0x000000077ae00000,0x000000077b98a350,0x000000077c580000)
}
Event: 26,542 GC heap before
{Heap before GC invocations=24 (full 4):
 PSYoungGen      total 511488K, used 511344K [0x00000007d5500000, 0x0000000800000000, 0x0000000800000000)
  eden space 360960K, 100% used [0x00000007d5500000,0x00000007eb580000,0x00000007eb580000)
  from space 150528K, 99% used [0x00000007eb580000,0x00000007f485c350,0x00000007f4880000)
  to   space 187904K, 0% used [0x00000007f4880000,0x00000007f4880000,0x0000000800000000)
 ParOldGen       total 824832K, used 556003K [0x0000000780000000, 0x00000007b2580000, 0x00000007d5500000)
  object space 824832K, 67% used [0x0000000780000000,0x00000007a1ef8dd8,0x00000007b2580000)
 PSPermGen       total 24064K, used 11816K [0x000000077ae00000, 0x000000077c580000, 0x0000000780000000)
  object space 24064K, 49% used [0x000000077ae00000,0x000000077b98a350,0x000000077c580000)
Event: 26,856 GC heap after
Heap after GC invocations=24 (full 4):
 PSYoungGen      total 445952K, used 187873K [0x00000007d5500000, 0x0000000800000000, 0x0000000800000000)
  eden space 258048K, 0% used [0x00000007d5500000,0x00000007d5500000,0x00000007e5100000)
  from space 187904K, 99% used [0x00000007f4880000,0x00000007ffff84a0,0x0000000800000000)
  to   space 220672K, 0% used [0x00000007e5100000,0x00000007e5100000,0x00000007f2880000)
 ParOldGen       total 824832K, used 566451K [0x0000000780000000, 0x00000007b2580000, 0x00000007d5500000)
  object space 824832K, 68% used [0x0000000780000000,0x00000007a292cdd8,0x00000007b2580000)
 PSPermGen       total 24064K, used 11816K [0x000000077ae00000, 0x000000077c580000, 0x0000000780000000)
  object space 24064K, 49% used [0x000000077ae00000,0x000000077b98a350,0x000000077c580000)
}
Event: 27,270 GC heap before
{Heap before GC invocations=25 (full 4):
 PSYoungGen      total 445952K, used 445921K [0x00000007d5500000, 0x0000000800000000, 0x0000000800000000)
  eden space 258048K, 100% used [0x00000007d5500000,0x00000007e5100000,0x00000007e5100000)
  from space 187904K, 99% used [0x00000007f4880000,0x00000007ffff84a0,0x0000000800000000)
  to   space 220672K, 0% used [0x00000007e5100000,0x00000007e5100000,0x00000007f2880000)
 ParOldGen       total 824832K, used 566451K [0x0000000780000000, 0x00000007b2580000, 0x00000007d5500000)
  object space 824832K, 68% used [0x0000000780000000,0x00000007a292cdd8,0x00000007b2580000)
 PSPermGen       total 24064K, used 11816K [0x000000077ae00000, 0x000000077c580000, 0x0000000780000000)
  object space 24064K, 49% used [0x000000077ae00000,0x000000077b98a350,0x000000077c580000)
Event: 27,605 GC heap after
Heap after GC invocations=25 (full 4):
 PSYoungGen      total 472064K, used 213825K [0x00000007d5500000, 0x0000000800000000, 0x0000000800000000)
  eden space 258048K, 0% used [0x00000007d5500000,0x00000007d5500000,0x00000007e5100000)
  from space 214016K, 99% used [0x00000007e5100000,0x00000007f21d0520,0x00000007f2200000)
  to   space 227328K, 0% used [0x00000007f2200000,0x00000007f2200000,0x0000000800000000)
 ParOldGen       total 824832K, used 572903K [0x0000000780000000, 0x00000007b2580000, 0x00000007d5500000)
  object space 824832K, 69% used [0x0000000780000000,0x00000007a2f79e08,0x00000007b2580000)
 PSPermGen       total 24064K, used 11816K [0x000000077ae00000, 0x000000077c580000, 0x0000000780000000)
  object space 24064K, 49% used [0x000000077ae00000,0x000000077b98a350,0x000000077c580000)
}
Event: 28,030 GC heap before
{Heap before GC invocations=26 (full 4):
 PSYoungGen      total 472064K, used 471873K [0x00000007d5500000, 0x0000000800000000, 0x0000000800000000)
  eden space 258048K, 100% used [0x00000007d5500000,0x00000007e5100000,0x00000007e5100000)
  from space 214016K, 99% used [0x00000007e5100000,0x00000007f21d0520,0x00000007f2200000)
  to   space 227328K, 0% used [0x00000007f2200000,0x00000007f2200000,0x0000000800000000)
 ParOldGen       total 824832K, used 572903K [0x0000000780000000, 0x00000007b2580000, 0x00000007d5500000)
  object space 824832K, 69% used [0x0000000780000000,0x00000007a2f79e08,0x00000007b2580000)
 PSPermGen       total 24064K, used 11816K [0x000000077ae00000, 0x000000077c580000, 0x0000000780000000)
  object space 24064K, 49% used [0x000000077ae00000,0x000000077b98a350,0x000000077c580000)
Event: 28,519 GC heap after
Heap after GC invocations=26 (full 4):
 PSYoungGen      total 460800K, used 158004K [0x00000007d5500000, 0x0000000800000000, 0x0000000800000000)
  eden space 233472K, 0% used [0x00000007d5500000,0x00000007d5500000,0x00000007e3900000)
  from space 227328K, 69% used [0x00000007f2200000,0x00000007fbc4d1f0,0x0000000800000000)
  to   space 232960K, 0% used [0x00000007e3900000,0x00000007e3900000,0x00000007f1c80000)
 ParOldGen       total 824832K, used 663491K [0x0000000780000000, 0x00000007b2580000, 0x00000007d5500000)
  object space 824832K, 80% used [0x0000000780000000,0x00000007a87f0c18,0x00000007b2580000)
 PSPermGen       total 24064K, used 11816K [0x000000077ae00000, 0x000000077c580000, 0x0000000780000000)
  object space 24064K, 49% used [0x000000077ae00000,0x000000077b98a350,0x000000077c580000)
}
Event: 28,984 GC heap before
{Heap before GC invocations=27 (full 4):
 PSYoungGen      total 460800K, used 391476K [0x00000007d5500000, 0x0000000800000000, 0x0000000800000000)
  eden space 233472K, 100% used [0x00000007d5500000,0x00000007e3900000,0x00000007e3900000)
  from space 227328K, 69% used [0x00000007f2200000,0x00000007fbc4d1f0,0x0000000800000000)
  to   space 232960K, 0% used [0x00000007e3900000,0x00000007e3900000,0x00000007f1c80000)
 ParOldGen       total 824832K, used 663491K [0x0000000780000000, 0x00000007b2580000, 0x00000007d5500000)
  object space 824832K, 80% used [0x0000000780000000,0x00000007a87f0c18,0x00000007b2580000)
 PSPermGen       total 24064K, used 11816K [0x000000077ae00000, 0x000000077c580000, 0x0000000780000000)
  object space 24064K, 49% used [0x000000077ae00000,0x000000077b98a350,0x000000077c580000)
Event: 29,381 GC heap after
Heap after GC invocations=27 (full 4):
 PSYoungGen      total 466432K, used 98452K [0x00000007d5500000, 0x0000000800000000, 0x0000000800000000)
  eden space 233472K, 0% used [0x00000007d5500000,0x00000007d5500000,0x00000007e3900000)
  from space 232960K, 42% used [0x00000007e3900000,0x00000007e99250c0,0x00000007f1c80000)
  to   space 232960K, 0% used [0x00000007f1c80000,0x00000007f1c80000,0x0000000800000000)
 ParOldGen       total 824832K, used 754686K [0x0000000780000000, 0x00000007b2580000, 0x00000007d5500000)
  object space 824832K, 91% used [0x0000000780000000,0x00000007ae0ffa68,0x00000007b2580000)
 PSPermGen       total 24064K, used 11816K [0x000000077ae00000, 0x000000077c580000, 0x0000000780000000)
  object space 24064K, 49% used [0x000000077ae00000,0x000000077b98a350,0x000000077c580000)
}
Event: 29,381 GC heap before
{Heap before GC invocations=28 (full 5):
 PSYoungGen      total 466432K, used 98452K [0x00000007d5500000, 0x0000000800000000, 0x0000000800000000)
  eden space 233472K, 0% used [0x00000007d5500000,0x00000007d5500000,0x00000007e3900000)
  from space 232960K, 42% used [0x00000007e3900000,0x00000007e99250c0,0x00000007f1c80000)
  to   space 232960K, 0% used [0x00000007f1c80000,0x00000007f1c80000,0x0000000800000000)
 ParOldGen       total 824832K, used 754686K [0x0000000780000000, 0x00000007b2580000, 0x00000007d5500000)
  object space 824832K, 91% used [0x0000000780000000,0x00000007ae0ffa68,0x00000007b2580000)
 PSPermGen       total 24064K, used 11816K [0x000000077ae00000, 0x000000077c580000, 0x0000000780000000)
  object space 24064K, 49% used [0x000000077ae00000,0x000000077b98a350,0x000000077c580000)

Deoptimization events (10 events):
Event: 16,777 Thread 0x00007fdb6806e000 Uncommon trap: reason=class_check action=maybe_recompile pc=0x00007fdb651122d8 method=java.lang.ref.ReferenceQueue.enqueue(Ljava/lang/ref/Reference;)Z @ 67
Event: 16,777 Thread 0x00007fdb6806e000 Uncommon trap: reason=class_check action=maybe_recompile pc=0x00007fdb651122d8 method=java.lang.ref.ReferenceQueue.enqueue(Ljava/lang/ref/Reference;)Z @ 67
Event: 16,777 Thread 0x00007fdb6806e000 Uncommon trap: reason=class_check action=maybe_recompile pc=0x00007fdb651122d8 method=java.lang.ref.ReferenceQueue.enqueue(Ljava/lang/ref/Reference;)Z @ 67
Event: 16,777 Thread 0x00007fdb6806e000 Uncommon trap: reason=class_check action=maybe_recompile pc=0x00007fdb651122d8 method=java.lang.ref.ReferenceQueue.enqueue(Ljava/lang/ref/Reference;)Z @ 67
Event: 16,778 Thread 0x00007fdb6817b000 Uncommon trap: reason=class_check action=maybe_recompile pc=0x00007fdb65112958 method=java.lang.ref.ReferenceQueue.reallyPoll()Ljava/lang/ref/Reference; @ 55
Event: 16,782 Thread 0x00007fdb6817b000 Uncommon trap: reason=class_check action=maybe_recompile pc=0x00007fdb65110c68 method=java.lang.ref.ReferenceQueue.reallyPoll()Ljava/lang/ref/Reference; @ 55
Event: 16,782 Thread 0x00007fdb6817b000 Uncommon trap: reason=class_check action=maybe_recompile pc=0x00007fdb65110c68 method=java.lang.ref.ReferenceQueue.reallyPoll()Ljava/lang/ref/Reference; @ 55
Event: 16,782 Thread 0x00007fdb6817b000 Uncommon trap: reason=class_check action=maybe_recompile pc=0x00007fdb651101e0 method=java.lang.ref.ReferenceQueue.reallyPoll()Ljava/lang/ref/Reference; @ 55
Event: 16,782 Thread 0x00007fdb6817b000 Uncommon trap: reason=class_check action=maybe_recompile pc=0x00007fdb65112958 method=java.lang.ref.ReferenceQueue.reallyPoll()Ljava/lang/ref/Reference; @ 55
Event: 24,585 Thread 0x00007fdb68009800 Uncommon trap: reason=unstable_if action=reinterpret pc=0x00007fdb6510d1b0 method=java.nio.charset.CharsetDecoder.decode(Ljava/nio/ByteBuffer;Ljava/nio/CharBuffer;Z)Ljava/nio/charset/CoderResult; @ 105

Internal exceptions (10 events):
Event: 1,175 Thread 0x00007fdb68009800 Threw 0x00000007d5fdf800 at /HUDSON/workspace/7u-2-build-linux-amd64/jdk7u80/2329/hotspot/src/share/vm/prims/jvm.cpp:1319
Event: 1,208 Thread 0x00007fdb6819e800 Implicit null exception at 0x00007fdb6509b880 to 0x00007fdb6509b90d
Event: 1,326 Thread 0x00007fdb681eb000 Threw 0x00000007d57b6c60 at /HUDSON/workspace/7u-2-build-linux-amd64/jdk7u80/2329/hotspot/src/share/vm/prims/jvm.cpp:1319
Event: 1,326 Thread 0x00007fdb681eb000 Threw 0x00000007d57b6e88 at /HUDSON/workspace/7u-2-build-linux-amd64/jdk7u80/2329/hotspot/src/share/vm/prims/jvm.cpp:1319
Event: 1,326 Thread 0x00007fdb681eb000 Threw 0x00000007d57b92f8 at /HUDSON/workspace/7u-2-build-linux-amd64/jdk7u80/2329/hotspot/src/share/vm/prims/jvm.cpp:1319
Event: 1,326 Thread 0x00007fdb681eb000 Threw 0x00000007d57b9520 at /HUDSON/workspace/7u-2-build-linux-amd64/jdk7u80/2329/hotspot/src/share/vm/prims/jvm.cpp:1319
Event: 1,418 Thread 0x00007fdb68009800 Threw 0x00000007d621dfe8 at /HUDSON/workspace/7u-2-build-linux-amd64/jdk7u80/2329/hotspot/src/share/vm/prims/jvm.cpp:1319
Event: 1,421 Thread 0x00007fdb68009800 Threw 0x00000007d62215f0 at /HUDSON/workspace/7u-2-build-linux-amd64/jdk7u80/2329/hotspot/src/share/vm/prims/jvm.cpp:1319
Event: 1,465 Thread 0x00007fdb681eb000 Threw 0x00000007d57ba328 at /HUDSON/workspace/7u-2-build-linux-amd64/jdk7u80/2329/hotspot/src/share/vm/prims/jni.cpp:743
Event: 5,479 Thread 0x00007fdb68009800 Implicit null exception at 0x00007fdb650fbad8 to 0x00007fdb650fbffd

Events (10 events):
Event: 25,697 Executing VM operation: ParallelGCFailedAllocation
Event: 25,902 Executing VM operation: ParallelGCFailedAllocation done
Event: 26,485 Thread 0x00007fdb68097000 flushing nmethod 0x00007fdb650b5150
Event: 26,542 Executing VM operation: ParallelGCFailedAllocation
Event: 26,856 Executing VM operation: ParallelGCFailedAllocation done
Event: 27,270 Executing VM operation: ParallelGCFailedAllocation
Event: 27,605 Executing VM operation: ParallelGCFailedAllocation done
Event: 28,030 Executing VM operation: ParallelGCFailedAllocation
Event: 28,519 Executing VM operation: ParallelGCFailedAllocation done
Event: 28,984 Executing VM operation: ParallelGCFailedAllocation


Dynamic libraries:
00400000-00401000 r-xp 00000000 08:02 538188                             /usr/lib/jvm/java-7-oracle/jre/bin/java
00600000-00601000 rw-p 00000000 08:02 538188                             /usr/lib/jvm/java-7-oracle/jre/bin/java
01ceb000-01d0c000 rw-p 00000000 00:00 0                                  [heap]
77ae00000-77c580000 rw-p 00000000 00:00 0 
77c580000-77c780000 ---p 00000000 00:00 0 
77c780000-780000000 rw-p 00000000 00:00 0 
780000000-7b2580000 rw-p 00000000 00:00 0 
7c6400000-7d5500000 rw-p 00000000 00:00 0 
7d5500000-800000000 rw-p 00000000 00:00 0 
7fdb0c000000-7fdb0c021000 rw-p 00000000 00:00 0 
7fdb0c021000-7fdb10000000 ---p 00000000 00:00 0 
7fdb10000000-7fdb10021000 rw-p 00000000 00:00 0 
7fdb10021000-7fdb14000000 ---p 00000000 00:00 0 
7fdb14000000-7fdb14021000 rw-p 00000000 00:00 0 
7fdb14021000-7fdb18000000 ---p 00000000 00:00 0 
7fdb18000000-7fdb181af000 rw-p 00000000 00:00 0 
7fdb181af000-7fdb1c000000 ---p 00000000 00:00 0 
7fdb1c000000-7fdb1c021000 rw-p 00000000 00:00 0 
7fdb1c021000-7fdb20000000 ---p 00000000 00:00 0 
7fdb20000000-7fdb20021000 rw-p 00000000 00:00 0 
7fdb20021000-7fdb24000000 ---p 00000000 00:00 0 
7fdb24000000-7fdb24021000 rw-p 00000000 00:00 0 
7fdb24021000-7fdb28000000 ---p 00000000 00:00 0 
7fdb28000000-7fdb28021000 rw-p 00000000 00:00 0 
7fdb28021000-7fdb2c000000 ---p 00000000 00:00 0 
7fdb2c000000-7fdb2c79d000 rw-p 00000000 00:00 0 
7fdb2c79d000-7fdb30000000 ---p 00000000 00:00 0 
7fdb30000000-7fdb30c3b000 rw-p 00000000 00:00 0 
7fdb30c3b000-7fdb34000000 ---p 00000000 00:00 0 
7fdb34000000-7fdb34021000 rw-p 00000000 00:00 0 
7fdb34021000-7fdb38000000 ---p 00000000 00:00 0 
7fdb38000000-7fdb38021000 rw-p 00000000 00:00 0 
7fdb38021000-7fdb3c000000 ---p 00000000 00:00 0 
7fdb3c000000-7fdb3c021000 rw-p 00000000 00:00 0 
7fdb3c021000-7fdb40000000 ---p 00000000 00:00 0 
7fdb43d70000-7fdb48000000 rw-p 00000000 00:00 0 
7fdb48000000-7fdb48021000 rw-p 00000000 00:00 0 
7fdb48021000-7fdb4c000000 ---p 00000000 00:00 0 
7fdb4c000000-7fdb4c0e2000 rw-p 00000000 00:00 0 
7fdb4c0e2000-7fdb50000000 ---p 00000000 00:00 0 
7fdb50000000-7fdb50021000 rw-p 00000000 00:00 0 
7fdb50021000-7fdb54000000 ---p 00000000 00:00 0 
7fdb58000000-7fdb58021000 rw-p 00000000 00:00 0 
7fdb58021000-7fdb5c000000 ---p 00000000 00:00 0 
7fdb5d4b0000-7fdb5d4b3000 ---p 00000000 00:00 0 
7fdb5d4b3000-7fdb5d5b1000 rw-p 00000000 00:00 0                          [stack:2966]
7fdb5d67d000-7fdb5d7ea000 rw-p 00000000 00:00 0 
7fdb5d7ea000-7fdb5d853000 r-xp 00000000 08:02 537526                     /usr/lib/jvm/java-7-oracle/jre/lib/amd64/libt2k.so
7fdb5d853000-7fdb5da52000 ---p 00069000 08:02 537526                     /usr/lib/jvm/java-7-oracle/jre/lib/amd64/libt2k.so
7fdb5da52000-7fdb5da59000 rw-p 00068000 08:02 537526                     /usr/lib/jvm/java-7-oracle/jre/lib/amd64/libt2k.so
7fdb5da59000-7fdb5da69000 rw-p 00000000 00:00 0 
7fdb5da69000-7fdb5da79000 r-xp 00000000 08:02 537562                     /usr/lib/jvm/java-7-oracle/jre/lib/amd64/libnio.so
7fdb5da79000-7fdb5dc79000 ---p 00010000 08:02 537562                     /usr/lib/jvm/java-7-oracle/jre/lib/amd64/libnio.so
7fdb5dc79000-7fdb5dc7a000 rw-p 00010000 08:02 537562                     /usr/lib/jvm/java-7-oracle/jre/lib/amd64/libnio.so
7fdb5dc7a000-7fdb5dc91000 r-xp 00000000 08:02 537579                     /usr/lib/jvm/java-7-oracle/jre/lib/amd64/libnet.so
7fdb5dc91000-7fdb5de90000 ---p 00017000 08:02 537579                     /usr/lib/jvm/java-7-oracle/jre/lib/amd64/libnet.so
7fdb5de90000-7fdb5de91000 rw-p 00016000 08:02 537579                     /usr/lib/jvm/java-7-oracle/jre/lib/amd64/libnet.so
7fdb5de91000-7fdb5dea7000 r-xp 00000000 08:02 1049705                    /lib/x86_64-linux-gnu/libgcc_s.so.1
7fdb5dea7000-7fdb5e0a6000 ---p 00016000 08:02 1049705                    /lib/x86_64-linux-gnu/libgcc_s.so.1
7fdb5e0a6000-7fdb5e0a7000 rw-p 00015000 08:02 1049705                    /lib/x86_64-linux-gnu/libgcc_s.so.1
7fdb5e0a7000-7fdb5e10c000 r-xp 00000000 08:02 537580                     /usr/lib/jvm/java-7-oracle/jre/lib/amd64/libfontmanager.so
7fdb5e10c000-7fdb5e30b000 ---p 00065000 08:02 537580                     /usr/lib/jvm/java-7-oracle/jre/lib/amd64/libfontmanager.so
7fdb5e30b000-7fdb5e310000 rw-p 00064000 08:02 537580                     /usr/lib/jvm/java-7-oracle/jre/lib/amd64/libfontmanager.so
7fdb5e310000-7fdb5e320000 rw-p 00000000 00:00 0 
7fdb5e320000-7fdb5e35a000 r-xp 00000000 08:02 537548                     /usr/lib/jvm/java-7-oracle/jre/lib/amd64/libjpeg.so
7fdb5e35a000-7fdb5e55a000 ---p 0003a000 08:02 537548                     /usr/lib/jvm/java-7-oracle/jre/lib/amd64/libjpeg.so
7fdb5e55a000-7fdb5e55b000 rw-p 0003a000 08:02 537548                     /usr/lib/jvm/java-7-oracle/jre/lib/amd64/libjpeg.so
7fdb5e55b000-7fdb5e55e000 ---p 00000000 00:00 0 
7fdb5e55e000-7fdb5e65c000 rw-p 00000000 00:00 0 
7fdb5e65c000-7fdb5e65f000 ---p 00000000 00:00 0 
7fdb5e65f000-7fdb5e75d000 rw-p 00000000 00:00 0                          [stack:2963]
7fdb5e75d000-7fdb5e760000 ---p 00000000 00:00 0 
7fdb5e760000-7fdb5e85e000 rw-p 00000000 00:00 0                          [stack:2962]
7fdb5e85e000-7fdb5e861000 ---p 00000000 00:00 0 
7fdb5e861000-7fdb5e95f000 rw-p 00000000 00:00 0                          [stack:2961]
7fdb5e95f000-7fdb5e964000 r-xp 00000000 08:02 532910                     /usr/lib/x86_64-linux-gnu/libXfixes.so.3.1.0
7fdb5e964000-7fdb5eb63000 ---p 00005000 08:02 532910                     /usr/lib/x86_64-linux-gnu/libXfixes.so.3.1.0
7fdb5eb63000-7fdb5eb64000 r--p 00004000 08:02 532910                     /usr/lib/x86_64-linux-gnu/libXfixes.so.3.1.0
7fdb5eb64000-7fdb5eb65000 rw-p 00005000 08:02 532910                     /usr/lib/x86_64-linux-gnu/libXfixes.so.3.1.0
7fdb5eb65000-7fdb5eb6e000 r-xp 00000000 08:02 532902                     /usr/lib/x86_64-linux-gnu/libXcursor.so.1.0.2
7fdb5eb6e000-7fdb5ed6d000 ---p 00009000 08:02 532902                     /usr/lib/x86_64-linux-gnu/libXcursor.so.1.0.2
7fdb5ed6d000-7fdb5ed6e000 r--p 00008000 08:02 532902                     /usr/lib/x86_64-linux-gnu/libXcursor.so.1.0.2
7fdb5ed6e000-7fdb5ed6f000 rw-p 00009000 08:02 532902                     /usr/lib/x86_64-linux-gnu/libXcursor.so.1.0.2
7fdb5ed6f000-7fdb5ed72000 ---p 00000000 00:00 0 
7fdb5ed72000-7fdb5ee70000 rw-p 00000000 00:00 0                          [stack:2960]
7fdb5ee70000-7fdb5ee75000 r-xp 00000000 08:02 532906                     /usr/lib/x86_64-linux-gnu/libXdmcp.so.6.0.0
7fdb5ee75000-7fdb5f074000 ---p 00005000 08:02 532906                     /usr/lib/x86_64-linux-gnu/libXdmcp.so.6.0.0
7fdb5f074000-7fdb5f075000 r--p 00004000 08:02 532906                     /usr/lib/x86_64-linux-gnu/libXdmcp.so.6.0.0
7fdb5f075000-7fdb5f076000 rw-p 00005000 08:02 532906                     /usr/lib/x86_64-linux-gnu/libXdmcp.so.6.0.0
7fdb5f076000-7fdb5f078000 r-xp 00000000 08:02 532895                     /usr/lib/x86_64-linux-gnu/libXau.so.6.0.0
7fdb5f078000-7fdb5f278000 ---p 00002000 08:02 532895                     /usr/lib/x86_64-linux-gnu/libXau.so.6.0.0
7fdb5f278000-7fdb5f279000 r--p 00002000 08:02 532895                     /usr/lib/x86_64-linux-gnu/libXau.so.6.0.0
7fdb5f279000-7fdb5f27a000 rw-p 00003000 08:02 532895                     /usr/lib/x86_64-linux-gnu/libXau.so.6.0.0
7fdb5f27a000-7fdb5f297000 r-xp 00000000 08:02 534114                     /usr/lib/x86_64-linux-gnu/libxcb.so.1.1.0
7fdb5f297000-7fdb5f497000 ---p 0001d000 08:02 534114                     /usr/lib/x86_64-linux-gnu/libxcb.so.1.1.0
7fdb5f497000-7fdb5f498000 r--p 0001d000 08:02 534114                     /usr/lib/x86_64-linux-gnu/libxcb.so.1.1.0
7fdb5f498000-7fdb5f499000 rw-p 0001e000 08:02 534114                     /usr/lib/x86_64-linux-gnu/libxcb.so.1.1.0
7fdb5f499000-7fdb5f4a8000 r-xp 00000000 08:02 532916                     /usr/lib/x86_64-linux-gnu/libXi.so.6.1.0
7fdb5f4a8000-7fdb5f6a7000 ---p 0000f000 08:02 532916                     /usr/lib/x86_64-linux-gnu/libXi.so.6.1.0
7fdb5f6a7000-7fdb5f6a8000 r--p 0000e000 08:02 532916                     /usr/lib/x86_64-linux-gnu/libXi.so.6.1.0
7fdb5f6a8000-7fdb5f6a9000 rw-p 0000f000 08:02 532916                     /usr/lib/x86_64-linux-gnu/libXi.so.6.1.0
7fdb5f6a9000-7fdb5f6ae000 r-xp 00000000 08:02 532936                     /usr/lib/x86_64-linux-gnu/libXtst.so.6.1.0
7fdb5f6ae000-7fdb5f8ad000 ---p 00005000 08:02 532936                     /usr/lib/x86_64-linux-gnu/libXtst.so.6.1.0
7fdb5f8ad000-7fdb5f8ae000 r--p 00004000 08:02 532936                     /usr/lib/x86_64-linux-gnu/libXtst.so.6.1.0
7fdb5f8ae000-7fdb5f8af000 rw-p 00005000 08:02 532936                     /usr/lib/x86_64-linux-gnu/libXtst.so.6.1.0
7fdb5f8af000-7fdb5f8b8000 r-xp 00000000 08:02 532930                     /usr/lib/x86_64-linux-gnu/libXrender.so.1.3.0
7fdb5f8b8000-7fdb5fab7000 ---p 00009000 08:02 532930                     /usr/lib/x86_64-linux-gnu/libXrender.so.1.3.0
7fdb5fab7000-7fdb5fab8000 r--p 00008000 08:02 532930                     /usr/lib/x86_64-linux-gnu/libXrender.so.1.3.0
7fdb5fab8000-7fdb5fab9000 rw-p 00009000 08:02 532930                     /usr/lib/x86_64-linux-gnu/libXrender.so.1.3.0
7fdb5fab9000-7fdb5fbe9000 r-xp 00000000 08:02 532891                     /usr/lib/x86_64-linux-gnu/libX11.so.6.3.0
7fdb5fbe9000-7fdb5fde9000 ---p 00130000 08:02 532891                     /usr/lib/x86_64-linux-gnu/libX11.so.6.3.0
7fdb5fde9000-7fdb5fdea000 r--p 00130000 08:02 532891                     /usr/lib/x86_64-linux-gnu/libX11.so.6.3.0
7fdb5fdea000-7fdb5fdee000 rw-p 00131000 08:02 532891                     /usr/lib/x86_64-linux-gnu/libX11.so.6.3.0
7fdb5fdee000-7fdb5fdff000 r-xp 00000000 08:02 532908                     /usr/lib/x86_64-linux-gnu/libXext.so.6.4.0
7fdb5fdff000-7fdb5fffe000 ---p 00011000 08:02 532908                     /usr/lib/x86_64-linux-gnu/libXext.so.6.4.0
7fdb5fffe000-7fdb5ffff000 r--p 00010000 08:02 532908                     /usr/lib/x86_64-linux-gnu/libXext.so.6.4.0
7fdb5ffff000-7fdb60000000 rw-p 00011000 08:02 532908                     /usr/lib/x86_64-linux-gnu/libXext.so.6.4.0
7fdb60000000-7fdb60021000 rw-p 00000000 00:00 0 
7fdb60021000-7fdb64000000 ---p 00000000 00:00 0 
7fdb6401c000-7fdb6401d000 r--s 00000000 08:02 96748                      /var/cache/fontconfig/c05880de57d1f5e948fdfacc138775d9-le64.cache-4
7fdb6401d000-7fdb64028000 r--s 00000000 08:02 96741                      /var/cache/fontconfig/945677eb7aeaf62f1d50efc3fb3ec7d8-le64.cache-4
7fdb64028000-7fdb6402a000 r--s 00000000 08:02 96743                      /var/cache/fontconfig/99e8ed0e538f840c565b6ed5dad60d56-le64.cache-4
7fdb6402a000-7fdb64030000 r--s 00000000 08:02 96726                      /var/cache/fontconfig/2cd17615ca594fa2959ae173292e504c-le64.cache-4
7fdb64030000-7fdb64031000 r--s 00000000 08:02 96758                      /var/cache/fontconfig/e7071f4a29fa870f4323321c154eba04-le64.cache-4
7fdb64031000-7fdb64032000 r--s 00000000 08:02 96723                      /var/cache/fontconfig/0d8c3b2ac0904cb8a57a757ad11a4a08-le64.cache-4
7fdb64032000-7fdb64039000 r--s 00000000 08:02 96745                      /var/cache/fontconfig/a755afe4a08bf5b97852ceb7400b47bc-le64.cache-4
7fdb64039000-7fdb64045000 r--s 00000000 08:02 96736                      /var/cache/fontconfig/6d41288fd70b0be22e8c3a91e032eec0-le64.cache-4
7fdb64045000-7fdb64050000 r--s 00000000 08:02 99811                      /var/cache/fontconfig/a6354e3ac43af67bd8d7b8e43c34e49f-le64.cache-4
7fdb64050000-7fdb64064000 r--s 00000000 08:02 96720                      /var/cache/fontconfig/04aabc0a78ac019cf9454389977116d2-le64.cache-4
7fdb64064000-7fdb64065000 r--s 00000000 08:02 96725                      /var/cache/fontconfig/1ac9eb803944fde146138c791f5cc56a-le64.cache-4
7fdb64065000-7fdb64069000 r--s 00000000 08:02 96729                      /var/cache/fontconfig/385c0604a188198f04d133e54aba7fe7-le64.cache-4
7fdb64069000-7fdb6406b000 r--s 00000000 08:02 96738                      /var/cache/fontconfig/767a8244fc0220cfb567a839d0392e0b-le64.cache-4
7fdb6406b000-7fdb6407d000 r--s 00000000 08:02 96721                      /var/cache/fontconfig/0bd3dc0958fa2205aaaa8ebb13e2872b-le64.cache-4
7fdb6407d000-7fdb64082000 r--s 00000000 08:02 96740                      /var/cache/fontconfig/8801497958630a81b71ace7c5f9b32a8-le64.cache-4
7fdb64082000-7fdb64089000 r--s 00000000 08:02 96727                      /var/cache/fontconfig/3047814df9a2f067bd2d96a2b9c36e5a-le64.cache-4
7fdb64089000-7fdb6408f000 r--s 00000000 08:02 96746                      /var/cache/fontconfig/b47c4e1ecd0709278f4910c18777a504-le64.cache-4
7fdb6408f000-7fdb640a2000 r--s 00000000 08:02 96752                      /var/cache/fontconfig/d52a8644073d54c13679302ca1180695-le64.cache-4
7fdb640a2000-7fdb640ab000 r--s 00000000 08:02 96730                      /var/cache/fontconfig/3f7329c5293ffd510edef78f73874cfd-le64.cache-4
7fdb640d9000-7fdb64129000 r-xp 00000000 08:02 537583                     /usr/lib/jvm/java-7-oracle/jre/lib/amd64/xawt/libmawt.so
7fdb64129000-7fdb64329000 ---p 00050000 08:02 537583                     /usr/lib/jvm/java-7-oracle/jre/lib/amd64/xawt/libmawt.so
7fdb64329000-7fdb6432d000 rw-p 00050000 08:02 537583                     /usr/lib/jvm/java-7-oracle/jre/lib/amd64/xawt/libmawt.so
7fdb6432d000-7fdb6432e000 rw-p 00000000 00:00 0 
7fdb6432e000-7fdb643d0000 r-xp 00000000 08:02 537543                     /usr/lib/jvm/java-7-oracle/jre/lib/amd64/libawt.so
7fdb643d0000-7fdb645d0000 ---p 000a2000 08:02 537543                     /usr/lib/jvm/java-7-oracle/jre/lib/amd64/libawt.so
7fdb645d0000-7fdb645dc000 rw-p 000a2000 08:02 537543                     /usr/lib/jvm/java-7-oracle/jre/lib/amd64/libawt.so
7fdb645dc000-7fdb64600000 rw-p 00000000 00:00 0 
7fdb64600000-7fdb64601000 ---p 00000000 00:00 0 
7fdb64601000-7fdb64701000 rw-p 00000000 00:00 0                          [stack:2959]
7fdb64701000-7fdb64704000 ---p 00000000 00:00 0 
7fdb64704000-7fdb64802000 rw-p 00000000 00:00 0                          [stack:2958]
7fdb64802000-7fdb64805000 ---p 00000000 00:00 0 
7fdb64805000-7fdb64903000 rw-p 00000000 00:00 0                          [stack:2957]
7fdb64903000-7fdb64906000 ---p 00000000 00:00 0 
7fdb64906000-7fdb64a04000 rw-p 00000000 00:00 0                          [stack:2956]
7fdb64a04000-7fdb64a07000 ---p 00000000 00:00 0 
7fdb64a07000-7fdb64b05000 rw-p 00000000 00:00 0                          [stack:2955]
7fdb64b05000-7fdb64eff000 r--p 00000000 08:02 531394                     /usr/lib/locale/locale-archive
7fdb64eff000-7fdb64f02000 ---p 00000000 00:00 0 
7fdb64f02000-7fdb65000000 rw-p 00000000 00:00 0                          [stack:2954]
7fdb65000000-7fdb65270000 rwxp 00000000 00:00 0 
7fdb65270000-7fdb6830b000 rw-p 00000000 00:00 0 
7fdb6830b000-7fdb6c000000 ---p 00000000 00:00 0 
7fdb6c000000-7fdb6c001000 r--s 00000000 08:02 96755                      /var/cache/fontconfig/dc05db6664285cc2f12bf69c139ae4c3-le64.cache-4
7fdb6c001000-7fdb6c002000 r--s 00000000 08:02 96731                      /var/cache/fontconfig/4794a0821666d79190d59a36cb4f44b5-le64.cache-4
7fdb6c002000-7fdb6c003000 r--s 00000000 08:02 96733                      /var/cache/fontconfig/56cf4f4769d0f4abc89a4895d7bd3ae1-le64.cache-4
7fdb6c003000-7fdb6c00e000 r--s 00000000 08:02 96753                      /var/cache/fontconfig/d589a48862398ed80a3d6066f4f56f4c-le64.cache-4
7fdb6c0c9000-7fdb6c0fa000 rw-p 00000000 00:00 0 
7fdb6c0fa000-7fdb6c0fd000 ---p 00000000 00:00 0 
7fdb6c0fd000-7fdb6c1fb000 rw-p 00000000 00:00 0                          [stack:2952]
7fdb6c1fb000-7fdb6c1fc000 ---p 00000000 00:00 0 
7fdb6c1fc000-7fdb6d2fb000 rw-p 00000000 00:00 0                          [stack:2951]
7fdb6d2fb000-7fdb6d4bb000 r--s 039fb000 08:02 537590                     /usr/lib/jvm/java-7-oracle/jre/lib/rt.jar
7fdb6d4bb000-7fdb6da07000 rw-p 00000000 00:00 0 
7fdb6da07000-7fdb6da08000 ---p 00000000 00:00 0 
7fdb6da08000-7fdb6db08000 rw-p 00000000 00:00 0                          [stack:2950]
7fdb6db08000-7fdb6db09000 ---p 00000000 00:00 0 
7fdb6db09000-7fdb6dc09000 rw-p 00000000 00:00 0                          [stack:2949]
7fdb6dc09000-7fdb6dc0a000 ---p 00000000 00:00 0 
7fdb6dc0a000-7fdb6dd0a000 rw-p 00000000 00:00 0                          [stack:2948]
7fdb6dd0a000-7fdb6dd0b000 ---p 00000000 00:00 0 
7fdb6dd0b000-7fdb6de17000 rw-p 00000000 00:00 0                          [stack:2947]
7fdb6de17000-7fdb6de18000 ---p 00000000 00:00 0 
7fdb6de18000-7fdb6de34000 rw-p 00000000 00:00 0 
7fdb6de34000-7fdb6dfc7000 rw-p 00000000 00:00 0 
7fdb6dfc7000-7fdb6e0df000 rw-p 00000000 00:00 0 
7fdb6e0df000-7fdb6e0eb000 rw-p 00000000 00:00 0 
7fdb6e0eb000-7fdb6e0ec000 ---p 00000000 00:00 0 
7fdb6e0ec000-7fdb6e108000 rw-p 00000000 00:00 0 
7fdb6e108000-7fdb6e29b000 rw-p 00000000 00:00 0 
7fdb6e29b000-7fdb6e3b2000 rw-p 00000000 00:00 0 
7fdb6e3b2000-7fdb6e508000 rw-p 00000000 00:00 0 
7fdb6e508000-7fdb6e509000 rw-p 00000000 00:00 0 
7fdb6e509000-7fdb6e520000 r-xp 00000000 08:02 537529                     /usr/lib/jvm/java-7-oracle/jre/lib/amd64/libzip.so
7fdb6e520000-7fdb6e720000 ---p 00017000 08:02 537529                     /usr/lib/jvm/java-7-oracle/jre/lib/amd64/libzip.so
7fdb6e720000-7fdb6e721000 rw-p 00017000 08:02 537529                     /usr/lib/jvm/java-7-oracle/jre/lib/amd64/libzip.so
7fdb6e721000-7fdb6e72c000 r-xp 00000000 08:02 1053015                    /lib/x86_64-linux-gnu/libnss_files-2.19.so
7fdb6e72c000-7fdb6e92b000 ---p 0000b000 08:02 1053015                    /lib/x86_64-linux-gnu/libnss_files-2.19.so
7fdb6e92b000-7fdb6e92c000 r--p 0000a000 08:02 1053015                    /lib/x86_64-linux-gnu/libnss_files-2.19.so
7fdb6e92c000-7fdb6e92d000 rw-p 0000b000 08:02 1053015                    /lib/x86_64-linux-gnu/libnss_files-2.19.so
7fdb6e92d000-7fdb6e938000 r-xp 00000000 08:02 1053025                    /lib/x86_64-linux-gnu/libnss_nis-2.19.so
7fdb6e938000-7fdb6eb37000 ---p 0000b000 08:02 1053025                    /lib/x86_64-linux-gnu/libnss_nis-2.19.so
7fdb6eb37000-7fdb6eb38000 r--p 0000a000 08:02 1053025                    /lib/x86_64-linux-gnu/libnss_nis-2.19.so
7fdb6eb38000-7fdb6eb39000 rw-p 0000b000 08:02 1053025                    /lib/x86_64-linux-gnu/libnss_nis-2.19.so
7fdb6eb39000-7fdb6eb50000 r-xp 00000000 08:02 1053009                    /lib/x86_64-linux-gnu/libnsl-2.19.so
7fdb6eb50000-7fdb6ed4f000 ---p 00017000 08:02 1053009                    /lib/x86_64-linux-gnu/libnsl-2.19.so
7fdb6ed4f000-7fdb6ed50000 r--p 00016000 08:02 1053009                    /lib/x86_64-linux-gnu/libnsl-2.19.so
7fdb6ed50000-7fdb6ed51000 rw-p 00017000 08:02 1053009                    /lib/x86_64-linux-gnu/libnsl-2.19.so
7fdb6ed51000-7fdb6ed53000 rw-p 00000000 00:00 0 
7fdb6ed53000-7fdb6ed5c000 r-xp 00000000 08:02 1053011                    /lib/x86_64-linux-gnu/libnss_compat-2.19.so
7fdb6ed5c000-7fdb6ef5b000 ---p 00009000 08:02 1053011                    /lib/x86_64-linux-gnu/libnss_compat-2.19.so
7fdb6ef5b000-7fdb6ef5c000 r--p 00008000 08:02 1053011                    /lib/x86_64-linux-gnu/libnss_compat-2.19.so
7fdb6ef5c000-7fdb6ef5d000 rw-p 00009000 08:02 1053011                    /lib/x86_64-linux-gnu/libnss_compat-2.19.so
7fdb6ef5d000-7fdb6ef86000 r-xp 00000000 08:02 537563                     /usr/lib/jvm/java-7-oracle/jre/lib/amd64/libjava.so
7fdb6ef86000-7fdb6f186000 ---p 00029000 08:02 537563                     /usr/lib/jvm/java-7-oracle/jre/lib/amd64/libjava.so
7fdb6f186000-7fdb6f188000 rw-p 00029000 08:02 537563                     /usr/lib/jvm/java-7-oracle/jre/lib/amd64/libjava.so
7fdb6f188000-7fdb6f195000 r-xp 00000000 08:02 537558                     /usr/lib/jvm/java-7-oracle/jre/lib/amd64/libverify.so
7fdb6f195000-7fdb6f394000 ---p 0000d000 08:02 537558                     /usr/lib/jvm/java-7-oracle/jre/lib/amd64/libverify.so
7fdb6f394000-7fdb6f396000 rw-p 0000c000 08:02 537558                     /usr/lib/jvm/java-7-oracle/jre/lib/amd64/libverify.so
7fdb6f396000-7fdb6f39d000 r-xp 00000000 08:02 1053068                    /lib/x86_64-linux-gnu/librt-2.19.so
7fdb6f39d000-7fdb6f59c000 ---p 00007000 08:02 1053068                    /lib/x86_64-linux-gnu/librt-2.19.so
7fdb6f59c000-7fdb6f59d000 r--p 00006000 08:02 1053068                    /lib/x86_64-linux-gnu/librt-2.19.so
7fdb6f59d000-7fdb6f59e000 rw-p 00007000 08:02 1053068                    /lib/x86_64-linux-gnu/librt-2.19.so
7fdb6f59e000-7fdb6f6a3000 r-xp 00000000 08:02 1052990                    /lib/x86_64-linux-gnu/libm-2.19.so
7fdb6f6a3000-7fdb6f8a2000 ---p 00105000 08:02 1052990                    /lib/x86_64-linux-gnu/libm-2.19.so
7fdb6f8a2000-7fdb6f8a3000 r--p 00104000 08:02 1052990                    /lib/x86_64-linux-gnu/libm-2.19.so
7fdb6f8a3000-7fdb6f8a4000 rw-p 00105000 08:02 1052990                    /lib/x86_64-linux-gnu/libm-2.19.so
7fdb6f8a4000-7fdb7041a000 r-xp 00000000 08:02 537570                     /usr/lib/jvm/java-7-oracle/jre/lib/amd64/server/libjvm.so
7fdb7041a000-7fdb70619000 ---p 00b76000 08:02 537570                     /usr/lib/jvm/java-7-oracle/jre/lib/amd64/server/libjvm.so
7fdb70619000-7fdb706dd000 rw-p 00b75000 08:02 537570                     /usr/lib/jvm/java-7-oracle/jre/lib/amd64/server/libjvm.so
7fdb706dd000-7fdb7071e000 rw-p 00000000 00:00 0 
7fdb7071e000-7fdb708d9000 r-xp 00000000 08:02 1052939                    /lib/x86_64-linux-gnu/libc-2.19.so
7fdb708d9000-7fdb70ad8000 ---p 001bb000 08:02 1052939                    /lib/x86_64-linux-gnu/libc-2.19.so
7fdb70ad8000-7fdb70adc000 r--p 001ba000 08:02 1052939                    /lib/x86_64-linux-gnu/libc-2.19.so
7fdb70adc000-7fdb70ade000 rw-p 001be000 08:02 1052939                    /lib/x86_64-linux-gnu/libc-2.19.so
7fdb70ade000-7fdb70ae3000 rw-p 00000000 00:00 0 
7fdb70ae3000-7fdb70ae6000 r-xp 00000000 08:02 1052956                    /lib/x86_64-linux-gnu/libdl-2.19.so
7fdb70ae6000-7fdb70ce5000 ---p 00003000 08:02 1052956                    /lib/x86_64-linux-gnu/libdl-2.19.so
7fdb70ce5000-7fdb70ce6000 r--p 00002000 08:02 1052956                    /lib/x86_64-linux-gnu/libdl-2.19.so
7fdb70ce6000-7fdb70ce7000 rw-p 00003000 08:02 1052956                    /lib/x86_64-linux-gnu/libdl-2.19.so
7fdb70ce7000-7fdb70cfc000 r-xp 00000000 08:02 537539                     /usr/lib/jvm/java-7-oracle/jre/lib/amd64/jli/libjli.so
7fdb70cfc000-7fdb70efb000 ---p 00015000 08:02 537539                     /usr/lib/jvm/java-7-oracle/jre/lib/amd64/jli/libjli.so
7fdb70efb000-7fdb70efc000 rw-p 00014000 08:02 537539                     /usr/lib/jvm/java-7-oracle/jre/lib/amd64/jli/libjli.so
7fdb70efc000-7fdb70f15000 r-xp 00000000 08:02 1053060                    /lib/x86_64-linux-gnu/libpthread-2.19.so
7fdb70f15000-7fdb71114000 ---p 00019000 08:02 1053060                    /lib/x86_64-linux-gnu/libpthread-2.19.so
7fdb71114000-7fdb71115000 r--p 00018000 08:02 1053060                    /lib/x86_64-linux-gnu/libpthread-2.19.so
7fdb71115000-7fdb71116000 rw-p 00019000 08:02 1053060                    /lib/x86_64-linux-gnu/libpthread-2.19.so
7fdb71116000-7fdb7111a000 rw-p 00000000 00:00 0 
7fdb7111a000-7fdb7113d000 r-xp 00000000 08:02 1052913                    /lib/x86_64-linux-gnu/ld-2.19.so
7fdb7113d000-7fdb7113e000 r--s 00000000 08:02 96747                      /var/cache/fontconfig/b9d506c9ac06c20b433354fa67a72993-le64.cache-4
7fdb7113e000-7fdb71141000 r--s 00000000 08:02 96898                      /var/cache/fontconfig/e13b20fdb08344e0e664864cc2ede53d-le64.cache-4
7fdb71141000-7fdb71145000 r--s 00000000 08:02 99809                      /var/cache/fontconfig/7ef2298fde41cc6eeb7af42e48b7d293-le64.cache-4
7fdb71156000-7fdb71160000 rw-p 00000000 00:00 0 
7fdb71160000-7fdb71216000 rw-p 00000000 00:00 0 
7fdb71216000-7fdb71219000 ---p 00000000 00:00 0 
7fdb71219000-7fdb7131b000 rw-p 00000000 00:00 0                          [stack:2946]
7fdb7131b000-7fdb7131c000 r--s 00000000 08:02 96722                      /var/cache/fontconfig/0c9eb80ebd1c36541ebe2852d3bb0c49-le64.cache-4
7fdb7132b000-7fdb7132c000 rw-p 00000000 00:00 0 
7fdb7132c000-7fdb71330000 rw-s 00000000 00:05 60194830                   /SYSV00000000 (deleted)
7fdb71330000-7fdb71338000 rw-s 00000000 08:02 13123                      /tmp/hsperfdata_ted-cassirer/2945
7fdb71338000-7fdb71339000 rw-p 00000000 00:00 0 
7fdb71339000-7fdb7133a000 ---p 00000000 00:00 0 
7fdb7133a000-7fdb7133c000 rw-p 00000000 00:00 0 
7fdb7133c000-7fdb7133d000 r--p 00022000 08:02 1052913                    /lib/x86_64-linux-gnu/ld-2.19.so
7fdb7133d000-7fdb7133e000 rw-p 00023000 08:02 1052913                    /lib/x86_64-linux-gnu/ld-2.19.so
7fdb7133e000-7fdb7133f000 rw-p 00000000 00:00 0 
7ffc9f818000-7ffc9f839000 rw-p 00000000 00:00 0                          [stack]
7ffc9f84e000-7ffc9f850000 r--p 00000000 00:00 0                          [vvar]
7ffc9f850000-7ffc9f852000 r-xp 00000000 00:00 0                          [vdso]
ffffffffff600000-ffffffffff601000 r-xp 00000000 00:00 0                  [vsyscall]

VM Arguments:
jvm_args: -Xmx2048m 
java_command: ir.SearchGUI -d /home/ted-cassirer/Desktop/Skolan/davisWiki
Launcher Type: SUN_STANDARD

Environment Variables:
PATH=/usr/local/sbin:/usr/local/bin:/usr/sbin:/usr/bin:/sbin:/bin:/usr/games:/usr/local/games
USERNAME=ted-cassirer
SHELL=/bin/bash
DISPLAY=:0

Signal Handlers:
SIGSEGV: [libjvm.so+0x9a3b20], sa_mask[0]=0x7ffbfeff, sa_flags=0x10000004
SIGBUS: [libjvm.so+0x9a3b20], sa_mask[0]=0x7ffbfeff, sa_flags=0x10000004
SIGFPE: [libjvm.so+0x81e740], sa_mask[0]=0x7ffbfeff, sa_flags=0x10000004
SIGPIPE: [libjvm.so+0x81e740], sa_mask[0]=0x7ffbfeff, sa_flags=0x10000004
SIGXFSZ: [libjvm.so+0x81e740], sa_mask[0]=0x7ffbfeff, sa_flags=0x10000004
SIGILL: [libjvm.so+0x81e740], sa_mask[0]=0x7ffbfeff, sa_flags=0x10000004
SIGUSR1: SIG_DFL, sa_mask[0]=0x00000000, sa_flags=0x00000000
SIGUSR2: [libjvm.so+0x81ffb0], sa_mask[0]=0x00000000, sa_flags=0x10000004
SIGHUP: [libjvm.so+0x8210d0], sa_mask[0]=0x7ffbfeff, sa_flags=0x10000004
SIGINT: [libjvm.so+0x8210d0], sa_mask[0]=0x7ffbfeff, sa_flags=0x10000004
SIGTERM: [libjvm.so+0x8210d0], sa_mask[0]=0x7ffbfeff, sa_flags=0x10000004
SIGQUIT: [libjvm.so+0x8210d0], sa_mask[0]=0x7ffbfeff, sa_flags=0x10000004


---------------  S Y S T E M  ---------------

OS:jessie/sid

uname:Linux 4.4.0-040400-generic #201601101930 SMP Mon Jan 11 00:32:41 UTC 2016 x86_64
libc:glibc 2.19 NPTL 2.19 
rlimit: STACK 8192k, CORE 0k, NPROC 31128, NOFILE 4096, AS infinity
load average:4,60 3,72 3,84

/proc/meminfo:
MemTotal:        8062264 kB
MemFree:           46168 kB
MemAvailable:     283640 kB
Buffers:           10188 kB
Cached:          1039340 kB
SwapCached:            0 kB
Active:          6964352 kB
Inactive:         807308 kB
Active(anon):    6826168 kB
Inactive(anon):   715424 kB
Active(file):     138184 kB
Inactive(file):    91884 kB
Unevictable:        1688 kB
Mlocked:        34359740056 kB
SwapTotal:             0 kB
SwapFree:              0 kB
Dirty:               216 kB
Writeback:             0 kB
AnonPages:       6723680 kB
Mapped:           507216 kB
Shmem:            819608 kB
Slab:              94152 kB
SReclaimable:      49764 kB
SUnreclaim:        44388 kB
KernelStack:       12240 kB
PageTables:        63712 kB
NFS_Unstable:          0 kB
Bounce:                0 kB
WritebackTmp:          0 kB
CommitLimit:     4031132 kB
Committed_AS:   14930904 kB
VmallocTotal:   34359738367 kB
VmallocUsed:           0 kB
VmallocChunk:          0 kB
HardwareCorrupted:     0 kB
AnonHugePages:   3287040 kB
CmaTotal:              0 kB
CmaFree:               0 kB
HugePages_Total:       0
HugePages_Free:        0
HugePages_Rsvd:        0
HugePages_Surp:        0
Hugepagesize:       2048 kB
DirectMap4k:      255396 kB
DirectMap2M:     5922816 kB
DirectMap1G:     2097152 kB


CPU:total 4 (2 cores per cpu, 2 threads per core) family 6 model 78 stepping 3, cmov, cx8, fxsr, mmx, sse, sse2, sse3, ssse3, sse4.1, sse4.2, popcnt, avx, avx2, aes, erms, ht, tsc, tscinvbit

/proc/cpuinfo:
processor	: 0
vendor_id	: GenuineIntel
cpu family	: 6
model		: 78
model name	: Intel(R) Core(TM) i5-6200U CPU @ 2.30GHz
stepping	: 3
microcode	: 0x33
cpu MHz		: 2701.406
cache size	: 3072 KB
physical id	: 0
siblings	: 4
core id		: 0
cpu cores	: 2
apicid		: 0
initial apicid	: 0
fpu		: yes
fpu_exception	: yes
cpuid level	: 22
wp		: yes
flags		: fpu vme de pse tsc msr pae mce cx8 apic sep mtrr pge mca cmov pat pse36 clflush dts acpi mmx fxsr sse sse2 ss ht tm pbe syscall nx pdpe1gb rdtscp lm constant_tsc arch_perfmon pebs bts rep_good nopl xtopology nonstop_tsc aperfmperf eagerfpu pni pclmulqdq dtes64 monitor ds_cpl vmx est tm2 ssse3 sdbg fma cx16 xtpr pdcm pcid sse4_1 sse4_2 x2apic movbe popcnt tsc_deadline_timer aes xsave avx f16c rdrand lahf_lm abm 3dnowprefetch ida arat epb pln pts dtherm hwp hwp_notify hwp_act_window hwp_epp intel_pt tpr_shadow vnmi flexpriority ept vpid fsgsbase tsc_adjust bmi1 avx2 smep bmi2 erms invpcid mpx rdseed adx smap clflushopt xsaveopt xsavec xgetbv1
bugs		:
bogomips	: 4799.89
clflush size	: 64
cache_alignment	: 64
address sizes	: 39 bits physical, 48 bits virtual
power management:

processor	: 1
vendor_id	: GenuineIntel
cpu family	: 6
model		: 78
model name	: Intel(R) Core(TM) i5-6200U CPU @ 2.30GHz
stepping	: 3
microcode	: 0x33
cpu MHz		: 2700.000
cache size	: 3072 KB
physical id	: 0
siblings	: 4
core id		: 1
cpu cores	: 2
apicid		: 2
initial apicid	: 2
fpu		: yes
fpu_exception	: yes
cpuid level	: 22
wp		: yes
flags		: fpu vme de pse tsc msr pae mce cx8 apic sep mtrr pge mca cmov pat pse36 clflush dts acpi mmx fxsr sse sse2 ss ht tm pbe syscall nx pdpe1gb rdtscp lm constant_tsc arch_perfmon pebs bts rep_good nopl xtopology nonstop_tsc aperfmperf eagerfpu pni pclmulqdq dtes64 monitor ds_cpl vmx est tm2 ssse3 sdbg fma cx16 xtpr pdcm pcid sse4_1 sse4_2 x2apic movbe popcnt tsc_deadline_timer aes xsave avx f16c rdrand lahf_lm abm 3dnowprefetch ida arat epb pln pts dtherm hwp hwp_notify hwp_act_window hwp_epp intel_pt tpr_shadow vnmi flexpriority ept vpid fsgsbase tsc_adjust bmi1 avx2 smep bmi2 erms invpcid mpx rdseed adx smap clflushopt xsaveopt xsavec xgetbv1
bugs		:
bogomips	: 4799.89
clflush size	: 64
cache_alignment	: 64
address sizes	: 39 bits physical, 48 bits virtual
power management:

processor	: 2
vendor_id	: GenuineIntel
cpu family	: 6
model		: 78
model name	: Intel(R) Core(TM) i5-6200U CPU @ 2.30GHz
stepping	: 3
microcode	: 0x33
cpu MHz		: 2723.812
cache size	: 3072 KB
physical id	: 0
siblings	: 4
core id		: 0
cpu cores	: 2
apicid		: 1
initial apicid	: 1
fpu		: yes
fpu_exception	: yes
cpuid level	: 22
wp		: yes
flags		: fpu vme de pse tsc msr pae mce cx8 apic sep mtrr pge mca cmov pat pse36 clflush dts acpi mmx fxsr sse sse2 ss ht tm pbe syscall nx pdpe1gb rdtscp lm constant_tsc arch_perfmon pebs bts rep_good nopl xtopology nonstop_tsc aperfmperf eagerfpu pni pclmulqdq dtes64 monitor ds_cpl vmx est tm2 ssse3 sdbg fma cx16 xtpr pdcm pcid sse4_1 sse4_2 x2apic movbe popcnt tsc_deadline_timer aes xsave avx f16c rdrand lahf_lm abm 3dnowprefetch ida arat epb pln pts dtherm hwp hwp_notify hwp_act_window hwp_epp intel_pt tpr_shadow vnmi flexpriority ept vpid fsgsbase tsc_adjust bmi1 avx2 smep bmi2 erms invpcid mpx rdseed adx smap clflushopt xsaveopt xsavec xgetbv1
bugs		:
bogomips	: 4799.89
clflush size	: 64
cache_alignment	: 64
address sizes	: 39 bits physical, 48 bits virtual
power management:

processor	: 3
vendor_id	: GenuineIntel
cpu family	: 6
model		: 78
model name	: Intel(R) Core(TM) i5-6200U CPU @ 2.30GHz
stepping	: 3
microcode	: 0x33
cpu MHz		: 2699.906
cache size	: 3072 KB
physical id	: 0
siblings	: 4
core id		: 1
cpu cores	: 2
apicid		: 3
initial apicid	: 3
fpu		: yes
fpu_exception	: yes
cpuid level	: 22
wp		: yes
flags		: fpu vme de pse tsc msr pae mce cx8 apic sep mtrr pge mca cmov pat pse36 clflush dts acpi mmx fxsr sse sse2 ss ht tm pbe syscall nx pdpe1gb rdtscp lm constant_tsc arch_perfmon pebs bts rep_good nopl xtopology nonstop_tsc aperfmperf eagerfpu pni pclmulqdq dtes64 monitor ds_cpl vmx est tm2 ssse3 sdbg fma cx16 xtpr pdcm pcid sse4_1 sse4_2 x2apic movbe popcnt tsc_deadline_timer aes xsave avx f16c rdrand lahf_lm abm 3dnowprefetch ida arat epb pln pts dtherm hwp hwp_notify hwp_act_window hwp_epp intel_pt tpr_shadow vnmi flexpriority ept vpid fsgsbase tsc_adjust bmi1 avx2 smep bmi2 erms invpcid mpx rdseed adx smap clflushopt xsaveopt xsavec xgetbv1
bugs		:
bogomips	: 4799.89
clflush size	: 64
cache_alignment	: 64
address sizes	: 39 bits physical, 48 bits virtual
power management:



Memory: 4k page, physical 8062264k(46168k free), swap 0k(0k free)

vm_info: Java HotSpot(TM) 64-Bit Server VM (24.80-b11) for linux-amd64 JRE (1.7.0_80-b15), built on Apr 10 2015 19:53:14 by "java_re" with gcc 4.3.0 20080428 (Red Hat 4.3.0-8)

time: Fri Mar 11 02:24:29 2016
elapsed time: 35 seconds

