#
# There is insufficient memory for the Java Runtime Environment to continue.
# Native memory allocation (malloc) failed to allocate 788529152 bytes for committing reserved memory.
# Possible reasons:
#   The system is out of physical RAM or swap space
#   In 32 bit mode, the process size limit was hit
# Possible solutions:
#   Reduce memory load on the system
#   Increase physical memory or swap space
#   Check if swap backing store is full
#   Use 64 bit Java on a 64 bit OS
#   Decrease Java heap size (-Xmx/-Xms)
#   Decrease number of Java threads
#   Decrease Java thread stack sizes (-Xss)
#   Set larger code cache with -XX:ReservedCodeCacheSize=
# This output file may be truncated or incomplete.
#
#  Out of Memory Error (os_linux.cpp:2756), pid=20835, tid=139815102629632
#
# JRE version: Java(TM) SE Runtime Environment (7.0_80-b15) (build 1.7.0_80-b15)
# Java VM: Java HotSpot(TM) 64-Bit Server VM (24.80-b11 mixed mode linux-amd64 compressed oops)
# Failed to write core dump. Core dumps have been disabled. To enable core dumping, try "ulimit -c unlimited" before starting Java again
#

---------------  T H R E A D  ---------------

Current thread (0x00007f2944069800):  VMThread [stack: 0x00007f293d76c000,0x00007f293d86d000] [id=20841]

Stack: [0x00007f293d76c000,0x00007f293d86d000],  sp=0x00007f293d86b020,  free space=1020k
Native frames: (J=compiled Java code, j=interpreted, Vv=VM code, C=native code)
V  [libjvm.so+0x9a320a]  VMError::report_and_die()+0x2ea
V  [libjvm.so+0x498d3b]  report_vm_out_of_memory(char const*, int, unsigned long, char const*)+0x9b
V  [libjvm.so+0x82191e]  os::Linux::commit_memory_impl(char*, unsigned long, bool)+0xfe
V  [libjvm.so+0x821e69]  os::pd_commit_memory(char*, unsigned long, unsigned long, bool)+0x29
V  [libjvm.so+0x81bb6a]  os::commit_memory(char*, unsigned long, unsigned long, bool)+0x2a
V  [libjvm.so+0x88d623]  PSVirtualSpace::expand_by(unsigned long)+0x53
V  [libjvm.so+0x87ca80]  PSOldGen::expand(unsigned long)+0x170
V  [libjvm.so+0x87cc8b]  PSOldGen::resize(unsigned long)+0x1cb
V  [libjvm.so+0x885951]  PSParallelCompact::invoke_no_policy(bool)+0x9b1
V  [libjvm.so+0x88b8cd]  PSScavenge::invoke()+0x1ad
V  [libjvm.so+0x843f40]  ParallelScavengeHeap::failed_mem_allocate(unsigned long)+0x70
V  [libjvm.so+0x9a4a97]  VM_ParallelGCFailedAllocation::doit()+0x97
V  [libjvm.so+0x9abf35]  VM_Operation::evaluate()+0x55
V  [libjvm.so+0x9aa2fa]  VMThread::evaluate_operation(VM_Operation*)+0xba
V  [libjvm.so+0x9aa67e]  VMThread::loop()+0x1ce
V  [libjvm.so+0x9aaaf0]  VMThread::run()+0x70
V  [libjvm.so+0x8238c8]  java_start(Thread*)+0x108

VM_Operation (0x00007f294b3a4b60): ParallelGCFailedAllocation, mode: safepoint, requested by thread 0x00007f2944009800


---------------  P R O C E S S  ---------------

Java Threads: ( => current thread )
  0x00007f2944009800 JavaThread "Unknown thread" [_thread_blocked, id=20836, stack(0x00007f294b2a5000,0x00007f294b3a6000)]
  0x00007f28e40b0800 JavaThread "TimerQueue" daemon [_thread_blocked, id=20855, stack(0x00007f2935a93000,0x00007f2935b94000)]
  0x00007f2944211000 JavaThread "AWT-EventQueue-0" [_thread_blocked, id=20852, stack(0x00007f2936ca4000,0x00007f2936da5000)]
  0x00007f29441e5000 JavaThread "AWT-Shutdown" [_thread_blocked, id=20851, stack(0x00007f2936da5000,0x00007f2936ea6000)]
  0x00007f29441be800 JavaThread "AWT-XAWT" daemon [_thread_blocked, id=20850, stack(0x00007f2936ea6000,0x00007f2936fa7000)]
  0x00007f294419b000 JavaThread "Java2D Disposer" daemon [_thread_blocked, id=20849, stack(0x00007f293c0dd000,0x00007f293c1de000)]
  0x00007f29440a1800 JavaThread "Service Thread" daemon [_thread_blocked, id=20847, stack(0x00007f293cd6c000,0x00007f293ce6d000)]
  0x00007f294409f000 JavaThread "C2 CompilerThread1" daemon [_thread_blocked, id=20846, stack(0x00007f293ce6d000,0x00007f293cf6e000)]
  0x00007f294409c000 JavaThread "C2 CompilerThread0" daemon [_thread_blocked, id=20845, stack(0x00007f293cf6e000,0x00007f293d06f000)]
  0x00007f294409a000 JavaThread "Signal Dispatcher" daemon [_thread_blocked, id=20844, stack(0x00007f293d06f000,0x00007f293d170000)]
  0x00007f2944070000 JavaThread "Finalizer" daemon [_thread_blocked, id=20843, stack(0x00007f293d56a000,0x00007f293d66b000)]
  0x00007f294406e000 JavaThread "Reference Handler" daemon [_thread_blocked, id=20842, stack(0x00007f293d66b000,0x00007f293d76c000)]

Other Threads:
=>0x00007f2944069800 VMThread [stack: 0x00007f293d76c000,0x00007f293d86d000] [id=20841]
  0x00007f29440ac800 WatcherThread [stack: 0x00007f293cc6b000,0x00007f293cd6c000] [id=20848]

VM state:at safepoint (normal execution)

VM Mutex/Monitor currently owned by a thread:  ([mutex/lock_event])
[0x00007f29440058f0] ExpandHeap_lock - owner thread: 0x00007f2944069800
[0x00007f2944005f70] Threads_lock - owner thread: 0x00007f2944069800
[0x00007f2944006470] Heap_lock - owner thread: 0x00007f2944009800

Heap
 PSYoungGen      total 1631232K, used 461426K [0x000000076aa80000, 0x0000000800000000, 0x0000000800000000)
  eden space 815616K, 0% used [0x000000076aa80000,0x000000076aa80000,0x000000079c700000)
  from space 815616K, 56% used [0x00000007ce380000,0x00000007ea61ca58,0x0000000800000000)
  to   space 815616K, 0% used [0x000000079c700000,0x000000079c700000,0x00000007ce380000)
 ParOldGen       total 2985984K, used 2985964K [0x0000000640000000, 0x00000006f6400000, 0x000000076aa80000)
  object space 2985984K, 99% used [0x0000000640000000,0x00000006f63fb358,0x00000006f6400000)
 PSPermGen       total 21504K, used 11538K [0x000000063ae00000, 0x000000063c300000, 0x0000000640000000)
  object space 21504K, 53% used [0x000000063ae00000,0x000000063b9448e0,0x000000063c300000)

Card table byte_map: [0x00007f29401d6000,0x00007f2941000000] byte_map_base: 0x00007f293cfff000

Polling page: 0x00007f294b3c8000

Code Cache  [0x00007f2941000000, 0x00007f2941270000, 0x00007f2944000000)
 total_blobs=747 nmethods=284 adapters=416 free_code_cache=47980Kb largest_free_block=49060736

Compilation events (10 events):
Event: 56,481 Thread 0x00007f294409f000  297 %           sun.nio.cs.StreamDecoder::implRead @ 49 (243 bytes)
Event: 56,490 Thread 0x00007f294409f000 nmethod 297% 0x00007f2941133690 code [0x00007f29411338e0, 0x00007f2941134140]
Event: 56,490 Thread 0x00007f294409c000  298             sun.nio.cs.StreamDecoder::implRead (243 bytes)
Event: 56,503 Thread 0x00007f294409c000 nmethod 298 0x00007f29410f7650 code [0x00007f29410f78c0, 0x00007f29410f8360]
Event: 56,505 Thread 0x00007f294409f000  299 % !         ir.Indexer::processFiles @ 25 (783 bytes)
Event: 56,508 Thread 0x00007f294409f000 nmethod 299% 0x00007f29410fb190 code [0x00007f29410fb300, 0x00007f29410fb598]
Event: 90,861 Thread 0x00007f294409c000  300             java.io.UnixFileSystem::getBooleanAttributes (49 bytes)
Event: 90,862 Thread 0x00007f294409c000 nmethod 300 0x00007f294112f8d0 code [0x00007f294112fa40, 0x00007f294112fb78]
Event: 93,957 Thread 0x00007f294409f000  303             sun.nio.cs.UTF_8$Decoder::isMalformed2 (24 bytes)
Event: 93,958 Thread 0x00007f294409f000 nmethod 303 0x00007f29411304d0 code [0x00007f2941130600, 0x00007f2941130678]

GC Heap History (10 events):
Event: 92,357 GC heap after
Heap after GC invocations=47 (full 9):
 PSYoungGen      total 1612800K, used 491408K [0x000000076aa80000, 0x00000007fc280000, 0x0000000800000000)
  eden space 834048K, 0% used [0x000000076aa80000,0x000000076aa80000,0x000000079d900000)
  from space 778752K, 63% used [0x00000007cca00000,0x00000007ea9e4350,0x00000007fc280000)
  to   space 771072K, 0% used [0x000000079d900000,0x000000079d900000,0x00000007cca00000)
 ParOldGen       total 2985984K, used 2349723K [0x0000000640000000, 0x00000006f6400000, 0x000000076aa80000)
  object space 2985984K, 78% used [0x0000000640000000,0x00000006cf6a6da0,0x00000006f6400000)
 PSPermGen       total 21504K, used 11532K [0x000000063ae00000, 0x000000063c300000, 0x0000000640000000)
  object space 21504K, 53% used [0x000000063ae00000,0x000000063b9431c0,0x000000063c300000)
}
Event: 93,119 GC heap before
{Heap before GC invocations=48 (full 9):
 PSYoungGen      total 1612800K, used 1325456K [0x000000076aa80000, 0x00000007fc280000, 0x0000000800000000)
  eden space 834048K, 100% used [0x000000076aa80000,0x000000079d900000,0x000000079d900000)
  from space 778752K, 63% used [0x00000007cca00000,0x00000007ea9e4350,0x00000007fc280000)
  to   space 771072K, 0% used [0x000000079d900000,0x000000079d900000,0x00000007cca00000)
 ParOldGen       total 2985984K, used 2349723K [0x0000000640000000, 0x00000006f6400000, 0x000000076aa80000)
  object space 2985984K, 78% used [0x0000000640000000,0x00000006cf6a6da0,0x00000006f6400000)
 PSPermGen       total 21504K, used 11532K [0x000000063ae00000, 0x000000063c300000, 0x0000000640000000)
  object space 21504K, 53% used [0x000000063ae00000,0x000000063b9431c0,0x000000063c300000)
Event: 93,952 GC heap after
Heap after GC invocations=48 (full 9):
 PSYoungGen      total 1605120K, used 650049K [0x000000076aa80000, 0x0000000800000000, 0x0000000800000000)
  eden space 834048K, 0% used [0x000000076aa80000,0x000000076aa80000,0x000000079d900000)
  from space 771072K, 84% used [0x000000079d900000,0x00000007c53d04c0,0x00000007cca00000)
  to   space 812032K, 0% used [0x00000007ce700000,0x00000007ce700000,0x0000000800000000)
 ParOldGen       total 2985984K, used 2349723K [0x0000000640000000, 0x00000006f6400000, 0x000000076aa80000)
  object space 2985984K, 78% used [0x0000000640000000,0x00000006cf6a6da0,0x00000006f6400000)
 PSPermGen       total 21504K, used 11532K [0x000000063ae00000, 0x000000063c300000, 0x0000000640000000)
  object space 21504K, 53% used [0x000000063ae00000,0x000000063b9431c0,0x000000063c300000)
}
Event: 94,714 GC heap before
{Heap before GC invocations=49 (full 9):
 PSYoungGen      total 1605120K, used 1484097K [0x000000076aa80000, 0x0000000800000000, 0x0000000800000000)
  eden space 834048K, 100% used [0x000000076aa80000,0x000000079d900000,0x000000079d900000)
  from space 771072K, 84% used [0x000000079d900000,0x00000007c53d04c0,0x00000007cca00000)
  to   space 812032K, 0% used [0x00000007ce700000,0x00000007ce700000,0x0000000800000000)
 ParOldGen       total 2985984K, used 2349723K [0x0000000640000000, 0x00000006f6400000, 0x000000076aa80000)
  object space 2985984K, 78% used [0x0000000640000000,0x00000006cf6a6da0,0x00000006f6400000)
 PSPermGen       total 21504K, used 11532K [0x000000063ae00000, 0x000000063c300000, 0x0000000640000000)
  object space 21504K, 53% used [0x000000063ae00000,0x000000063b9431c0,0x000000063c300000)
Event: 95,808 GC heap after
Heap after GC invocations=49 (full 9):
 PSYoungGen      total 1627648K, used 803765K [0x000000076aa80000, 0x0000000800000000, 0x0000000800000000)
  eden space 815616K, 0% used [0x000000076aa80000,0x000000076aa80000,0x000000079c700000)
  from space 812032K, 98% used [0x00000007ce700000,0x00000007ff7ed540,0x0000000800000000)
  to   space 815616K, 0% used [0x000000079c700000,0x000000079c700000,0x00000007ce380000)
 ParOldGen       total 2985984K, used 2349723K [0x0000000640000000, 0x00000006f6400000, 0x000000076aa80000)
  object space 2985984K, 78% used [0x0000000640000000,0x00000006cf6a6da0,0x00000006f6400000)
 PSPermGen       total 21504K, used 11532K [0x000000063ae00000, 0x000000063c300000, 0x0000000640000000)
  object space 21504K, 53% used [0x000000063ae00000,0x000000063b9431c0,0x000000063c300000)
}
Event: 96,736 GC heap before
{Heap before GC invocations=50 (full 9):
 PSYoungGen      total 1627648K, used 1619381K [0x000000076aa80000, 0x0000000800000000, 0x0000000800000000)
  eden space 815616K, 100% used [0x000000076aa80000,0x000000079c700000,0x000000079c700000)
  from space 812032K, 98% used [0x00000007ce700000,0x00000007ff7ed540,0x0000000800000000)
  to   space 815616K, 0% used [0x000000079c700000,0x000000079c700000,0x00000007ce380000)
 ParOldGen       total 2985984K, used 2349723K [0x0000000640000000, 0x00000006f6400000, 0x000000076aa80000)
  object space 2985984K, 78% used [0x0000000640000000,0x00000006cf6a6da0,0x00000006f6400000)
 PSPermGen       total 21504K, used 11532K [0x000000063ae00000, 0x000000063c300000, 0x0000000640000000)
  object space 21504K, 53% used [0x000000063ae00000,0x000000063b9431c0,0x000000063c300000)
Event: 97,890 GC heap after
Heap after GC invocations=50 (full 9):
 PSYoungGen      total 1631232K, used 741365K [0x000000076aa80000, 0x0000000800000000, 0x0000000800000000)
  eden space 815616K, 0% used [0x000000076aa80000,0x000000076aa80000,0x000000079c700000)
  from space 815616K, 90% used [0x000000079c700000,0x00000007c9afd4f0,0x00000007ce380000)
  to   space 815616K, 0% used [0x00000007ce380000,0x00000007ce380000,0x0000000800000000)
 ParOldGen       total 2985984K, used 2567693K [0x0000000640000000, 0x00000006f6400000, 0x000000076aa80000)
  object space 2985984K, 85% used [0x0000000640000000,0x00000006dcb83690,0x00000006f6400000)
 PSPermGen       total 21504K, used 11532K [0x000000063ae00000, 0x000000063c300000, 0x0000000640000000)
  object space 21504K, 53% used [0x000000063ae00000,0x000000063b9431c0,0x000000063c300000)
}
Event: 98,651 GC heap before
{Heap before GC invocations=51 (full 9):
 PSYoungGen      total 1631232K, used 1556981K [0x000000076aa80000, 0x0000000800000000, 0x0000000800000000)
  eden space 815616K, 100% used [0x000000076aa80000,0x000000079c700000,0x000000079c700000)
  from space 815616K, 90% used [0x000000079c700000,0x00000007c9afd4f0,0x00000007ce380000)
  to   space 815616K, 0% used [0x00000007ce380000,0x00000007ce380000,0x0000000800000000)
 ParOldGen       total 2985984K, used 2567693K [0x0000000640000000, 0x00000006f6400000, 0x000000076aa80000)
  object space 2985984K, 85% used [0x0000000640000000,0x00000006dcb83690,0x00000006f6400000)
 PSPermGen       total 21504K, used 11538K [0x000000063ae00000, 0x000000063c300000, 0x0000000640000000)
  object space 21504K, 53% used [0x000000063ae00000,0x000000063b9448e0,0x000000063c300000)
Event: 99,801 GC heap after
Heap after GC invocations=51 (full 9):
 PSYoungGen      total 1631232K, used 623457K [0x000000076aa80000, 0x0000000800000000, 0x0000000800000000)
  eden space 815616K, 0% used [0x000000076aa80000,0x000000076aa80000,0x000000079c700000)
  from space 815616K, 76% used [0x00000007ce380000,0x00000007f44586b0,0x0000000800000000)
  to   space 815616K, 0% used [0x000000079c700000,0x000000079c700000,0x00000007ce380000)
 ParOldGen       total 2985984K, used 2841629K [0x0000000640000000, 0x00000006f6400000, 0x000000076aa80000)
  object space 2985984K, 95% used [0x0000000640000000,0x00000006ed7077f0,0x00000006f6400000)
 PSPermGen       total 21504K, used 11538K [0x000000063ae00000, 0x000000063c300000, 0x0000000640000000)
  object space 21504K, 53% used [0x000000063ae00000,0x000000063b9448e0,0x000000063c300000)
}
Event: 99,801 GC heap before
{Heap before GC invocations=52 (full 10):
 PSYoungGen      total 1631232K, used 623457K [0x000000076aa80000, 0x0000000800000000, 0x0000000800000000)
  eden space 815616K, 0% used [0x000000076aa80000,0x000000076aa80000,0x000000079c700000)
  from space 815616K, 76% used [0x00000007ce380000,0x00000007f44586b0,0x0000000800000000)
  to   space 815616K, 0% used [0x000000079c700000,0x000000079c700000,0x00000007ce380000)
 ParOldGen       total 2985984K, used 2841629K [0x0000000640000000, 0x00000006f6400000, 0x000000076aa80000)
  object space 2985984K, 95% used [0x0000000640000000,0x00000006ed7077f0,0x00000006f6400000)
 PSPermGen       total 21504K, used 11538K [0x000000063ae00000, 0x000000063c300000, 0x0000000640000000)
  object space 21504K, 53% used [0x000000063ae00000,0x000000063b9448e0,0x000000063c300000)

Deoptimization events (10 events):
Event: 4,822 Thread 0x00007f2944009800 Uncommon trap: reason=class_check action=maybe_recompile pc=0x00007f29410e01cc method=sun.nio.cs.UTF_8.updatePositions(Ljava/nio/Buffer;ILjava/nio/Buffer;I)V @ 3
Event: 4,822 Thread 0x00007f2944009800 Uncommon trap: reason=class_check action=maybe_recompile pc=0x00007f29410e01cc method=sun.nio.cs.UTF_8.updatePositions(Ljava/nio/Buffer;ILjava/nio/Buffer;I)V @ 3
Event: 4,822 Thread 0x00007f2944009800 Uncommon trap: reason=class_check action=maybe_recompile pc=0x00007f29410e01cc method=sun.nio.cs.UTF_8.updatePositions(Ljava/nio/Buffer;ILjava/nio/Buffer;I)V @ 3
Event: 4,822 Thread 0x00007f2944009800 Uncommon trap: reason=class_check action=maybe_recompile pc=0x00007f29410e01cc method=sun.nio.cs.UTF_8.updatePositions(Ljava/nio/Buffer;ILjava/nio/Buffer;I)V @ 3
Event: 14,446 Thread 0x00007f2944009800 Uncommon trap: reason=unstable_if action=reinterpret pc=0x00007f29410e639c method=sun.nio.cs.UTF_8$Decoder.xflow(Ljava/nio/Buffer;IILjava/nio/Buffer;II)Ljava/nio/charset/CoderResult; @ 18
Event: 14,493 Thread 0x00007f2944009800 Uncommon trap: reason=unstable_if action=reinterpret pc=0x00007f29411185c4 method=sun.nio.cs.UTF_8$Decoder.isMalformed3(III)Z @ 3
Event: 15,100 Thread 0x00007f2944009800 Uncommon trap: reason=unstable_if action=reinterpret pc=0x00007f2941115fe4 method=sun.nio.cs.StreamDecoder.implRead([CII)I @ 87
Event: 55,083 Thread 0x00007f2944009800 Uncommon trap: reason=unstable_if action=reinterpret pc=0x00007f29410e1398 method=java.nio.charset.CharsetDecoder.decode(Ljava/nio/ByteBuffer;Ljava/nio/CharBuffer;Z)Ljava/nio/charset/CoderResult; @ 105
Event: 55,083 Thread 0x00007f2944009800 Uncommon trap: reason=unstable_if action=reinterpret pc=0x00007f294108256c method=java.nio.charset.CharsetDecoder.decode(Ljava/nio/ByteBuffer;Ljava/nio/CharBuffer;Z)Ljava/nio/charset/CoderResult; @ 105
Event: 98,650 Thread 0x00007f2944009800 Uncommon trap: reason=unstable_if action=reinterpret pc=0x00007f29410fb4e4 method=ir.Indexer.processFiles(Ljava/io/File;)V @ 28

Internal exceptions (10 events):
Event: 0,376 Thread 0x00007f2944009800 Threw 0x000000076b5f90a8 at /HUDSON/workspace/7u-2-build-linux-amd64/jdk7u80/2329/hotspot/src/share/vm/prims/jvm.cpp:1319
Event: 0,376 Thread 0x00007f2944009800 Threw 0x000000076b5faa00 at /HUDSON/workspace/7u-2-build-linux-amd64/jdk7u80/2329/hotspot/src/share/vm/prims/jvm.cpp:1319
Event: 0,376 Thread 0x00007f2944009800 Threw 0x000000076b5fc3f8 at /HUDSON/workspace/7u-2-build-linux-amd64/jdk7u80/2329/hotspot/src/share/vm/prims/jvm.cpp:1319
Event: 0,452 Thread 0x00007f2944009800 Threw 0x000000076b828e48 at /HUDSON/workspace/7u-2-build-linux-amd64/jdk7u80/2329/hotspot/src/share/vm/prims/jvm.cpp:1319
Event: 0,455 Thread 0x00007f2944009800 Threw 0x000000076b842b00 at /HUDSON/workspace/7u-2-build-linux-amd64/jdk7u80/2329/hotspot/src/share/vm/prims/jvm.cpp:1319
Event: 0,487 Thread 0x00007f2944211000 Threw 0x000000076add6e58 at /HUDSON/workspace/7u-2-build-linux-amd64/jdk7u80/2329/hotspot/src/share/vm/prims/jvm.cpp:1319
Event: 0,487 Thread 0x00007f2944211000 Threw 0x000000076add7080 at /HUDSON/workspace/7u-2-build-linux-amd64/jdk7u80/2329/hotspot/src/share/vm/prims/jvm.cpp:1319
Event: 0,487 Thread 0x00007f2944211000 Threw 0x000000076add94f0 at /HUDSON/workspace/7u-2-build-linux-amd64/jdk7u80/2329/hotspot/src/share/vm/prims/jvm.cpp:1319
Event: 0,487 Thread 0x00007f2944211000 Threw 0x000000076add9718 at /HUDSON/workspace/7u-2-build-linux-amd64/jdk7u80/2329/hotspot/src/share/vm/prims/jvm.cpp:1319
Event: 0,547 Thread 0x00007f2944211000 Threw 0x000000076adda520 at /HUDSON/workspace/7u-2-build-linux-amd64/jdk7u80/2329/hotspot/src/share/vm/prims/jni.cpp:743

Events (10 events):
Event: 98,650 Thread 0x00007f2944009800 Uncommon trap: trap_request=0xffffff75 fr.pc=0x00007f29410fb4e4
Event: 98,650 Thread 0x00007f2944009800 DEOPT PACKING pc=0x00007f29410fb4e4 sp=0x00007f294b3a4880
Event: 98,650 Thread 0x00007f2944009800 DEOPT UNPACKING pc=0x00007f2941039445 sp=0x00007f294b3a4818 mode 2
Event: 98,650 loading class 0x00007f2944171ac0
Event: 98,650 loading class 0x00007f2944171ac0 done
Event: 98,650 loading class 0x00007f2944171b40
Event: 98,650 loading class 0x00007f2944171b40 done
Event: 98,651 Thread 0x00007f2944009800 Thread exited: 0x00007f2944009800
Event: 98,651 Thread 0x00007f2944009800 Thread added: 0x00007f2944009800
Event: 98,651 Executing VM operation: ParallelGCFailedAllocation


Dynamic libraries:
00400000-00401000 r-xp 00000000 08:02 538188                             /usr/lib/jvm/java-7-oracle/jre/bin/java
00600000-00601000 rw-p 00000000 08:02 538188                             /usr/lib/jvm/java-7-oracle/jre/bin/java
00cce000-00cef000 rw-p 00000000 00:00 0                                  [heap]
63ae00000-63c300000 rw-p 00000000 00:00 0 
63c300000-63c780000 ---p 00000000 00:00 0 
63c780000-640000000 rw-p 00000000 00:00 0 
640000000-6f6400000 rw-p 00000000 00:00 0 
725400000-76aa80000 rw-p 00000000 00:00 0 
76aa80000-800000000 rw-p 00000000 00:00 0 
7f28dc000000-7f28dc021000 rw-p 00000000 00:00 0 
7f28dc021000-7f28e0000000 ---p 00000000 00:00 0 
7f28e4000000-7f28e41b3000 rw-p 00000000 00:00 0 
7f28e41b3000-7f28e8000000 ---p 00000000 00:00 0 
7f28e8000000-7f28e8021000 rw-p 00000000 00:00 0 
7f28e8021000-7f28ec000000 ---p 00000000 00:00 0 
7f28ec000000-7f28ec021000 rw-p 00000000 00:00 0 
7f28ec021000-7f28f0000000 ---p 00000000 00:00 0 
7f28f0000000-7f28f0021000 rw-p 00000000 00:00 0 
7f28f0021000-7f28f4000000 ---p 00000000 00:00 0 
7f28f4000000-7f28f4021000 rw-p 00000000 00:00 0 
7f28f4021000-7f28f8000000 ---p 00000000 00:00 0 
7f28f8000000-7f28f8021000 rw-p 00000000 00:00 0 
7f28f8021000-7f28fc000000 ---p 00000000 00:00 0 
7f28fc000000-7f28fca82000 rw-p 00000000 00:00 0 
7f28fca82000-7f2900000000 ---p 00000000 00:00 0 
7f2900000000-7f2900021000 rw-p 00000000 00:00 0 
7f2900021000-7f2904000000 ---p 00000000 00:00 0 
7f2904000000-7f2904021000 rw-p 00000000 00:00 0 
7f2904021000-7f2908000000 ---p 00000000 00:00 0 
7f2908000000-7f2908d44000 rw-p 00000000 00:00 0 
7f2908d44000-7f290c000000 ---p 00000000 00:00 0 
7f290c000000-7f290c021000 rw-p 00000000 00:00 0 
7f290c021000-7f2910000000 ---p 00000000 00:00 0 
7f2910000000-7f2910021000 rw-p 00000000 00:00 0 
7f2910021000-7f2914000000 ---p 00000000 00:00 0 
7f2914000000-7f291425e000 rw-p 00000000 00:00 0 
7f291425e000-7f2918000000 ---p 00000000 00:00 0 
7f2919d70000-7f2928000000 rw-p 00000000 00:00 0 
7f2928000000-7f292820e000 rw-p 00000000 00:00 0 
7f292820e000-7f292c000000 ---p 00000000 00:00 0 
7f292c000000-7f292c229000 rw-p 00000000 00:00 0 
7f292c229000-7f2930000000 ---p 00000000 00:00 0 
7f2930000000-7f2930245000 rw-p 00000000 00:00 0 
7f2930245000-7f2934000000 ---p 00000000 00:00 0 
7f293523e000-7f293523f000 r--s 00000000 08:02 96748                      /var/cache/fontconfig/c05880de57d1f5e948fdfacc138775d9-le64.cache-4
7f293523f000-7f293524a000 r--s 00000000 08:02 96741                      /var/cache/fontconfig/945677eb7aeaf62f1d50efc3fb3ec7d8-le64.cache-4
7f293524a000-7f2935250000 r--s 00000000 08:02 96726                      /var/cache/fontconfig/2cd17615ca594fa2959ae173292e504c-le64.cache-4
7f2935250000-7f2935257000 r--s 00000000 08:02 96745                      /var/cache/fontconfig/a755afe4a08bf5b97852ceb7400b47bc-le64.cache-4
7f2935257000-7f2935263000 r--s 00000000 08:02 96736                      /var/cache/fontconfig/6d41288fd70b0be22e8c3a91e032eec0-le64.cache-4
7f2935263000-7f293526e000 r--s 00000000 08:02 99811                      /var/cache/fontconfig/a6354e3ac43af67bd8d7b8e43c34e49f-le64.cache-4
7f293526e000-7f2935282000 r--s 00000000 08:02 96720                      /var/cache/fontconfig/04aabc0a78ac019cf9454389977116d2-le64.cache-4
7f2935282000-7f2935286000 r--s 00000000 08:02 96729                      /var/cache/fontconfig/385c0604a188198f04d133e54aba7fe7-le64.cache-4
7f2935286000-7f2935298000 r--s 00000000 08:02 96721                      /var/cache/fontconfig/0bd3dc0958fa2205aaaa8ebb13e2872b-le64.cache-4
7f2935298000-7f293529d000 r--s 00000000 08:02 96740                      /var/cache/fontconfig/8801497958630a81b71ace7c5f9b32a8-le64.cache-4
7f2935a93000-7f2935a96000 ---p 00000000 00:00 0 
7f2935a96000-7f2935b94000 rw-p 00000000 00:00 0                          [stack:20855]
7f2935b94000-7f2935bb1000 rw-s 00000000 00:05 29786120                   /SYSV00000000 (deleted)
7f2935de5000-7f2935de7000 r--s 00000000 08:02 96743                      /var/cache/fontconfig/99e8ed0e538f840c565b6ed5dad60d56-le64.cache-4
7f2935de7000-7f2935de8000 r--s 00000000 08:02 96758                      /var/cache/fontconfig/e7071f4a29fa870f4323321c154eba04-le64.cache-4
7f2935de8000-7f2935dfb000 r--s 00000000 08:02 96752                      /var/cache/fontconfig/d52a8644073d54c13679302ca1180695-le64.cache-4
7f2935dfb000-7f2935e04000 r--s 00000000 08:02 96730                      /var/cache/fontconfig/3f7329c5293ffd510edef78f73874cfd-le64.cache-4
7f2935e32000-7f2935e9b000 r-xp 00000000 08:02 537526                     /usr/lib/jvm/java-7-oracle/jre/lib/amd64/libt2k.so
7f2935e9b000-7f293609a000 ---p 00069000 08:02 537526                     /usr/lib/jvm/java-7-oracle/jre/lib/amd64/libt2k.so
7f293609a000-7f29360a1000 rw-p 00068000 08:02 537526                     /usr/lib/jvm/java-7-oracle/jre/lib/amd64/libt2k.so
7f29360a1000-7f29360b1000 rw-p 00000000 00:00 0 
7f29360b1000-7f29360c1000 r-xp 00000000 08:02 537562                     /usr/lib/jvm/java-7-oracle/jre/lib/amd64/libnio.so
7f29360c1000-7f29362c1000 ---p 00010000 08:02 537562                     /usr/lib/jvm/java-7-oracle/jre/lib/amd64/libnio.so
7f29362c1000-7f29362c2000 rw-p 00010000 08:02 537562                     /usr/lib/jvm/java-7-oracle/jre/lib/amd64/libnio.so
7f29362c2000-7f29362d9000 r-xp 00000000 08:02 537579                     /usr/lib/jvm/java-7-oracle/jre/lib/amd64/libnet.so
7f29362d9000-7f29364d8000 ---p 00017000 08:02 537579                     /usr/lib/jvm/java-7-oracle/jre/lib/amd64/libnet.so
7f29364d8000-7f29364d9000 rw-p 00016000 08:02 537579                     /usr/lib/jvm/java-7-oracle/jre/lib/amd64/libnet.so
7f29364d9000-7f29364ef000 r-xp 00000000 08:02 1049705                    /lib/x86_64-linux-gnu/libgcc_s.so.1
7f29364ef000-7f29366ee000 ---p 00016000 08:02 1049705                    /lib/x86_64-linux-gnu/libgcc_s.so.1
7f29366ee000-7f29366ef000 rw-p 00015000 08:02 1049705                    /lib/x86_64-linux-gnu/libgcc_s.so.1
7f29366ef000-7f2936754000 r-xp 00000000 08:02 537580                     /usr/lib/jvm/java-7-oracle/jre/lib/amd64/libfontmanager.so
7f2936754000-7f2936953000 ---p 00065000 08:02 537580                     /usr/lib/jvm/java-7-oracle/jre/lib/amd64/libfontmanager.so
7f2936953000-7f2936958000 rw-p 00064000 08:02 537580                     /usr/lib/jvm/java-7-oracle/jre/lib/amd64/libfontmanager.so
7f2936958000-7f2936968000 rw-p 00000000 00:00 0 
7f2936968000-7f29369a2000 r-xp 00000000 08:02 537548                     /usr/lib/jvm/java-7-oracle/jre/lib/amd64/libjpeg.so
7f29369a2000-7f2936ba2000 ---p 0003a000 08:02 537548                     /usr/lib/jvm/java-7-oracle/jre/lib/amd64/libjpeg.so
7f2936ba2000-7f2936ba3000 rw-p 0003a000 08:02 537548                     /usr/lib/jvm/java-7-oracle/jre/lib/amd64/libjpeg.so
7f2936ba3000-7f2936ba6000 ---p 00000000 00:00 0 
7f2936ba6000-7f2936ca4000 rw-p 00000000 00:00 0 
7f2936ca4000-7f2936ca7000 ---p 00000000 00:00 0 
7f2936ca7000-7f2936da5000 rw-p 00000000 00:00 0                          [stack:20852]
7f2936da5000-7f2936da8000 ---p 00000000 00:00 0 
7f2936da8000-7f2936ea6000 rw-p 00000000 00:00 0                          [stack:20851]
7f2936ea6000-7f2936ea9000 ---p 00000000 00:00 0 
7f2936ea9000-7f2936fa7000 rw-p 00000000 00:00 0                          [stack:20850]
7f2936fa7000-7f2936fac000 r-xp 00000000 08:02 532910                     /usr/lib/x86_64-linux-gnu/libXfixes.so.3.1.0
7f2936fac000-7f29371ab000 ---p 00005000 08:02 532910                     /usr/lib/x86_64-linux-gnu/libXfixes.so.3.1.0
7f29371ab000-7f29371ac000 r--p 00004000 08:02 532910                     /usr/lib/x86_64-linux-gnu/libXfixes.so.3.1.0
7f29371ac000-7f29371ad000 rw-p 00005000 08:02 532910                     /usr/lib/x86_64-linux-gnu/libXfixes.so.3.1.0
7f29371ad000-7f29371b6000 r-xp 00000000 08:02 532902                     /usr/lib/x86_64-linux-gnu/libXcursor.so.1.0.2
7f29371b6000-7f29373b5000 ---p 00009000 08:02 532902                     /usr/lib/x86_64-linux-gnu/libXcursor.so.1.0.2
7f29373b5000-7f29373b6000 r--p 00008000 08:02 532902                     /usr/lib/x86_64-linux-gnu/libXcursor.so.1.0.2
7f29373b6000-7f29373b7000 rw-p 00009000 08:02 532902                     /usr/lib/x86_64-linux-gnu/libXcursor.so.1.0.2
7f29373b7000-7f29373bc000 r-xp 00000000 08:02 532906                     /usr/lib/x86_64-linux-gnu/libXdmcp.so.6.0.0
7f29373bc000-7f29375bb000 ---p 00005000 08:02 532906                     /usr/lib/x86_64-linux-gnu/libXdmcp.so.6.0.0
7f29375bb000-7f29375bc000 r--p 00004000 08:02 532906                     /usr/lib/x86_64-linux-gnu/libXdmcp.so.6.0.0
7f29375bc000-7f29375bd000 rw-p 00005000 08:02 532906                     /usr/lib/x86_64-linux-gnu/libXdmcp.so.6.0.0
7f29375bd000-7f29375bf000 r-xp 00000000 08:02 532895                     /usr/lib/x86_64-linux-gnu/libXau.so.6.0.0
7f29375bf000-7f29377bf000 ---p 00002000 08:02 532895                     /usr/lib/x86_64-linux-gnu/libXau.so.6.0.0
7f29377bf000-7f29377c0000 r--p 00002000 08:02 532895                     /usr/lib/x86_64-linux-gnu/libXau.so.6.0.0
7f29377c0000-7f29377c1000 rw-p 00003000 08:02 532895                     /usr/lib/x86_64-linux-gnu/libXau.so.6.0.0
7f29377c1000-7f29377de000 r-xp 00000000 08:02 534114                     /usr/lib/x86_64-linux-gnu/libxcb.so.1.1.0
7f29377de000-7f29379de000 ---p 0001d000 08:02 534114                     /usr/lib/x86_64-linux-gnu/libxcb.so.1.1.0
7f29379de000-7f29379df000 r--p 0001d000 08:02 534114                     /usr/lib/x86_64-linux-gnu/libxcb.so.1.1.0
7f29379df000-7f29379e0000 rw-p 0001e000 08:02 534114                     /usr/lib/x86_64-linux-gnu/libxcb.so.1.1.0
7f29379e0000-7f29379ef000 r-xp 00000000 08:02 532916                     /usr/lib/x86_64-linux-gnu/libXi.so.6.1.0
7f29379ef000-7f2937bee000 ---p 0000f000 08:02 532916                     /usr/lib/x86_64-linux-gnu/libXi.so.6.1.0
7f2937bee000-7f2937bef000 r--p 0000e000 08:02 532916                     /usr/lib/x86_64-linux-gnu/libXi.so.6.1.0
7f2937bef000-7f2937bf0000 rw-p 0000f000 08:02 532916                     /usr/lib/x86_64-linux-gnu/libXi.so.6.1.0
7f2937bf0000-7f2937bf5000 r-xp 00000000 08:02 532936                     /usr/lib/x86_64-linux-gnu/libXtst.so.6.1.0
7f2937bf5000-7f2937df4000 ---p 00005000 08:02 532936                     /usr/lib/x86_64-linux-gnu/libXtst.so.6.1.0
7f2937df4000-7f2937df5000 r--p 00004000 08:02 532936                     /usr/lib/x86_64-linux-gnu/libXtst.so.6.1.0
7f2937df5000-7f2937df6000 rw-p 00005000 08:02 532936                     /usr/lib/x86_64-linux-gnu/libXtst.so.6.1.0
7f2937df6000-7f2937dff000 r-xp 00000000 08:02 532930                     /usr/lib/x86_64-linux-gnu/libXrender.so.1.3.0
7f2937dff000-7f2937ffe000 ---p 00009000 08:02 532930                     /usr/lib/x86_64-linux-gnu/libXrender.so.1.3.0
7f2937ffe000-7f2937fff000 r--p 00008000 08:02 532930                     /usr/lib/x86_64-linux-gnu/libXrender.so.1.3.0
7f2937fff000-7f2938000000 rw-p 00009000 08:02 532930                     /usr/lib/x86_64-linux-gnu/libXrender.so.1.3.0
7f2938000000-7f29381d7000 rw-p 00000000 00:00 0 
7f29381d7000-7f293c000000 ---p 00000000 00:00 0 
7f293c000000-7f293c007000 r--s 00000000 08:02 96727                      /var/cache/fontconfig/3047814df9a2f067bd2d96a2b9c36e5a-le64.cache-4
7f293c007000-7f293c012000 r--s 00000000 08:02 96753                      /var/cache/fontconfig/d589a48862398ed80a3d6066f4f56f4c-le64.cache-4
7f293c0ac000-7f293c0dd000 rw-p 00000000 00:00 0 
7f293c0dd000-7f293c0e0000 ---p 00000000 00:00 0 
7f293c0e0000-7f293c1de000 rw-p 00000000 00:00 0                          [stack:20849]
7f293c1de000-7f293c30e000 r-xp 00000000 08:02 532891                     /usr/lib/x86_64-linux-gnu/libX11.so.6.3.0
7f293c30e000-7f293c50e000 ---p 00130000 08:02 532891                     /usr/lib/x86_64-linux-gnu/libX11.so.6.3.0
7f293c50e000-7f293c50f000 r--p 00130000 08:02 532891                     /usr/lib/x86_64-linux-gnu/libX11.so.6.3.0
7f293c50f000-7f293c513000 rw-p 00131000 08:02 532891                     /usr/lib/x86_64-linux-gnu/libX11.so.6.3.0
7f293c513000-7f293c524000 r-xp 00000000 08:02 532908                     /usr/lib/x86_64-linux-gnu/libXext.so.6.4.0
7f293c524000-7f293c723000 ---p 00011000 08:02 532908                     /usr/lib/x86_64-linux-gnu/libXext.so.6.4.0
7f293c723000-7f293c724000 r--p 00010000 08:02 532908                     /usr/lib/x86_64-linux-gnu/libXext.so.6.4.0
7f293c724000-7f293c725000 rw-p 00011000 08:02 532908                     /usr/lib/x86_64-linux-gnu/libXext.so.6.4.0
7f293c725000-7f293c726000 r--s 00000000 08:02 96723                      /var/cache/fontconfig/0d8c3b2ac0904cb8a57a757ad11a4a08-le64.cache-4
7f293c726000-7f293c727000 r--s 00000000 08:02 96725                      /var/cache/fontconfig/1ac9eb803944fde146138c791f5cc56a-le64.cache-4
7f293c727000-7f293c72d000 r--s 00000000 08:02 96746                      /var/cache/fontconfig/b47c4e1ecd0709278f4910c18777a504-le64.cache-4
7f293c744000-7f293c794000 r-xp 00000000 08:02 537583                     /usr/lib/jvm/java-7-oracle/jre/lib/amd64/xawt/libmawt.so
7f293c794000-7f293c994000 ---p 00050000 08:02 537583                     /usr/lib/jvm/java-7-oracle/jre/lib/amd64/xawt/libmawt.so
7f293c994000-7f293c998000 rw-p 00050000 08:02 537583                     /usr/lib/jvm/java-7-oracle/jre/lib/amd64/xawt/libmawt.so
7f293c998000-7f293c999000 rw-p 00000000 00:00 0 
7f293c999000-7f293ca3b000 r-xp 00000000 08:02 537543                     /usr/lib/jvm/java-7-oracle/jre/lib/amd64/libawt.so
7f293ca3b000-7f293cc3b000 ---p 000a2000 08:02 537543                     /usr/lib/jvm/java-7-oracle/jre/lib/amd64/libawt.so
7f293cc3b000-7f293cc47000 rw-p 000a2000 08:02 537543                     /usr/lib/jvm/java-7-oracle/jre/lib/amd64/libawt.so
7f293cc47000-7f293cc6b000 rw-p 00000000 00:00 0 
7f293cc6b000-7f293cc6c000 ---p 00000000 00:00 0 
7f293cc6c000-7f293cd6c000 rw-p 00000000 00:00 0                          [stack:20848]
7f293cd6c000-7f293cd6f000 ---p 00000000 00:00 0 
7f293cd6f000-7f293ce6d000 rw-p 00000000 00:00 0                          [stack:20847]
7f293ce6d000-7f293ce70000 ---p 00000000 00:00 0 
7f293ce70000-7f293cf6e000 rw-p 00000000 00:00 0                          [stack:20846]
7f293cf6e000-7f293cf71000 ---p 00000000 00:00 0 
7f293cf71000-7f293d06f000 rw-p 00000000 00:00 0                          [stack:20845]
7f293d06f000-7f293d072000 ---p 00000000 00:00 0 
7f293d072000-7f293d170000 rw-p 00000000 00:00 0                          [stack:20844]
7f293d170000-7f293d56a000 r--p 00000000 08:02 531394                     /usr/lib/locale/locale-archive
7f293d56a000-7f293d56d000 ---p 00000000 00:00 0 
7f293d56d000-7f293d66b000 rw-p 00000000 00:00 0                          [stack:20843]
7f293d66b000-7f293d66e000 ---p 00000000 00:00 0 
7f293d66e000-7f293d76c000 rw-p 00000000 00:00 0                          [stack:20842]
7f293d76c000-7f293d76d000 ---p 00000000 00:00 0 
7f293d76d000-7f293e821000 rw-p 00000000 00:00 0                          [stack:20841]
7f293e821000-7f293e9e1000 r--s 039fb000 08:02 537590                     /usr/lib/jvm/java-7-oracle/jre/lib/rt.jar
7f293e9e1000-7f293fe32000 rw-p 00000000 00:00 0 
7f293fe32000-7f29401d6000 rw-p 00000000 00:00 0 
7f29401d6000-7f29401e1000 rw-p 00000000 00:00 0 
7f29401e1000-7f29401e3000 ---p 00000000 00:00 0 
7f29401e3000-7f29401ff000 rw-p 00000000 00:00 0 
7f29401ff000-7f29407b1000 rw-p 00000000 00:00 0 
7f29407b1000-7f2940b54000 rw-p 00000000 00:00 0 
7f2940b54000-7f2940fff000 rw-p 00000000 00:00 0 
7f2940fff000-7f2941000000 rw-p 00000000 00:00 0 
7f2941000000-7f2941270000 rwxp 00000000 00:00 0 
7f2941270000-7f294432b000 rw-p 00000000 00:00 0 
7f294432b000-7f2948000000 ---p 00000000 00:00 0 
7f2948000000-7f2948001000 r--s 00000000 08:02 96755                      /var/cache/fontconfig/dc05db6664285cc2f12bf69c139ae4c3-le64.cache-4
7f2948001000-7f2948003000 r--s 00000000 08:02 96738                      /var/cache/fontconfig/767a8244fc0220cfb567a839d0392e0b-le64.cache-4
7f2948003000-7f2948004000 r--s 00000000 08:02 96731                      /var/cache/fontconfig/4794a0821666d79190d59a36cb4f44b5-le64.cache-4
7f2948004000-7f2948005000 r--s 00000000 08:02 96733                      /var/cache/fontconfig/56cf4f4769d0f4abc89a4895d7bd3ae1-le64.cache-4
7f294800f000-7f294816b000 rw-p 00000000 00:00 0 
7f294816b000-7f294816c000 ---p 00000000 00:00 0 
7f294816c000-7f294826c000 rw-p 00000000 00:00 0                          [stack:20840]
7f294826c000-7f294826d000 ---p 00000000 00:00 0 
7f294826d000-7f294836d000 rw-p 00000000 00:00 0                          [stack:20839]
7f294836d000-7f294836e000 ---p 00000000 00:00 0 
7f294836e000-7f294846e000 rw-p 00000000 00:00 0                          [stack:20838]
7f294846e000-7f294846f000 ---p 00000000 00:00 0 
7f294846f000-7f294857a000 rw-p 00000000 00:00 0                          [stack:20837]
7f294857a000-7f294857c000 ---p 00000000 00:00 0 
7f294857c000-7f2948598000 rw-p 00000000 00:00 0 
7f2948598000-7f29485af000 r-xp 00000000 08:02 537529                     /usr/lib/jvm/java-7-oracle/jre/lib/amd64/libzip.so
7f29485af000-7f29487af000 ---p 00017000 08:02 537529                     /usr/lib/jvm/java-7-oracle/jre/lib/amd64/libzip.so
7f29487af000-7f29487b0000 rw-p 00017000 08:02 537529                     /usr/lib/jvm/java-7-oracle/jre/lib/amd64/libzip.so
7f29487b0000-7f29487bb000 r-xp 00000000 08:02 1070212                    /lib/x86_64-linux-gnu/libnss_files-2.19.so
7f29487bb000-7f29489ba000 ---p 0000b000 08:02 1070212                    /lib/x86_64-linux-gnu/libnss_files-2.19.so
7f29489ba000-7f29489bb000 r--p 0000a000 08:02 1070212                    /lib/x86_64-linux-gnu/libnss_files-2.19.so
7f29489bb000-7f29489bc000 rw-p 0000b000 08:02 1070212                    /lib/x86_64-linux-gnu/libnss_files-2.19.so
7f29489bc000-7f29489c7000 r-xp 00000000 08:02 1070204                    /lib/x86_64-linux-gnu/libnss_nis-2.19.so
7f29489c7000-7f2948bc6000 ---p 0000b000 08:02 1070204                    /lib/x86_64-linux-gnu/libnss_nis-2.19.so
7f2948bc6000-7f2948bc7000 r--p 0000a000 08:02 1070204                    /lib/x86_64-linux-gnu/libnss_nis-2.19.so
7f2948bc7000-7f2948bc8000 rw-p 0000b000 08:02 1070204                    /lib/x86_64-linux-gnu/libnss_nis-2.19.so
7f2948bc8000-7f2948bdf000 r-xp 00000000 08:02 1070200                    /lib/x86_64-linux-gnu/libnsl-2.19.so
7f2948bdf000-7f2948dde000 ---p 00017000 08:02 1070200                    /lib/x86_64-linux-gnu/libnsl-2.19.so
7f2948dde000-7f2948ddf000 r--p 00016000 08:02 1070200                    /lib/x86_64-linux-gnu/libnsl-2.19.so
7f2948ddf000-7f2948de0000 rw-p 00017000 08:02 1070200                    /lib/x86_64-linux-gnu/libnsl-2.19.so
7f2948de0000-7f2948de2000 rw-p 00000000 00:00 0 
7f2948de2000-7f2948deb000 r-xp 00000000 08:02 1070199                    /lib/x86_64-linux-gnu/libnss_compat-2.19.so
7f2948deb000-7f2948fea000 ---p 00009000 08:02 1070199                    /lib/x86_64-linux-gnu/libnss_compat-2.19.so
7f2948fea000-7f2948feb000 r--p 00008000 08:02 1070199                    /lib/x86_64-linux-gnu/libnss_compat-2.19.so
7f2948feb000-7f2948fec000 rw-p 00009000 08:02 1070199                    /lib/x86_64-linux-gnu/libnss_compat-2.19.so
7f2948fec000-7f2949015000 r-xp 00000000 08:02 537563                     /usr/lib/jvm/java-7-oracle/jre/lib/amd64/libjava.so
7f2949015000-7f2949215000 ---p 00029000 08:02 537563                     /usr/lib/jvm/java-7-oracle/jre/lib/amd64/libjava.so
7f2949215000-7f2949217000 rw-p 00029000 08:02 537563                     /usr/lib/jvm/java-7-oracle/jre/lib/amd64/libjava.so
7f2949217000-7f2949224000 r-xp 00000000 08:02 537558                     /usr/lib/jvm/java-7-oracle/jre/lib/amd64/libverify.so
7f2949224000-7f2949423000 ---p 0000d000 08:02 537558                     /usr/lib/jvm/java-7-oracle/jre/lib/amd64/libverify.so
7f2949423000-7f2949425000 rw-p 0000c000 08:02 537558                     /usr/lib/jvm/java-7-oracle/jre/lib/amd64/libverify.so
7f2949425000-7f294942c000 r-xp 00000000 08:02 1070208                    /lib/x86_64-linux-gnu/librt-2.19.so
7f294942c000-7f294962b000 ---p 00007000 08:02 1070208                    /lib/x86_64-linux-gnu/librt-2.19.so
7f294962b000-7f294962c000 r--p 00006000 08:02 1070208                    /lib/x86_64-linux-gnu/librt-2.19.so
7f294962c000-7f294962d000 rw-p 00007000 08:02 1070208                    /lib/x86_64-linux-gnu/librt-2.19.so
7f294962d000-7f2949732000 r-xp 00000000 08:02 1070194                    /lib/x86_64-linux-gnu/libm-2.19.so
7f2949732000-7f2949931000 ---p 00105000 08:02 1070194                    /lib/x86_64-linux-gnu/libm-2.19.so
7f2949931000-7f2949932000 r--p 00104000 08:02 1070194                    /lib/x86_64-linux-gnu/libm-2.19.so
7f2949932000-7f2949933000 rw-p 00105000 08:02 1070194                    /lib/x86_64-linux-gnu/libm-2.19.so
7f2949933000-7f294a4a9000 r-xp 00000000 08:02 537570                     /usr/lib/jvm/java-7-oracle/jre/lib/amd64/server/libjvm.so
7f294a4a9000-7f294a6a8000 ---p 00b76000 08:02 537570                     /usr/lib/jvm/java-7-oracle/jre/lib/amd64/server/libjvm.so
7f294a6a8000-7f294a76c000 rw-p 00b75000 08:02 537570                     /usr/lib/jvm/java-7-oracle/jre/lib/amd64/server/libjvm.so
7f294a76c000-7f294a7ad000 rw-p 00000000 00:00 0 
7f294a7ad000-7f294a968000 r-xp 00000000 08:02 1070209                    /lib/x86_64-linux-gnu/libc-2.19.so
7f294a968000-7f294ab67000 ---p 001bb000 08:02 1070209                    /lib/x86_64-linux-gnu/libc-2.19.so
7f294ab67000-7f294ab6b000 r--p 001ba000 08:02 1070209                    /lib/x86_64-linux-gnu/libc-2.19.so
7f294ab6b000-7f294ab6d000 rw-p 001be000 08:02 1070209                    /lib/x86_64-linux-gnu/libc-2.19.so
7f294ab6d000-7f294ab72000 rw-p 00000000 00:00 0 
7f294ab72000-7f294ab75000 r-xp 00000000 08:02 1070196                    /lib/x86_64-linux-gnu/libdl-2.19.so
7f294ab75000-7f294ad74000 ---p 00003000 08:02 1070196                    /lib/x86_64-linux-gnu/libdl-2.19.so
7f294ad74000-7f294ad75000 r--p 00002000 08:02 1070196                    /lib/x86_64-linux-gnu/libdl-2.19.so
7f294ad75000-7f294ad76000 rw-p 00003000 08:02 1070196                    /lib/x86_64-linux-gnu/libdl-2.19.so
7f294ad76000-7f294ad8b000 r-xp 00000000 08:02 537539                     /usr/lib/jvm/java-7-oracle/jre/lib/amd64/jli/libjli.so
7f294ad8b000-7f294af8a000 ---p 00015000 08:02 537539                     /usr/lib/jvm/java-7-oracle/jre/lib/amd64/jli/libjli.so
7f294af8a000-7f294af8b000 rw-p 00014000 08:02 537539                     /usr/lib/jvm/java-7-oracle/jre/lib/amd64/jli/libjli.so
7f294af8b000-7f294afa4000 r-xp 00000000 08:02 1070201                    /lib/x86_64-linux-gnu/libpthread-2.19.so
7f294afa4000-7f294b1a3000 ---p 00019000 08:02 1070201                    /lib/x86_64-linux-gnu/libpthread-2.19.so
7f294b1a3000-7f294b1a4000 r--p 00018000 08:02 1070201                    /lib/x86_64-linux-gnu/libpthread-2.19.so
7f294b1a4000-7f294b1a5000 rw-p 00019000 08:02 1070201                    /lib/x86_64-linux-gnu/libpthread-2.19.so
7f294b1a5000-7f294b1a9000 rw-p 00000000 00:00 0 
7f294b1a9000-7f294b1cc000 r-xp 00000000 08:02 1070202                    /lib/x86_64-linux-gnu/ld-2.19.so
7f294b1cc000-7f294b1cd000 r--s 00000000 08:02 96747                      /var/cache/fontconfig/b9d506c9ac06c20b433354fa67a72993-le64.cache-4
7f294b1cd000-7f294b1d0000 r--s 00000000 08:02 96898                      /var/cache/fontconfig/e13b20fdb08344e0e664864cc2ede53d-le64.cache-4
7f294b1d0000-7f294b1d4000 r--s 00000000 08:02 99809                      /var/cache/fontconfig/7ef2298fde41cc6eeb7af42e48b7d293-le64.cache-4
7f294b1e5000-7f294b1ef000 rw-p 00000000 00:00 0 
7f294b1ef000-7f294b2a5000 rw-p 00000000 00:00 0 
7f294b2a5000-7f294b2a8000 ---p 00000000 00:00 0 
7f294b2a8000-7f294b3aa000 rw-p 00000000 00:00 0                          [stack:20836]
7f294b3aa000-7f294b3ab000 r--s 00000000 08:02 96722                      /var/cache/fontconfig/0c9eb80ebd1c36541ebe2852d3bb0c49-le64.cache-4
7f294b3be000-7f294b3bf000 rw-p 00000000 00:00 0 
7f294b3bf000-7f294b3c7000 rw-s 00000000 08:02 13204                      /tmp/hsperfdata_ted-cassirer/20835
7f294b3c7000-7f294b3c8000 rw-p 00000000 00:00 0 
7f294b3c8000-7f294b3c9000 ---p 00000000 00:00 0 
7f294b3c9000-7f294b3cb000 rw-p 00000000 00:00 0 
7f294b3cb000-7f294b3cc000 r--p 00022000 08:02 1070202                    /lib/x86_64-linux-gnu/ld-2.19.so
7f294b3cc000-7f294b3cd000 rw-p 00023000 08:02 1070202                    /lib/x86_64-linux-gnu/ld-2.19.so
7f294b3cd000-7f294b3ce000 rw-p 00000000 00:00 0 
7ffde4c73000-7ffde4c94000 rw-p 00000000 00:00 0                          [stack]
7ffde4d3d000-7ffde4d3f000 r--p 00000000 00:00 0                          [vvar]
7ffde4d3f000-7ffde4d41000 r-xp 00000000 00:00 0                          [vdso]
ffffffffff600000-ffffffffff601000 r-xp 00000000 00:00 0                  [vsyscall]

VM Arguments:
jvm_args: -Xmx7168m 
java_command: ir.SearchGUI -d /home/ted-cassirer/Desktop/Skolan/davisWiki
Launcher Type: SUN_STANDARD

Environment Variables:
PATH=/usr/local/sbin:/usr/local/bin:/usr/sbin:/usr/bin:/sbin:/bin:/usr/games:/usr/local/games
USERNAME=ted-cassirer
SHELL=/bin/bash
DISPLAY=:0

Signal Handlers:
SIGSEGV: [libjvm.so+0x9a3b20], sa_mask[0]=0x7ffbfeff, sa_flags=0x10000004
SIGBUS: [libjvm.so+0x9a3b20], sa_mask[0]=0x7ffbfeff, sa_flags=0x10000004
SIGFPE: [libjvm.so+0x81e740], sa_mask[0]=0x7ffbfeff, sa_flags=0x10000004
SIGPIPE: [libjvm.so+0x81e740], sa_mask[0]=0x7ffbfeff, sa_flags=0x10000004
SIGXFSZ: [libjvm.so+0x81e740], sa_mask[0]=0x7ffbfeff, sa_flags=0x10000004
SIGILL: [libjvm.so+0x81e740], sa_mask[0]=0x7ffbfeff, sa_flags=0x10000004
SIGUSR1: SIG_DFL, sa_mask[0]=0x00000000, sa_flags=0x00000000
SIGUSR2: [libjvm.so+0x81ffb0], sa_mask[0]=0x00000000, sa_flags=0x10000004
SIGHUP: [libjvm.so+0x8210d0], sa_mask[0]=0x7ffbfeff, sa_flags=0x10000004
SIGINT: [libjvm.so+0x8210d0], sa_mask[0]=0x7ffbfeff, sa_flags=0x10000004
SIGTERM: [libjvm.so+0x8210d0], sa_mask[0]=0x7ffbfeff, sa_flags=0x10000004
SIGQUIT: [libjvm.so+0x8210d0], sa_mask[0]=0x7ffbfeff, sa_flags=0x10000004


---------------  S Y S T E M  ---------------

OS:jessie/sid

uname:Linux 4.4.0-040400-generic #201601101930 SMP Mon Jan 11 00:32:41 UTC 2016 x86_64
libc:glibc 2.19 NPTL 2.19 
rlimit: STACK 8192k, CORE 0k, NPROC 31128, NOFILE 4096, AS infinity
load average:3,94 2,36 1,60

/proc/meminfo:
MemTotal:        8062264 kB
MemFree:           99940 kB
MemAvailable:     605760 kB
Buffers:           31032 kB
Cached:           780864 kB
SwapCached:            0 kB
Active:          7319536 kB
Inactive:         460048 kB
Active(anon):    7021764 kB
Inactive(anon):   267868 kB
Active(file):     297772 kB
Inactive(file):   192180 kB
Unevictable:         816 kB
Mlocked:        85899346736 kB
SwapTotal:             0 kB
SwapFree:              0 kB
Dirty:             14196 kB
Writeback:             0 kB
AnonPages:       6968516 kB
Mapped:           231048 kB
Shmem:            321940 kB
Slab:              95400 kB
SReclaimable:      58228 kB
SUnreclaim:        37172 kB
KernelStack:        6880 kB
PageTables:        32392 kB
NFS_Unstable:          0 kB
Bounce:                0 kB
WritebackTmp:          0 kB
CommitLimit:     4031132 kB
Committed_AS:    8703956 kB
VmallocTotal:   34359738367 kB
VmallocUsed:           0 kB
VmallocChunk:          0 kB
HardwareCorrupted:     0 kB
AnonHugePages:   5345280 kB
CmaTotal:              0 kB
CmaFree:               0 kB
HugePages_Total:       0
HugePages_Free:        0
HugePages_Rsvd:        0
HugePages_Surp:        0
Hugepagesize:       2048 kB
DirectMap4k:      167332 kB
DirectMap2M:     4962304 kB
DirectMap1G:     3145728 kB


CPU:total 4 (2 cores per cpu, 2 threads per core) family 6 model 78 stepping 3, cmov, cx8, fxsr, mmx, sse, sse2, sse3, ssse3, sse4.1, sse4.2, popcnt, avx, avx2, aes, erms, ht, tsc, tscinvbit

/proc/cpuinfo:
processor	: 0
vendor_id	: GenuineIntel
cpu family	: 6
model		: 78
model name	: Intel(R) Core(TM) i5-6200U CPU @ 2.30GHz
stepping	: 3
microcode	: 0x33
cpu MHz		: 2798.343
cache size	: 3072 KB
physical id	: 0
siblings	: 4
core id		: 0
cpu cores	: 2
apicid		: 0
initial apicid	: 0
fpu		: yes
fpu_exception	: yes
cpuid level	: 22
wp		: yes
flags		: fpu vme de pse tsc msr pae mce cx8 apic sep mtrr pge mca cmov pat pse36 clflush dts acpi mmx fxsr sse sse2 ss ht tm pbe syscall nx pdpe1gb rdtscp lm constant_tsc arch_perfmon pebs bts rep_good nopl xtopology nonstop_tsc aperfmperf eagerfpu pni pclmulqdq dtes64 monitor ds_cpl vmx est tm2 ssse3 sdbg fma cx16 xtpr pdcm pcid sse4_1 sse4_2 x2apic movbe popcnt tsc_deadline_timer aes xsave avx f16c rdrand lahf_lm abm 3dnowprefetch ida arat epb pln pts dtherm hwp hwp_notify hwp_act_window hwp_epp intel_pt tpr_shadow vnmi flexpriority ept vpid fsgsbase tsc_adjust bmi1 avx2 smep bmi2 erms invpcid mpx rdseed adx smap clflushopt xsaveopt xsavec xgetbv1
bugs		:
bogomips	: 4799.88
clflush size	: 64
cache_alignment	: 64
address sizes	: 39 bits physical, 48 bits virtual
power management:

processor	: 1
vendor_id	: GenuineIntel
cpu family	: 6
model		: 78
model name	: Intel(R) Core(TM) i5-6200U CPU @ 2.30GHz
stepping	: 3
microcode	: 0x33
cpu MHz		: 2700.000
cache size	: 3072 KB
physical id	: 0
siblings	: 4
core id		: 1
cpu cores	: 2
apicid		: 2
initial apicid	: 2
fpu		: yes
fpu_exception	: yes
cpuid level	: 22
wp		: yes
flags		: fpu vme de pse tsc msr pae mce cx8 apic sep mtrr pge mca cmov pat pse36 clflush dts acpi mmx fxsr sse sse2 ss ht tm pbe syscall nx pdpe1gb rdtscp lm constant_tsc arch_perfmon pebs bts rep_good nopl xtopology nonstop_tsc aperfmperf eagerfpu pni pclmulqdq dtes64 monitor ds_cpl vmx est tm2 ssse3 sdbg fma cx16 xtpr pdcm pcid sse4_1 sse4_2 x2apic movbe popcnt tsc_deadline_timer aes xsave avx f16c rdrand lahf_lm abm 3dnowprefetch ida arat epb pln pts dtherm hwp hwp_notify hwp_act_window hwp_epp intel_pt tpr_shadow vnmi flexpriority ept vpid fsgsbase tsc_adjust bmi1 avx2 smep bmi2 erms invpcid mpx rdseed adx smap clflushopt xsaveopt xsavec xgetbv1
bugs		:
bogomips	: 4799.88
clflush size	: 64
cache_alignment	: 64
address sizes	: 39 bits physical, 48 bits virtual
power management:

processor	: 2
vendor_id	: GenuineIntel
cpu family	: 6
model		: 78
model name	: Intel(R) Core(TM) i5-6200U CPU @ 2.30GHz
stepping	: 3
microcode	: 0x33
cpu MHz		: 2762.531
cache size	: 3072 KB
physical id	: 0
siblings	: 4
core id		: 0
cpu cores	: 2
apicid		: 1
initial apicid	: 1
fpu		: yes
fpu_exception	: yes
cpuid level	: 22
wp		: yes
flags		: fpu vme de pse tsc msr pae mce cx8 apic sep mtrr pge mca cmov pat pse36 clflush dts acpi mmx fxsr sse sse2 ss ht tm pbe syscall nx pdpe1gb rdtscp lm constant_tsc arch_perfmon pebs bts rep_good nopl xtopology nonstop_tsc aperfmperf eagerfpu pni pclmulqdq dtes64 monitor ds_cpl vmx est tm2 ssse3 sdbg fma cx16 xtpr pdcm pcid sse4_1 sse4_2 x2apic movbe popcnt tsc_deadline_timer aes xsave avx f16c rdrand lahf_lm abm 3dnowprefetch ida arat epb pln pts dtherm hwp hwp_notify hwp_act_window hwp_epp intel_pt tpr_shadow vnmi flexpriority ept vpid fsgsbase tsc_adjust bmi1 avx2 smep bmi2 erms invpcid mpx rdseed adx smap clflushopt xsaveopt xsavec xgetbv1
bugs		:
bogomips	: 4799.88
clflush size	: 64
cache_alignment	: 64
address sizes	: 39 bits physical, 48 bits virtual
power management:

processor	: 3
vendor_id	: GenuineIntel
cpu family	: 6
model		: 78
model name	: Intel(R) Core(TM) i5-6200U CPU @ 2.30GHz
stepping	: 3
microcode	: 0x33
cpu MHz		: 2700.000
cache size	: 3072 KB
physical id	: 0
siblings	: 4
core id		: 1
cpu cores	: 2
apicid		: 3
initial apicid	: 3
fpu		: yes
fpu_exception	: yes
cpuid level	: 22
wp		: yes
flags		: fpu vme de pse tsc msr pae mce cx8 apic sep mtrr pge mca cmov pat pse36 clflush dts acpi mmx fxsr sse sse2 ss ht tm pbe syscall nx pdpe1gb rdtscp lm constant_tsc arch_perfmon pebs bts rep_good nopl xtopology nonstop_tsc aperfmperf eagerfpu pni pclmulqdq dtes64 monitor ds_cpl vmx est tm2 ssse3 sdbg fma cx16 xtpr pdcm pcid sse4_1 sse4_2 x2apic movbe popcnt tsc_deadline_timer aes xsave avx f16c rdrand lahf_lm abm 3dnowprefetch ida arat epb pln pts dtherm hwp hwp_notify hwp_act_window hwp_epp intel_pt tpr_shadow vnmi flexpriority ept vpid fsgsbase tsc_adjust bmi1 avx2 smep bmi2 erms invpcid mpx rdseed adx smap clflushopt xsaveopt xsavec xgetbv1
bugs		:
bogomips	: 4799.88
clflush size	: 64
cache_alignment	: 64
address sizes	: 39 bits physical, 48 bits virtual
power management:



Memory: 4k page, physical 8062264k(99940k free), swap 0k(0k free)

vm_info: Java HotSpot(TM) 64-Bit Server VM (24.80-b11) for linux-amd64 JRE (1.7.0_80-b15), built on Apr 10 2015 19:53:14 by "java_re" with gcc 4.3.0 20080428 (Red Hat 4.3.0-8)

time: Sat Mar 12 19:32:39 2016
elapsed time: 116 seconds

