#
# There is insufficient memory for the Java Runtime Environment to continue.
# Native memory allocation (malloc) failed to allocate 628097024 bytes for committing reserved memory.
# Possible reasons:
#   The system is out of physical RAM or swap space
#   In 32 bit mode, the process size limit was hit
# Possible solutions:
#   Reduce memory load on the system
#   Increase physical memory or swap space
#   Check if swap backing store is full
#   Use 64 bit Java on a 64 bit OS
#   Decrease Java heap size (-Xmx/-Xms)
#   Decrease number of Java threads
#   Decrease Java thread stack sizes (-Xss)
#   Set larger code cache with -XX:ReservedCodeCacheSize=
# This output file may be truncated or incomplete.
#
#  Out of Memory Error (os_linux.cpp:2756), pid=18108, tid=140069916030720
#
# JRE version: Java(TM) SE Runtime Environment (7.0_80-b15) (build 1.7.0_80-b15)
# Java VM: Java HotSpot(TM) 64-Bit Server VM (24.80-b11 mixed mode linux-amd64 compressed oops)
# Failed to write core dump. Core dumps have been disabled. To enable core dumping, try "ulimit -c unlimited" before starting Java again
#

---------------  T H R E A D  ---------------

Current thread (0x00007f64b0069800):  VMThread [stack: 0x00007f649186b000,0x00007f649196c000] [id=18114]

Stack: [0x00007f649186b000,0x00007f649196c000],  sp=0x00007f649196a3a0,  free space=1020k
Native frames: (J=compiled Java code, j=interpreted, Vv=VM code, C=native code)
V  [libjvm.so+0x9a320a]  VMError::report_and_die()+0x2ea
V  [libjvm.so+0x498d3b]  report_vm_out_of_memory(char const*, int, unsigned long, char const*)+0x9b
V  [libjvm.so+0x82191e]  os::Linux::commit_memory_impl(char*, unsigned long, bool)+0xfe
V  [libjvm.so+0x821e69]  os::pd_commit_memory(char*, unsigned long, unsigned long, bool)+0x29
V  [libjvm.so+0x81bb6a]  os::commit_memory(char*, unsigned long, unsigned long, bool)+0x2a
V  [libjvm.so+0x88d623]  PSVirtualSpace::expand_by(unsigned long)+0x53
V  [libjvm.so+0x87ca80]  PSOldGen::expand(unsigned long)+0x170
V  [libjvm.so+0x87cc8b]  PSOldGen::resize(unsigned long)+0x1cb
V  [libjvm.so+0x885951]  PSParallelCompact::invoke_no_policy(bool)+0x9b1
V  [libjvm.so+0x88b8cd]  PSScavenge::invoke()+0x1ad
V  [libjvm.so+0x843f40]  ParallelScavengeHeap::failed_mem_allocate(unsigned long)+0x70
V  [libjvm.so+0x9a4a97]  VM_ParallelGCFailedAllocation::doit()+0x97
V  [libjvm.so+0x9abf35]  VM_Operation::evaluate()+0x55
V  [libjvm.so+0x9aa2fa]  VMThread::evaluate_operation(VM_Operation*)+0xba
V  [libjvm.so+0x9aa67e]  VMThread::loop()+0x1ce
V  [libjvm.so+0x9aaaf0]  VMThread::run()+0x70
V  [libjvm.so+0x8238c8]  java_start(Thread*)+0x108

VM_Operation (0x00007f64b981a600): ParallelGCFailedAllocation, mode: safepoint, requested by thread 0x00007f64b0009800


---------------  P R O C E S S  ---------------

Java Threads: ( => current thread )
  0x00007f64540b9000 JavaThread "TimerQueue" daemon [_thread_blocked, id=18127, stack(0x00007f6469c1a000,0x00007f6469d1b000)]
  0x00007f64b01f3000 JavaThread "AWT-EventQueue-0" [_thread_blocked, id=18125, stack(0x00007f646adad000,0x00007f646aeae000)]
  0x00007f64b01f1800 JavaThread "AWT-Shutdown" [_thread_blocked, id=18124, stack(0x00007f646aeae000,0x00007f646afaf000)]
  0x00007f64b01a6800 JavaThread "AWT-XAWT" daemon [_thread_blocked, id=18123, stack(0x00007f646afaf000,0x00007f646b0b0000)]
  0x00007f64b0183000 JavaThread "Java2D Disposer" daemon [_thread_blocked, id=18122, stack(0x00007f646b4c0000,0x00007f646b5c1000)]
  0x00007f64b0099800 JavaThread "Service Thread" daemon [_thread_blocked, id=18120, stack(0x00007f6490e6b000,0x00007f6490f6c000)]
  0x00007f64b0097000 JavaThread "C2 CompilerThread1" daemon [_thread_blocked, id=18119, stack(0x00007f6490f6c000,0x00007f649106d000)]
  0x00007f64b0094000 JavaThread "C2 CompilerThread0" daemon [_thread_blocked, id=18118, stack(0x00007f649106d000,0x00007f649116e000)]
  0x00007f64b0092000 JavaThread "Signal Dispatcher" daemon [_thread_blocked, id=18117, stack(0x00007f649116e000,0x00007f649126f000)]
  0x00007f64b0070000 JavaThread "Finalizer" daemon [_thread_blocked, id=18116, stack(0x00007f6491669000,0x00007f649176a000)]
  0x00007f64b006e000 JavaThread "Reference Handler" daemon [_thread_blocked, id=18115, stack(0x00007f649176a000,0x00007f649186b000)]
  0x00007f64b0009800 JavaThread "main" [_thread_blocked, id=18109, stack(0x00007f64b971b000,0x00007f64b981c000)]

Other Threads:
=>0x00007f64b0069800 VMThread [stack: 0x00007f649186b000,0x00007f649196c000] [id=18114]
  0x00007f64b00a4000 WatcherThread [stack: 0x00007f6490d6a000,0x00007f6490e6b000] [id=18121]

VM state:at safepoint (normal execution)

VM Mutex/Monitor currently owned by a thread:  ([mutex/lock_event])
[0x00007f64b00058f0] ExpandHeap_lock - owner thread: 0x00007f64b0069800
[0x00007f64b0005f70] Threads_lock - owner thread: 0x00007f64b0069800
[0x00007f64b0006470] Heap_lock - owner thread: 0x00007f64b0009800

Heap
 PSYoungGen      total 1614336K, used 247417K [0x000000076aa80000, 0x00000007ff380000, 0x0000000800000000)
  eden space 798720K, 0% used [0x000000076aa80000,0x000000076aa80000,0x000000079b680000)
  from space 815616K, 30% used [0x00000007cd300000,0x00000007dc49e670,0x00000007fef80000)
  to   space 815616K, 0% used [0x000000079b680000,0x000000079b680000,0x00000007cd300000)
 ParOldGen       total 2344448K, used 2343963K [0x0000000640000000, 0x00000006cf180000, 0x000000076aa80000)
  object space 2344448K, 99% used [0x0000000640000000,0x00000006cf106fb8,0x00000006cf180000)
 PSPermGen       total 21504K, used 11502K [0x000000063ae00000, 0x000000063c300000, 0x0000000640000000)
  object space 21504K, 53% used [0x000000063ae00000,0x000000063b93bad8,0x000000063c300000)

Card table byte_map: [0x00007f64b5be4000,0x00007f64b6a0e000] byte_map_base: 0x00007f64b2a0d000

Polling page: 0x00007f64b983e000

Code Cache  [0x00007f64ad000000, 0x00007f64ad270000, 0x00007f64b0000000)
 total_blobs=744 nmethods=281 adapters=416 free_code_cache=47990Kb largest_free_block=49059968

Compilation events (10 events):
Event: 56,716 Thread 0x00007f64b0094000  300             java.lang.String::substring (56 bytes)
Event: 56,719 Thread 0x00007f64b0094000 nmethod 300 0x00007f64ad125cd0 code [0x00007f64ad125e40, 0x00007f64ad1261b8]
Event: 58,195 Thread 0x00007f64b0097000  301 %           sun.nio.cs.StreamDecoder::implRead @ 49 (243 bytes)
Event: 58,204 Thread 0x00007f64b0097000 nmethod 301% 0x00007f64ad0df450 code [0x00007f64ad0df6a0, 0x00007f64ad0dff00]
Event: 58,204 Thread 0x00007f64b0094000  302             sun.nio.cs.StreamDecoder::implRead (243 bytes)
Event: 58,216 Thread 0x00007f64b0094000 nmethod 302 0x00007f64ad0fe790 code [0x00007f64ad0fea00, 0x00007f64ad0ff4a0]
Event: 58,225 Thread 0x00007f64b0097000  303 % !         ir.Indexer::processFiles @ 25 (772 bytes)
Event: 58,241 Thread 0x00007f64b0097000 nmethod 303% 0x00007f64ad119350 code [0x00007f64ad119540, 0x00007f64ad11a2a8]
Event: 76,221 Thread 0x00007f64b0094000  304             java.io.File::getName (42 bytes)
Event: 76,227 Thread 0x00007f64b0094000 nmethod 304 0x00007f64ad125290 code [0x00007f64ad125400, 0x00007f64ad1258d8]

GC Heap History (10 events):
Event: 59,157 GC heap after
Heap after GC invocations=40 (full 7):
 PSYoungGen      total 1472000K, used 693729K [0x000000076aa80000, 0x00000007fac80000, 0x0000000800000000)
  eden space 657920K, 0% used [0x000000076aa80000,0x000000076aa80000,0x0000000792d00000)
  from space 814080K, 85% used [0x0000000792d00000,0x00000007bd2784e0,0x00000007c4800000)
  to   space 815616K, 0% used [0x00000007c9000000,0x00000007c9000000,0x00000007fac80000)
 ParOldGen       total 1823744K, used 1514419K [0x0000000640000000, 0x00000006af500000, 0x000000076aa80000)
  object space 1823744K, 83% used [0x0000000640000000,0x000000069c6ecce8,0x00000006af500000)
 PSPermGen       total 21504K, used 11502K [0x000000063ae00000, 0x000000063c300000, 0x0000000640000000)
  object space 21504K, 53% used [0x000000063ae00000,0x000000063b93baf8,0x000000063c300000)
}
Event: 59,959 GC heap before
{Heap before GC invocations=41 (full 7):
 PSYoungGen      total 1472000K, used 1351649K [0x000000076aa80000, 0x00000007fac80000, 0x0000000800000000)
  eden space 657920K, 100% used [0x000000076aa80000,0x0000000792d00000,0x0000000792d00000)
  from space 814080K, 85% used [0x0000000792d00000,0x00000007bd2784e0,0x00000007c4800000)
  to   space 815616K, 0% used [0x00000007c9000000,0x00000007c9000000,0x00000007fac80000)
 ParOldGen       total 1823744K, used 1514419K [0x0000000640000000, 0x00000006af500000, 0x000000076aa80000)
  object space 1823744K, 83% used [0x0000000640000000,0x000000069c6ecce8,0x00000006af500000)
 PSPermGen       total 21504K, used 11502K [0x000000063ae00000, 0x000000063c300000, 0x0000000640000000)
  object space 21504K, 53% used [0x000000063ae00000,0x000000063b93baf8,0x000000063c300000)
Event: 60,983 GC heap after
Heap after GC invocations=41 (full 7):
 PSYoungGen      total 1545728K, used 683636K [0x000000076aa80000, 0x00000007fb180000, 0x0000000800000000)
  eden space 730112K, 0% used [0x000000076aa80000,0x000000076aa80000,0x0000000797380000)
  from space 815616K, 83% used [0x00000007c9000000,0x00000007f2b9d350,0x00000007fac80000)
  to   space 815616K, 0% used [0x0000000797380000,0x0000000797380000,0x00000007c9000000)
 ParOldGen       total 1823744K, used 1660720K [0x0000000640000000, 0x00000006af500000, 0x000000076aa80000)
  object space 1823744K, 91% used [0x0000000640000000,0x00000006a55cc028,0x00000006af500000)
 PSPermGen       total 21504K, used 11502K [0x000000063ae00000, 0x000000063c300000, 0x0000000640000000)
  object space 21504K, 53% used [0x000000063ae00000,0x000000063b93baf8,0x000000063c300000)
}
Event: 60,983 GC heap before
{Heap before GC invocations=42 (full 8):
 PSYoungGen      total 1545728K, used 683636K [0x000000076aa80000, 0x00000007fb180000, 0x0000000800000000)
  eden space 730112K, 0% used [0x000000076aa80000,0x000000076aa80000,0x0000000797380000)
  from space 815616K, 83% used [0x00000007c9000000,0x00000007f2b9d350,0x00000007fac80000)
  to   space 815616K, 0% used [0x0000000797380000,0x0000000797380000,0x00000007c9000000)
 ParOldGen       total 1823744K, used 1660720K [0x0000000640000000, 0x00000006af500000, 0x000000076aa80000)
  object space 1823744K, 91% used [0x0000000640000000,0x00000006a55cc028,0x00000006af500000)
 PSPermGen       total 21504K, used 11502K [0x000000063ae00000, 0x000000063c300000, 0x0000000640000000)
  object space 21504K, 53% used [0x000000063ae00000,0x000000063b93baf8,0x000000063c300000)
Event: 73,596 GC heap after
Heap after GC invocations=42 (full 8):
 PSYoungGen      total 1545728K, used 500582K [0x000000076aa80000, 0x00000007fb180000, 0x0000000800000000)
  eden space 730112K, 0% used [0x000000076aa80000,0x000000076aa80000,0x0000000797380000)
  from space 815616K, 61% used [0x00000007c9000000,0x00000007e78d9b60,0x00000007fac80000)
  to   space 815616K, 0% used [0x0000000797380000,0x0000000797380000,0x00000007c9000000)
 ParOldGen       total 2344448K, used 1823682K [0x0000000640000000, 0x00000006cf180000, 0x000000076aa80000)
  object space 2344448K, 77% used [0x0000000640000000,0x00000006af4f0820,0x00000006cf180000)
 PSPermGen       total 21504K, used 11502K [0x000000063ae00000, 0x000000063c300000, 0x0000000640000000)
  object space 21504K, 53% used [0x000000063ae00000,0x000000063b93bad8,0x000000063c300000)
}
Event: 74,718 GC heap before
{Heap before GC invocations=43 (full 8):
 PSYoungGen      total 1545728K, used 1230694K [0x000000076aa80000, 0x00000007fb180000, 0x0000000800000000)
  eden space 730112K, 100% used [0x000000076aa80000,0x0000000797380000,0x0000000797380000)
  from space 815616K, 61% used [0x00000007c9000000,0x00000007e78d9b60,0x00000007fac80000)
  to   space 815616K, 0% used [0x0000000797380000,0x0000000797380000,0x00000007c9000000)
 ParOldGen       total 2344448K, used 1823682K [0x0000000640000000, 0x00000006cf180000, 0x000000076aa80000)
  object space 2344448K, 77% used [0x0000000640000000,0x00000006af4f0820,0x00000006cf180000)
 PSPermGen       total 21504K, used 11502K [0x000000063ae00000, 0x000000063c300000, 0x0000000640000000)
  object space 21504K, 53% used [0x000000063ae00000,0x000000063b93bad8,0x000000063c300000)
Event: 75,919 GC heap after
Heap after GC invocations=43 (full 8):
 PSYoungGen      total 1545728K, used 484672K [0x000000076aa80000, 0x00000007fef80000, 0x0000000800000000)
  eden space 730112K, 0% used [0x000000076aa80000,0x000000076aa80000,0x0000000797380000)
  from space 815616K, 59% used [0x0000000797380000,0x00000007b4cd02d0,0x00000007c9000000)
  to   space 815616K, 0% used [0x00000007cd300000,0x00000007cd300000,0x00000007fef80000)
 ParOldGen       total 2344448K, used 1975814K [0x0000000640000000, 0x00000006cf180000, 0x000000076aa80000)
  object space 2344448K, 84% used [0x0000000640000000,0x00000006b8981b70,0x00000006cf180000)
 PSPermGen       total 21504K, used 11502K [0x000000063ae00000, 0x000000063c300000, 0x0000000640000000)
  object space 21504K, 53% used [0x000000063ae00000,0x000000063b93bad8,0x000000063c300000)
}
Event: 76,801 GC heap before
{Heap before GC invocations=44 (full 8):
 PSYoungGen      total 1545728K, used 1214784K [0x000000076aa80000, 0x00000007fef80000, 0x0000000800000000)
  eden space 730112K, 100% used [0x000000076aa80000,0x0000000797380000,0x0000000797380000)
  from space 815616K, 59% used [0x0000000797380000,0x00000007b4cd02d0,0x00000007c9000000)
  to   space 815616K, 0% used [0x00000007cd300000,0x00000007cd300000,0x00000007fef80000)
 ParOldGen       total 2344448K, used 1975814K [0x0000000640000000, 0x00000006cf180000, 0x000000076aa80000)
  object space 2344448K, 84% used [0x0000000640000000,0x00000006b8981b70,0x00000006cf180000)
 PSPermGen       total 21504K, used 11502K [0x000000063ae00000, 0x000000063c300000, 0x0000000640000000)
  object space 21504K, 53% used [0x000000063ae00000,0x000000063b93bad8,0x000000063c300000)
Event: 77,592 GC heap after
Heap after GC invocations=44 (full 8):
 PSYoungGen      total 1614336K, used 450468K [0x000000076aa80000, 0x00000007ff380000, 0x0000000800000000)
  eden space 798720K, 0% used [0x000000076aa80000,0x000000076aa80000,0x000000079b680000)
  from space 815616K, 55% used [0x00000007cd300000,0x00000007e8ae91f0,0x00000007fef80000)
  to   space 815616K, 0% used [0x000000079b680000,0x000000079b680000,0x00000007cd300000)
 ParOldGen       total 2344448K, used 2147724K [0x0000000640000000, 0x00000006cf180000, 0x000000076aa80000)
  object space 2344448K, 91% used [0x0000000640000000,0x00000006c31630a0,0x00000006cf180000)
 PSPermGen       total 21504K, used 11502K [0x000000063ae00000, 0x000000063c300000, 0x0000000640000000)
  object space 21504K, 53% used [0x000000063ae00000,0x000000063b93bad8,0x000000063c300000)
}
Event: 77,592 GC heap before
{Heap before GC invocations=45 (full 9):
 PSYoungGen      total 1614336K, used 450468K [0x000000076aa80000, 0x00000007ff380000, 0x0000000800000000)
  eden space 798720K, 0% used [0x000000076aa80000,0x000000076aa80000,0x000000079b680000)
  from space 815616K, 55% used [0x00000007cd300000,0x00000007e8ae91f0,0x00000007fef80000)
  to   space 815616K, 0% used [0x000000079b680000,0x000000079b680000,0x00000007cd300000)
 ParOldGen       total 2344448K, used 2147724K [0x0000000640000000, 0x00000006cf180000, 0x000000076aa80000)
  object space 2344448K, 91% used [0x0000000640000000,0x00000006c31630a0,0x00000006cf180000)
 PSPermGen       total 21504K, used 11502K [0x000000063ae00000, 0x000000063c300000, 0x0000000640000000)
  object space 21504K, 53% used [0x000000063ae00000,0x000000063b93bad8,0x000000063c300000)

Deoptimization events (10 events):
Event: 5,870 Thread 0x00007f64b0009800 Uncommon trap: reason=class_check action=maybe_recompile pc=0x00007f64ad0829cc method=sun.nio.cs.UTF_8.updatePositions(Ljava/nio/Buffer;ILjava/nio/Buffer;I)V @ 3
Event: 5,870 Thread 0x00007f64b0009800 Uncommon trap: reason=class_check action=maybe_recompile pc=0x00007f64ad0829cc method=sun.nio.cs.UTF_8.updatePositions(Ljava/nio/Buffer;ILjava/nio/Buffer;I)V @ 3
Event: 5,870 Thread 0x00007f64b0009800 Uncommon trap: reason=class_check action=maybe_recompile pc=0x00007f64ad0829cc method=sun.nio.cs.UTF_8.updatePositions(Ljava/nio/Buffer;ILjava/nio/Buffer;I)V @ 3
Event: 17,981 Thread 0x00007f64b0009800 Uncommon trap: reason=unstable_if action=reinterpret pc=0x00007f64ad0e5b9c method=sun.nio.cs.UTF_8$Decoder.xflow(Ljava/nio/Buffer;IILjava/nio/Buffer;II)Ljava/nio/charset/CoderResult; @ 18
Event: 18,034 Thread 0x00007f64b0009800 Uncommon trap: reason=unstable_if action=reinterpret pc=0x00007f64ad0d88c4 method=sun.nio.cs.UTF_8$Decoder.isMalformed3(III)Z @ 3
Event: 18,736 Thread 0x00007f64b0009800 Uncommon trap: reason=unstable_if action=reinterpret pc=0x00007f64ad10b324 method=sun.nio.cs.StreamDecoder.implRead([CII)I @ 87
Event: 20,578 Thread 0x00007f64b006e000 Uncommon trap: reason=class_check action=maybe_recompile pc=0x00007f64ad0d30d8 method=java.lang.ref.ReferenceQueue.enqueue(Ljava/lang/ref/Reference;)Z @ 67
Event: 20,578 Thread 0x00007f64b0183000 Uncommon trap: reason=class_check action=maybe_recompile pc=0x00007f64ad125198 method=java.lang.ref.ReferenceQueue.reallyPoll()Ljava/lang/ref/Reference; @ 55
Event: 56,530 Thread 0x00007f64b0009800 Uncommon trap: reason=unstable_if action=reinterpret pc=0x00007f64ad0de118 method=java.nio.charset.CharsetDecoder.decode(Ljava/nio/ByteBuffer;Ljava/nio/CharBuffer;Z)Ljava/nio/charset/CoderResult; @ 105
Event: 56,531 Thread 0x00007f64b0009800 Uncommon trap: reason=unstable_if action=reinterpret pc=0x00007f64ad0e9b2c method=java.nio.charset.CharsetDecoder.decode(Ljava/nio/ByteBuffer;Ljava/nio/CharBuffer;Z)Ljava/nio/charset/CoderResult; @ 105

Internal exceptions (10 events):
Event: 0,525 Thread 0x00007f64b0009800 Threw 0x000000076b5f3cb8 at /HUDSON/workspace/7u-2-build-linux-amd64/jdk7u80/2329/hotspot/src/share/vm/prims/jvm.cpp:1319
Event: 0,525 Thread 0x00007f64b0009800 Threw 0x000000076b5f5610 at /HUDSON/workspace/7u-2-build-linux-amd64/jdk7u80/2329/hotspot/src/share/vm/prims/jvm.cpp:1319
Event: 0,525 Thread 0x00007f64b0009800 Threw 0x000000076b5f7008 at /HUDSON/workspace/7u-2-build-linux-amd64/jdk7u80/2329/hotspot/src/share/vm/prims/jvm.cpp:1319
Event: 0,606 Thread 0x00007f64b0009800 Threw 0x000000076b834ba8 at /HUDSON/workspace/7u-2-build-linux-amd64/jdk7u80/2329/hotspot/src/share/vm/prims/jvm.cpp:1319
Event: 0,608 Thread 0x00007f64b0009800 Threw 0x000000076b83cfe0 at /HUDSON/workspace/7u-2-build-linux-amd64/jdk7u80/2329/hotspot/src/share/vm/prims/jvm.cpp:1319
Event: 0,638 Thread 0x00007f64b01f3000 Threw 0x000000076add5c40 at /HUDSON/workspace/7u-2-build-linux-amd64/jdk7u80/2329/hotspot/src/share/vm/prims/jvm.cpp:1319
Event: 0,638 Thread 0x00007f64b01f3000 Threw 0x000000076add5e68 at /HUDSON/workspace/7u-2-build-linux-amd64/jdk7u80/2329/hotspot/src/share/vm/prims/jvm.cpp:1319
Event: 0,639 Thread 0x00007f64b01f3000 Threw 0x000000076add82d8 at /HUDSON/workspace/7u-2-build-linux-amd64/jdk7u80/2329/hotspot/src/share/vm/prims/jvm.cpp:1319
Event: 0,639 Thread 0x00007f64b01f3000 Threw 0x000000076add8500 at /HUDSON/workspace/7u-2-build-linux-amd64/jdk7u80/2329/hotspot/src/share/vm/prims/jvm.cpp:1319
Event: 0,712 Thread 0x00007f64b01f3000 Threw 0x000000076add9308 at /HUDSON/workspace/7u-2-build-linux-amd64/jdk7u80/2329/hotspot/src/share/vm/prims/jni.cpp:743

Events (10 events):
Event: 56,935 Executing VM operation: ParallelGCFailedAllocation
Event: 57,653 Executing VM operation: ParallelGCFailedAllocation done
Event: 58,204 Thread 0x00007f64b0097000 flushing nmethod 0x00007f64ad082790
Event: 58,412 Executing VM operation: ParallelGCFailedAllocation
Event: 59,157 Executing VM operation: ParallelGCFailedAllocation done
Event: 59,959 Executing VM operation: ParallelGCFailedAllocation
Event: 73,597 Executing VM operation: ParallelGCFailedAllocation done
Event: 74,718 Executing VM operation: ParallelGCFailedAllocation
Event: 75,919 Executing VM operation: ParallelGCFailedAllocation done
Event: 76,801 Executing VM operation: ParallelGCFailedAllocation


Dynamic libraries:
00400000-00401000 r-xp 00000000 08:02 538188                             /usr/lib/jvm/java-7-oracle/jre/bin/java
00600000-00601000 rw-p 00000000 08:02 538188                             /usr/lib/jvm/java-7-oracle/jre/bin/java
00684000-006a5000 rw-p 00000000 00:00 0                                  [heap]
63ae00000-63c300000 rw-p 00000000 00:00 0 
63c300000-63c780000 ---p 00000000 00:00 0 
63c780000-640000000 rw-p 00000000 00:00 0 
640000000-6cf180000 rw-p 00000000 00:00 0 
6f4880000-76aa80000 rw-p 00000000 00:00 0 
76aa80000-7ff380000 rw-p 00000000 00:00 0 
7ff380000-800000000 rw-p 00000000 00:00 0 
7f644c000000-7f644c021000 rw-p 00000000 00:00 0 
7f644c021000-7f6450000000 ---p 00000000 00:00 0 
7f6454000000-7f64541bb000 rw-p 00000000 00:00 0 
7f64541bb000-7f6458000000 ---p 00000000 00:00 0 
7f6458000000-7f6458021000 rw-p 00000000 00:00 0 
7f6458021000-7f645c000000 ---p 00000000 00:00 0 
7f645c000000-7f645c021000 rw-p 00000000 00:00 0 
7f645c021000-7f6460000000 ---p 00000000 00:00 0 
7f6460000000-7f6460021000 rw-p 00000000 00:00 0 
7f6460021000-7f6464000000 ---p 00000000 00:00 0 
7f6464000000-7f6464021000 rw-p 00000000 00:00 0 
7f6464021000-7f6468000000 ---p 00000000 00:00 0 
7f6469c1a000-7f6469c1d000 ---p 00000000 00:00 0 
7f6469c1d000-7f6469d1b000 rw-p 00000000 00:00 0                          [stack:18127]
7f6469d1b000-7f6469d38000 rw-s 00000000 00:05 15728651                   /SYSV00000000 (deleted)
7f6469f3b000-7f6469fa4000 r-xp 00000000 08:02 537526                     /usr/lib/jvm/java-7-oracle/jre/lib/amd64/libt2k.so
7f6469fa4000-7f646a1a3000 ---p 00069000 08:02 537526                     /usr/lib/jvm/java-7-oracle/jre/lib/amd64/libt2k.so
7f646a1a3000-7f646a1aa000 rw-p 00068000 08:02 537526                     /usr/lib/jvm/java-7-oracle/jre/lib/amd64/libt2k.so
7f646a1aa000-7f646a1ba000 rw-p 00000000 00:00 0 
7f646a1ba000-7f646a1ca000 r-xp 00000000 08:02 537562                     /usr/lib/jvm/java-7-oracle/jre/lib/amd64/libnio.so
7f646a1ca000-7f646a3ca000 ---p 00010000 08:02 537562                     /usr/lib/jvm/java-7-oracle/jre/lib/amd64/libnio.so
7f646a3ca000-7f646a3cb000 rw-p 00010000 08:02 537562                     /usr/lib/jvm/java-7-oracle/jre/lib/amd64/libnio.so
7f646a3cb000-7f646a3e2000 r-xp 00000000 08:02 537579                     /usr/lib/jvm/java-7-oracle/jre/lib/amd64/libnet.so
7f646a3e2000-7f646a5e1000 ---p 00017000 08:02 537579                     /usr/lib/jvm/java-7-oracle/jre/lib/amd64/libnet.so
7f646a5e1000-7f646a5e2000 rw-p 00016000 08:02 537579                     /usr/lib/jvm/java-7-oracle/jre/lib/amd64/libnet.so
7f646a5e2000-7f646a5f8000 r-xp 00000000 08:02 1049705                    /lib/x86_64-linux-gnu/libgcc_s.so.1
7f646a5f8000-7f646a7f7000 ---p 00016000 08:02 1049705                    /lib/x86_64-linux-gnu/libgcc_s.so.1
7f646a7f7000-7f646a7f8000 rw-p 00015000 08:02 1049705                    /lib/x86_64-linux-gnu/libgcc_s.so.1
7f646a7f8000-7f646a85d000 r-xp 00000000 08:02 537580                     /usr/lib/jvm/java-7-oracle/jre/lib/amd64/libfontmanager.so
7f646a85d000-7f646aa5c000 ---p 00065000 08:02 537580                     /usr/lib/jvm/java-7-oracle/jre/lib/amd64/libfontmanager.so
7f646aa5c000-7f646aa61000 rw-p 00064000 08:02 537580                     /usr/lib/jvm/java-7-oracle/jre/lib/amd64/libfontmanager.so
7f646aa61000-7f646aa71000 rw-p 00000000 00:00 0 
7f646aa71000-7f646aaab000 r-xp 00000000 08:02 537548                     /usr/lib/jvm/java-7-oracle/jre/lib/amd64/libjpeg.so
7f646aaab000-7f646acab000 ---p 0003a000 08:02 537548                     /usr/lib/jvm/java-7-oracle/jre/lib/amd64/libjpeg.so
7f646acab000-7f646acac000 rw-p 0003a000 08:02 537548                     /usr/lib/jvm/java-7-oracle/jre/lib/amd64/libjpeg.so
7f646acac000-7f646acaf000 ---p 00000000 00:00 0 
7f646acaf000-7f646adad000 rw-p 00000000 00:00 0 
7f646adad000-7f646adb0000 ---p 00000000 00:00 0 
7f646adb0000-7f646aeae000 rw-p 00000000 00:00 0                          [stack:18125]
7f646aeae000-7f646aeb1000 ---p 00000000 00:00 0 
7f646aeb1000-7f646afaf000 rw-p 00000000 00:00 0                          [stack:18124]
7f646afaf000-7f646afb2000 ---p 00000000 00:00 0 
7f646afb2000-7f646b0b0000 rw-p 00000000 00:00 0                          [stack:18123]
7f646b0b0000-7f646b0b5000 r-xp 00000000 08:02 532910                     /usr/lib/x86_64-linux-gnu/libXfixes.so.3.1.0
7f646b0b5000-7f646b2b4000 ---p 00005000 08:02 532910                     /usr/lib/x86_64-linux-gnu/libXfixes.so.3.1.0
7f646b2b4000-7f646b2b5000 r--p 00004000 08:02 532910                     /usr/lib/x86_64-linux-gnu/libXfixes.so.3.1.0
7f646b2b5000-7f646b2b6000 rw-p 00005000 08:02 532910                     /usr/lib/x86_64-linux-gnu/libXfixes.so.3.1.0
7f646b2b6000-7f646b2bf000 r-xp 00000000 08:02 532902                     /usr/lib/x86_64-linux-gnu/libXcursor.so.1.0.2
7f646b2bf000-7f646b4be000 ---p 00009000 08:02 532902                     /usr/lib/x86_64-linux-gnu/libXcursor.so.1.0.2
7f646b4be000-7f646b4bf000 r--p 00008000 08:02 532902                     /usr/lib/x86_64-linux-gnu/libXcursor.so.1.0.2
7f646b4bf000-7f646b4c0000 rw-p 00009000 08:02 532902                     /usr/lib/x86_64-linux-gnu/libXcursor.so.1.0.2
7f646b4c0000-7f646b4c3000 ---p 00000000 00:00 0 
7f646b4c3000-7f646b5c1000 rw-p 00000000 00:00 0                          [stack:18122]
7f646b5c1000-7f646b5c6000 r-xp 00000000 08:02 532906                     /usr/lib/x86_64-linux-gnu/libXdmcp.so.6.0.0
7f646b5c6000-7f646b7c5000 ---p 00005000 08:02 532906                     /usr/lib/x86_64-linux-gnu/libXdmcp.so.6.0.0
7f646b7c5000-7f646b7c6000 r--p 00004000 08:02 532906                     /usr/lib/x86_64-linux-gnu/libXdmcp.so.6.0.0
7f646b7c6000-7f646b7c7000 rw-p 00005000 08:02 532906                     /usr/lib/x86_64-linux-gnu/libXdmcp.so.6.0.0
7f646b7c7000-7f646b7c9000 r-xp 00000000 08:02 532895                     /usr/lib/x86_64-linux-gnu/libXau.so.6.0.0
7f646b7c9000-7f646b9c9000 ---p 00002000 08:02 532895                     /usr/lib/x86_64-linux-gnu/libXau.so.6.0.0
7f646b9c9000-7f646b9ca000 r--p 00002000 08:02 532895                     /usr/lib/x86_64-linux-gnu/libXau.so.6.0.0
7f646b9ca000-7f646b9cb000 rw-p 00003000 08:02 532895                     /usr/lib/x86_64-linux-gnu/libXau.so.6.0.0
7f646b9cb000-7f646b9e8000 r-xp 00000000 08:02 534114                     /usr/lib/x86_64-linux-gnu/libxcb.so.1.1.0
7f646b9e8000-7f646bbe8000 ---p 0001d000 08:02 534114                     /usr/lib/x86_64-linux-gnu/libxcb.so.1.1.0
7f646bbe8000-7f646bbe9000 r--p 0001d000 08:02 534114                     /usr/lib/x86_64-linux-gnu/libxcb.so.1.1.0
7f646bbe9000-7f646bbea000 rw-p 0001e000 08:02 534114                     /usr/lib/x86_64-linux-gnu/libxcb.so.1.1.0
7f646bbea000-7f646bbf9000 r-xp 00000000 08:02 532916                     /usr/lib/x86_64-linux-gnu/libXi.so.6.1.0
7f646bbf9000-7f646bdf8000 ---p 0000f000 08:02 532916                     /usr/lib/x86_64-linux-gnu/libXi.so.6.1.0
7f646bdf8000-7f646bdf9000 r--p 0000e000 08:02 532916                     /usr/lib/x86_64-linux-gnu/libXi.so.6.1.0
7f646bdf9000-7f646bdfa000 rw-p 0000f000 08:02 532916                     /usr/lib/x86_64-linux-gnu/libXi.so.6.1.0
7f646bdfa000-7f646bdff000 r-xp 00000000 08:02 532936                     /usr/lib/x86_64-linux-gnu/libXtst.so.6.1.0
7f646bdff000-7f646bffe000 ---p 00005000 08:02 532936                     /usr/lib/x86_64-linux-gnu/libXtst.so.6.1.0
7f646bffe000-7f646bfff000 r--p 00004000 08:02 532936                     /usr/lib/x86_64-linux-gnu/libXtst.so.6.1.0
7f646bfff000-7f646c000000 rw-p 00005000 08:02 532936                     /usr/lib/x86_64-linux-gnu/libXtst.so.6.1.0
7f646c000000-7f646c021000 rw-p 00000000 00:00 0 
7f646c021000-7f6470000000 ---p 00000000 00:00 0 
7f6470000000-7f6470021000 rw-p 00000000 00:00 0 
7f6470021000-7f6474000000 ---p 00000000 00:00 0 
7f6474000000-7f6474f75000 rw-p 00000000 00:00 0 
7f6474f75000-7f6478000000 ---p 00000000 00:00 0 
7f6478000000-7f6478d42000 rw-p 00000000 00:00 0 
7f6478d42000-7f647c000000 ---p 00000000 00:00 0 
7f647c000000-7f647c021000 rw-p 00000000 00:00 0 
7f647c021000-7f6480000000 ---p 00000000 00:00 0 
7f6480000000-7f6480021000 rw-p 00000000 00:00 0 
7f6480021000-7f6484000000 ---p 00000000 00:00 0 
7f6484000000-7f6484262000 rw-p 00000000 00:00 0 
7f6484262000-7f6488000000 ---p 00000000 00:00 0 
7f6488000000-7f6488021000 rw-p 00000000 00:00 0 
7f6488021000-7f648c000000 ---p 00000000 00:00 0 
7f648c000000-7f648c183000 rw-p 00000000 00:00 0 
7f648c183000-7f6490000000 ---p 00000000 00:00 0 
7f6490031000-7f6490032000 r--s 00000000 08:02 96748                      /var/cache/fontconfig/c05880de57d1f5e948fdfacc138775d9-le64.cache-4
7f6490032000-7f649003d000 r--s 00000000 08:02 96741                      /var/cache/fontconfig/945677eb7aeaf62f1d50efc3fb3ec7d8-le64.cache-4
7f649003d000-7f649003f000 r--s 00000000 08:02 96743                      /var/cache/fontconfig/99e8ed0e538f840c565b6ed5dad60d56-le64.cache-4
7f649003f000-7f6490045000 r--s 00000000 08:02 96726                      /var/cache/fontconfig/2cd17615ca594fa2959ae173292e504c-le64.cache-4
7f6490045000-7f6490046000 r--s 00000000 08:02 96758                      /var/cache/fontconfig/e7071f4a29fa870f4323321c154eba04-le64.cache-4
7f6490046000-7f6490047000 r--s 00000000 08:02 96723                      /var/cache/fontconfig/0d8c3b2ac0904cb8a57a757ad11a4a08-le64.cache-4
7f6490047000-7f649004e000 r--s 00000000 08:02 96745                      /var/cache/fontconfig/a755afe4a08bf5b97852ceb7400b47bc-le64.cache-4
7f649004e000-7f649005a000 r--s 00000000 08:02 96736                      /var/cache/fontconfig/6d41288fd70b0be22e8c3a91e032eec0-le64.cache-4
7f649005a000-7f6490065000 r--s 00000000 08:02 99811                      /var/cache/fontconfig/a6354e3ac43af67bd8d7b8e43c34e49f-le64.cache-4
7f6490065000-7f6490079000 r--s 00000000 08:02 96720                      /var/cache/fontconfig/04aabc0a78ac019cf9454389977116d2-le64.cache-4
7f6490079000-7f649007a000 r--s 00000000 08:02 96725                      /var/cache/fontconfig/1ac9eb803944fde146138c791f5cc56a-le64.cache-4
7f649007a000-7f649007e000 r--s 00000000 08:02 96729                      /var/cache/fontconfig/385c0604a188198f04d133e54aba7fe7-le64.cache-4
7f649007e000-7f649007f000 r--s 00000000 08:02 96755                      /var/cache/fontconfig/dc05db6664285cc2f12bf69c139ae4c3-le64.cache-4
7f649007f000-7f6490081000 r--s 00000000 08:02 96738                      /var/cache/fontconfig/767a8244fc0220cfb567a839d0392e0b-le64.cache-4
7f6490081000-7f6490082000 r--s 00000000 08:02 96731                      /var/cache/fontconfig/4794a0821666d79190d59a36cb4f44b5-le64.cache-4
7f6490082000-7f6490094000 r--s 00000000 08:02 96721                      /var/cache/fontconfig/0bd3dc0958fa2205aaaa8ebb13e2872b-le64.cache-4
7f6490094000-7f6490099000 r--s 00000000 08:02 96740                      /var/cache/fontconfig/8801497958630a81b71ace7c5f9b32a8-le64.cache-4
7f6490099000-7f64900a0000 r--s 00000000 08:02 96727                      /var/cache/fontconfig/3047814df9a2f067bd2d96a2b9c36e5a-le64.cache-4
7f64900a0000-7f64900a6000 r--s 00000000 08:02 96746                      /var/cache/fontconfig/b47c4e1ecd0709278f4910c18777a504-le64.cache-4
7f64900a6000-7f64900b9000 r--s 00000000 08:02 96752                      /var/cache/fontconfig/d52a8644073d54c13679302ca1180695-le64.cache-4
7f64900b9000-7f64900c4000 r--s 00000000 08:02 96753                      /var/cache/fontconfig/d589a48862398ed80a3d6066f4f56f4c-le64.cache-4
7f64900f2000-7f64900fb000 r-xp 00000000 08:02 532930                     /usr/lib/x86_64-linux-gnu/libXrender.so.1.3.0
7f64900fb000-7f64902fa000 ---p 00009000 08:02 532930                     /usr/lib/x86_64-linux-gnu/libXrender.so.1.3.0
7f64902fa000-7f64902fb000 r--p 00008000 08:02 532930                     /usr/lib/x86_64-linux-gnu/libXrender.so.1.3.0
7f64902fb000-7f64902fc000 rw-p 00009000 08:02 532930                     /usr/lib/x86_64-linux-gnu/libXrender.so.1.3.0
7f64902fc000-7f649042c000 r-xp 00000000 08:02 532891                     /usr/lib/x86_64-linux-gnu/libX11.so.6.3.0
7f649042c000-7f649062c000 ---p 00130000 08:02 532891                     /usr/lib/x86_64-linux-gnu/libX11.so.6.3.0
7f649062c000-7f649062d000 r--p 00130000 08:02 532891                     /usr/lib/x86_64-linux-gnu/libX11.so.6.3.0
7f649062d000-7f6490631000 rw-p 00131000 08:02 532891                     /usr/lib/x86_64-linux-gnu/libX11.so.6.3.0
7f6490631000-7f6490642000 r-xp 00000000 08:02 532908                     /usr/lib/x86_64-linux-gnu/libXext.so.6.4.0
7f6490642000-7f6490841000 ---p 00011000 08:02 532908                     /usr/lib/x86_64-linux-gnu/libXext.so.6.4.0
7f6490841000-7f6490842000 r--p 00010000 08:02 532908                     /usr/lib/x86_64-linux-gnu/libXext.so.6.4.0
7f6490842000-7f6490843000 rw-p 00011000 08:02 532908                     /usr/lib/x86_64-linux-gnu/libXext.so.6.4.0
7f6490843000-7f6490893000 r-xp 00000000 08:02 537583                     /usr/lib/jvm/java-7-oracle/jre/lib/amd64/xawt/libmawt.so
7f6490893000-7f6490a93000 ---p 00050000 08:02 537583                     /usr/lib/jvm/java-7-oracle/jre/lib/amd64/xawt/libmawt.so
7f6490a93000-7f6490a97000 rw-p 00050000 08:02 537583                     /usr/lib/jvm/java-7-oracle/jre/lib/amd64/xawt/libmawt.so
7f6490a97000-7f6490a98000 rw-p 00000000 00:00 0 
7f6490a98000-7f6490b3a000 r-xp 00000000 08:02 537543                     /usr/lib/jvm/java-7-oracle/jre/lib/amd64/libawt.so
7f6490b3a000-7f6490d3a000 ---p 000a2000 08:02 537543                     /usr/lib/jvm/java-7-oracle/jre/lib/amd64/libawt.so
7f6490d3a000-7f6490d46000 rw-p 000a2000 08:02 537543                     /usr/lib/jvm/java-7-oracle/jre/lib/amd64/libawt.so
7f6490d46000-7f6490d6a000 rw-p 00000000 00:00 0 
7f6490d6a000-7f6490d6b000 ---p 00000000 00:00 0 
7f6490d6b000-7f6490e6b000 rw-p 00000000 00:00 0                          [stack:18121]
7f6490e6b000-7f6490e6e000 ---p 00000000 00:00 0 
7f6490e6e000-7f6490f6c000 rw-p 00000000 00:00 0                          [stack:18120]
7f6490f6c000-7f6490f6f000 ---p 00000000 00:00 0 
7f6490f6f000-7f649106d000 rw-p 00000000 00:00 0                          [stack:18119]
7f649106d000-7f6491070000 ---p 00000000 00:00 0 
7f6491070000-7f649116e000 rw-p 00000000 00:00 0                          [stack:18118]
7f649116e000-7f6491171000 ---p 00000000 00:00 0 
7f6491171000-7f649126f000 rw-p 00000000 00:00 0                          [stack:18117]
7f649126f000-7f6491669000 r--p 00000000 08:02 531394                     /usr/lib/locale/locale-archive
7f6491669000-7f649166c000 ---p 00000000 00:00 0 
7f649166c000-7f649176a000 rw-p 00000000 00:00 0                          [stack:18116]
7f649176a000-7f649176d000 ---p 00000000 00:00 0 
7f649176d000-7f649186b000 rw-p 00000000 00:00 0                          [stack:18115]
7f649186b000-7f649186c000 ---p 00000000 00:00 0 
7f649186c000-7f64a0000000 rw-p 00000000 00:00 0                          [stack:18114]
7f64a0000000-7f64a01fd000 rw-p 00000000 00:00 0 
7f64a01fd000-7f64a4000000 ---p 00000000 00:00 0 
7f64a4000000-7f64a41a4000 rw-p 00000000 00:00 0 
7f64a41a4000-7f64a8000000 ---p 00000000 00:00 0 
7f64a8000000-7f64a8134000 rw-p 00000000 00:00 0 
7f64a8134000-7f64ac000000 ---p 00000000 00:00 0 
7f64ac000000-7f64ac001000 r--s 00000000 08:02 96733                      /var/cache/fontconfig/56cf4f4769d0f4abc89a4895d7bd3ae1-le64.cache-4
7f64ac001000-7f64ac00a000 r--s 00000000 08:02 96730                      /var/cache/fontconfig/3f7329c5293ffd510edef78f73874cfd-le64.cache-4
7f64ac0a5000-7f64ad000000 rw-p 00000000 00:00 0 
7f64ad000000-7f64ad270000 rwxp 00000000 00:00 0 
7f64ad270000-7f64b02ec000 rw-p 00000000 00:00 0 
7f64b02ec000-7f64b4000000 ---p 00000000 00:00 0 
7f64b4020000-7f64b4b1a000 rw-p 00000000 00:00 0 
7f64b4b1a000-7f64b4cda000 r--s 039fb000 08:02 537590                     /usr/lib/jvm/java-7-oracle/jre/lib/rt.jar
7f64b4cda000-7f64b4e61000 rw-p 00000000 00:00 0 
7f64b4e61000-7f64b4e62000 ---p 00000000 00:00 0 
7f64b4e62000-7f64b4f62000 rw-p 00000000 00:00 0                          [stack:18113]
7f64b4f62000-7f64b4f63000 ---p 00000000 00:00 0 
7f64b4f63000-7f64b5063000 rw-p 00000000 00:00 0                          [stack:18112]
7f64b5063000-7f64b5064000 ---p 00000000 00:00 0 
7f64b5064000-7f64b5164000 rw-p 00000000 00:00 0                          [stack:18111]
7f64b5164000-7f64b5165000 ---p 00000000 00:00 0 
7f64b5165000-7f64b5270000 rw-p 00000000 00:00 0                          [stack:18110]
7f64b5270000-7f64b5272000 ---p 00000000 00:00 0 
7f64b5272000-7f64b528e000 rw-p 00000000 00:00 0 
7f64b528e000-7f64b5707000 rw-p 00000000 00:00 0 
7f64b5707000-7f64b5be4000 rw-p 00000000 00:00 0 
7f64b5be4000-7f64b5bef000 rw-p 00000000 00:00 0 
7f64b5bef000-7f64b5bf1000 ---p 00000000 00:00 0 
7f64b5bf1000-7f64b5c0d000 rw-p 00000000 00:00 0 
7f64b5c0d000-7f64b6086000 rw-p 00000000 00:00 0 
7f64b6086000-7f64b6562000 rw-p 00000000 00:00 0 
7f64b6562000-7f64b6a07000 rw-p 00000000 00:00 0 
7f64b6a07000-7f64b6a0d000 rw-p 00000000 00:00 0 
7f64b6a0d000-7f64b6a0e000 rw-p 00000000 00:00 0 
7f64b6a0e000-7f64b6a25000 r-xp 00000000 08:02 537529                     /usr/lib/jvm/java-7-oracle/jre/lib/amd64/libzip.so
7f64b6a25000-7f64b6c25000 ---p 00017000 08:02 537529                     /usr/lib/jvm/java-7-oracle/jre/lib/amd64/libzip.so
7f64b6c25000-7f64b6c26000 rw-p 00017000 08:02 537529                     /usr/lib/jvm/java-7-oracle/jre/lib/amd64/libzip.so
7f64b6c26000-7f64b6c31000 r-xp 00000000 08:02 1070212                    /lib/x86_64-linux-gnu/libnss_files-2.19.so
7f64b6c31000-7f64b6e30000 ---p 0000b000 08:02 1070212                    /lib/x86_64-linux-gnu/libnss_files-2.19.so
7f64b6e30000-7f64b6e31000 r--p 0000a000 08:02 1070212                    /lib/x86_64-linux-gnu/libnss_files-2.19.so
7f64b6e31000-7f64b6e32000 rw-p 0000b000 08:02 1070212                    /lib/x86_64-linux-gnu/libnss_files-2.19.so
7f64b6e32000-7f64b6e3d000 r-xp 00000000 08:02 1070204                    /lib/x86_64-linux-gnu/libnss_nis-2.19.so
7f64b6e3d000-7f64b703c000 ---p 0000b000 08:02 1070204                    /lib/x86_64-linux-gnu/libnss_nis-2.19.so
7f64b703c000-7f64b703d000 r--p 0000a000 08:02 1070204                    /lib/x86_64-linux-gnu/libnss_nis-2.19.so
7f64b703d000-7f64b703e000 rw-p 0000b000 08:02 1070204                    /lib/x86_64-linux-gnu/libnss_nis-2.19.so
7f64b703e000-7f64b7055000 r-xp 00000000 08:02 1070200                    /lib/x86_64-linux-gnu/libnsl-2.19.so
7f64b7055000-7f64b7254000 ---p 00017000 08:02 1070200                    /lib/x86_64-linux-gnu/libnsl-2.19.so
7f64b7254000-7f64b7255000 r--p 00016000 08:02 1070200                    /lib/x86_64-linux-gnu/libnsl-2.19.so
7f64b7255000-7f64b7256000 rw-p 00017000 08:02 1070200                    /lib/x86_64-linux-gnu/libnsl-2.19.so
7f64b7256000-7f64b7258000 rw-p 00000000 00:00 0 
7f64b7258000-7f64b7261000 r-xp 00000000 08:02 1070199                    /lib/x86_64-linux-gnu/libnss_compat-2.19.so
7f64b7261000-7f64b7460000 ---p 00009000 08:02 1070199                    /lib/x86_64-linux-gnu/libnss_compat-2.19.so
7f64b7460000-7f64b7461000 r--p 00008000 08:02 1070199                    /lib/x86_64-linux-gnu/libnss_compat-2.19.so
7f64b7461000-7f64b7462000 rw-p 00009000 08:02 1070199                    /lib/x86_64-linux-gnu/libnss_compat-2.19.so
7f64b7462000-7f64b748b000 r-xp 00000000 08:02 537563                     /usr/lib/jvm/java-7-oracle/jre/lib/amd64/libjava.so
7f64b748b000-7f64b768b000 ---p 00029000 08:02 537563                     /usr/lib/jvm/java-7-oracle/jre/lib/amd64/libjava.so
7f64b768b000-7f64b768d000 rw-p 00029000 08:02 537563                     /usr/lib/jvm/java-7-oracle/jre/lib/amd64/libjava.so
7f64b768d000-7f64b769a000 r-xp 00000000 08:02 537558                     /usr/lib/jvm/java-7-oracle/jre/lib/amd64/libverify.so
7f64b769a000-7f64b7899000 ---p 0000d000 08:02 537558                     /usr/lib/jvm/java-7-oracle/jre/lib/amd64/libverify.so
7f64b7899000-7f64b789b000 rw-p 0000c000 08:02 537558                     /usr/lib/jvm/java-7-oracle/jre/lib/amd64/libverify.so
7f64b789b000-7f64b78a2000 r-xp 00000000 08:02 1070208                    /lib/x86_64-linux-gnu/librt-2.19.so
7f64b78a2000-7f64b7aa1000 ---p 00007000 08:02 1070208                    /lib/x86_64-linux-gnu/librt-2.19.so
7f64b7aa1000-7f64b7aa2000 r--p 00006000 08:02 1070208                    /lib/x86_64-linux-gnu/librt-2.19.so
7f64b7aa2000-7f64b7aa3000 rw-p 00007000 08:02 1070208                    /lib/x86_64-linux-gnu/librt-2.19.so
7f64b7aa3000-7f64b7ba8000 r-xp 00000000 08:02 1070194                    /lib/x86_64-linux-gnu/libm-2.19.so
7f64b7ba8000-7f64b7da7000 ---p 00105000 08:02 1070194                    /lib/x86_64-linux-gnu/libm-2.19.so
7f64b7da7000-7f64b7da8000 r--p 00104000 08:02 1070194                    /lib/x86_64-linux-gnu/libm-2.19.so
7f64b7da8000-7f64b7da9000 rw-p 00105000 08:02 1070194                    /lib/x86_64-linux-gnu/libm-2.19.so
7f64b7da9000-7f64b891f000 r-xp 00000000 08:02 537570                     /usr/lib/jvm/java-7-oracle/jre/lib/amd64/server/libjvm.so
7f64b891f000-7f64b8b1e000 ---p 00b76000 08:02 537570                     /usr/lib/jvm/java-7-oracle/jre/lib/amd64/server/libjvm.so
7f64b8b1e000-7f64b8be2000 rw-p 00b75000 08:02 537570                     /usr/lib/jvm/java-7-oracle/jre/lib/amd64/server/libjvm.so
7f64b8be2000-7f64b8c23000 rw-p 00000000 00:00 0 
7f64b8c23000-7f64b8dde000 r-xp 00000000 08:02 1070209                    /lib/x86_64-linux-gnu/libc-2.19.so
7f64b8dde000-7f64b8fdd000 ---p 001bb000 08:02 1070209                    /lib/x86_64-linux-gnu/libc-2.19.so
7f64b8fdd000-7f64b8fe1000 r--p 001ba000 08:02 1070209                    /lib/x86_64-linux-gnu/libc-2.19.so
7f64b8fe1000-7f64b8fe3000 rw-p 001be000 08:02 1070209                    /lib/x86_64-linux-gnu/libc-2.19.so
7f64b8fe3000-7f64b8fe8000 rw-p 00000000 00:00 0 
7f64b8fe8000-7f64b8feb000 r-xp 00000000 08:02 1070196                    /lib/x86_64-linux-gnu/libdl-2.19.so
7f64b8feb000-7f64b91ea000 ---p 00003000 08:02 1070196                    /lib/x86_64-linux-gnu/libdl-2.19.so
7f64b91ea000-7f64b91eb000 r--p 00002000 08:02 1070196                    /lib/x86_64-linux-gnu/libdl-2.19.so
7f64b91eb000-7f64b91ec000 rw-p 00003000 08:02 1070196                    /lib/x86_64-linux-gnu/libdl-2.19.so
7f64b91ec000-7f64b9201000 r-xp 00000000 08:02 537539                     /usr/lib/jvm/java-7-oracle/jre/lib/amd64/jli/libjli.so
7f64b9201000-7f64b9400000 ---p 00015000 08:02 537539                     /usr/lib/jvm/java-7-oracle/jre/lib/amd64/jli/libjli.so
7f64b9400000-7f64b9401000 rw-p 00014000 08:02 537539                     /usr/lib/jvm/java-7-oracle/jre/lib/amd64/jli/libjli.so
7f64b9401000-7f64b941a000 r-xp 00000000 08:02 1070201                    /lib/x86_64-linux-gnu/libpthread-2.19.so
7f64b941a000-7f64b9619000 ---p 00019000 08:02 1070201                    /lib/x86_64-linux-gnu/libpthread-2.19.so
7f64b9619000-7f64b961a000 r--p 00018000 08:02 1070201                    /lib/x86_64-linux-gnu/libpthread-2.19.so
7f64b961a000-7f64b961b000 rw-p 00019000 08:02 1070201                    /lib/x86_64-linux-gnu/libpthread-2.19.so
7f64b961b000-7f64b961f000 rw-p 00000000 00:00 0 
7f64b961f000-7f64b9642000 r-xp 00000000 08:02 1070202                    /lib/x86_64-linux-gnu/ld-2.19.so
7f64b9642000-7f64b9643000 r--s 00000000 08:02 96747                      /var/cache/fontconfig/b9d506c9ac06c20b433354fa67a72993-le64.cache-4
7f64b9643000-7f64b9646000 r--s 00000000 08:02 96898                      /var/cache/fontconfig/e13b20fdb08344e0e664864cc2ede53d-le64.cache-4
7f64b9646000-7f64b964a000 r--s 00000000 08:02 99809                      /var/cache/fontconfig/7ef2298fde41cc6eeb7af42e48b7d293-le64.cache-4
7f64b965b000-7f64b9665000 rw-p 00000000 00:00 0 
7f64b9665000-7f64b971b000 rw-p 00000000 00:00 0 
7f64b971b000-7f64b971e000 ---p 00000000 00:00 0 
7f64b971e000-7f64b9820000 rw-p 00000000 00:00 0                          [stack:18109]
7f64b9820000-7f64b9821000 r--s 00000000 08:02 96722                      /var/cache/fontconfig/0c9eb80ebd1c36541ebe2852d3bb0c49-le64.cache-4
7f64b9834000-7f64b9835000 rw-p 00000000 00:00 0 
7f64b9835000-7f64b983d000 rw-s 00000000 08:02 13183                      /tmp/hsperfdata_ted-cassirer/18108
7f64b983d000-7f64b983e000 rw-p 00000000 00:00 0 
7f64b983e000-7f64b983f000 ---p 00000000 00:00 0 
7f64b983f000-7f64b9841000 rw-p 00000000 00:00 0 
7f64b9841000-7f64b9842000 r--p 00022000 08:02 1070202                    /lib/x86_64-linux-gnu/ld-2.19.so
7f64b9842000-7f64b9843000 rw-p 00023000 08:02 1070202                    /lib/x86_64-linux-gnu/ld-2.19.so
7f64b9843000-7f64b9844000 rw-p 00000000 00:00 0 
7ffea6943000-7ffea6964000 rw-p 00000000 00:00 0                          [stack]
7ffea69b8000-7ffea69ba000 r--p 00000000 00:00 0                          [vvar]
7ffea69ba000-7ffea69bc000 r-xp 00000000 00:00 0                          [vdso]
ffffffffff600000-ffffffffff601000 r-xp 00000000 00:00 0                  [vsyscall]

VM Arguments:
jvm_args: -Xmx7168m 
java_command: ir.SearchGUI -d /home/ted-cassirer/Desktop/Skolan/davisWiki
Launcher Type: SUN_STANDARD

Environment Variables:
PATH=/usr/local/sbin:/usr/local/bin:/usr/sbin:/usr/bin:/sbin:/bin:/usr/games:/usr/local/games
USERNAME=ted-cassirer
SHELL=/bin/bash
DISPLAY=:0

Signal Handlers:
SIGSEGV: [libjvm.so+0x9a3b20], sa_mask[0]=0x7ffbfeff, sa_flags=0x10000004
SIGBUS: [libjvm.so+0x9a3b20], sa_mask[0]=0x7ffbfeff, sa_flags=0x10000004
SIGFPE: [libjvm.so+0x81e740], sa_mask[0]=0x7ffbfeff, sa_flags=0x10000004
SIGPIPE: [libjvm.so+0x81e740], sa_mask[0]=0x7ffbfeff, sa_flags=0x10000004
SIGXFSZ: [libjvm.so+0x81e740], sa_mask[0]=0x7ffbfeff, sa_flags=0x10000004
SIGILL: [libjvm.so+0x81e740], sa_mask[0]=0x7ffbfeff, sa_flags=0x10000004
SIGUSR1: SIG_DFL, sa_mask[0]=0x00000000, sa_flags=0x00000000
SIGUSR2: [libjvm.so+0x81ffb0], sa_mask[0]=0x00000000, sa_flags=0x10000004
SIGHUP: [libjvm.so+0x8210d0], sa_mask[0]=0x7ffbfeff, sa_flags=0x10000004
SIGINT: [libjvm.so+0x8210d0], sa_mask[0]=0x7ffbfeff, sa_flags=0x10000004
SIGTERM: [libjvm.so+0x8210d0], sa_mask[0]=0x7ffbfeff, sa_flags=0x10000004
SIGQUIT: [libjvm.so+0x8210d0], sa_mask[0]=0x7ffbfeff, sa_flags=0x10000004


---------------  S Y S T E M  ---------------

OS:jessie/sid

uname:Linux 4.4.0-040400-generic #201601101930 SMP Mon Jan 11 00:32:41 UTC 2016 x86_64
libc:glibc 2.19 NPTL 2.19 
rlimit: STACK 8192k, CORE 0k, NPROC 31128, NOFILE 4096, AS infinity
load average:4,09 3,05 2,26

/proc/meminfo:
MemTotal:        8062264 kB
MemFree:           60136 kB
MemAvailable:     389240 kB
Buffers:           18808 kB
Cached:           726776 kB
SwapCached:            0 kB
Active:          7253092 kB
Inactive:         545748 kB
Active(anon):    7088432 kB
Inactive(anon):   385684 kB
Active(file):     164660 kB
Inactive(file):   160064 kB
Unevictable:         472 kB
Mlocked:        51539608024 kB
SwapTotal:             0 kB
SwapFree:              0 kB
Dirty:               120 kB
Writeback:             0 kB
AnonPages:       7053764 kB
Mapped:           339820 kB
Shmem:            420860 kB
Slab:              85196 kB
SReclaimable:      46740 kB
SUnreclaim:        38456 kB
KernelStack:        9840 kB
PageTables:        47676 kB
NFS_Unstable:          0 kB
Bounce:                0 kB
WritebackTmp:          0 kB
CommitLimit:     4031132 kB
Committed_AS:   12111692 kB
VmallocTotal:   34359738367 kB
VmallocUsed:           0 kB
VmallocChunk:          0 kB
HardwareCorrupted:     0 kB
AnonHugePages:   5281792 kB
CmaTotal:              0 kB
CmaFree:               0 kB
HugePages_Total:       0
HugePages_Free:        0
HugePages_Rsvd:        0
HugePages_Surp:        0
Hugepagesize:       2048 kB
DirectMap4k:      167332 kB
DirectMap2M:     4962304 kB
DirectMap1G:     3145728 kB


CPU:total 4 (2 cores per cpu, 2 threads per core) family 6 model 78 stepping 3, cmov, cx8, fxsr, mmx, sse, sse2, sse3, ssse3, sse4.1, sse4.2, popcnt, avx, avx2, aes, erms, ht, tsc, tscinvbit

/proc/cpuinfo:
processor	: 0
vendor_id	: GenuineIntel
cpu family	: 6
model		: 78
model name	: Intel(R) Core(TM) i5-6200U CPU @ 2.30GHz
stepping	: 3
microcode	: 0x33
cpu MHz		: 2770.968
cache size	: 3072 KB
physical id	: 0
siblings	: 4
core id		: 0
cpu cores	: 2
apicid		: 0
initial apicid	: 0
fpu		: yes
fpu_exception	: yes
cpuid level	: 22
wp		: yes
flags		: fpu vme de pse tsc msr pae mce cx8 apic sep mtrr pge mca cmov pat pse36 clflush dts acpi mmx fxsr sse sse2 ss ht tm pbe syscall nx pdpe1gb rdtscp lm constant_tsc arch_perfmon pebs bts rep_good nopl xtopology nonstop_tsc aperfmperf eagerfpu pni pclmulqdq dtes64 monitor ds_cpl vmx est tm2 ssse3 sdbg fma cx16 xtpr pdcm pcid sse4_1 sse4_2 x2apic movbe popcnt tsc_deadline_timer aes xsave avx f16c rdrand lahf_lm abm 3dnowprefetch ida arat epb pln pts dtherm hwp hwp_notify hwp_act_window hwp_epp intel_pt tpr_shadow vnmi flexpriority ept vpid fsgsbase tsc_adjust bmi1 avx2 smep bmi2 erms invpcid mpx rdseed adx smap clflushopt xsaveopt xsavec xgetbv1
bugs		:
bogomips	: 4799.88
clflush size	: 64
cache_alignment	: 64
address sizes	: 39 bits physical, 48 bits virtual
power management:

processor	: 1
vendor_id	: GenuineIntel
cpu family	: 6
model		: 78
model name	: Intel(R) Core(TM) i5-6200U CPU @ 2.30GHz
stepping	: 3
microcode	: 0x33
cpu MHz		: 2700.000
cache size	: 3072 KB
physical id	: 0
siblings	: 4
core id		: 1
cpu cores	: 2
apicid		: 2
initial apicid	: 2
fpu		: yes
fpu_exception	: yes
cpuid level	: 22
wp		: yes
flags		: fpu vme de pse tsc msr pae mce cx8 apic sep mtrr pge mca cmov pat pse36 clflush dts acpi mmx fxsr sse sse2 ss ht tm pbe syscall nx pdpe1gb rdtscp lm constant_tsc arch_perfmon pebs bts rep_good nopl xtopology nonstop_tsc aperfmperf eagerfpu pni pclmulqdq dtes64 monitor ds_cpl vmx est tm2 ssse3 sdbg fma cx16 xtpr pdcm pcid sse4_1 sse4_2 x2apic movbe popcnt tsc_deadline_timer aes xsave avx f16c rdrand lahf_lm abm 3dnowprefetch ida arat epb pln pts dtherm hwp hwp_notify hwp_act_window hwp_epp intel_pt tpr_shadow vnmi flexpriority ept vpid fsgsbase tsc_adjust bmi1 avx2 smep bmi2 erms invpcid mpx rdseed adx smap clflushopt xsaveopt xsavec xgetbv1
bugs		:
bogomips	: 4799.88
clflush size	: 64
cache_alignment	: 64
address sizes	: 39 bits physical, 48 bits virtual
power management:

processor	: 2
vendor_id	: GenuineIntel
cpu family	: 6
model		: 78
model name	: Intel(R) Core(TM) i5-6200U CPU @ 2.30GHz
stepping	: 3
microcode	: 0x33
cpu MHz		: 2787.281
cache size	: 3072 KB
physical id	: 0
siblings	: 4
core id		: 0
cpu cores	: 2
apicid		: 1
initial apicid	: 1
fpu		: yes
fpu_exception	: yes
cpuid level	: 22
wp		: yes
flags		: fpu vme de pse tsc msr pae mce cx8 apic sep mtrr pge mca cmov pat pse36 clflush dts acpi mmx fxsr sse sse2 ss ht tm pbe syscall nx pdpe1gb rdtscp lm constant_tsc arch_perfmon pebs bts rep_good nopl xtopology nonstop_tsc aperfmperf eagerfpu pni pclmulqdq dtes64 monitor ds_cpl vmx est tm2 ssse3 sdbg fma cx16 xtpr pdcm pcid sse4_1 sse4_2 x2apic movbe popcnt tsc_deadline_timer aes xsave avx f16c rdrand lahf_lm abm 3dnowprefetch ida arat epb pln pts dtherm hwp hwp_notify hwp_act_window hwp_epp intel_pt tpr_shadow vnmi flexpriority ept vpid fsgsbase tsc_adjust bmi1 avx2 smep bmi2 erms invpcid mpx rdseed adx smap clflushopt xsaveopt xsavec xgetbv1
bugs		:
bogomips	: 4799.88
clflush size	: 64
cache_alignment	: 64
address sizes	: 39 bits physical, 48 bits virtual
power management:

processor	: 3
vendor_id	: GenuineIntel
cpu family	: 6
model		: 78
model name	: Intel(R) Core(TM) i5-6200U CPU @ 2.30GHz
stepping	: 3
microcode	: 0x33
cpu MHz		: 2699.906
cache size	: 3072 KB
physical id	: 0
siblings	: 4
core id		: 1
cpu cores	: 2
apicid		: 3
initial apicid	: 3
fpu		: yes
fpu_exception	: yes
cpuid level	: 22
wp		: yes
flags		: fpu vme de pse tsc msr pae mce cx8 apic sep mtrr pge mca cmov pat pse36 clflush dts acpi mmx fxsr sse sse2 ss ht tm pbe syscall nx pdpe1gb rdtscp lm constant_tsc arch_perfmon pebs bts rep_good nopl xtopology nonstop_tsc aperfmperf eagerfpu pni pclmulqdq dtes64 monitor ds_cpl vmx est tm2 ssse3 sdbg fma cx16 xtpr pdcm pcid sse4_1 sse4_2 x2apic movbe popcnt tsc_deadline_timer aes xsave avx f16c rdrand lahf_lm abm 3dnowprefetch ida arat epb pln pts dtherm hwp hwp_notify hwp_act_window hwp_epp intel_pt tpr_shadow vnmi flexpriority ept vpid fsgsbase tsc_adjust bmi1 avx2 smep bmi2 erms invpcid mpx rdseed adx smap clflushopt xsaveopt xsavec xgetbv1
bugs		:
bogomips	: 4799.88
clflush size	: 64
cache_alignment	: 64
address sizes	: 39 bits physical, 48 bits virtual
power management:



Memory: 4k page, physical 8062264k(60136k free), swap 0k(0k free)

vm_info: Java HotSpot(TM) 64-Bit Server VM (24.80-b11) for linux-amd64 JRE (1.7.0_80-b15), built on Apr 10 2015 19:53:14 by "java_re" with gcc 4.3.0 20080428 (Red Hat 4.3.0-8)

time: Sat Mar 12 18:18:39 2016
elapsed time: 92 seconds

