#
# There is insufficient memory for the Java Runtime Environment to continue.
# Native memory allocation (malloc) failed to allocate 320864256 bytes for committing reserved memory.
# Possible reasons:
#   The system is out of physical RAM or swap space
#   In 32 bit mode, the process size limit was hit
# Possible solutions:
#   Reduce memory load on the system
#   Increase physical memory or swap space
#   Check if swap backing store is full
#   Use 64 bit Java on a 64 bit OS
#   Decrease Java heap size (-Xmx/-Xms)
#   Decrease number of Java threads
#   Decrease Java thread stack sizes (-Xss)
#   Set larger code cache with -XX:ReservedCodeCacheSize=
# This output file may be truncated or incomplete.
#
#  Out of Memory Error (os_linux.cpp:2756), pid=3063, tid=140264957728512
#
# JRE version: Java(TM) SE Runtime Environment (7.0_80-b15) (build 1.7.0_80-b15)
# Java VM: Java HotSpot(TM) 64-Bit Server VM (24.80-b11 mixed mode linux-amd64 compressed oops)
# Failed to write core dump. Core dumps have been disabled. To enable core dumping, try "ulimit -c unlimited" before starting Java again
#

---------------  T H R E A D  ---------------

Current thread (0x00007f9204069800):  VMThread [stack: 0x00007f91faead000,0x00007f91fafae000] [id=3069]

Stack: [0x00007f91faead000,0x00007f91fafae000],  sp=0x00007f91fafac220,  free space=1020k
Native frames: (J=compiled Java code, j=interpreted, Vv=VM code, C=native code)
V  [libjvm.so+0x9a320a]  VMError::report_and_die()+0x2ea
V  [libjvm.so+0x498d3b]  report_vm_out_of_memory(char const*, int, unsigned long, char const*)+0x9b
V  [libjvm.so+0x82191e]  os::Linux::commit_memory_impl(char*, unsigned long, bool)+0xfe
V  [libjvm.so+0x821e69]  os::pd_commit_memory(char*, unsigned long, unsigned long, bool)+0x29
V  [libjvm.so+0x81bb6a]  os::commit_memory(char*, unsigned long, unsigned long, bool)+0x2a
V  [libjvm.so+0x88d623]  PSVirtualSpace::expand_by(unsigned long)+0x53
V  [libjvm.so+0x87ca80]  PSOldGen::expand(unsigned long)+0x170
V  [libjvm.so+0x87cc8b]  PSOldGen::resize(unsigned long)+0x1cb
V  [libjvm.so+0x885951]  PSParallelCompact::invoke_no_policy(bool)+0x9b1
V  [libjvm.so+0x88b8cd]  PSScavenge::invoke()+0x1ad
V  [libjvm.so+0x843f40]  ParallelScavengeHeap::failed_mem_allocate(unsigned long)+0x70
V  [libjvm.so+0x9a4a97]  VM_ParallelGCFailedAllocation::doit()+0x97
V  [libjvm.so+0x9abf35]  VM_Operation::evaluate()+0x55
V  [libjvm.so+0x9aa2fa]  VMThread::evaluate_operation(VM_Operation*)+0xba
V  [libjvm.so+0x9aa67e]  VMThread::loop()+0x1ce
V  [libjvm.so+0x9aaaf0]  VMThread::run()+0x70
V  [libjvm.so+0x8238c8]  java_start(Thread*)+0x108

VM_Operation (0x00007f920afee5f0): ParallelGCFailedAllocation, mode: safepoint, requested by thread 0x00007f9204009800


---------------  P R O C E S S  ---------------

Java Threads: ( => current thread )
  0x00007f91b409e800 JavaThread "TimerQueue" daemon [_thread_blocked, id=3084, stack(0x00007f91f318c000,0x00007f91f328d000)]
  0x00007f9204203000 JavaThread "AWT-EventQueue-0" [_thread_blocked, id=3080, stack(0x00007f91f84c2000,0x00007f91f85c3000)]
  0x00007f92041df000 JavaThread "AWT-Shutdown" [_thread_blocked, id=3079, stack(0x00007f91f85c3000,0x00007f91f86c4000)]
  0x00007f92041b6800 JavaThread "AWT-XAWT" daemon [_thread_blocked, id=3078, stack(0x00007f91f86c4000,0x00007f91f87c5000)]
  0x00007f9204193000 JavaThread "Java2D Disposer" daemon [_thread_blocked, id=3077, stack(0x00007f91f8bd5000,0x00007f91f8cd6000)]
  0x00007f9204099800 JavaThread "Service Thread" daemon [_thread_blocked, id=3075, stack(0x00007f91fa4ad000,0x00007f91fa5ae000)]
  0x00007f9204097000 JavaThread "C2 CompilerThread1" daemon [_thread_blocked, id=3074, stack(0x00007f91fa5ae000,0x00007f91fa6af000)]
  0x00007f9204094000 JavaThread "C2 CompilerThread0" daemon [_thread_blocked, id=3073, stack(0x00007f91fa6af000,0x00007f91fa7b0000)]
  0x00007f9204092000 JavaThread "Signal Dispatcher" daemon [_thread_blocked, id=3072, stack(0x00007f91fa7b0000,0x00007f91fa8b1000)]
  0x00007f9204070000 JavaThread "Finalizer" daemon [_thread_blocked, id=3071, stack(0x00007f91facab000,0x00007f91fadac000)]
  0x00007f920406e000 JavaThread "Reference Handler" daemon [_thread_blocked, id=3070, stack(0x00007f91fadac000,0x00007f91faead000)]
  0x00007f9204009800 JavaThread "main" [_thread_blocked, id=3064, stack(0x00007f920aeef000,0x00007f920aff0000)]

Other Threads:
=>0x00007f9204069800 VMThread [stack: 0x00007f91faead000,0x00007f91fafae000] [id=3069]
  0x00007f92040a4000 WatcherThread [stack: 0x00007f91fa3ac000,0x00007f91fa4ad000] [id=3076]

VM state:at safepoint (normal execution)

VM Mutex/Monitor currently owned by a thread:  ([mutex/lock_event])
[0x00007f92040058f0] ExpandHeap_lock - owner thread: 0x00007f9204069800
[0x00007f9204005f70] Threads_lock - owner thread: 0x00007f9204069800
[0x00007f9204006470] Heap_lock - owner thread: 0x00007f9204009800

Heap
 PSYoungGen      total 466432K, used 28155K [0x00000007d5500000, 0x0000000800000000, 0x0000000800000000)
  eden space 233472K, 0% used [0x00000007d5500000,0x00000007d5500000,0x00000007e3900000)
  from space 232960K, 12% used [0x00000007e3900000,0x00000007e547ec88,0x00000007f1c80000)
  to   space 232960K, 0% used [0x00000007f1c80000,0x00000007f1c80000,0x0000000800000000)
 ParOldGen       total 816128K, used 816050K [0x0000000780000000, 0x00000007b1d00000, 0x00000007d5500000)
  object space 816128K, 99% used [0x0000000780000000,0x00000007b1cecaa8,0x00000007b1d00000)
 PSPermGen       total 24064K, used 11578K [0x000000077ae00000, 0x000000077c580000, 0x0000000780000000)
  object space 24064K, 48% used [0x000000077ae00000,0x000000077b94eb08,0x000000077c580000)

Card table byte_map: [0x00007f9200bd6000,0x00007f9201000000] byte_map_base: 0x00007f91fcfff000

Polling page: 0x00007f920b012000

Code Cache  [0x00007f9201000000, 0x00007f9201270000, 0x00007f9204000000)
 total_blobs=744 nmethods=279 adapters=418 free_code_cache=48093Kb largest_free_block=49192512

Compilation events (10 events):
Event: 23,312 Thread 0x00007f9204094000  295 % !         ir.Indexer::processFiles @ 25 (444 bytes)
Event: 23,315 Thread 0x00007f9204094000 nmethod 295% 0x00007f92010d4550 code [0x00007f92010d46c0, 0x00007f92010d4958]
Event: 23,929 Thread 0x00007f9204097000  296             java.nio.HeapCharBuffer::<init> (14 bytes)
Event: 23,932 Thread 0x00007f9204097000 nmethod 296 0x00007f92010d6690 code [0x00007f92010d67e0, 0x00007f92010d69b8]
Event: 24,206 Thread 0x00007f9204094000  297   !         sun.nio.cs.StreamDecoder::readBytes (289 bytes)
Event: 24,215 Thread 0x00007f9204094000 nmethod 297 0x00007f92010d5810 code [0x00007f92010d59c0, 0x00007f92010d5fb8]
Event: 24,676 Thread 0x00007f9204097000  298             sun.nio.cs.StreamDecoder::implRead (243 bytes)
Event: 24,692 Thread 0x00007f9204097000 nmethod 298 0x00007f92010efc90 code [0x00007f92010eff00, 0x00007f92010f09c0]
Event: 25,284 Thread 0x00007f9204094000  299             sun.util.logging.PlatformLogger$Level::intValue (9 bytes)
Event: 25,285 Thread 0x00007f9204094000 nmethod 299 0x00007f92010d5510 code [0x00007f92010d5640, 0x00007f92010d56d8]

GC Heap History (10 events):
Event: 23,842 GC heap after
Heap after GC invocations=23 (full 4):
 PSYoungGen      total 513536K, used 152660K [0x00000007d5500000, 0x0000000800000000, 0x0000000800000000)
  eden space 360448K, 0% used [0x00000007d5500000,0x00000007d5500000,0x00000007eb500000)
  from space 153088K, 99% used [0x00000007eb500000,0x00000007f4a151a0,0x00000007f4a80000)
  to   space 185856K, 0% used [0x00000007f4a80000,0x00000007f4a80000,0x0000000800000000)
 ParOldGen       total 816128K, used 553875K [0x0000000780000000, 0x00000007b1d00000, 0x00000007d5500000)
  object space 816128K, 67% used [0x0000000780000000,0x00000007a1ce4f58,0x00000007b1d00000)
 PSPermGen       total 24064K, used 11578K [0x000000077ae00000, 0x000000077c580000, 0x0000000780000000)
  object space 24064K, 48% used [0x000000077ae00000,0x000000077b94e970,0x000000077c580000)
}
Event: 24,267 GC heap before
{Heap before GC invocations=24 (full 4):
 PSYoungGen      total 513536K, used 513108K [0x00000007d5500000, 0x0000000800000000, 0x0000000800000000)
  eden space 360448K, 100% used [0x00000007d5500000,0x00000007eb500000,0x00000007eb500000)
  from space 153088K, 99% used [0x00000007eb500000,0x00000007f4a151a0,0x00000007f4a80000)
  to   space 185856K, 0% used [0x00000007f4a80000,0x00000007f4a80000,0x0000000800000000)
 ParOldGen       total 816128K, used 553875K [0x0000000780000000, 0x00000007b1d00000, 0x00000007d5500000)
  object space 816128K, 67% used [0x0000000780000000,0x00000007a1ce4f58,0x00000007b1d00000)
 PSPermGen       total 24064K, used 11578K [0x000000077ae00000, 0x000000077c580000, 0x0000000780000000)
  object space 24064K, 48% used [0x000000077ae00000,0x000000077b94e970,0x000000077c580000)
Event: 24,622 GC heap after
Heap after GC invocations=24 (full 4):
 PSYoungGen      total 439808K, used 185828K [0x00000007d5500000, 0x0000000800000000, 0x0000000800000000)
  eden space 253952K, 0% used [0x00000007d5500000,0x00000007d5500000,0x00000007e4d00000)
  from space 185856K, 99% used [0x00000007f4a80000,0x00000007ffff9290,0x0000000800000000)
  to   space 222720K, 0% used [0x00000007e4d00000,0x00000007e4d00000,0x00000007f2680000)
 ParOldGen       total 816128K, used 568787K [0x0000000780000000, 0x00000007b1d00000, 0x00000007d5500000)
  object space 816128K, 69% used [0x0000000780000000,0x00000007a2b74f58,0x00000007b1d00000)
 PSPermGen       total 24064K, used 11578K [0x000000077ae00000, 0x000000077c580000, 0x0000000780000000)
  object space 24064K, 48% used [0x000000077ae00000,0x000000077b94e970,0x000000077c580000)
}
Event: 24,924 GC heap before
{Heap before GC invocations=25 (full 4):
 PSYoungGen      total 439808K, used 439780K [0x00000007d5500000, 0x0000000800000000, 0x0000000800000000)
  eden space 253952K, 100% used [0x00000007d5500000,0x00000007e4d00000,0x00000007e4d00000)
  from space 185856K, 99% used [0x00000007f4a80000,0x00000007ffff9290,0x0000000800000000)
  to   space 222720K, 0% used [0x00000007e4d00000,0x00000007e4d00000,0x00000007f2680000)
 ParOldGen       total 816128K, used 568787K [0x0000000780000000, 0x00000007b1d00000, 0x00000007d5500000)
  object space 816128K, 69% used [0x0000000780000000,0x00000007a2b74f58,0x00000007b1d00000)
 PSPermGen       total 24064K, used 11578K [0x000000077ae00000, 0x000000077c580000, 0x0000000780000000)
  object space 24064K, 48% used [0x000000077ae00000,0x000000077b94e970,0x000000077c580000)
Event: 25,281 GC heap after
Heap after GC invocations=25 (full 4):
 PSYoungGen      total 462336K, used 207873K [0x00000007d5500000, 0x0000000800000000, 0x0000000800000000)
  eden space 253952K, 0% used [0x00000007d5500000,0x00000007d5500000,0x00000007e4d00000)
  from space 208384K, 99% used [0x00000007e4d00000,0x00000007f1800560,0x00000007f1880000)
  to   space 232960K, 0% used [0x00000007f1c80000,0x00000007f1c80000,0x0000000800000000)
 ParOldGen       total 816128K, used 578355K [0x0000000780000000, 0x00000007b1d00000, 0x00000007d5500000)
  object space 816128K, 70% used [0x0000000780000000,0x00000007a34ccf78,0x00000007b1d00000)
 PSPermGen       total 24064K, used 11578K [0x000000077ae00000, 0x000000077c580000, 0x0000000780000000)
  object space 24064K, 48% used [0x000000077ae00000,0x000000077b94e970,0x000000077c580000)
}
Event: 25,595 GC heap before
{Heap before GC invocations=26 (full 4):
 PSYoungGen      total 462336K, used 461825K [0x00000007d5500000, 0x0000000800000000, 0x0000000800000000)
  eden space 253952K, 100% used [0x00000007d5500000,0x00000007e4d00000,0x00000007e4d00000)
  from space 208384K, 99% used [0x00000007e4d00000,0x00000007f1800560,0x00000007f1880000)
  to   space 232960K, 0% used [0x00000007f1c80000,0x00000007f1c80000,0x0000000800000000)
 ParOldGen       total 816128K, used 578355K [0x0000000780000000, 0x00000007b1d00000, 0x00000007d5500000)
  object space 816128K, 70% used [0x0000000780000000,0x00000007a34ccf78,0x00000007b1d00000)
 PSPermGen       total 24064K, used 11578K [0x000000077ae00000, 0x000000077c580000, 0x0000000780000000)
  object space 24064K, 48% used [0x000000077ae00000,0x000000077b94eba8,0x000000077c580000)
Event: 26,155 GC heap after
Heap after GC invocations=26 (full 4):
 PSYoungGen      total 466432K, used 154017K [0x00000007d5500000, 0x0000000800000000, 0x0000000800000000)
  eden space 233472K, 0% used [0x00000007d5500000,0x00000007d5500000,0x00000007e3900000)
  from space 232960K, 66% used [0x00000007f1c80000,0x00000007fb2e8410,0x0000000800000000)
  to   space 232960K, 0% used [0x00000007e3900000,0x00000007e3900000,0x00000007f1c80000)
 ParOldGen       total 816128K, used 666331K [0x0000000780000000, 0x00000007b1d00000, 0x00000007d5500000)
  object space 816128K, 81% used [0x0000000780000000,0x00000007a8ab6e28,0x00000007b1d00000)
 PSPermGen       total 24064K, used 11578K [0x000000077ae00000, 0x000000077c580000, 0x0000000780000000)
  object space 24064K, 48% used [0x000000077ae00000,0x000000077b94eba8,0x000000077c580000)
}
Event: 26,425 GC heap before
{Heap before GC invocations=27 (full 4):
 PSYoungGen      total 466432K, used 387489K [0x00000007d5500000, 0x0000000800000000, 0x0000000800000000)
  eden space 233472K, 100% used [0x00000007d5500000,0x00000007e3900000,0x00000007e3900000)
  from space 232960K, 66% used [0x00000007f1c80000,0x00000007fb2e8410,0x0000000800000000)
  to   space 232960K, 0% used [0x00000007e3900000,0x00000007e3900000,0x00000007f1c80000)
 ParOldGen       total 816128K, used 666331K [0x0000000780000000, 0x00000007b1d00000, 0x00000007d5500000)
  object space 816128K, 81% used [0x0000000780000000,0x00000007a8ab6e28,0x00000007b1d00000)
 PSPermGen       total 24064K, used 11578K [0x000000077ae00000, 0x000000077c580000, 0x0000000780000000)
  object space 24064K, 48% used [0x000000077ae00000,0x000000077b94eba8,0x000000077c580000)
Event: 26,822 GC heap after
Heap after GC invocations=27 (full 4):
 PSYoungGen      total 466432K, used 97364K [0x00000007d5500000, 0x0000000800000000, 0x0000000800000000)
  eden space 233472K, 0% used [0x00000007d5500000,0x00000007d5500000,0x00000007e3900000)
  from space 232960K, 41% used [0x00000007e3900000,0x00000007e98150e0,0x00000007f1c80000)
  to   space 232960K, 0% used [0x00000007f1c80000,0x00000007f1c80000,0x0000000800000000)
 ParOldGen       total 816128K, used 754847K [0x0000000780000000, 0x00000007b1d00000, 0x00000007d5500000)
  object space 816128K, 92% used [0x0000000780000000,0x00000007ae127c08,0x00000007b1d00000)
 PSPermGen       total 24064K, used 11578K [0x000000077ae00000, 0x000000077c580000, 0x0000000780000000)
  object space 24064K, 48% used [0x000000077ae00000,0x000000077b94eba8,0x000000077c580000)
}
Event: 26,822 GC heap before
{Heap before GC invocations=28 (full 5):
 PSYoungGen      total 466432K, used 97364K [0x00000007d5500000, 0x0000000800000000, 0x0000000800000000)
  eden space 233472K, 0% used [0x00000007d5500000,0x00000007d5500000,0x00000007e3900000)
  from space 232960K, 41% used [0x00000007e3900000,0x00000007e98150e0,0x00000007f1c80000)
  to   space 232960K, 0% used [0x00000007f1c80000,0x00000007f1c80000,0x0000000800000000)
 ParOldGen       total 816128K, used 754847K [0x0000000780000000, 0x00000007b1d00000, 0x00000007d5500000)
  object space 816128K, 92% used [0x0000000780000000,0x00000007ae127c08,0x00000007b1d00000)
 PSPermGen       total 24064K, used 11578K [0x000000077ae00000, 0x000000077c580000, 0x0000000780000000)
  object space 24064K, 48% used [0x000000077ae00000,0x000000077b94eba8,0x000000077c580000)

Deoptimization events (10 events):
Event: 1,463 Thread 0x00007f9204009800 Uncommon trap: reason=unstable_if action=reinterpret pc=0x00007f92010b62b4 method=java.util.HashMap.getEntry(Ljava/lang/Object;)Ljava/util/HashMap$Entry; @ 71
Event: 1,485 Thread 0x00007f9204009800 Uncommon trap: reason=unstable_if action=reinterpret pc=0x00007f92010bb1e8 method=java.util.HashMap.getEntry(Ljava/lang/Object;)Ljava/util/HashMap$Entry; @ 71
Event: 1,485 Thread 0x00007f9204009800 Uncommon trap: reason=unstable_if action=reinterpret pc=0x00007f92010c8f74 method=ir.SimpleTokenizer.normalize([CI)Z @ 68
Event: 1,531 Thread 0x00007f9204009800 Uncommon trap: reason=unstable_if action=reinterpret pc=0x00007f92010ec6d8 method=java.util.HashMap.getEntry(Ljava/lang/Object;)Ljava/util/HashMap$Entry; @ 71
Event: 4,367 Thread 0x00007f9204009800 Uncommon trap: reason=null_check action=make_not_entrant pc=0x00007f9201101e50 method=sun.nio.cs.StreamDecoder.inReady()Z @ 21
Event: 8,154 Thread 0x00007f9204009800 Uncommon trap: reason=unstable_if action=reinterpret pc=0x00007f92010fe0dc method=sun.nio.cs.UTF_8$Decoder.xflow(Ljava/nio/Buffer;IILjava/nio/Buffer;II)Ljava/nio/charset/CoderResult; @ 18
Event: 8,326 Thread 0x00007f9204009800 Uncommon trap: reason=unstable_if action=reinterpret pc=0x00007f92011036b4 method=sun.nio.cs.StreamDecoder.implRead([CII)I @ 87
Event: 22,647 Thread 0x00007f9204009800 Uncommon trap: reason=unstable_if action=reinterpret pc=0x00007f92010b7688 method=java.lang.ref.Reference.<init>(Ljava/lang/Object;Ljava/lang/ref/ReferenceQueue;)V @ 11
Event: 22,647 Thread 0x00007f9204009800 Uncommon trap: reason=unstable_if action=reinterpret pc=0x00007f9201108870 method=java.nio.charset.CharsetDecoder.decode(Ljava/nio/ByteBuffer;Ljava/nio/CharBuffer;Z)Ljava/nio/charset/CoderResult; @ 105
Event: 22,798 Thread 0x00007f92041b6800 Uncommon trap: reason=class_check action=maybe_recompile pc=0x00007f92010d3094 method=java.util.HashMap.addEntry(ILjava/lang/Object;Ljava/lang/Object;I)V @ 65

Internal exceptions (10 events):
Event: 0,625 Thread 0x00007f9204009800 Threw 0x00000007d607e9b8 at /HUDSON/workspace/7u-2-build-linux-amd64/jdk7u80/2329/hotspot/src/share/vm/prims/jvm.cpp:1319
Event: 0,678 Thread 0x00007f92041b6800 Implicit null exception at 0x00007f920109ac00 to 0x00007f920109ac8d
Event: 0,722 Thread 0x00007f9204009800 Threw 0x00000007d62ab480 at /HUDSON/workspace/7u-2-build-linux-amd64/jdk7u80/2329/hotspot/src/share/vm/prims/jvm.cpp:1319
Event: 0,725 Thread 0x00007f9204009800 Threw 0x00000007d62c4a90 at /HUDSON/workspace/7u-2-build-linux-amd64/jdk7u80/2329/hotspot/src/share/vm/prims/jvm.cpp:1319
Event: 0,778 Thread 0x00007f9204203000 Threw 0x00000007d5856060 at /HUDSON/workspace/7u-2-build-linux-amd64/jdk7u80/2329/hotspot/src/share/vm/prims/jvm.cpp:1319
Event: 0,778 Thread 0x00007f9204203000 Threw 0x00000007d5856288 at /HUDSON/workspace/7u-2-build-linux-amd64/jdk7u80/2329/hotspot/src/share/vm/prims/jvm.cpp:1319
Event: 0,778 Thread 0x00007f9204203000 Threw 0x00000007d58586f8 at /HUDSON/workspace/7u-2-build-linux-amd64/jdk7u80/2329/hotspot/src/share/vm/prims/jvm.cpp:1319
Event: 0,778 Thread 0x00007f9204203000 Threw 0x00000007d5858920 at /HUDSON/workspace/7u-2-build-linux-amd64/jdk7u80/2329/hotspot/src/share/vm/prims/jvm.cpp:1319
Event: 0,932 Thread 0x00007f9204203000 Threw 0x00000007d5859728 at /HUDSON/workspace/7u-2-build-linux-amd64/jdk7u80/2329/hotspot/src/share/vm/prims/jni.cpp:743
Event: 4,367 Thread 0x00007f9204009800 Implicit null exception at 0x00007f9201101918 to 0x00007f9201101e3d

Events (10 events):
Event: 23,134 loading class 0x00007f92040ddd40 done
Event: 23,556 Executing VM operation: ParallelGCFailedAllocation
Event: 23,842 Executing VM operation: ParallelGCFailedAllocation done
Event: 24,267 Executing VM operation: ParallelGCFailedAllocation
Event: 24,622 Executing VM operation: ParallelGCFailedAllocation done
Event: 24,923 Executing VM operation: ParallelGCFailedAllocation
Event: 25,281 Executing VM operation: ParallelGCFailedAllocation done
Event: 25,595 Executing VM operation: ParallelGCFailedAllocation
Event: 26,155 Executing VM operation: ParallelGCFailedAllocation done
Event: 26,425 Executing VM operation: ParallelGCFailedAllocation


Dynamic libraries:
00400000-00401000 r-xp 00000000 08:02 538188                             /usr/lib/jvm/java-7-oracle/jre/bin/java
00600000-00601000 rw-p 00000000 08:02 538188                             /usr/lib/jvm/java-7-oracle/jre/bin/java
01725000-01746000 rw-p 00000000 00:00 0                                  [heap]
77ae00000-77c580000 rw-p 00000000 00:00 0 
77c580000-77c780000 ---p 00000000 00:00 0 
77c780000-780000000 rw-p 00000000 00:00 0 
780000000-7b1d00000 rw-p 00000000 00:00 0 
7c4f00000-7d5500000 rw-p 00000000 00:00 0 
7d5500000-800000000 rw-p 00000000 00:00 0 
7f91a8000000-7f91a8021000 rw-p 00000000 00:00 0 
7f91a8021000-7f91ac000000 ---p 00000000 00:00 0 
7f91ac000000-7f91ac021000 rw-p 00000000 00:00 0 
7f91ac021000-7f91b0000000 ---p 00000000 00:00 0 
7f91b0000000-7f91b0021000 rw-p 00000000 00:00 0 
7f91b0021000-7f91b4000000 ---p 00000000 00:00 0 
7f91b4000000-7f91b41a1000 rw-p 00000000 00:00 0 
7f91b41a1000-7f91b8000000 ---p 00000000 00:00 0 
7f91b8000000-7f91b8021000 rw-p 00000000 00:00 0 
7f91b8021000-7f91bc000000 ---p 00000000 00:00 0 
7f91bc000000-7f91bc021000 rw-p 00000000 00:00 0 
7f91bc021000-7f91c0000000 ---p 00000000 00:00 0 
7f91c0000000-7f91c0021000 rw-p 00000000 00:00 0 
7f91c0021000-7f91c4000000 ---p 00000000 00:00 0 
7f91c4000000-7f91c4021000 rw-p 00000000 00:00 0 
7f91c4021000-7f91c8000000 ---p 00000000 00:00 0 
7f91c8000000-7f91c898e000 rw-p 00000000 00:00 0 
7f91c898e000-7f91cc000000 ---p 00000000 00:00 0 
7f91cc000000-7f91ccb68000 rw-p 00000000 00:00 0 
7f91ccb68000-7f91d0000000 ---p 00000000 00:00 0 
7f91d0000000-7f91d0021000 rw-p 00000000 00:00 0 
7f91d0021000-7f91d4000000 ---p 00000000 00:00 0 
7f91d4000000-7f91d4021000 rw-p 00000000 00:00 0 
7f91d4021000-7f91d8000000 ---p 00000000 00:00 0 
7f91d8000000-7f91d8021000 rw-p 00000000 00:00 0 
7f91d8021000-7f91dc000000 ---p 00000000 00:00 0 
7f91dfd70000-7f91e4000000 rw-p 00000000 00:00 0 
7f91e4000000-7f91e4021000 rw-p 00000000 00:00 0 
7f91e4021000-7f91e8000000 ---p 00000000 00:00 0 
7f91e8000000-7f91e80ea000 rw-p 00000000 00:00 0 
7f91e80ea000-7f91ec000000 ---p 00000000 00:00 0 
7f91ec000000-7f91ec021000 rw-p 00000000 00:00 0 
7f91ec021000-7f91f0000000 ---p 00000000 00:00 0 
7f91f318c000-7f91f318f000 ---p 00000000 00:00 0 
7f91f318f000-7f91f328d000 rw-p 00000000 00:00 0                          [stack:3084]
7f91f328d000-7f91f32aa000 rw-s 00000000 00:05 60850193                   /SYSV00000000 (deleted)
7f91f335d000-7f91f34ca000 rw-p 00000000 00:00 0 
7f91f34ca000-7f91f3533000 r-xp 00000000 08:02 537526                     /usr/lib/jvm/java-7-oracle/jre/lib/amd64/libt2k.so
7f91f3533000-7f91f3732000 ---p 00069000 08:02 537526                     /usr/lib/jvm/java-7-oracle/jre/lib/amd64/libt2k.so
7f91f3732000-7f91f3739000 rw-p 00068000 08:02 537526                     /usr/lib/jvm/java-7-oracle/jre/lib/amd64/libt2k.so
7f91f3739000-7f91f3749000 rw-p 00000000 00:00 0 
7f91f3749000-7f91f3759000 r-xp 00000000 08:02 537562                     /usr/lib/jvm/java-7-oracle/jre/lib/amd64/libnio.so
7f91f3759000-7f91f3959000 ---p 00010000 08:02 537562                     /usr/lib/jvm/java-7-oracle/jre/lib/amd64/libnio.so
7f91f3959000-7f91f395a000 rw-p 00010000 08:02 537562                     /usr/lib/jvm/java-7-oracle/jre/lib/amd64/libnio.so
7f91f395a000-7f91f3971000 r-xp 00000000 08:02 537579                     /usr/lib/jvm/java-7-oracle/jre/lib/amd64/libnet.so
7f91f3971000-7f91f3b70000 ---p 00017000 08:02 537579                     /usr/lib/jvm/java-7-oracle/jre/lib/amd64/libnet.so
7f91f3b70000-7f91f3b71000 rw-p 00016000 08:02 537579                     /usr/lib/jvm/java-7-oracle/jre/lib/amd64/libnet.so
7f91f3b71000-7f91f3b87000 r-xp 00000000 08:02 1049705                    /lib/x86_64-linux-gnu/libgcc_s.so.1
7f91f3b87000-7f91f3d86000 ---p 00016000 08:02 1049705                    /lib/x86_64-linux-gnu/libgcc_s.so.1
7f91f3d86000-7f91f3d87000 rw-p 00015000 08:02 1049705                    /lib/x86_64-linux-gnu/libgcc_s.so.1
7f91f3d87000-7f91f3dec000 r-xp 00000000 08:02 537580                     /usr/lib/jvm/java-7-oracle/jre/lib/amd64/libfontmanager.so
7f91f3dec000-7f91f3feb000 ---p 00065000 08:02 537580                     /usr/lib/jvm/java-7-oracle/jre/lib/amd64/libfontmanager.so
7f91f3feb000-7f91f3ff0000 rw-p 00064000 08:02 537580                     /usr/lib/jvm/java-7-oracle/jre/lib/amd64/libfontmanager.so
7f91f3ff0000-7f91f4000000 rw-p 00000000 00:00 0 
7f91f4000000-7f91f4021000 rw-p 00000000 00:00 0 
7f91f4021000-7f91f8000000 ---p 00000000 00:00 0 
7f91f8015000-7f91f8016000 r--s 00000000 08:02 96748                      /var/cache/fontconfig/c05880de57d1f5e948fdfacc138775d9-le64.cache-4
7f91f8016000-7f91f8021000 r--s 00000000 08:02 96741                      /var/cache/fontconfig/945677eb7aeaf62f1d50efc3fb3ec7d8-le64.cache-4
7f91f8021000-7f91f8023000 r--s 00000000 08:02 96743                      /var/cache/fontconfig/99e8ed0e538f840c565b6ed5dad60d56-le64.cache-4
7f91f8023000-7f91f8029000 r--s 00000000 08:02 96726                      /var/cache/fontconfig/2cd17615ca594fa2959ae173292e504c-le64.cache-4
7f91f8029000-7f91f802a000 r--s 00000000 08:02 96758                      /var/cache/fontconfig/e7071f4a29fa870f4323321c154eba04-le64.cache-4
7f91f802a000-7f91f802b000 r--s 00000000 08:02 96723                      /var/cache/fontconfig/0d8c3b2ac0904cb8a57a757ad11a4a08-le64.cache-4
7f91f802b000-7f91f8032000 r--s 00000000 08:02 96745                      /var/cache/fontconfig/a755afe4a08bf5b97852ceb7400b47bc-le64.cache-4
7f91f8032000-7f91f803e000 r--s 00000000 08:02 96736                      /var/cache/fontconfig/6d41288fd70b0be22e8c3a91e032eec0-le64.cache-4
7f91f803e000-7f91f8049000 r--s 00000000 08:02 99811                      /var/cache/fontconfig/a6354e3ac43af67bd8d7b8e43c34e49f-le64.cache-4
7f91f8049000-7f91f805d000 r--s 00000000 08:02 96720                      /var/cache/fontconfig/04aabc0a78ac019cf9454389977116d2-le64.cache-4
7f91f805d000-7f91f805e000 r--s 00000000 08:02 96725                      /var/cache/fontconfig/1ac9eb803944fde146138c791f5cc56a-le64.cache-4
7f91f805e000-7f91f8062000 r--s 00000000 08:02 96729                      /var/cache/fontconfig/385c0604a188198f04d133e54aba7fe7-le64.cache-4
7f91f8062000-7f91f8063000 r--s 00000000 08:02 96755                      /var/cache/fontconfig/dc05db6664285cc2f12bf69c139ae4c3-le64.cache-4
7f91f8063000-7f91f8065000 r--s 00000000 08:02 96738                      /var/cache/fontconfig/767a8244fc0220cfb567a839d0392e0b-le64.cache-4
7f91f8065000-7f91f8066000 r--s 00000000 08:02 96731                      /var/cache/fontconfig/4794a0821666d79190d59a36cb4f44b5-le64.cache-4
7f91f8066000-7f91f8078000 r--s 00000000 08:02 96721                      /var/cache/fontconfig/0bd3dc0958fa2205aaaa8ebb13e2872b-le64.cache-4
7f91f8078000-7f91f807f000 r--s 00000000 08:02 96727                      /var/cache/fontconfig/3047814df9a2f067bd2d96a2b9c36e5a-le64.cache-4
7f91f807f000-7f91f8085000 r--s 00000000 08:02 96746                      /var/cache/fontconfig/b47c4e1ecd0709278f4910c18777a504-le64.cache-4
7f91f8085000-7f91f8098000 r--s 00000000 08:02 96752                      /var/cache/fontconfig/d52a8644073d54c13679302ca1180695-le64.cache-4
7f91f8098000-7f91f80a3000 r--s 00000000 08:02 96753                      /var/cache/fontconfig/d589a48862398ed80a3d6066f4f56f4c-le64.cache-4
7f91f8155000-7f91f8186000 rw-p 00000000 00:00 0 
7f91f8186000-7f91f81c0000 r-xp 00000000 08:02 537548                     /usr/lib/jvm/java-7-oracle/jre/lib/amd64/libjpeg.so
7f91f81c0000-7f91f83c0000 ---p 0003a000 08:02 537548                     /usr/lib/jvm/java-7-oracle/jre/lib/amd64/libjpeg.so
7f91f83c0000-7f91f83c1000 rw-p 0003a000 08:02 537548                     /usr/lib/jvm/java-7-oracle/jre/lib/amd64/libjpeg.so
7f91f83c1000-7f91f83c4000 ---p 00000000 00:00 0 
7f91f83c4000-7f91f84c2000 rw-p 00000000 00:00 0 
7f91f84c2000-7f91f84c5000 ---p 00000000 00:00 0 
7f91f84c5000-7f91f85c3000 rw-p 00000000 00:00 0                          [stack:3080]
7f91f85c3000-7f91f85c6000 ---p 00000000 00:00 0 
7f91f85c6000-7f91f86c4000 rw-p 00000000 00:00 0                          [stack:3079]
7f91f86c4000-7f91f86c7000 ---p 00000000 00:00 0 
7f91f86c7000-7f91f87c5000 rw-p 00000000 00:00 0                          [stack:3078]
7f91f87c5000-7f91f87ca000 r-xp 00000000 08:02 532910                     /usr/lib/x86_64-linux-gnu/libXfixes.so.3.1.0
7f91f87ca000-7f91f89c9000 ---p 00005000 08:02 532910                     /usr/lib/x86_64-linux-gnu/libXfixes.so.3.1.0
7f91f89c9000-7f91f89ca000 r--p 00004000 08:02 532910                     /usr/lib/x86_64-linux-gnu/libXfixes.so.3.1.0
7f91f89ca000-7f91f89cb000 rw-p 00005000 08:02 532910                     /usr/lib/x86_64-linux-gnu/libXfixes.so.3.1.0
7f91f89cb000-7f91f89d4000 r-xp 00000000 08:02 532902                     /usr/lib/x86_64-linux-gnu/libXcursor.so.1.0.2
7f91f89d4000-7f91f8bd3000 ---p 00009000 08:02 532902                     /usr/lib/x86_64-linux-gnu/libXcursor.so.1.0.2
7f91f8bd3000-7f91f8bd4000 r--p 00008000 08:02 532902                     /usr/lib/x86_64-linux-gnu/libXcursor.so.1.0.2
7f91f8bd4000-7f91f8bd5000 rw-p 00009000 08:02 532902                     /usr/lib/x86_64-linux-gnu/libXcursor.so.1.0.2
7f91f8bd5000-7f91f8bd8000 ---p 00000000 00:00 0 
7f91f8bd8000-7f91f8cd6000 rw-p 00000000 00:00 0                          [stack:3077]
7f91f8cd6000-7f91f8cdb000 r-xp 00000000 08:02 532906                     /usr/lib/x86_64-linux-gnu/libXdmcp.so.6.0.0
7f91f8cdb000-7f91f8eda000 ---p 00005000 08:02 532906                     /usr/lib/x86_64-linux-gnu/libXdmcp.so.6.0.0
7f91f8eda000-7f91f8edb000 r--p 00004000 08:02 532906                     /usr/lib/x86_64-linux-gnu/libXdmcp.so.6.0.0
7f91f8edb000-7f91f8edc000 rw-p 00005000 08:02 532906                     /usr/lib/x86_64-linux-gnu/libXdmcp.so.6.0.0
7f91f8edc000-7f91f8ede000 r-xp 00000000 08:02 532895                     /usr/lib/x86_64-linux-gnu/libXau.so.6.0.0
7f91f8ede000-7f91f90de000 ---p 00002000 08:02 532895                     /usr/lib/x86_64-linux-gnu/libXau.so.6.0.0
7f91f90de000-7f91f90df000 r--p 00002000 08:02 532895                     /usr/lib/x86_64-linux-gnu/libXau.so.6.0.0
7f91f90df000-7f91f90e0000 rw-p 00003000 08:02 532895                     /usr/lib/x86_64-linux-gnu/libXau.so.6.0.0
7f91f90e0000-7f91f90fd000 r-xp 00000000 08:02 534114                     /usr/lib/x86_64-linux-gnu/libxcb.so.1.1.0
7f91f90fd000-7f91f92fd000 ---p 0001d000 08:02 534114                     /usr/lib/x86_64-linux-gnu/libxcb.so.1.1.0
7f91f92fd000-7f91f92fe000 r--p 0001d000 08:02 534114                     /usr/lib/x86_64-linux-gnu/libxcb.so.1.1.0
7f91f92fe000-7f91f92ff000 rw-p 0001e000 08:02 534114                     /usr/lib/x86_64-linux-gnu/libxcb.so.1.1.0
7f91f92ff000-7f91f930e000 r-xp 00000000 08:02 532916                     /usr/lib/x86_64-linux-gnu/libXi.so.6.1.0
7f91f930e000-7f91f950d000 ---p 0000f000 08:02 532916                     /usr/lib/x86_64-linux-gnu/libXi.so.6.1.0
7f91f950d000-7f91f950e000 r--p 0000e000 08:02 532916                     /usr/lib/x86_64-linux-gnu/libXi.so.6.1.0
7f91f950e000-7f91f950f000 rw-p 0000f000 08:02 532916                     /usr/lib/x86_64-linux-gnu/libXi.so.6.1.0
7f91f950f000-7f91f9514000 r-xp 00000000 08:02 532936                     /usr/lib/x86_64-linux-gnu/libXtst.so.6.1.0
7f91f9514000-7f91f9713000 ---p 00005000 08:02 532936                     /usr/lib/x86_64-linux-gnu/libXtst.so.6.1.0
7f91f9713000-7f91f9714000 r--p 00004000 08:02 532936                     /usr/lib/x86_64-linux-gnu/libXtst.so.6.1.0
7f91f9714000-7f91f9715000 rw-p 00005000 08:02 532936                     /usr/lib/x86_64-linux-gnu/libXtst.so.6.1.0
7f91f9715000-7f91f971e000 r-xp 00000000 08:02 532930                     /usr/lib/x86_64-linux-gnu/libXrender.so.1.3.0
7f91f971e000-7f91f991d000 ---p 00009000 08:02 532930                     /usr/lib/x86_64-linux-gnu/libXrender.so.1.3.0
7f91f991d000-7f91f991e000 r--p 00008000 08:02 532930                     /usr/lib/x86_64-linux-gnu/libXrender.so.1.3.0
7f91f991e000-7f91f991f000 rw-p 00009000 08:02 532930                     /usr/lib/x86_64-linux-gnu/libXrender.so.1.3.0
7f91f991f000-7f91f9a4f000 r-xp 00000000 08:02 532891                     /usr/lib/x86_64-linux-gnu/libX11.so.6.3.0
7f91f9a4f000-7f91f9c4f000 ---p 00130000 08:02 532891                     /usr/lib/x86_64-linux-gnu/libX11.so.6.3.0
7f91f9c4f000-7f91f9c50000 r--p 00130000 08:02 532891                     /usr/lib/x86_64-linux-gnu/libX11.so.6.3.0
7f91f9c50000-7f91f9c54000 rw-p 00131000 08:02 532891                     /usr/lib/x86_64-linux-gnu/libX11.so.6.3.0
7f91f9c54000-7f91f9c65000 r-xp 00000000 08:02 532908                     /usr/lib/x86_64-linux-gnu/libXext.so.6.4.0
7f91f9c65000-7f91f9e64000 ---p 00011000 08:02 532908                     /usr/lib/x86_64-linux-gnu/libXext.so.6.4.0
7f91f9e64000-7f91f9e65000 r--p 00010000 08:02 532908                     /usr/lib/x86_64-linux-gnu/libXext.so.6.4.0
7f91f9e65000-7f91f9e66000 rw-p 00011000 08:02 532908                     /usr/lib/x86_64-linux-gnu/libXext.so.6.4.0
7f91f9e66000-7f91f9e6f000 r--s 00000000 08:02 96730                      /var/cache/fontconfig/3f7329c5293ffd510edef78f73874cfd-le64.cache-4
7f91f9e85000-7f91f9ed5000 r-xp 00000000 08:02 537583                     /usr/lib/jvm/java-7-oracle/jre/lib/amd64/xawt/libmawt.so
7f91f9ed5000-7f91fa0d5000 ---p 00050000 08:02 537583                     /usr/lib/jvm/java-7-oracle/jre/lib/amd64/xawt/libmawt.so
7f91fa0d5000-7f91fa0d9000 rw-p 00050000 08:02 537583                     /usr/lib/jvm/java-7-oracle/jre/lib/amd64/xawt/libmawt.so
7f91fa0d9000-7f91fa0da000 rw-p 00000000 00:00 0 
7f91fa0da000-7f91fa17c000 r-xp 00000000 08:02 537543                     /usr/lib/jvm/java-7-oracle/jre/lib/amd64/libawt.so
7f91fa17c000-7f91fa37c000 ---p 000a2000 08:02 537543                     /usr/lib/jvm/java-7-oracle/jre/lib/amd64/libawt.so
7f91fa37c000-7f91fa388000 rw-p 000a2000 08:02 537543                     /usr/lib/jvm/java-7-oracle/jre/lib/amd64/libawt.so
7f91fa388000-7f91fa3ac000 rw-p 00000000 00:00 0 
7f91fa3ac000-7f91fa3ad000 ---p 00000000 00:00 0 
7f91fa3ad000-7f91fa4ad000 rw-p 00000000 00:00 0                          [stack:3076]
7f91fa4ad000-7f91fa4b0000 ---p 00000000 00:00 0 
7f91fa4b0000-7f91fa5ae000 rw-p 00000000 00:00 0                          [stack:3075]
7f91fa5ae000-7f91fa5b1000 ---p 00000000 00:00 0 
7f91fa5b1000-7f91fa6af000 rw-p 00000000 00:00 0                          [stack:3074]
7f91fa6af000-7f91fa6b2000 ---p 00000000 00:00 0 
7f91fa6b2000-7f91fa7b0000 rw-p 00000000 00:00 0                          [stack:3073]
7f91fa7b0000-7f91fa7b3000 ---p 00000000 00:00 0 
7f91fa7b3000-7f91fa8b1000 rw-p 00000000 00:00 0                          [stack:3072]
7f91fa8b1000-7f91facab000 r--p 00000000 08:02 531394                     /usr/lib/locale/locale-archive
7f91facab000-7f91facae000 ---p 00000000 00:00 0 
7f91facae000-7f91fadac000 rw-p 00000000 00:00 0                          [stack:3071]
7f91fadac000-7f91fadaf000 ---p 00000000 00:00 0 
7f91fadaf000-7f91faead000 rw-p 00000000 00:00 0                          [stack:3070]
7f91faead000-7f91faeae000 ---p 00000000 00:00 0 
7f91faeae000-7f91fbe40000 rw-p 00000000 00:00 0                          [stack:3069]
7f91fbe40000-7f91fc000000 r--s 039fb000 08:02 537590                     /usr/lib/jvm/java-7-oracle/jre/lib/rt.jar
7f91fc000000-7f91fc021000 rw-p 00000000 00:00 0 
7f91fc021000-7f9200000000 ---p 00000000 00:00 0 
7f9200000000-7f9200005000 r--s 00000000 08:02 96740                      /var/cache/fontconfig/8801497958630a81b71ace7c5f9b32a8-le64.cache-4
7f920001c000-7f9200628000 rw-p 00000000 00:00 0 
7f9200628000-7f9200629000 ---p 00000000 00:00 0 
7f9200629000-7f9200729000 rw-p 00000000 00:00 0                          [stack:3068]
7f9200729000-7f920072a000 ---p 00000000 00:00 0 
7f920072a000-7f920082a000 rw-p 00000000 00:00 0                          [stack:3067]
7f920082a000-7f920082b000 ---p 00000000 00:00 0 
7f920082b000-7f9200aba000 rw-p 00000000 00:00 0                          [stack:3066]
7f9200aba000-7f9200bd6000 rw-p 00000000 00:00 0 
7f9200bd6000-7f9200be2000 rw-p 00000000 00:00 0 
7f9200be2000-7f9200be3000 ---p 00000000 00:00 0 
7f9200be3000-7f9200bff000 rw-p 00000000 00:00 0 
7f9200bff000-7f9200d8e000 rw-p 00000000 00:00 0 
7f9200d8e000-7f9200ea9000 rw-p 00000000 00:00 0 
7f9200ea9000-7f9200fff000 rw-p 00000000 00:00 0 
7f9200fff000-7f9201000000 rw-p 00000000 00:00 0 
7f9201000000-7f9201270000 rwxp 00000000 00:00 0 
7f9201270000-7f9204305000 rw-p 00000000 00:00 0 
7f9204305000-7f9208000000 ---p 00000000 00:00 0 
7f9208000000-7f9208001000 r--s 00000000 08:02 96733                      /var/cache/fontconfig/56cf4f4769d0f4abc89a4895d7bd3ae1-le64.cache-4
7f920800b000-7f92080b8000 rw-p 00000000 00:00 0 
7f92080b8000-7f92080b9000 ---p 00000000 00:00 0 
7f92080b9000-7f92081c5000 rw-p 00000000 00:00 0                          [stack:3065]
7f92081c5000-7f92081c6000 ---p 00000000 00:00 0 
7f92081c6000-7f92081e2000 rw-p 00000000 00:00 0 
7f92081e2000-7f92081f9000 r-xp 00000000 08:02 537529                     /usr/lib/jvm/java-7-oracle/jre/lib/amd64/libzip.so
7f92081f9000-7f92083f9000 ---p 00017000 08:02 537529                     /usr/lib/jvm/java-7-oracle/jre/lib/amd64/libzip.so
7f92083f9000-7f92083fa000 rw-p 00017000 08:02 537529                     /usr/lib/jvm/java-7-oracle/jre/lib/amd64/libzip.so
7f92083fa000-7f9208405000 r-xp 00000000 08:02 1053015                    /lib/x86_64-linux-gnu/libnss_files-2.19.so
7f9208405000-7f9208604000 ---p 0000b000 08:02 1053015                    /lib/x86_64-linux-gnu/libnss_files-2.19.so
7f9208604000-7f9208605000 r--p 0000a000 08:02 1053015                    /lib/x86_64-linux-gnu/libnss_files-2.19.so
7f9208605000-7f9208606000 rw-p 0000b000 08:02 1053015                    /lib/x86_64-linux-gnu/libnss_files-2.19.so
7f9208606000-7f9208611000 r-xp 00000000 08:02 1053025                    /lib/x86_64-linux-gnu/libnss_nis-2.19.so
7f9208611000-7f9208810000 ---p 0000b000 08:02 1053025                    /lib/x86_64-linux-gnu/libnss_nis-2.19.so
7f9208810000-7f9208811000 r--p 0000a000 08:02 1053025                    /lib/x86_64-linux-gnu/libnss_nis-2.19.so
7f9208811000-7f9208812000 rw-p 0000b000 08:02 1053025                    /lib/x86_64-linux-gnu/libnss_nis-2.19.so
7f9208812000-7f9208829000 r-xp 00000000 08:02 1053009                    /lib/x86_64-linux-gnu/libnsl-2.19.so
7f9208829000-7f9208a28000 ---p 00017000 08:02 1053009                    /lib/x86_64-linux-gnu/libnsl-2.19.so
7f9208a28000-7f9208a29000 r--p 00016000 08:02 1053009                    /lib/x86_64-linux-gnu/libnsl-2.19.so
7f9208a29000-7f9208a2a000 rw-p 00017000 08:02 1053009                    /lib/x86_64-linux-gnu/libnsl-2.19.so
7f9208a2a000-7f9208a2c000 rw-p 00000000 00:00 0 
7f9208a2c000-7f9208a35000 r-xp 00000000 08:02 1053011                    /lib/x86_64-linux-gnu/libnss_compat-2.19.so
7f9208a35000-7f9208c34000 ---p 00009000 08:02 1053011                    /lib/x86_64-linux-gnu/libnss_compat-2.19.so
7f9208c34000-7f9208c35000 r--p 00008000 08:02 1053011                    /lib/x86_64-linux-gnu/libnss_compat-2.19.so
7f9208c35000-7f9208c36000 rw-p 00009000 08:02 1053011                    /lib/x86_64-linux-gnu/libnss_compat-2.19.so
7f9208c36000-7f9208c5f000 r-xp 00000000 08:02 537563                     /usr/lib/jvm/java-7-oracle/jre/lib/amd64/libjava.so
7f9208c5f000-7f9208e5f000 ---p 00029000 08:02 537563                     /usr/lib/jvm/java-7-oracle/jre/lib/amd64/libjava.so
7f9208e5f000-7f9208e61000 rw-p 00029000 08:02 537563                     /usr/lib/jvm/java-7-oracle/jre/lib/amd64/libjava.so
7f9208e61000-7f9208e6e000 r-xp 00000000 08:02 537558                     /usr/lib/jvm/java-7-oracle/jre/lib/amd64/libverify.so
7f9208e6e000-7f920906d000 ---p 0000d000 08:02 537558                     /usr/lib/jvm/java-7-oracle/jre/lib/amd64/libverify.so
7f920906d000-7f920906f000 rw-p 0000c000 08:02 537558                     /usr/lib/jvm/java-7-oracle/jre/lib/amd64/libverify.so
7f920906f000-7f9209076000 r-xp 00000000 08:02 1053068                    /lib/x86_64-linux-gnu/librt-2.19.so
7f9209076000-7f9209275000 ---p 00007000 08:02 1053068                    /lib/x86_64-linux-gnu/librt-2.19.so
7f9209275000-7f9209276000 r--p 00006000 08:02 1053068                    /lib/x86_64-linux-gnu/librt-2.19.so
7f9209276000-7f9209277000 rw-p 00007000 08:02 1053068                    /lib/x86_64-linux-gnu/librt-2.19.so
7f9209277000-7f920937c000 r-xp 00000000 08:02 1052990                    /lib/x86_64-linux-gnu/libm-2.19.so
7f920937c000-7f920957b000 ---p 00105000 08:02 1052990                    /lib/x86_64-linux-gnu/libm-2.19.so
7f920957b000-7f920957c000 r--p 00104000 08:02 1052990                    /lib/x86_64-linux-gnu/libm-2.19.so
7f920957c000-7f920957d000 rw-p 00105000 08:02 1052990                    /lib/x86_64-linux-gnu/libm-2.19.so
7f920957d000-7f920a0f3000 r-xp 00000000 08:02 537570                     /usr/lib/jvm/java-7-oracle/jre/lib/amd64/server/libjvm.so
7f920a0f3000-7f920a2f2000 ---p 00b76000 08:02 537570                     /usr/lib/jvm/java-7-oracle/jre/lib/amd64/server/libjvm.so
7f920a2f2000-7f920a3b6000 rw-p 00b75000 08:02 537570                     /usr/lib/jvm/java-7-oracle/jre/lib/amd64/server/libjvm.so
7f920a3b6000-7f920a3f7000 rw-p 00000000 00:00 0 
7f920a3f7000-7f920a5b2000 r-xp 00000000 08:02 1052939                    /lib/x86_64-linux-gnu/libc-2.19.so
7f920a5b2000-7f920a7b1000 ---p 001bb000 08:02 1052939                    /lib/x86_64-linux-gnu/libc-2.19.so
7f920a7b1000-7f920a7b5000 r--p 001ba000 08:02 1052939                    /lib/x86_64-linux-gnu/libc-2.19.so
7f920a7b5000-7f920a7b7000 rw-p 001be000 08:02 1052939                    /lib/x86_64-linux-gnu/libc-2.19.so
7f920a7b7000-7f920a7bc000 rw-p 00000000 00:00 0 
7f920a7bc000-7f920a7bf000 r-xp 00000000 08:02 1052956                    /lib/x86_64-linux-gnu/libdl-2.19.so
7f920a7bf000-7f920a9be000 ---p 00003000 08:02 1052956                    /lib/x86_64-linux-gnu/libdl-2.19.so
7f920a9be000-7f920a9bf000 r--p 00002000 08:02 1052956                    /lib/x86_64-linux-gnu/libdl-2.19.so
7f920a9bf000-7f920a9c0000 rw-p 00003000 08:02 1052956                    /lib/x86_64-linux-gnu/libdl-2.19.so
7f920a9c0000-7f920a9d5000 r-xp 00000000 08:02 537539                     /usr/lib/jvm/java-7-oracle/jre/lib/amd64/jli/libjli.so
7f920a9d5000-7f920abd4000 ---p 00015000 08:02 537539                     /usr/lib/jvm/java-7-oracle/jre/lib/amd64/jli/libjli.so
7f920abd4000-7f920abd5000 rw-p 00014000 08:02 537539                     /usr/lib/jvm/java-7-oracle/jre/lib/amd64/jli/libjli.so
7f920abd5000-7f920abee000 r-xp 00000000 08:02 1053060                    /lib/x86_64-linux-gnu/libpthread-2.19.so
7f920abee000-7f920aded000 ---p 00019000 08:02 1053060                    /lib/x86_64-linux-gnu/libpthread-2.19.so
7f920aded000-7f920adee000 r--p 00018000 08:02 1053060                    /lib/x86_64-linux-gnu/libpthread-2.19.so
7f920adee000-7f920adef000 rw-p 00019000 08:02 1053060                    /lib/x86_64-linux-gnu/libpthread-2.19.so
7f920adef000-7f920adf3000 rw-p 00000000 00:00 0 
7f920adf3000-7f920ae16000 r-xp 00000000 08:02 1052913                    /lib/x86_64-linux-gnu/ld-2.19.so
7f920ae16000-7f920ae17000 r--s 00000000 08:02 96747                      /var/cache/fontconfig/b9d506c9ac06c20b433354fa67a72993-le64.cache-4
7f920ae17000-7f920ae1a000 r--s 00000000 08:02 96898                      /var/cache/fontconfig/e13b20fdb08344e0e664864cc2ede53d-le64.cache-4
7f920ae1a000-7f920ae1e000 r--s 00000000 08:02 99809                      /var/cache/fontconfig/7ef2298fde41cc6eeb7af42e48b7d293-le64.cache-4
7f920ae2f000-7f920ae39000 rw-p 00000000 00:00 0 
7f920ae39000-7f920aeef000 rw-p 00000000 00:00 0 
7f920aeef000-7f920aef2000 ---p 00000000 00:00 0 
7f920aef2000-7f920aff4000 rw-p 00000000 00:00 0                          [stack:3064]
7f920aff4000-7f920aff5000 r--s 00000000 08:02 96722                      /var/cache/fontconfig/0c9eb80ebd1c36541ebe2852d3bb0c49-le64.cache-4
7f920b008000-7f920b009000 rw-p 00000000 00:00 0 
7f920b009000-7f920b011000 rw-s 00000000 08:02 13123                      /tmp/hsperfdata_ted-cassirer/3063
7f920b011000-7f920b012000 rw-p 00000000 00:00 0 
7f920b012000-7f920b013000 ---p 00000000 00:00 0 
7f920b013000-7f920b015000 rw-p 00000000 00:00 0 
7f920b015000-7f920b016000 r--p 00022000 08:02 1052913                    /lib/x86_64-linux-gnu/ld-2.19.so
7f920b016000-7f920b017000 rw-p 00023000 08:02 1052913                    /lib/x86_64-linux-gnu/ld-2.19.so
7f920b017000-7f920b018000 rw-p 00000000 00:00 0 
7ffc0d25e000-7ffc0d27f000 rw-p 00000000 00:00 0                          [stack]
7ffc0d329000-7ffc0d32b000 r--p 00000000 00:00 0                          [vvar]
7ffc0d32b000-7ffc0d32d000 r-xp 00000000 00:00 0                          [vdso]
ffffffffff600000-ffffffffff601000 r-xp 00000000 00:00 0                  [vsyscall]

VM Arguments:
jvm_args: -Xmx2048m 
java_command: ir.SearchGUI -d /home/ted-cassirer/Desktop/Skolan/davisWiki
Launcher Type: SUN_STANDARD

Environment Variables:
PATH=/usr/local/sbin:/usr/local/bin:/usr/sbin:/usr/bin:/sbin:/bin:/usr/games:/usr/local/games
USERNAME=ted-cassirer
SHELL=/bin/bash
DISPLAY=:0

Signal Handlers:
SIGSEGV: [libjvm.so+0x9a3b20], sa_mask[0]=0x7ffbfeff, sa_flags=0x10000004
SIGBUS: [libjvm.so+0x9a3b20], sa_mask[0]=0x7ffbfeff, sa_flags=0x10000004
SIGFPE: [libjvm.so+0x81e740], sa_mask[0]=0x7ffbfeff, sa_flags=0x10000004
SIGPIPE: [libjvm.so+0x81e740], sa_mask[0]=0x7ffbfeff, sa_flags=0x10000004
SIGXFSZ: [libjvm.so+0x81e740], sa_mask[0]=0x7ffbfeff, sa_flags=0x10000004
SIGILL: [libjvm.so+0x81e740], sa_mask[0]=0x7ffbfeff, sa_flags=0x10000004
SIGUSR1: SIG_DFL, sa_mask[0]=0x00000000, sa_flags=0x00000000
SIGUSR2: [libjvm.so+0x81ffb0], sa_mask[0]=0x00000000, sa_flags=0x10000004
SIGHUP: [libjvm.so+0x8210d0], sa_mask[0]=0x7ffbfeff, sa_flags=0x10000004
SIGINT: [libjvm.so+0x8210d0], sa_mask[0]=0x7ffbfeff, sa_flags=0x10000004
SIGTERM: [libjvm.so+0x8210d0], sa_mask[0]=0x7ffbfeff, sa_flags=0x10000004
SIGQUIT: [libjvm.so+0x8210d0], sa_mask[0]=0x7ffbfeff, sa_flags=0x10000004


---------------  S Y S T E M  ---------------

OS:jessie/sid

uname:Linux 4.4.0-040400-generic #201601101930 SMP Mon Jan 11 00:32:41 UTC 2016 x86_64
libc:glibc 2.19 NPTL 2.19 
rlimit: STACK 8192k, CORE 0k, NPROC 31128, NOFILE 4096, AS infinity
load average:6,60 4,64 4,15

/proc/meminfo:
MemTotal:        8062264 kB
MemFree:           39264 kB
MemAvailable:     279600 kB
Buffers:            5576 kB
Cached:          1055496 kB
SwapCached:            0 kB
Active:          6977188 kB
Inactive:         800268 kB
Active(anon):    6823064 kB
Inactive(anon):   721516 kB
Active(file):     154124 kB
Inactive(file):    78752 kB
Unevictable:        1688 kB
Mlocked:        34359740056 kB
SwapTotal:             0 kB
SwapFree:              0 kB
Dirty:               440 kB
Writeback:             0 kB
AnonPages:       6718376 kB
Mapped:           551896 kB
Shmem:            827952 kB
Slab:              94324 kB
SReclaimable:      49820 kB
SUnreclaim:        44504 kB
KernelStack:       12320 kB
PageTables:        64364 kB
NFS_Unstable:          0 kB
Bounce:                0 kB
WritebackTmp:          0 kB
CommitLimit:     4031132 kB
Committed_AS:   14955536 kB
VmallocTotal:   34359738367 kB
VmallocUsed:           0 kB
VmallocChunk:          0 kB
HardwareCorrupted:     0 kB
AnonHugePages:   3307520 kB
CmaTotal:              0 kB
CmaFree:               0 kB
HugePages_Total:       0
HugePages_Free:        0
HugePages_Rsvd:        0
HugePages_Surp:        0
Hugepagesize:       2048 kB
DirectMap4k:      255396 kB
DirectMap2M:     5922816 kB
DirectMap1G:     2097152 kB


CPU:total 4 (2 cores per cpu, 2 threads per core) family 6 model 78 stepping 3, cmov, cx8, fxsr, mmx, sse, sse2, sse3, ssse3, sse4.1, sse4.2, popcnt, avx, avx2, aes, erms, ht, tsc, tscinvbit

/proc/cpuinfo:
processor	: 0
vendor_id	: GenuineIntel
cpu family	: 6
model		: 78
model name	: Intel(R) Core(TM) i5-6200U CPU @ 2.30GHz
stepping	: 3
microcode	: 0x33
cpu MHz		: 2700.000
cache size	: 3072 KB
physical id	: 0
siblings	: 4
core id		: 0
cpu cores	: 2
apicid		: 0
initial apicid	: 0
fpu		: yes
fpu_exception	: yes
cpuid level	: 22
wp		: yes
flags		: fpu vme de pse tsc msr pae mce cx8 apic sep mtrr pge mca cmov pat pse36 clflush dts acpi mmx fxsr sse sse2 ss ht tm pbe syscall nx pdpe1gb rdtscp lm constant_tsc arch_perfmon pebs bts rep_good nopl xtopology nonstop_tsc aperfmperf eagerfpu pni pclmulqdq dtes64 monitor ds_cpl vmx est tm2 ssse3 sdbg fma cx16 xtpr pdcm pcid sse4_1 sse4_2 x2apic movbe popcnt tsc_deadline_timer aes xsave avx f16c rdrand lahf_lm abm 3dnowprefetch ida arat epb pln pts dtherm hwp hwp_notify hwp_act_window hwp_epp intel_pt tpr_shadow vnmi flexpriority ept vpid fsgsbase tsc_adjust bmi1 avx2 smep bmi2 erms invpcid mpx rdseed adx smap clflushopt xsaveopt xsavec xgetbv1
bugs		:
bogomips	: 4799.89
clflush size	: 64
cache_alignment	: 64
address sizes	: 39 bits physical, 48 bits virtual
power management:

processor	: 1
vendor_id	: GenuineIntel
cpu family	: 6
model		: 78
model name	: Intel(R) Core(TM) i5-6200U CPU @ 2.30GHz
stepping	: 3
microcode	: 0x33
cpu MHz		: 2700.000
cache size	: 3072 KB
physical id	: 0
siblings	: 4
core id		: 1
cpu cores	: 2
apicid		: 2
initial apicid	: 2
fpu		: yes
fpu_exception	: yes
cpuid level	: 22
wp		: yes
flags		: fpu vme de pse tsc msr pae mce cx8 apic sep mtrr pge mca cmov pat pse36 clflush dts acpi mmx fxsr sse sse2 ss ht tm pbe syscall nx pdpe1gb rdtscp lm constant_tsc arch_perfmon pebs bts rep_good nopl xtopology nonstop_tsc aperfmperf eagerfpu pni pclmulqdq dtes64 monitor ds_cpl vmx est tm2 ssse3 sdbg fma cx16 xtpr pdcm pcid sse4_1 sse4_2 x2apic movbe popcnt tsc_deadline_timer aes xsave avx f16c rdrand lahf_lm abm 3dnowprefetch ida arat epb pln pts dtherm hwp hwp_notify hwp_act_window hwp_epp intel_pt tpr_shadow vnmi flexpriority ept vpid fsgsbase tsc_adjust bmi1 avx2 smep bmi2 erms invpcid mpx rdseed adx smap clflushopt xsaveopt xsavec xgetbv1
bugs		:
bogomips	: 4799.89
clflush size	: 64
cache_alignment	: 64
address sizes	: 39 bits physical, 48 bits virtual
power management:

processor	: 2
vendor_id	: GenuineIntel
cpu family	: 6
model		: 78
model name	: Intel(R) Core(TM) i5-6200U CPU @ 2.30GHz
stepping	: 3
microcode	: 0x33
cpu MHz		: 2700.000
cache size	: 3072 KB
physical id	: 0
siblings	: 4
core id		: 0
cpu cores	: 2
apicid		: 1
initial apicid	: 1
fpu		: yes
fpu_exception	: yes
cpuid level	: 22
wp		: yes
flags		: fpu vme de pse tsc msr pae mce cx8 apic sep mtrr pge mca cmov pat pse36 clflush dts acpi mmx fxsr sse sse2 ss ht tm pbe syscall nx pdpe1gb rdtscp lm constant_tsc arch_perfmon pebs bts rep_good nopl xtopology nonstop_tsc aperfmperf eagerfpu pni pclmulqdq dtes64 monitor ds_cpl vmx est tm2 ssse3 sdbg fma cx16 xtpr pdcm pcid sse4_1 sse4_2 x2apic movbe popcnt tsc_deadline_timer aes xsave avx f16c rdrand lahf_lm abm 3dnowprefetch ida arat epb pln pts dtherm hwp hwp_notify hwp_act_window hwp_epp intel_pt tpr_shadow vnmi flexpriority ept vpid fsgsbase tsc_adjust bmi1 avx2 smep bmi2 erms invpcid mpx rdseed adx smap clflushopt xsaveopt xsavec xgetbv1
bugs		:
bogomips	: 4799.89
clflush size	: 64
cache_alignment	: 64
address sizes	: 39 bits physical, 48 bits virtual
power management:

processor	: 3
vendor_id	: GenuineIntel
cpu family	: 6
model		: 78
model name	: Intel(R) Core(TM) i5-6200U CPU @ 2.30GHz
stepping	: 3
microcode	: 0x33
cpu MHz		: 2700.000
cache size	: 3072 KB
physical id	: 0
siblings	: 4
core id		: 1
cpu cores	: 2
apicid		: 3
initial apicid	: 3
fpu		: yes
fpu_exception	: yes
cpuid level	: 22
wp		: yes
flags		: fpu vme de pse tsc msr pae mce cx8 apic sep mtrr pge mca cmov pat pse36 clflush dts acpi mmx fxsr sse sse2 ss ht tm pbe syscall nx pdpe1gb rdtscp lm constant_tsc arch_perfmon pebs bts rep_good nopl xtopology nonstop_tsc aperfmperf eagerfpu pni pclmulqdq dtes64 monitor ds_cpl vmx est tm2 ssse3 sdbg fma cx16 xtpr pdcm pcid sse4_1 sse4_2 x2apic movbe popcnt tsc_deadline_timer aes xsave avx f16c rdrand lahf_lm abm 3dnowprefetch ida arat epb pln pts dtherm hwp hwp_notify hwp_act_window hwp_epp intel_pt tpr_shadow vnmi flexpriority ept vpid fsgsbase tsc_adjust bmi1 avx2 smep bmi2 erms invpcid mpx rdseed adx smap clflushopt xsaveopt xsavec xgetbv1
bugs		:
bogomips	: 4799.89
clflush size	: 64
cache_alignment	: 64
address sizes	: 39 bits physical, 48 bits virtual
power management:



Memory: 4k page, physical 8062264k(39512k free), swap 0k(0k free)

vm_info: Java HotSpot(TM) 64-Bit Server VM (24.80-b11) for linux-amd64 JRE (1.7.0_80-b15), built on Apr 10 2015 19:53:14 by "java_re" with gcc 4.3.0 20080428 (Red Hat 4.3.0-8)

time: Fri Mar 11 02:26:37 2016
elapsed time: 34 seconds

