#
# There is insufficient memory for the Java Runtime Environment to continue.
# Native memory allocation (malloc) failed to allocate 321912832 bytes for committing reserved memory.
# Possible reasons:
#   The system is out of physical RAM or swap space
#   In 32 bit mode, the process size limit was hit
# Possible solutions:
#   Reduce memory load on the system
#   Increase physical memory or swap space
#   Check if swap backing store is full
#   Use 64 bit Java on a 64 bit OS
#   Decrease Java heap size (-Xmx/-Xms)
#   Decrease number of Java threads
#   Decrease Java thread stack sizes (-Xss)
#   Set larger code cache with -XX:ReservedCodeCacheSize=
# This output file may be truncated or incomplete.
#
#  Out of Memory Error (os_linux.cpp:2756), pid=3027, tid=140281021781760
#
# JRE version: Java(TM) SE Runtime Environment (7.0_80-b15) (build 1.7.0_80-b15)
# Java VM: Java HotSpot(TM) 64-Bit Server VM (24.80-b11 mixed mode linux-amd64 compressed oops)
# Failed to write core dump. Core dumps have been disabled. To enable core dumping, try "ulimit -c unlimited" before starting Java again
#

---------------  T H R E A D  ---------------

Current thread (0x00007f95b4069800):  VMThread [stack: 0x00007f95b868d000,0x00007f95b878e000] [id=3033]

Stack: [0x00007f95b868d000,0x00007f95b878e000],  sp=0x00007f95b878c020,  free space=1020k
Native frames: (J=compiled Java code, j=interpreted, Vv=VM code, C=native code)
V  [libjvm.so+0x9a320a]  VMError::report_and_die()+0x2ea
V  [libjvm.so+0x498d3b]  report_vm_out_of_memory(char const*, int, unsigned long, char const*)+0x9b
V  [libjvm.so+0x82191e]  os::Linux::commit_memory_impl(char*, unsigned long, bool)+0xfe
V  [libjvm.so+0x821e69]  os::pd_commit_memory(char*, unsigned long, unsigned long, bool)+0x29
V  [libjvm.so+0x81bb6a]  os::commit_memory(char*, unsigned long, unsigned long, bool)+0x2a
V  [libjvm.so+0x88d623]  PSVirtualSpace::expand_by(unsigned long)+0x53
V  [libjvm.so+0x87ca80]  PSOldGen::expand(unsigned long)+0x170
V  [libjvm.so+0x87cc8b]  PSOldGen::resize(unsigned long)+0x1cb
V  [libjvm.so+0x885951]  PSParallelCompact::invoke_no_policy(bool)+0x9b1
V  [libjvm.so+0x88b8cd]  PSScavenge::invoke()+0x1ad
V  [libjvm.so+0x843f40]  ParallelScavengeHeap::failed_mem_allocate(unsigned long)+0x70
V  [libjvm.so+0x9a4a97]  VM_ParallelGCFailedAllocation::doit()+0x97
V  [libjvm.so+0x9abf35]  VM_Operation::evaluate()+0x55
V  [libjvm.so+0x9aa2fa]  VMThread::evaluate_operation(VM_Operation*)+0xba
V  [libjvm.so+0x9aa67e]  VMThread::loop()+0x1ce
V  [libjvm.so+0x9aaaf0]  VMThread::run()+0x70
V  [libjvm.so+0x8238c8]  java_start(Thread*)+0x108

VM_Operation (0x00007f95bd7a75f0): ParallelGCFailedAllocation, mode: safepoint, requested by thread 0x00007f95b4009800


---------------  P R O C E S S  ---------------

Java Threads: ( => current thread )
  0x00007f95640b8800 JavaThread "TimerQueue" daemon [_thread_blocked, id=3047, stack(0x00007f95a99c0000,0x00007f95a9ac1000)]
  0x00007f95b41fb000 JavaThread "AWT-EventQueue-0" [_thread_blocked, id=3044, stack(0x00007f95aaba3000,0x00007f95aaca4000)]
  0x00007f95b41cf000 JavaThread "AWT-Shutdown" [_thread_blocked, id=3043, stack(0x00007f95aaca4000,0x00007f95aada5000)]
  0x00007f95b41a6800 JavaThread "AWT-XAWT" daemon [_thread_blocked, id=3042, stack(0x00007f95aada5000,0x00007f95aaea6000)]
  0x00007f95b4183000 JavaThread "Java2D Disposer" daemon [_thread_blocked, id=3041, stack(0x00007f95ab2b6000,0x00007f95ab3b7000)]
  0x00007f95b4099800 JavaThread "Service Thread" daemon [_thread_blocked, id=3039, stack(0x00007f95b0bfc000,0x00007f95b0cfd000)]
  0x00007f95b4097000 JavaThread "C2 CompilerThread1" daemon [_thread_blocked, id=3038, stack(0x00007f95b0cfd000,0x00007f95b0dfe000)]
  0x00007f95b4094000 JavaThread "C2 CompilerThread0" daemon [_thread_blocked, id=3037, stack(0x00007f95b0dfe000,0x00007f95b0eff000)]
  0x00007f95b4092000 JavaThread "Signal Dispatcher" daemon [_thread_blocked, id=3036, stack(0x00007f95b0eff000,0x00007f95b1000000)]
  0x00007f95b4070000 JavaThread "Finalizer" daemon [_thread_blocked, id=3035, stack(0x00007f95b848b000,0x00007f95b858c000)]
  0x00007f95b406e000 JavaThread "Reference Handler" daemon [_thread_blocked, id=3034, stack(0x00007f95b858c000,0x00007f95b868d000)]
  0x00007f95b4009800 JavaThread "main" [_thread_blocked, id=3028, stack(0x00007f95bd6a8000,0x00007f95bd7a9000)]

Other Threads:
=>0x00007f95b4069800 VMThread [stack: 0x00007f95b868d000,0x00007f95b878e000] [id=3033]
  0x00007f95b40a4000 WatcherThread [stack: 0x00007f95b0afb000,0x00007f95b0bfc000] [id=3040]

VM state:at safepoint (normal execution)

VM Mutex/Monitor currently owned by a thread:  ([mutex/lock_event])
[0x00007f95b40058f0] ExpandHeap_lock - owner thread: 0x00007f95b4069800
[0x00007f95b4005f70] Threads_lock - owner thread: 0x00007f95b4069800
[0x00007f95b4006470] Heap_lock - owner thread: 0x00007f95b4009800

Heap
 PSYoungGen      total 466432K, used 29534K [0x00000007d5500000, 0x0000000800000000, 0x0000000800000000)
  eden space 233472K, 0% used [0x00000007d5500000,0x00000007d5500000,0x00000007e3900000)
  from space 232960K, 12% used [0x00000007e3900000,0x00000007e55d7ab8,0x00000007f1c80000)
  to   space 232960K, 0% used [0x00000007f1c80000,0x00000007f1c80000,0x0000000800000000)
 ParOldGen       total 814080K, used 813599K [0x0000000780000000, 0x00000007b1b00000, 0x00000007d5500000)
  object space 814080K, 99% used [0x0000000780000000,0x00000007b1a87ee8,0x00000007b1b00000)
 PSPermGen       total 24064K, used 11522K [0x000000077ae00000, 0x000000077c580000, 0x0000000780000000)
  object space 24064K, 47% used [0x000000077ae00000,0x000000077b940b08,0x000000077c580000)

Card table byte_map: [0x00007f95ba571000,0x00007f95ba99b000] byte_map_base: 0x00007f95b699a000

Polling page: 0x00007f95bd7cb000

Code Cache  [0x00007f95b1000000, 0x00007f95b1270000, 0x00007f95b4000000)
 total_blobs=739 nmethods=276 adapters=416 free_code_cache=48077Kb largest_free_block=49178304

Compilation events (10 events):
Event: 21,249 Thread 0x00007f95b4097000 nmethod 291 0x00007f95b10dad90 code [0x00007f95b10daec0, 0x00007f95b10daf38]
Event: 21,252 Thread 0x00007f95b4094000 nmethod 290 0x00007f95b10da990 code [0x00007f95b10daae0, 0x00007f95b10dac38]
Event: 22,358 Thread 0x00007f95b4097000  292 % !         ir.Indexer::processFiles @ 25 (444 bytes)
Event: 22,364 Thread 0x00007f95b4097000 nmethod 292% 0x00007f95b10d9390 code [0x00007f95b10d9500, 0x00007f95b10d9798]
Event: 22,884 Thread 0x00007f95b4094000  293             java.nio.HeapCharBuffer::<init> (14 bytes)
Event: 22,885 Thread 0x00007f95b4094000 nmethod 293 0x00007f95b10d8d90 code [0x00007f95b10d8ee0, 0x00007f95b10d90b8]
Event: 23,203 Thread 0x00007f95b4097000  294   !         sun.nio.cs.StreamDecoder::readBytes (289 bytes)
Event: 23,216 Thread 0x00007f95b4097000 nmethod 294 0x00007f95b10eeb90 code [0x00007f95b10eed40, 0x00007f95b10ef338]
Event: 23,700 Thread 0x00007f95b4094000  295             sun.nio.cs.StreamDecoder::implRead (243 bytes)
Event: 23,718 Thread 0x00007f95b4094000 nmethod 295 0x00007f95b10ea9d0 code [0x00007f95b10eac40, 0x00007f95b10eb700]

GC Heap History (10 events):
Event: 22,827 GC heap after
Heap after GC invocations=23 (full 4):
 PSYoungGen      total 514048K, used 154516K [0x00000007d5500000, 0x0000000800000000, 0x0000000800000000)
  eden space 359424K, 0% used [0x00000007d5500000,0x00000007d5500000,0x00000007eb400000)
  from space 154624K, 99% used [0x00000007eb400000,0x00000007f4ae5170,0x00000007f4b00000)
  to   space 185344K, 0% used [0x00000007f4b00000,0x00000007f4b00000,0x0000000800000000)
 ParOldGen       total 814080K, used 551477K [0x0000000780000000, 0x00000007b1b00000, 0x00000007d5500000)
  object space 814080K, 67% used [0x0000000780000000,0x00000007a1a8d5c0,0x00000007b1b00000)
 PSPermGen       total 24064K, used 11522K [0x000000077ae00000, 0x000000077c580000, 0x0000000780000000)
  object space 24064K, 47% used [0x000000077ae00000,0x000000077b940b68,0x000000077c580000)
}
Event: 23,288 GC heap before
{Heap before GC invocations=24 (full 4):
 PSYoungGen      total 514048K, used 513940K [0x00000007d5500000, 0x0000000800000000, 0x0000000800000000)
  eden space 359424K, 100% used [0x00000007d5500000,0x00000007eb400000,0x00000007eb400000)
  from space 154624K, 99% used [0x00000007eb400000,0x00000007f4ae5170,0x00000007f4b00000)
  to   space 185344K, 0% used [0x00000007f4b00000,0x00000007f4b00000,0x0000000800000000)
 ParOldGen       total 814080K, used 551477K [0x0000000780000000, 0x00000007b1b00000, 0x00000007d5500000)
  object space 814080K, 67% used [0x0000000780000000,0x00000007a1a8d5c0,0x00000007b1b00000)
 PSPermGen       total 24064K, used 11522K [0x000000077ae00000, 0x000000077c580000, 0x0000000780000000)
  object space 24064K, 47% used [0x000000077ae00000,0x000000077b940b68,0x000000077c580000)
Event: 23,632 GC heap after
Heap after GC invocations=24 (full 4):
 PSYoungGen      total 437248K, used 185332K [0x00000007d5500000, 0x0000000800000000, 0x0000000800000000)
  eden space 251904K, 0% used [0x00000007d5500000,0x00000007d5500000,0x00000007e4b00000)
  from space 185344K, 99% used [0x00000007f4b00000,0x00000007ffffd2c0,0x0000000800000000)
  to   space 223744K, 0% used [0x00000007e4b00000,0x00000007e4b00000,0x00000007f2580000)
 ParOldGen       total 814080K, used 568357K [0x0000000780000000, 0x00000007b1b00000, 0x00000007d5500000)
  object space 814080K, 69% used [0x0000000780000000,0x00000007a2b095e0,0x00000007b1b00000)
 PSPermGen       total 24064K, used 11522K [0x000000077ae00000, 0x000000077c580000, 0x0000000780000000)
  object space 24064K, 47% used [0x000000077ae00000,0x000000077b940b68,0x000000077c580000)
}
Event: 23,985 GC heap before
{Heap before GC invocations=25 (full 4):
 PSYoungGen      total 437248K, used 437236K [0x00000007d5500000, 0x0000000800000000, 0x0000000800000000)
  eden space 251904K, 100% used [0x00000007d5500000,0x00000007e4b00000,0x00000007e4b00000)
  from space 185344K, 99% used [0x00000007f4b00000,0x00000007ffffd2c0,0x0000000800000000)
  to   space 223744K, 0% used [0x00000007e4b00000,0x00000007e4b00000,0x00000007f2580000)
 ParOldGen       total 814080K, used 568357K [0x0000000780000000, 0x00000007b1b00000, 0x00000007d5500000)
  object space 814080K, 69% used [0x0000000780000000,0x00000007a2b095e0,0x00000007b1b00000)
 PSPermGen       total 24064K, used 11522K [0x000000077ae00000, 0x000000077c580000, 0x0000000780000000)
  object space 24064K, 47% used [0x000000077ae00000,0x000000077b940b68,0x000000077c580000)
Event: 24,364 GC heap after
Heap after GC invocations=25 (full 4):
 PSYoungGen      total 460288K, used 207988K [0x00000007d5500000, 0x0000000800000000, 0x0000000800000000)
  eden space 251904K, 0% used [0x00000007d5500000,0x00000007d5500000,0x00000007e4b00000)
  from space 208384K, 99% used [0x00000007e4b00000,0x00000007f161d320,0x00000007f1680000)
  to   space 232960K, 0% used [0x00000007f1c80000,0x00000007f1c80000,0x0000000800000000)
 ParOldGen       total 814080K, used 577097K [0x0000000780000000, 0x00000007b1b00000, 0x00000007d5500000)
  object space 814080K, 70% used [0x0000000780000000,0x00000007a3392600,0x00000007b1b00000)
 PSPermGen       total 24064K, used 11522K [0x000000077ae00000, 0x000000077c580000, 0x0000000780000000)
  object space 24064K, 47% used [0x000000077ae00000,0x000000077b940b68,0x000000077c580000)
}
Event: 24,732 GC heap before
{Heap before GC invocations=26 (full 4):
 PSYoungGen      total 460288K, used 459892K [0x00000007d5500000, 0x0000000800000000, 0x0000000800000000)
  eden space 251904K, 100% used [0x00000007d5500000,0x00000007e4b00000,0x00000007e4b00000)
  from space 208384K, 99% used [0x00000007e4b00000,0x00000007f161d320,0x00000007f1680000)
  to   space 232960K, 0% used [0x00000007f1c80000,0x00000007f1c80000,0x0000000800000000)
 ParOldGen       total 814080K, used 577097K [0x0000000780000000, 0x00000007b1b00000, 0x00000007d5500000)
  object space 814080K, 70% used [0x0000000780000000,0x00000007a3392600,0x00000007b1b00000)
 PSPermGen       total 24064K, used 11522K [0x000000077ae00000, 0x000000077c580000, 0x0000000780000000)
  object space 24064K, 47% used [0x000000077ae00000,0x000000077b940b68,0x000000077c580000)
Event: 25,234 GC heap after
Heap after GC invocations=26 (full 4):
 PSYoungGen      total 466432K, used 153300K [0x00000007d5500000, 0x0000000800000000, 0x0000000800000000)
  eden space 233472K, 0% used [0x00000007d5500000,0x00000007d5500000,0x00000007e3900000)
  from space 232960K, 65% used [0x00000007f1c80000,0x00000007fb235280,0x0000000800000000)
  to   space 232960K, 0% used [0x00000007e3900000,0x00000007e3900000,0x00000007f1c80000)
 ParOldGen       total 814080K, used 665569K [0x0000000780000000, 0x00000007b1b00000, 0x00000007d5500000)
  object space 814080K, 81% used [0x0000000780000000,0x00000007a89f8440,0x00000007b1b00000)
 PSPermGen       total 24064K, used 11522K [0x000000077ae00000, 0x000000077c580000, 0x0000000780000000)
  object space 24064K, 47% used [0x000000077ae00000,0x000000077b940b68,0x000000077c580000)
}
Event: 25,507 GC heap before
{Heap before GC invocations=27 (full 4):
 PSYoungGen      total 466432K, used 386772K [0x00000007d5500000, 0x0000000800000000, 0x0000000800000000)
  eden space 233472K, 100% used [0x00000007d5500000,0x00000007e3900000,0x00000007e3900000)
  from space 232960K, 65% used [0x00000007f1c80000,0x00000007fb235280,0x0000000800000000)
  to   space 232960K, 0% used [0x00000007e3900000,0x00000007e3900000,0x00000007f1c80000)
 ParOldGen       total 814080K, used 665569K [0x0000000780000000, 0x00000007b1b00000, 0x00000007d5500000)
  object space 814080K, 81% used [0x0000000780000000,0x00000007a89f8440,0x00000007b1b00000)
 PSPermGen       total 24064K, used 11522K [0x000000077ae00000, 0x000000077c580000, 0x0000000780000000)
  object space 24064K, 47% used [0x000000077ae00000,0x000000077b940b68,0x000000077c580000)
Event: 25,863 GC heap after
Heap after GC invocations=27 (full 4):
 PSYoungGen      total 466432K, used 97248K [0x00000007d5500000, 0x0000000800000000, 0x0000000800000000)
  eden space 233472K, 0% used [0x00000007d5500000,0x00000007d5500000,0x00000007e3900000)
  from space 232960K, 41% used [0x00000007e3900000,0x00000007e97f8280,0x00000007f1c80000)
  to   space 232960K, 0% used [0x00000007f1c80000,0x00000007f1c80000,0x0000000800000000)
 ParOldGen       total 814080K, used 753924K [0x0000000780000000, 0x00000007b1b00000, 0x00000007d5500000)
  object space 814080K, 92% used [0x0000000780000000,0x00000007ae0411b0,0x00000007b1b00000)
 PSPermGen       total 24064K, used 11522K [0x000000077ae00000, 0x000000077c580000, 0x0000000780000000)
  object space 24064K, 47% used [0x000000077ae00000,0x000000077b940b68,0x000000077c580000)
}
Event: 25,863 GC heap before
{Heap before GC invocations=28 (full 5):
 PSYoungGen      total 466432K, used 97248K [0x00000007d5500000, 0x0000000800000000, 0x0000000800000000)
  eden space 233472K, 0% used [0x00000007d5500000,0x00000007d5500000,0x00000007e3900000)
  from space 232960K, 41% used [0x00000007e3900000,0x00000007e97f8280,0x00000007f1c80000)
  to   space 232960K, 0% used [0x00000007f1c80000,0x00000007f1c80000,0x0000000800000000)
 ParOldGen       total 814080K, used 753924K [0x0000000780000000, 0x00000007b1b00000, 0x00000007d5500000)
  object space 814080K, 92% used [0x0000000780000000,0x00000007ae0411b0,0x00000007b1b00000)
 PSPermGen       total 24064K, used 11522K [0x000000077ae00000, 0x000000077c580000, 0x0000000780000000)
  object space 24064K, 47% used [0x000000077ae00000,0x000000077b940b68,0x000000077c580000)

Deoptimization events (10 events):
Event: 1,364 Thread 0x00007f95b41fb000 Uncommon trap: reason=unstable_if action=reinterpret pc=0x00007f95b10c4370 method=java.lang.Math.max(II)I @ 2
Event: 1,416 Thread 0x00007f95b4009800 Uncommon trap: reason=unstable_if action=reinterpret pc=0x00007f95b10d6ae4 method=java.util.HashMap.getEntry(Ljava/lang/Object;)Ljava/util/HashMap$Entry; @ 71
Event: 1,416 Thread 0x00007f95b4009800 Uncommon trap: reason=unstable_if action=reinterpret pc=0x00007f95b10b6714 method=java.util.HashMap.getEntry(Ljava/lang/Object;)Ljava/util/HashMap$Entry; @ 71
Event: 1,441 Thread 0x00007f95b4009800 Uncommon trap: reason=unstable_if action=reinterpret pc=0x00007f95b10d9c44 method=java.util.HashMap.getEntry(Ljava/lang/Object;)Ljava/util/HashMap$Entry; @ 71
Event: 1,442 Thread 0x00007f95b4009800 Uncommon trap: reason=unstable_if action=reinterpret pc=0x00007f95b10c4cf4 method=ir.SimpleTokenizer.normalize([CI)Z @ 68
Event: 4,376 Thread 0x00007f95b4009800 Uncommon trap: reason=null_check action=make_not_entrant pc=0x00007f95b11067d0 method=sun.nio.cs.StreamDecoder.inReady()Z @ 21
Event: 7,925 Thread 0x00007f95b4009800 Uncommon trap: reason=unstable_if action=reinterpret pc=0x00007f95b10f575c method=sun.nio.cs.UTF_8$Decoder.xflow(Ljava/nio/Buffer;IILjava/nio/Buffer;II)Ljava/nio/charset/CoderResult; @ 18
Event: 8,077 Thread 0x00007f95b4009800 Uncommon trap: reason=unstable_if action=reinterpret pc=0x00007f95b1108034 method=sun.nio.cs.StreamDecoder.implRead([CII)I @ 87
Event: 21,717 Thread 0x00007f95b4009800 Uncommon trap: reason=unstable_if action=reinterpret pc=0x00007f95b10bdd88 method=java.lang.ref.Reference.<init>(Ljava/lang/Object;Ljava/lang/ref/ReferenceQueue;)V @ 11
Event: 21,717 Thread 0x00007f95b4009800 Uncommon trap: reason=unstable_if action=reinterpret pc=0x00007f95b110a1b0 method=java.nio.charset.CharsetDecoder.decode(Ljava/nio/ByteBuffer;Ljava/nio/CharBuffer;Z)Ljava/nio/charset/CoderResult; @ 105

Internal exceptions (10 events):
Event: 0,612 Thread 0x00007f95b4009800 Threw 0x00000007d607d028 at /HUDSON/workspace/7u-2-build-linux-amd64/jdk7u80/2329/hotspot/src/share/vm/prims/jvm.cpp:1319
Event: 0,612 Thread 0x00007f95b4009800 Threw 0x00000007d607e980 at /HUDSON/workspace/7u-2-build-linux-amd64/jdk7u80/2329/hotspot/src/share/vm/prims/jvm.cpp:1319
Event: 0,752 Thread 0x00007f95b4009800 Threw 0x00000007d62ab408 at /HUDSON/workspace/7u-2-build-linux-amd64/jdk7u80/2329/hotspot/src/share/vm/prims/jvm.cpp:1319
Event: 0,754 Thread 0x00007f95b4009800 Threw 0x00000007d62c4998 at /HUDSON/workspace/7u-2-build-linux-amd64/jdk7u80/2329/hotspot/src/share/vm/prims/jvm.cpp:1319
Event: 0,772 Thread 0x00007f95b41fb000 Threw 0x00000007d58566b8 at /HUDSON/workspace/7u-2-build-linux-amd64/jdk7u80/2329/hotspot/src/share/vm/prims/jvm.cpp:1319
Event: 0,772 Thread 0x00007f95b41fb000 Threw 0x00000007d58568e0 at /HUDSON/workspace/7u-2-build-linux-amd64/jdk7u80/2329/hotspot/src/share/vm/prims/jvm.cpp:1319
Event: 0,773 Thread 0x00007f95b41fb000 Threw 0x00000007d5858d50 at /HUDSON/workspace/7u-2-build-linux-amd64/jdk7u80/2329/hotspot/src/share/vm/prims/jvm.cpp:1319
Event: 0,773 Thread 0x00007f95b41fb000 Threw 0x00000007d5858f78 at /HUDSON/workspace/7u-2-build-linux-amd64/jdk7u80/2329/hotspot/src/share/vm/prims/jvm.cpp:1319
Event: 0,858 Thread 0x00007f95b41fb000 Threw 0x00000007d5859d80 at /HUDSON/workspace/7u-2-build-linux-amd64/jdk7u80/2329/hotspot/src/share/vm/prims/jni.cpp:743
Event: 4,376 Thread 0x00007f95b4009800 Implicit null exception at 0x00007f95b1106298 to 0x00007f95b11067bd

Events (10 events):
Event: 22,143 Executing VM operation: ParallelGCFailedAllocation done
Event: 22,589 Executing VM operation: ParallelGCFailedAllocation
Event: 22,827 Executing VM operation: ParallelGCFailedAllocation done
Event: 23,288 Executing VM operation: ParallelGCFailedAllocation
Event: 23,632 Executing VM operation: ParallelGCFailedAllocation done
Event: 23,985 Executing VM operation: ParallelGCFailedAllocation
Event: 24,364 Executing VM operation: ParallelGCFailedAllocation done
Event: 24,732 Executing VM operation: ParallelGCFailedAllocation
Event: 25,234 Executing VM operation: ParallelGCFailedAllocation done
Event: 25,507 Executing VM operation: ParallelGCFailedAllocation


Dynamic libraries:
00400000-00401000 r-xp 00000000 08:02 538188                             /usr/lib/jvm/java-7-oracle/jre/bin/java
00600000-00601000 rw-p 00000000 08:02 538188                             /usr/lib/jvm/java-7-oracle/jre/bin/java
006f1000-00712000 rw-p 00000000 00:00 0                                  [heap]
77ae00000-77c580000 rw-p 00000000 00:00 0 
77c580000-77c780000 ---p 00000000 00:00 0 
77c780000-780000000 rw-p 00000000 00:00 0 
780000000-7b1b00000 rw-p 00000000 00:00 0 
7c4e00000-7d5500000 rw-p 00000000 00:00 0 
7d5500000-800000000 rw-p 00000000 00:00 0 
7f9558000000-7f9558021000 rw-p 00000000 00:00 0 
7f9558021000-7f955c000000 ---p 00000000 00:00 0 
7f955c000000-7f955c021000 rw-p 00000000 00:00 0 
7f955c021000-7f9560000000 ---p 00000000 00:00 0 
7f9560000000-7f9560021000 rw-p 00000000 00:00 0 
7f9560021000-7f9564000000 ---p 00000000 00:00 0 
7f9564000000-7f95641bb000 rw-p 00000000 00:00 0 
7f95641bb000-7f9568000000 ---p 00000000 00:00 0 
7f9568000000-7f9568021000 rw-p 00000000 00:00 0 
7f9568021000-7f956c000000 ---p 00000000 00:00 0 
7f956c000000-7f956c021000 rw-p 00000000 00:00 0 
7f956c021000-7f9570000000 ---p 00000000 00:00 0 
7f9570000000-7f9570021000 rw-p 00000000 00:00 0 
7f9570021000-7f9574000000 ---p 00000000 00:00 0 
7f9574000000-7f9574021000 rw-p 00000000 00:00 0 
7f9574021000-7f9578000000 ---p 00000000 00:00 0 
7f9578000000-7f9578c54000 rw-p 00000000 00:00 0 
7f9578c54000-7f957c000000 ---p 00000000 00:00 0 
7f957c000000-7f957c966000 rw-p 00000000 00:00 0 
7f957c966000-7f9580000000 ---p 00000000 00:00 0 
7f9580000000-7f9580021000 rw-p 00000000 00:00 0 
7f9580021000-7f9584000000 ---p 00000000 00:00 0 
7f9584000000-7f9584021000 rw-p 00000000 00:00 0 
7f9584021000-7f9588000000 ---p 00000000 00:00 0 
7f9588000000-7f9588021000 rw-p 00000000 00:00 0 
7f9588021000-7f958c000000 ---p 00000000 00:00 0 
7f958fd70000-7f9594000000 rw-p 00000000 00:00 0 
7f9594000000-7f9594021000 rw-p 00000000 00:00 0 
7f9594021000-7f9598000000 ---p 00000000 00:00 0 
7f9598000000-7f95980e2000 rw-p 00000000 00:00 0 
7f95980e2000-7f959c000000 ---p 00000000 00:00 0 
7f959c000000-7f959c021000 rw-p 00000000 00:00 0 
7f959c021000-7f95a0000000 ---p 00000000 00:00 0 
7f95a4000000-7f95a4021000 rw-p 00000000 00:00 0 
7f95a4021000-7f95a8000000 ---p 00000000 00:00 0 
7f95a9150000-7f95a9151000 r--s 00000000 08:02 96748                      /var/cache/fontconfig/c05880de57d1f5e948fdfacc138775d9-le64.cache-4
7f95a9151000-7f95a915c000 r--s 00000000 08:02 96741                      /var/cache/fontconfig/945677eb7aeaf62f1d50efc3fb3ec7d8-le64.cache-4
7f95a915c000-7f95a915e000 r--s 00000000 08:02 96743                      /var/cache/fontconfig/99e8ed0e538f840c565b6ed5dad60d56-le64.cache-4
7f95a915e000-7f95a9164000 r--s 00000000 08:02 96726                      /var/cache/fontconfig/2cd17615ca594fa2959ae173292e504c-le64.cache-4
7f95a9164000-7f95a9165000 r--s 00000000 08:02 96758                      /var/cache/fontconfig/e7071f4a29fa870f4323321c154eba04-le64.cache-4
7f95a9165000-7f95a9166000 r--s 00000000 08:02 96723                      /var/cache/fontconfig/0d8c3b2ac0904cb8a57a757ad11a4a08-le64.cache-4
7f95a9166000-7f95a916d000 r--s 00000000 08:02 96745                      /var/cache/fontconfig/a755afe4a08bf5b97852ceb7400b47bc-le64.cache-4
7f95a916d000-7f95a9179000 r--s 00000000 08:02 96736                      /var/cache/fontconfig/6d41288fd70b0be22e8c3a91e032eec0-le64.cache-4
7f95a9179000-7f95a9184000 r--s 00000000 08:02 99811                      /var/cache/fontconfig/a6354e3ac43af67bd8d7b8e43c34e49f-le64.cache-4
7f95a9184000-7f95a9198000 r--s 00000000 08:02 96720                      /var/cache/fontconfig/04aabc0a78ac019cf9454389977116d2-le64.cache-4
7f95a9198000-7f95a9199000 r--s 00000000 08:02 96725                      /var/cache/fontconfig/1ac9eb803944fde146138c791f5cc56a-le64.cache-4
7f95a9199000-7f95a919d000 r--s 00000000 08:02 96729                      /var/cache/fontconfig/385c0604a188198f04d133e54aba7fe7-le64.cache-4
7f95a919d000-7f95a919e000 r--s 00000000 08:02 96755                      /var/cache/fontconfig/dc05db6664285cc2f12bf69c139ae4c3-le64.cache-4
7f95a919e000-7f95a91b0000 r--s 00000000 08:02 96721                      /var/cache/fontconfig/0bd3dc0958fa2205aaaa8ebb13e2872b-le64.cache-4
7f95a91b0000-7f95a91b7000 r--s 00000000 08:02 96727                      /var/cache/fontconfig/3047814df9a2f067bd2d96a2b9c36e5a-le64.cache-4
7f95a91b7000-7f95a91ca000 r--s 00000000 08:02 96752                      /var/cache/fontconfig/d52a8644073d54c13679302ca1180695-le64.cache-4
7f95a99c0000-7f95a99c3000 ---p 00000000 00:00 0 
7f95a99c3000-7f95a9ac1000 rw-p 00000000 00:00 0                          [stack:3047]
7f95a9ade000-7f95a9ae2000 rw-s 00000000 00:05 60686352                   /SYSV00000000 (deleted)
7f95a9ba5000-7f95a9d12000 rw-p 00000000 00:00 0 
7f95a9d12000-7f95a9d17000 r--s 00000000 08:02 96740                      /var/cache/fontconfig/8801497958630a81b71ace7c5f9b32a8-le64.cache-4
7f95a9d17000-7f95a9d1d000 r--s 00000000 08:02 96746                      /var/cache/fontconfig/b47c4e1ecd0709278f4910c18777a504-le64.cache-4
7f95a9d1d000-7f95a9d26000 r--s 00000000 08:02 96730                      /var/cache/fontconfig/3f7329c5293ffd510edef78f73874cfd-le64.cache-4
7f95a9d26000-7f95a9d31000 r--s 00000000 08:02 96753                      /var/cache/fontconfig/d589a48862398ed80a3d6066f4f56f4c-le64.cache-4
7f95a9d31000-7f95a9d9a000 r-xp 00000000 08:02 537526                     /usr/lib/jvm/java-7-oracle/jre/lib/amd64/libt2k.so
7f95a9d9a000-7f95a9f99000 ---p 00069000 08:02 537526                     /usr/lib/jvm/java-7-oracle/jre/lib/amd64/libt2k.so
7f95a9f99000-7f95a9fa0000 rw-p 00068000 08:02 537526                     /usr/lib/jvm/java-7-oracle/jre/lib/amd64/libt2k.so
7f95a9fa0000-7f95a9fb0000 rw-p 00000000 00:00 0 
7f95a9fb0000-7f95a9fc0000 r-xp 00000000 08:02 537562                     /usr/lib/jvm/java-7-oracle/jre/lib/amd64/libnio.so
7f95a9fc0000-7f95aa1c0000 ---p 00010000 08:02 537562                     /usr/lib/jvm/java-7-oracle/jre/lib/amd64/libnio.so
7f95aa1c0000-7f95aa1c1000 rw-p 00010000 08:02 537562                     /usr/lib/jvm/java-7-oracle/jre/lib/amd64/libnio.so
7f95aa1c1000-7f95aa1d8000 r-xp 00000000 08:02 537579                     /usr/lib/jvm/java-7-oracle/jre/lib/amd64/libnet.so
7f95aa1d8000-7f95aa3d7000 ---p 00017000 08:02 537579                     /usr/lib/jvm/java-7-oracle/jre/lib/amd64/libnet.so
7f95aa3d7000-7f95aa3d8000 rw-p 00016000 08:02 537579                     /usr/lib/jvm/java-7-oracle/jre/lib/amd64/libnet.so
7f95aa3d8000-7f95aa3ee000 r-xp 00000000 08:02 1049705                    /lib/x86_64-linux-gnu/libgcc_s.so.1
7f95aa3ee000-7f95aa5ed000 ---p 00016000 08:02 1049705                    /lib/x86_64-linux-gnu/libgcc_s.so.1
7f95aa5ed000-7f95aa5ee000 rw-p 00015000 08:02 1049705                    /lib/x86_64-linux-gnu/libgcc_s.so.1
7f95aa5ee000-7f95aa653000 r-xp 00000000 08:02 537580                     /usr/lib/jvm/java-7-oracle/jre/lib/amd64/libfontmanager.so
7f95aa653000-7f95aa852000 ---p 00065000 08:02 537580                     /usr/lib/jvm/java-7-oracle/jre/lib/amd64/libfontmanager.so
7f95aa852000-7f95aa857000 rw-p 00064000 08:02 537580                     /usr/lib/jvm/java-7-oracle/jre/lib/amd64/libfontmanager.so
7f95aa857000-7f95aa867000 rw-p 00000000 00:00 0 
7f95aa867000-7f95aa8a1000 r-xp 00000000 08:02 537548                     /usr/lib/jvm/java-7-oracle/jre/lib/amd64/libjpeg.so
7f95aa8a1000-7f95aaaa1000 ---p 0003a000 08:02 537548                     /usr/lib/jvm/java-7-oracle/jre/lib/amd64/libjpeg.so
7f95aaaa1000-7f95aaaa2000 rw-p 0003a000 08:02 537548                     /usr/lib/jvm/java-7-oracle/jre/lib/amd64/libjpeg.so
7f95aaaa2000-7f95aaaa5000 ---p 00000000 00:00 0 
7f95aaaa5000-7f95aaba3000 rw-p 00000000 00:00 0 
7f95aaba3000-7f95aaba6000 ---p 00000000 00:00 0 
7f95aaba6000-7f95aaca4000 rw-p 00000000 00:00 0                          [stack:3044]
7f95aaca4000-7f95aaca7000 ---p 00000000 00:00 0 
7f95aaca7000-7f95aada5000 rw-p 00000000 00:00 0                          [stack:3043]
7f95aada5000-7f95aada8000 ---p 00000000 00:00 0 
7f95aada8000-7f95aaea6000 rw-p 00000000 00:00 0                          [stack:3042]
7f95aaea6000-7f95aaeab000 r-xp 00000000 08:02 532910                     /usr/lib/x86_64-linux-gnu/libXfixes.so.3.1.0
7f95aaeab000-7f95ab0aa000 ---p 00005000 08:02 532910                     /usr/lib/x86_64-linux-gnu/libXfixes.so.3.1.0
7f95ab0aa000-7f95ab0ab000 r--p 00004000 08:02 532910                     /usr/lib/x86_64-linux-gnu/libXfixes.so.3.1.0
7f95ab0ab000-7f95ab0ac000 rw-p 00005000 08:02 532910                     /usr/lib/x86_64-linux-gnu/libXfixes.so.3.1.0
7f95ab0ac000-7f95ab0b5000 r-xp 00000000 08:02 532902                     /usr/lib/x86_64-linux-gnu/libXcursor.so.1.0.2
7f95ab0b5000-7f95ab2b4000 ---p 00009000 08:02 532902                     /usr/lib/x86_64-linux-gnu/libXcursor.so.1.0.2
7f95ab2b4000-7f95ab2b5000 r--p 00008000 08:02 532902                     /usr/lib/x86_64-linux-gnu/libXcursor.so.1.0.2
7f95ab2b5000-7f95ab2b6000 rw-p 00009000 08:02 532902                     /usr/lib/x86_64-linux-gnu/libXcursor.so.1.0.2
7f95ab2b6000-7f95ab2b9000 ---p 00000000 00:00 0 
7f95ab2b9000-7f95ab3b7000 rw-p 00000000 00:00 0                          [stack:3041]
7f95ab3b7000-7f95ab3bc000 r-xp 00000000 08:02 532906                     /usr/lib/x86_64-linux-gnu/libXdmcp.so.6.0.0
7f95ab3bc000-7f95ab5bb000 ---p 00005000 08:02 532906                     /usr/lib/x86_64-linux-gnu/libXdmcp.so.6.0.0
7f95ab5bb000-7f95ab5bc000 r--p 00004000 08:02 532906                     /usr/lib/x86_64-linux-gnu/libXdmcp.so.6.0.0
7f95ab5bc000-7f95ab5bd000 rw-p 00005000 08:02 532906                     /usr/lib/x86_64-linux-gnu/libXdmcp.so.6.0.0
7f95ab5bd000-7f95ab5bf000 r-xp 00000000 08:02 532895                     /usr/lib/x86_64-linux-gnu/libXau.so.6.0.0
7f95ab5bf000-7f95ab7bf000 ---p 00002000 08:02 532895                     /usr/lib/x86_64-linux-gnu/libXau.so.6.0.0
7f95ab7bf000-7f95ab7c0000 r--p 00002000 08:02 532895                     /usr/lib/x86_64-linux-gnu/libXau.so.6.0.0
7f95ab7c0000-7f95ab7c1000 rw-p 00003000 08:02 532895                     /usr/lib/x86_64-linux-gnu/libXau.so.6.0.0
7f95ab7c1000-7f95ab7de000 r-xp 00000000 08:02 534114                     /usr/lib/x86_64-linux-gnu/libxcb.so.1.1.0
7f95ab7de000-7f95ab9de000 ---p 0001d000 08:02 534114                     /usr/lib/x86_64-linux-gnu/libxcb.so.1.1.0
7f95ab9de000-7f95ab9df000 r--p 0001d000 08:02 534114                     /usr/lib/x86_64-linux-gnu/libxcb.so.1.1.0
7f95ab9df000-7f95ab9e0000 rw-p 0001e000 08:02 534114                     /usr/lib/x86_64-linux-gnu/libxcb.so.1.1.0
7f95ab9e0000-7f95ab9ef000 r-xp 00000000 08:02 532916                     /usr/lib/x86_64-linux-gnu/libXi.so.6.1.0
7f95ab9ef000-7f95abbee000 ---p 0000f000 08:02 532916                     /usr/lib/x86_64-linux-gnu/libXi.so.6.1.0
7f95abbee000-7f95abbef000 r--p 0000e000 08:02 532916                     /usr/lib/x86_64-linux-gnu/libXi.so.6.1.0
7f95abbef000-7f95abbf0000 rw-p 0000f000 08:02 532916                     /usr/lib/x86_64-linux-gnu/libXi.so.6.1.0
7f95abbf0000-7f95abbf5000 r-xp 00000000 08:02 532936                     /usr/lib/x86_64-linux-gnu/libXtst.so.6.1.0
7f95abbf5000-7f95abdf4000 ---p 00005000 08:02 532936                     /usr/lib/x86_64-linux-gnu/libXtst.so.6.1.0
7f95abdf4000-7f95abdf5000 r--p 00004000 08:02 532936                     /usr/lib/x86_64-linux-gnu/libXtst.so.6.1.0
7f95abdf5000-7f95abdf6000 rw-p 00005000 08:02 532936                     /usr/lib/x86_64-linux-gnu/libXtst.so.6.1.0
7f95abdf6000-7f95abdff000 r-xp 00000000 08:02 532930                     /usr/lib/x86_64-linux-gnu/libXrender.so.1.3.0
7f95abdff000-7f95abffe000 ---p 00009000 08:02 532930                     /usr/lib/x86_64-linux-gnu/libXrender.so.1.3.0
7f95abffe000-7f95abfff000 r--p 00008000 08:02 532930                     /usr/lib/x86_64-linux-gnu/libXrender.so.1.3.0
7f95abfff000-7f95ac000000 rw-p 00009000 08:02 532930                     /usr/lib/x86_64-linux-gnu/libXrender.so.1.3.0
7f95ac000000-7f95ac021000 rw-p 00000000 00:00 0 
7f95ac021000-7f95b0000000 ---p 00000000 00:00 0 
7f95b0000000-7f95b0002000 r--s 00000000 08:02 96738                      /var/cache/fontconfig/767a8244fc0220cfb567a839d0392e0b-le64.cache-4
7f95b0002000-7f95b0003000 r--s 00000000 08:02 96731                      /var/cache/fontconfig/4794a0821666d79190d59a36cb4f44b5-le64.cache-4
7f95b008d000-7f95b01bd000 r-xp 00000000 08:02 532891                     /usr/lib/x86_64-linux-gnu/libX11.so.6.3.0
7f95b01bd000-7f95b03bd000 ---p 00130000 08:02 532891                     /usr/lib/x86_64-linux-gnu/libX11.so.6.3.0
7f95b03bd000-7f95b03be000 r--p 00130000 08:02 532891                     /usr/lib/x86_64-linux-gnu/libX11.so.6.3.0
7f95b03be000-7f95b03c2000 rw-p 00131000 08:02 532891                     /usr/lib/x86_64-linux-gnu/libX11.so.6.3.0
7f95b03c2000-7f95b03d3000 r-xp 00000000 08:02 532908                     /usr/lib/x86_64-linux-gnu/libXext.so.6.4.0
7f95b03d3000-7f95b05d2000 ---p 00011000 08:02 532908                     /usr/lib/x86_64-linux-gnu/libXext.so.6.4.0
7f95b05d2000-7f95b05d3000 r--p 00010000 08:02 532908                     /usr/lib/x86_64-linux-gnu/libXext.so.6.4.0
7f95b05d3000-7f95b05d4000 rw-p 00011000 08:02 532908                     /usr/lib/x86_64-linux-gnu/libXext.so.6.4.0
7f95b05d4000-7f95b0624000 r-xp 00000000 08:02 537583                     /usr/lib/jvm/java-7-oracle/jre/lib/amd64/xawt/libmawt.so
7f95b0624000-7f95b0824000 ---p 00050000 08:02 537583                     /usr/lib/jvm/java-7-oracle/jre/lib/amd64/xawt/libmawt.so
7f95b0824000-7f95b0828000 rw-p 00050000 08:02 537583                     /usr/lib/jvm/java-7-oracle/jre/lib/amd64/xawt/libmawt.so
7f95b0828000-7f95b0829000 rw-p 00000000 00:00 0 
7f95b0829000-7f95b08cb000 r-xp 00000000 08:02 537543                     /usr/lib/jvm/java-7-oracle/jre/lib/amd64/libawt.so
7f95b08cb000-7f95b0acb000 ---p 000a2000 08:02 537543                     /usr/lib/jvm/java-7-oracle/jre/lib/amd64/libawt.so
7f95b0acb000-7f95b0ad7000 rw-p 000a2000 08:02 537543                     /usr/lib/jvm/java-7-oracle/jre/lib/amd64/libawt.so
7f95b0ad7000-7f95b0afb000 rw-p 00000000 00:00 0 
7f95b0afb000-7f95b0afc000 ---p 00000000 00:00 0 
7f95b0afc000-7f95b0bfc000 rw-p 00000000 00:00 0                          [stack:3040]
7f95b0bfc000-7f95b0bff000 ---p 00000000 00:00 0 
7f95b0bff000-7f95b0cfd000 rw-p 00000000 00:00 0                          [stack:3039]
7f95b0cfd000-7f95b0d00000 ---p 00000000 00:00 0 
7f95b0d00000-7f95b0dfe000 rw-p 00000000 00:00 0                          [stack:3038]
7f95b0dfe000-7f95b0e01000 ---p 00000000 00:00 0 
7f95b0e01000-7f95b0eff000 rw-p 00000000 00:00 0                          [stack:3037]
7f95b0eff000-7f95b0f02000 ---p 00000000 00:00 0 
7f95b0f02000-7f95b1000000 rw-p 00000000 00:00 0                          [stack:3036]
7f95b1000000-7f95b1270000 rwxp 00000000 00:00 0 
7f95b1270000-7f95b42ef000 rw-p 00000000 00:00 0 
7f95b42ef000-7f95b8000000 ---p 00000000 00:00 0 
7f95b8000000-7f95b8001000 r--s 00000000 08:02 96733                      /var/cache/fontconfig/56cf4f4769d0f4abc89a4895d7bd3ae1-le64.cache-4
7f95b8060000-7f95b8091000 rw-p 00000000 00:00 0 
7f95b8091000-7f95b848b000 r--p 00000000 08:02 531394                     /usr/lib/locale/locale-archive
7f95b848b000-7f95b848e000 ---p 00000000 00:00 0 
7f95b848e000-7f95b858c000 rw-p 00000000 00:00 0                          [stack:3035]
7f95b858c000-7f95b858f000 ---p 00000000 00:00 0 
7f95b858f000-7f95b868d000 rw-p 00000000 00:00 0                          [stack:3034]
7f95b868d000-7f95b868e000 ---p 00000000 00:00 0 
7f95b868e000-7f95b978d000 rw-p 00000000 00:00 0                          [stack:3033]
7f95b978d000-7f95b994d000 r--s 039fb000 08:02 537590                     /usr/lib/jvm/java-7-oracle/jre/lib/rt.jar
7f95b994d000-7f95b9e99000 rw-p 00000000 00:00 0 
7f95b9e99000-7f95b9e9a000 ---p 00000000 00:00 0 
7f95b9e9a000-7f95b9f9a000 rw-p 00000000 00:00 0                          [stack:3032]
7f95b9f9a000-7f95b9f9b000 ---p 00000000 00:00 0 
7f95b9f9b000-7f95ba09b000 rw-p 00000000 00:00 0                          [stack:3031]
7f95ba09b000-7f95ba09c000 ---p 00000000 00:00 0 
7f95ba09c000-7f95ba19c000 rw-p 00000000 00:00 0                          [stack:3030]
7f95ba19c000-7f95ba19d000 ---p 00000000 00:00 0 
7f95ba19d000-7f95ba2a9000 rw-p 00000000 00:00 0                          [stack:3029]
7f95ba2a9000-7f95ba2aa000 ---p 00000000 00:00 0 
7f95ba2aa000-7f95ba2c6000 rw-p 00000000 00:00 0 
7f95ba2c6000-7f95ba454000 rw-p 00000000 00:00 0 
7f95ba454000-7f95ba571000 rw-p 00000000 00:00 0 
7f95ba571000-7f95ba57d000 rw-p 00000000 00:00 0 
7f95ba57d000-7f95ba57e000 ---p 00000000 00:00 0 
7f95ba57e000-7f95ba59a000 rw-p 00000000 00:00 0 
7f95ba59a000-7f95ba728000 rw-p 00000000 00:00 0 
7f95ba728000-7f95ba844000 rw-p 00000000 00:00 0 
7f95ba844000-7f95ba99a000 rw-p 00000000 00:00 0 
7f95ba99a000-7f95ba99b000 rw-p 00000000 00:00 0 
7f95ba99b000-7f95ba9b2000 r-xp 00000000 08:02 537529                     /usr/lib/jvm/java-7-oracle/jre/lib/amd64/libzip.so
7f95ba9b2000-7f95babb2000 ---p 00017000 08:02 537529                     /usr/lib/jvm/java-7-oracle/jre/lib/amd64/libzip.so
7f95babb2000-7f95babb3000 rw-p 00017000 08:02 537529                     /usr/lib/jvm/java-7-oracle/jre/lib/amd64/libzip.so
7f95babb3000-7f95babbe000 r-xp 00000000 08:02 1053015                    /lib/x86_64-linux-gnu/libnss_files-2.19.so
7f95babbe000-7f95badbd000 ---p 0000b000 08:02 1053015                    /lib/x86_64-linux-gnu/libnss_files-2.19.so
7f95badbd000-7f95badbe000 r--p 0000a000 08:02 1053015                    /lib/x86_64-linux-gnu/libnss_files-2.19.so
7f95badbe000-7f95badbf000 rw-p 0000b000 08:02 1053015                    /lib/x86_64-linux-gnu/libnss_files-2.19.so
7f95badbf000-7f95badca000 r-xp 00000000 08:02 1053025                    /lib/x86_64-linux-gnu/libnss_nis-2.19.so
7f95badca000-7f95bafc9000 ---p 0000b000 08:02 1053025                    /lib/x86_64-linux-gnu/libnss_nis-2.19.so
7f95bafc9000-7f95bafca000 r--p 0000a000 08:02 1053025                    /lib/x86_64-linux-gnu/libnss_nis-2.19.so
7f95bafca000-7f95bafcb000 rw-p 0000b000 08:02 1053025                    /lib/x86_64-linux-gnu/libnss_nis-2.19.so
7f95bafcb000-7f95bafe2000 r-xp 00000000 08:02 1053009                    /lib/x86_64-linux-gnu/libnsl-2.19.so
7f95bafe2000-7f95bb1e1000 ---p 00017000 08:02 1053009                    /lib/x86_64-linux-gnu/libnsl-2.19.so
7f95bb1e1000-7f95bb1e2000 r--p 00016000 08:02 1053009                    /lib/x86_64-linux-gnu/libnsl-2.19.so
7f95bb1e2000-7f95bb1e3000 rw-p 00017000 08:02 1053009                    /lib/x86_64-linux-gnu/libnsl-2.19.so
7f95bb1e3000-7f95bb1e5000 rw-p 00000000 00:00 0 
7f95bb1e5000-7f95bb1ee000 r-xp 00000000 08:02 1053011                    /lib/x86_64-linux-gnu/libnss_compat-2.19.so
7f95bb1ee000-7f95bb3ed000 ---p 00009000 08:02 1053011                    /lib/x86_64-linux-gnu/libnss_compat-2.19.so
7f95bb3ed000-7f95bb3ee000 r--p 00008000 08:02 1053011                    /lib/x86_64-linux-gnu/libnss_compat-2.19.so
7f95bb3ee000-7f95bb3ef000 rw-p 00009000 08:02 1053011                    /lib/x86_64-linux-gnu/libnss_compat-2.19.so
7f95bb3ef000-7f95bb418000 r-xp 00000000 08:02 537563                     /usr/lib/jvm/java-7-oracle/jre/lib/amd64/libjava.so
7f95bb418000-7f95bb618000 ---p 00029000 08:02 537563                     /usr/lib/jvm/java-7-oracle/jre/lib/amd64/libjava.so
7f95bb618000-7f95bb61a000 rw-p 00029000 08:02 537563                     /usr/lib/jvm/java-7-oracle/jre/lib/amd64/libjava.so
7f95bb61a000-7f95bb627000 r-xp 00000000 08:02 537558                     /usr/lib/jvm/java-7-oracle/jre/lib/amd64/libverify.so
7f95bb627000-7f95bb826000 ---p 0000d000 08:02 537558                     /usr/lib/jvm/java-7-oracle/jre/lib/amd64/libverify.so
7f95bb826000-7f95bb828000 rw-p 0000c000 08:02 537558                     /usr/lib/jvm/java-7-oracle/jre/lib/amd64/libverify.so
7f95bb828000-7f95bb82f000 r-xp 00000000 08:02 1053068                    /lib/x86_64-linux-gnu/librt-2.19.so
7f95bb82f000-7f95bba2e000 ---p 00007000 08:02 1053068                    /lib/x86_64-linux-gnu/librt-2.19.so
7f95bba2e000-7f95bba2f000 r--p 00006000 08:02 1053068                    /lib/x86_64-linux-gnu/librt-2.19.so
7f95bba2f000-7f95bba30000 rw-p 00007000 08:02 1053068                    /lib/x86_64-linux-gnu/librt-2.19.so
7f95bba30000-7f95bbb35000 r-xp 00000000 08:02 1052990                    /lib/x86_64-linux-gnu/libm-2.19.so
7f95bbb35000-7f95bbd34000 ---p 00105000 08:02 1052990                    /lib/x86_64-linux-gnu/libm-2.19.so
7f95bbd34000-7f95bbd35000 r--p 00104000 08:02 1052990                    /lib/x86_64-linux-gnu/libm-2.19.so
7f95bbd35000-7f95bbd36000 rw-p 00105000 08:02 1052990                    /lib/x86_64-linux-gnu/libm-2.19.so
7f95bbd36000-7f95bc8ac000 r-xp 00000000 08:02 537570                     /usr/lib/jvm/java-7-oracle/jre/lib/amd64/server/libjvm.so
7f95bc8ac000-7f95bcaab000 ---p 00b76000 08:02 537570                     /usr/lib/jvm/java-7-oracle/jre/lib/amd64/server/libjvm.so
7f95bcaab000-7f95bcb6f000 rw-p 00b75000 08:02 537570                     /usr/lib/jvm/java-7-oracle/jre/lib/amd64/server/libjvm.so
7f95bcb6f000-7f95bcbb0000 rw-p 00000000 00:00 0 
7f95bcbb0000-7f95bcd6b000 r-xp 00000000 08:02 1052939                    /lib/x86_64-linux-gnu/libc-2.19.so
7f95bcd6b000-7f95bcf6a000 ---p 001bb000 08:02 1052939                    /lib/x86_64-linux-gnu/libc-2.19.so
7f95bcf6a000-7f95bcf6e000 r--p 001ba000 08:02 1052939                    /lib/x86_64-linux-gnu/libc-2.19.so
7f95bcf6e000-7f95bcf70000 rw-p 001be000 08:02 1052939                    /lib/x86_64-linux-gnu/libc-2.19.so
7f95bcf70000-7f95bcf75000 rw-p 00000000 00:00 0 
7f95bcf75000-7f95bcf78000 r-xp 00000000 08:02 1052956                    /lib/x86_64-linux-gnu/libdl-2.19.so
7f95bcf78000-7f95bd177000 ---p 00003000 08:02 1052956                    /lib/x86_64-linux-gnu/libdl-2.19.so
7f95bd177000-7f95bd178000 r--p 00002000 08:02 1052956                    /lib/x86_64-linux-gnu/libdl-2.19.so
7f95bd178000-7f95bd179000 rw-p 00003000 08:02 1052956                    /lib/x86_64-linux-gnu/libdl-2.19.so
7f95bd179000-7f95bd18e000 r-xp 00000000 08:02 537539                     /usr/lib/jvm/java-7-oracle/jre/lib/amd64/jli/libjli.so
7f95bd18e000-7f95bd38d000 ---p 00015000 08:02 537539                     /usr/lib/jvm/java-7-oracle/jre/lib/amd64/jli/libjli.so
7f95bd38d000-7f95bd38e000 rw-p 00014000 08:02 537539                     /usr/lib/jvm/java-7-oracle/jre/lib/amd64/jli/libjli.so
7f95bd38e000-7f95bd3a7000 r-xp 00000000 08:02 1053060                    /lib/x86_64-linux-gnu/libpthread-2.19.so
7f95bd3a7000-7f95bd5a6000 ---p 00019000 08:02 1053060                    /lib/x86_64-linux-gnu/libpthread-2.19.so
7f95bd5a6000-7f95bd5a7000 r--p 00018000 08:02 1053060                    /lib/x86_64-linux-gnu/libpthread-2.19.so
7f95bd5a7000-7f95bd5a8000 rw-p 00019000 08:02 1053060                    /lib/x86_64-linux-gnu/libpthread-2.19.so
7f95bd5a8000-7f95bd5ac000 rw-p 00000000 00:00 0 
7f95bd5ac000-7f95bd5cf000 r-xp 00000000 08:02 1052913                    /lib/x86_64-linux-gnu/ld-2.19.so
7f95bd5cf000-7f95bd5d0000 r--s 00000000 08:02 96747                      /var/cache/fontconfig/b9d506c9ac06c20b433354fa67a72993-le64.cache-4
7f95bd5d0000-7f95bd5d3000 r--s 00000000 08:02 96898                      /var/cache/fontconfig/e13b20fdb08344e0e664864cc2ede53d-le64.cache-4
7f95bd5d3000-7f95bd5d7000 r--s 00000000 08:02 99809                      /var/cache/fontconfig/7ef2298fde41cc6eeb7af42e48b7d293-le64.cache-4
7f95bd5e8000-7f95bd5f2000 rw-p 00000000 00:00 0 
7f95bd5f2000-7f95bd6a8000 rw-p 00000000 00:00 0 
7f95bd6a8000-7f95bd6ab000 ---p 00000000 00:00 0 
7f95bd6ab000-7f95bd7ad000 rw-p 00000000 00:00 0                          [stack:3028]
7f95bd7ad000-7f95bd7ae000 r--s 00000000 08:02 96722                      /var/cache/fontconfig/0c9eb80ebd1c36541ebe2852d3bb0c49-le64.cache-4
7f95bd7c1000-7f95bd7c2000 rw-p 00000000 00:00 0 
7f95bd7c2000-7f95bd7ca000 rw-s 00000000 08:02 13123                      /tmp/hsperfdata_ted-cassirer/3027
7f95bd7ca000-7f95bd7cb000 rw-p 00000000 00:00 0 
7f95bd7cb000-7f95bd7cc000 ---p 00000000 00:00 0 
7f95bd7cc000-7f95bd7ce000 rw-p 00000000 00:00 0 
7f95bd7ce000-7f95bd7cf000 r--p 00022000 08:02 1052913                    /lib/x86_64-linux-gnu/ld-2.19.so
7f95bd7cf000-7f95bd7d0000 rw-p 00023000 08:02 1052913                    /lib/x86_64-linux-gnu/ld-2.19.so
7f95bd7d0000-7f95bd7d1000 rw-p 00000000 00:00 0 
7fff119a9000-7fff119ca000 rw-p 00000000 00:00 0                          [stack]
7fff119d1000-7fff119d3000 r--p 00000000 00:00 0                          [vvar]
7fff119d3000-7fff119d5000 r-xp 00000000 00:00 0                          [vdso]
ffffffffff600000-ffffffffff601000 r-xp 00000000 00:00 0                  [vsyscall]

VM Arguments:
jvm_args: -Xmx2048m 
java_command: ir.SearchGUI -d /home/ted-cassirer/Desktop/Skolan/davisWiki
Launcher Type: SUN_STANDARD

Environment Variables:
PATH=/usr/local/sbin:/usr/local/bin:/usr/sbin:/usr/bin:/sbin:/bin:/usr/games:/usr/local/games
USERNAME=ted-cassirer
SHELL=/bin/bash
DISPLAY=:0

Signal Handlers:
SIGSEGV: [libjvm.so+0x9a3b20], sa_mask[0]=0x7ffbfeff, sa_flags=0x10000004
SIGBUS: [libjvm.so+0x9a3b20], sa_mask[0]=0x7ffbfeff, sa_flags=0x10000004
SIGFPE: [libjvm.so+0x81e740], sa_mask[0]=0x7ffbfeff, sa_flags=0x10000004
SIGPIPE: [libjvm.so+0x81e740], sa_mask[0]=0x7ffbfeff, sa_flags=0x10000004
SIGXFSZ: [libjvm.so+0x81e740], sa_mask[0]=0x7ffbfeff, sa_flags=0x10000004
SIGILL: [libjvm.so+0x81e740], sa_mask[0]=0x7ffbfeff, sa_flags=0x10000004
SIGUSR1: SIG_DFL, sa_mask[0]=0x00000000, sa_flags=0x00000000
SIGUSR2: [libjvm.so+0x81ffb0], sa_mask[0]=0x00000000, sa_flags=0x10000004
SIGHUP: [libjvm.so+0x8210d0], sa_mask[0]=0x7ffbfeff, sa_flags=0x10000004
SIGINT: [libjvm.so+0x8210d0], sa_mask[0]=0x7ffbfeff, sa_flags=0x10000004
SIGTERM: [libjvm.so+0x8210d0], sa_mask[0]=0x7ffbfeff, sa_flags=0x10000004
SIGQUIT: [libjvm.so+0x8210d0], sa_mask[0]=0x7ffbfeff, sa_flags=0x10000004


---------------  S Y S T E M  ---------------

OS:jessie/sid

uname:Linux 4.4.0-040400-generic #201601101930 SMP Mon Jan 11 00:32:41 UTC 2016 x86_64
libc:glibc 2.19 NPTL 2.19 
rlimit: STACK 8192k, CORE 0k, NPROC 31128, NOFILE 4096, AS infinity
load average:5,14 4,13 3,97

/proc/meminfo:
MemTotal:        8062264 kB
MemFree:           39892 kB
MemAvailable:     284296 kB
Buffers:            8108 kB
Cached:          1056004 kB
SwapCached:            0 kB
Active:          6942052 kB
Inactive:         833204 kB
Active(anon):    6818084 kB
Inactive(anon):   720260 kB
Active(file):     123968 kB
Inactive(file):   112944 kB
Unevictable:        1688 kB
Mlocked:        34359740056 kB
SwapTotal:             0 kB
SwapFree:              0 kB
Dirty:             15364 kB
Writeback:             0 kB
AnonPages:       6712748 kB
Mapped:           543112 kB
Shmem:            827048 kB
Slab:              94344 kB
SReclaimable:      49852 kB
SUnreclaim:        44492 kB
KernelStack:       12352 kB
PageTables:        64276 kB
NFS_Unstable:          0 kB
Bounce:                0 kB
WritebackTmp:          0 kB
CommitLimit:     4031132 kB
Committed_AS:   14945396 kB
VmallocTotal:   34359738367 kB
VmallocUsed:           0 kB
VmallocChunk:          0 kB
HardwareCorrupted:     0 kB
AnonHugePages:   3301376 kB
CmaTotal:              0 kB
CmaFree:               0 kB
HugePages_Total:       0
HugePages_Free:        0
HugePages_Rsvd:        0
HugePages_Surp:        0
Hugepagesize:       2048 kB
DirectMap4k:      255396 kB
DirectMap2M:     5922816 kB
DirectMap1G:     2097152 kB


CPU:total 4 (2 cores per cpu, 2 threads per core) family 6 model 78 stepping 3, cmov, cx8, fxsr, mmx, sse, sse2, sse3, ssse3, sse4.1, sse4.2, popcnt, avx, avx2, aes, erms, ht, tsc, tscinvbit

/proc/cpuinfo:
processor	: 0
vendor_id	: GenuineIntel
cpu family	: 6
model		: 78
model name	: Intel(R) Core(TM) i5-6200U CPU @ 2.30GHz
stepping	: 3
microcode	: 0x33
cpu MHz		: 2714.437
cache size	: 3072 KB
physical id	: 0
siblings	: 4
core id		: 0
cpu cores	: 2
apicid		: 0
initial apicid	: 0
fpu		: yes
fpu_exception	: yes
cpuid level	: 22
wp		: yes
flags		: fpu vme de pse tsc msr pae mce cx8 apic sep mtrr pge mca cmov pat pse36 clflush dts acpi mmx fxsr sse sse2 ss ht tm pbe syscall nx pdpe1gb rdtscp lm constant_tsc arch_perfmon pebs bts rep_good nopl xtopology nonstop_tsc aperfmperf eagerfpu pni pclmulqdq dtes64 monitor ds_cpl vmx est tm2 ssse3 sdbg fma cx16 xtpr pdcm pcid sse4_1 sse4_2 x2apic movbe popcnt tsc_deadline_timer aes xsave avx f16c rdrand lahf_lm abm 3dnowprefetch ida arat epb pln pts dtherm hwp hwp_notify hwp_act_window hwp_epp intel_pt tpr_shadow vnmi flexpriority ept vpid fsgsbase tsc_adjust bmi1 avx2 smep bmi2 erms invpcid mpx rdseed adx smap clflushopt xsaveopt xsavec xgetbv1
bugs		:
bogomips	: 4799.89
clflush size	: 64
cache_alignment	: 64
address sizes	: 39 bits physical, 48 bits virtual
power management:

processor	: 1
vendor_id	: GenuineIntel
cpu family	: 6
model		: 78
model name	: Intel(R) Core(TM) i5-6200U CPU @ 2.30GHz
stepping	: 3
microcode	: 0x33
cpu MHz		: 2700.000
cache size	: 3072 KB
physical id	: 0
siblings	: 4
core id		: 1
cpu cores	: 2
apicid		: 2
initial apicid	: 2
fpu		: yes
fpu_exception	: yes
cpuid level	: 22
wp		: yes
flags		: fpu vme de pse tsc msr pae mce cx8 apic sep mtrr pge mca cmov pat pse36 clflush dts acpi mmx fxsr sse sse2 ss ht tm pbe syscall nx pdpe1gb rdtscp lm constant_tsc arch_perfmon pebs bts rep_good nopl xtopology nonstop_tsc aperfmperf eagerfpu pni pclmulqdq dtes64 monitor ds_cpl vmx est tm2 ssse3 sdbg fma cx16 xtpr pdcm pcid sse4_1 sse4_2 x2apic movbe popcnt tsc_deadline_timer aes xsave avx f16c rdrand lahf_lm abm 3dnowprefetch ida arat epb pln pts dtherm hwp hwp_notify hwp_act_window hwp_epp intel_pt tpr_shadow vnmi flexpriority ept vpid fsgsbase tsc_adjust bmi1 avx2 smep bmi2 erms invpcid mpx rdseed adx smap clflushopt xsaveopt xsavec xgetbv1
bugs		:
bogomips	: 4799.89
clflush size	: 64
cache_alignment	: 64
address sizes	: 39 bits physical, 48 bits virtual
power management:

processor	: 2
vendor_id	: GenuineIntel
cpu family	: 6
model		: 78
model name	: Intel(R) Core(TM) i5-6200U CPU @ 2.30GHz
stepping	: 3
microcode	: 0x33
cpu MHz		: 2727.937
cache size	: 3072 KB
physical id	: 0
siblings	: 4
core id		: 0
cpu cores	: 2
apicid		: 1
initial apicid	: 1
fpu		: yes
fpu_exception	: yes
cpuid level	: 22
wp		: yes
flags		: fpu vme de pse tsc msr pae mce cx8 apic sep mtrr pge mca cmov pat pse36 clflush dts acpi mmx fxsr sse sse2 ss ht tm pbe syscall nx pdpe1gb rdtscp lm constant_tsc arch_perfmon pebs bts rep_good nopl xtopology nonstop_tsc aperfmperf eagerfpu pni pclmulqdq dtes64 monitor ds_cpl vmx est tm2 ssse3 sdbg fma cx16 xtpr pdcm pcid sse4_1 sse4_2 x2apic movbe popcnt tsc_deadline_timer aes xsave avx f16c rdrand lahf_lm abm 3dnowprefetch ida arat epb pln pts dtherm hwp hwp_notify hwp_act_window hwp_epp intel_pt tpr_shadow vnmi flexpriority ept vpid fsgsbase tsc_adjust bmi1 avx2 smep bmi2 erms invpcid mpx rdseed adx smap clflushopt xsaveopt xsavec xgetbv1
bugs		:
bogomips	: 4799.89
clflush size	: 64
cache_alignment	: 64
address sizes	: 39 bits physical, 48 bits virtual
power management:

processor	: 3
vendor_id	: GenuineIntel
cpu family	: 6
model		: 78
model name	: Intel(R) Core(TM) i5-6200U CPU @ 2.30GHz
stepping	: 3
microcode	: 0x33
cpu MHz		: 2699.906
cache size	: 3072 KB
physical id	: 0
siblings	: 4
core id		: 1
cpu cores	: 2
apicid		: 3
initial apicid	: 3
fpu		: yes
fpu_exception	: yes
cpuid level	: 22
wp		: yes
flags		: fpu vme de pse tsc msr pae mce cx8 apic sep mtrr pge mca cmov pat pse36 clflush dts acpi mmx fxsr sse sse2 ss ht tm pbe syscall nx pdpe1gb rdtscp lm constant_tsc arch_perfmon pebs bts rep_good nopl xtopology nonstop_tsc aperfmperf eagerfpu pni pclmulqdq dtes64 monitor ds_cpl vmx est tm2 ssse3 sdbg fma cx16 xtpr pdcm pcid sse4_1 sse4_2 x2apic movbe popcnt tsc_deadline_timer aes xsave avx f16c rdrand lahf_lm abm 3dnowprefetch ida arat epb pln pts dtherm hwp hwp_notify hwp_act_window hwp_epp intel_pt tpr_shadow vnmi flexpriority ept vpid fsgsbase tsc_adjust bmi1 avx2 smep bmi2 erms invpcid mpx rdseed adx smap clflushopt xsaveopt xsavec xgetbv1
bugs		:
bogomips	: 4799.89
clflush size	: 64
cache_alignment	: 64
address sizes	: 39 bits physical, 48 bits virtual
power management:



Memory: 4k page, physical 8062264k(39892k free), swap 0k(0k free)

vm_info: Java HotSpot(TM) 64-Bit Server VM (24.80-b11) for linux-amd64 JRE (1.7.0_80-b15), built on Apr 10 2015 19:53:14 by "java_re" with gcc 4.3.0 20080428 (Red Hat 4.3.0-8)

time: Fri Mar 11 02:25:45 2016
elapsed time: 32 seconds

