#
# There is insufficient memory for the Java Runtime Environment to continue.
# Native memory allocation (malloc) failed to allocate 649068544 bytes for committing reserved memory.
# Possible reasons:
#   The system is out of physical RAM or swap space
#   In 32 bit mode, the process size limit was hit
# Possible solutions:
#   Reduce memory load on the system
#   Increase physical memory or swap space
#   Check if swap backing store is full
#   Use 64 bit Java on a 64 bit OS
#   Decrease Java heap size (-Xmx/-Xms)
#   Decrease number of Java threads
#   Decrease Java thread stack sizes (-Xss)
#   Set larger code cache with -XX:ReservedCodeCacheSize=
# This output file may be truncated or incomplete.
#
#  Out of Memory Error (os_linux.cpp:2756), pid=20786, tid=140110913337088
#
# JRE version: Java(TM) SE Runtime Environment (7.0_80-b15) (build 1.7.0_80-b15)
# Java VM: Java HotSpot(TM) 64-Bit Server VM (24.80-b11 mixed mode linux-amd64 compressed oops)
# Failed to write core dump. Core dumps have been disabled. To enable core dumping, try "ulimit -c unlimited" before starting Java again
#

---------------  T H R E A D  ---------------

Current thread (0x00007f6e24069800):  VMThread [stack: 0x00007f6e1d27f000,0x00007f6e1d380000] [id=20792]

Stack: [0x00007f6e1d27f000,0x00007f6e1d380000],  sp=0x00007f6e1d37e0a0,  free space=1020k
Native frames: (J=compiled Java code, j=interpreted, Vv=VM code, C=native code)
V  [libjvm.so+0x9a320a]  VMError::report_and_die()+0x2ea
V  [libjvm.so+0x498d3b]  report_vm_out_of_memory(char const*, int, unsigned long, char const*)+0x9b
V  [libjvm.so+0x82191e]  os::Linux::commit_memory_impl(char*, unsigned long, bool)+0xfe
V  [libjvm.so+0x821e69]  os::pd_commit_memory(char*, unsigned long, unsigned long, bool)+0x29
V  [libjvm.so+0x81bb6a]  os::commit_memory(char*, unsigned long, unsigned long, bool)+0x2a
V  [libjvm.so+0x88d623]  PSVirtualSpace::expand_by(unsigned long)+0x53
V  [libjvm.so+0x87ca80]  PSOldGen::expand(unsigned long)+0x170
V  [libjvm.so+0x87cc8b]  PSOldGen::resize(unsigned long)+0x1cb
V  [libjvm.so+0x885951]  PSParallelCompact::invoke_no_policy(bool)+0x9b1
V  [libjvm.so+0x88b8cd]  PSScavenge::invoke()+0x1ad
V  [libjvm.so+0x843f40]  ParallelScavengeHeap::failed_mem_allocate(unsigned long)+0x70
V  [libjvm.so+0x9a4a97]  VM_ParallelGCFailedAllocation::doit()+0x97
V  [libjvm.so+0x9abf35]  VM_Operation::evaluate()+0x55
V  [libjvm.so+0x9aa2fa]  VMThread::evaluate_operation(VM_Operation*)+0xba
V  [libjvm.so+0x9aa67e]  VMThread::loop()+0x1ce
V  [libjvm.so+0x9aaaf0]  VMThread::run()+0x70
V  [libjvm.so+0x8238c8]  java_start(Thread*)+0x108

VM_Operation (0x00007f6e2aeab630): ParallelGCFailedAllocation, mode: safepoint, requested by thread 0x00007f6e24009800


---------------  P R O C E S S  ---------------

Java Threads: ( => current thread )
  0x00007f6dc40ef000 JavaThread "TimerQueue" daemon [_thread_blocked, id=20805, stack(0x00007f6e03301000,0x00007f6e03402000)]
  0x00007f6e2420b000 JavaThread "AWT-EventQueue-0" [_thread_blocked, id=20803, stack(0x00007f6e085ce000,0x00007f6e086cf000)]
  0x00007f6e241df000 JavaThread "AWT-Shutdown" [_thread_blocked, id=20802, stack(0x00007f6e086cf000,0x00007f6e087d0000)]
  0x00007f6e241b6800 JavaThread "AWT-XAWT" daemon [_thread_blocked, id=20801, stack(0x00007f6e087d0000,0x00007f6e088d1000)]
  0x00007f6e24193000 JavaThread "Java2D Disposer" daemon [_thread_blocked, id=20800, stack(0x00007f6e08ce1000,0x00007f6e08de2000)]
  0x00007f6e24099800 JavaThread "Service Thread" daemon [_thread_blocked, id=20798, stack(0x00007f6e1c87f000,0x00007f6e1c980000)]
  0x00007f6e24097000 JavaThread "C2 CompilerThread1" daemon [_thread_blocked, id=20797, stack(0x00007f6e1c980000,0x00007f6e1ca81000)]
  0x00007f6e24094000 JavaThread "C2 CompilerThread0" daemon [_thread_blocked, id=20796, stack(0x00007f6e1ca81000,0x00007f6e1cb82000)]
  0x00007f6e24092000 JavaThread "Signal Dispatcher" daemon [_thread_blocked, id=20795, stack(0x00007f6e1cb82000,0x00007f6e1cc83000)]
  0x00007f6e24070000 JavaThread "Finalizer" daemon [_thread_blocked, id=20794, stack(0x00007f6e1d07d000,0x00007f6e1d17e000)]
  0x00007f6e2406e000 JavaThread "Reference Handler" daemon [_thread_blocked, id=20793, stack(0x00007f6e1d17e000,0x00007f6e1d27f000)]
  0x00007f6e24009800 JavaThread "main" [_thread_blocked, id=20787, stack(0x00007f6e2adac000,0x00007f6e2aead000)]

Other Threads:
=>0x00007f6e24069800 VMThread [stack: 0x00007f6e1d27f000,0x00007f6e1d380000] [id=20792]
  0x00007f6e240ac000 WatcherThread [stack: 0x00007f6e1c77e000,0x00007f6e1c87f000] [id=20799]

VM state:at safepoint (normal execution)

VM Mutex/Monitor currently owned by a thread:  ([mutex/lock_event])
[0x00007f6e240058f0] ExpandHeap_lock - owner thread: 0x00007f6e24069800
[0x00007f6e24005f70] Threads_lock - owner thread: 0x00007f6e24069800
[0x00007f6e24006470] Heap_lock - owner thread: 0x00007f6e24009800

Heap
 PSYoungGen      total 1631232K, used 500036K [0x000000076aa80000, 0x0000000800000000, 0x0000000800000000)
  eden space 815616K, 0% used [0x000000076aa80000,0x000000076aa80000,0x000000079c700000)
  from space 815616K, 61% used [0x00000007ce380000,0x00000007ecbd1200,0x0000000800000000)
  to   space 815616K, 0% used [0x000000079c700000,0x000000079c700000,0x00000007ce380000)
 ParOldGen       total 2399744K, used 2399696K [0x0000000640000000, 0x00000006d2780000, 0x000000076aa80000)
  object space 2399744K, 99% used [0x0000000640000000,0x00000006d27741f8,0x00000006d2780000)
 PSPermGen       total 21504K, used 11591K [0x000000063ae00000, 0x000000063c300000, 0x0000000640000000)
  object space 21504K, 53% used [0x000000063ae00000,0x000000063b951ea8,0x000000063c300000)

Card table byte_map: [0x00007f6e201d6000,0x00007f6e21000000] byte_map_base: 0x00007f6e1cfff000

Polling page: 0x00007f6e2aecf000

Code Cache  [0x00007f6e21000000, 0x00007f6e21270000, 0x00007f6e24000000)
 total_blobs=746 nmethods=281 adapters=418 free_code_cache=48033Kb largest_free_block=49112768

Compilation events (10 events):
Event: 64,347 Thread 0x00007f6e24097000  298             sun.nio.cs.StreamDecoder::implRead (243 bytes)
Event: 64,360 Thread 0x00007f6e24097000 nmethod 298 0x00007f6e210f0790 code [0x00007f6e210f0a00, 0x00007f6e210f14a0]
Event: 64,361 Thread 0x00007f6e24094000  299 % !         ir.Indexer::processFiles @ 25 (783 bytes)
Event: 64,364 Thread 0x00007f6e24094000 nmethod 299% 0x00007f6e210f5f90 code [0x00007f6e210f6100, 0x00007f6e210f6398]
Event: 65,357 Thread 0x00007f6e24097000  300             java.lang.Enum::ordinal (5 bytes)
Event: 65,357 Thread 0x00007f6e24097000 nmethod 300 0x00007f6e210e09d0 code [0x00007f6e210e0b00, 0x00007f6e210e0b58]
Event: 65,357 Thread 0x00007f6e24094000  301             sun.util.logging.PlatformLogger$Level::intValue (9 bytes)
Event: 65,358 Thread 0x00007f6e24094000 nmethod 301 0x00007f6e210d98d0 code [0x00007f6e210d9a00, 0x00007f6e210d9a98]
Event: 70,724 Thread 0x00007f6e24094000  302             java.io.UnixFileSystem::getBooleanAttributes (49 bytes)
Event: 70,725 Thread 0x00007f6e24094000 nmethod 302 0x00007f6e210f2f90 code [0x00007f6e210f3100, 0x00007f6e210f3238]

GC Heap History (10 events):
Event: 65,121 GC heap after
Heap after GC invocations=40 (full 8):
 PSYoungGen      total 1527296K, used 454768K [0x000000076aa80000, 0x00000007f5480000, 0x0000000800000000)
  eden space 781312K, 0% used [0x000000076aa80000,0x000000076aa80000,0x000000079a580000)
  from space 745984K, 60% used [0x00000007c7c00000,0x00000007e381c290,0x00000007f5480000)
  to   space 743936K, 0% used [0x000000079a580000,0x000000079a580000,0x00000007c7c00000)
 ParOldGen       total 2399744K, used 1838535K [0x0000000640000000, 0x00000006d2780000, 0x000000076aa80000)
  object space 2399744K, 76% used [0x0000000640000000,0x00000006b0371f28,0x00000006d2780000)
 PSPermGen       total 21504K, used 11590K [0x000000063ae00000, 0x000000063c300000, 0x0000000640000000)
  object space 21504K, 53% used [0x000000063ae00000,0x000000063b951ae8,0x000000063c300000)
}
Event: 65,895 GC heap before
{Heap before GC invocations=41 (full 8):
 PSYoungGen      total 1527296K, used 1236080K [0x000000076aa80000, 0x00000007f5480000, 0x0000000800000000)
  eden space 781312K, 100% used [0x000000076aa80000,0x000000079a580000,0x000000079a580000)
  from space 745984K, 60% used [0x00000007c7c00000,0x00000007e381c290,0x00000007f5480000)
  to   space 743936K, 0% used [0x000000079a580000,0x000000079a580000,0x00000007c7c00000)
 ParOldGen       total 2399744K, used 1838535K [0x0000000640000000, 0x00000006d2780000, 0x000000076aa80000)
  object space 2399744K, 76% used [0x0000000640000000,0x00000006b0371f28,0x00000006d2780000)
 PSPermGen       total 21504K, used 11591K [0x000000063ae00000, 0x000000063c300000, 0x0000000640000000)
  object space 21504K, 53% used [0x000000063ae00000,0x000000063b951cc8,0x000000063c300000)
Event: 66,721 GC heap after
Heap after GC invocations=41 (full 8):
 PSYoungGen      total 1525248K, used 618528K [0x000000076aa80000, 0x0000000800000000, 0x0000000800000000)
  eden space 781312K, 0% used [0x000000076aa80000,0x000000076aa80000,0x000000079a580000)
  from space 743936K, 83% used [0x000000079a580000,0x00000007c01883e0,0x00000007c7c00000)
  to   space 797184K, 0% used [0x00000007cf580000,0x00000007cf580000,0x0000000800000000)
 ParOldGen       total 2399744K, used 1838535K [0x0000000640000000, 0x00000006d2780000, 0x000000076aa80000)
  object space 2399744K, 76% used [0x0000000640000000,0x00000006b0371f28,0x00000006d2780000)
 PSPermGen       total 21504K, used 11591K [0x000000063ae00000, 0x000000063c300000, 0x0000000640000000)
  object space 21504K, 53% used [0x000000063ae00000,0x000000063b951cc8,0x000000063c300000)
}
Event: 67,428 GC heap before
{Heap before GC invocations=42 (full 8):
 PSYoungGen      total 1525248K, used 1399840K [0x000000076aa80000, 0x0000000800000000, 0x0000000800000000)
  eden space 781312K, 100% used [0x000000076aa80000,0x000000079a580000,0x000000079a580000)
  from space 743936K, 83% used [0x000000079a580000,0x00000007c01883e0,0x00000007c7c00000)
  to   space 797184K, 0% used [0x00000007cf580000,0x00000007cf580000,0x0000000800000000)
 ParOldGen       total 2399744K, used 1838535K [0x0000000640000000, 0x00000006d2780000, 0x000000076aa80000)
  object space 2399744K, 76% used [0x0000000640000000,0x00000006b0371f28,0x00000006d2780000)
 PSPermGen       total 21504K, used 11591K [0x000000063ae00000, 0x000000063c300000, 0x0000000640000000)
  object space 21504K, 53% used [0x000000063ae00000,0x000000063b951ec8,0x000000063c300000)
Event: 68,503 GC heap after
Heap after GC invocations=42 (full 8):
 PSYoungGen      total 1612800K, used 767060K [0x000000076aa80000, 0x0000000800000000, 0x0000000800000000)
  eden space 815616K, 0% used [0x000000076aa80000,0x000000076aa80000,0x000000079c700000)
  from space 797184K, 96% used [0x00000007cf580000,0x00000007fe295340,0x0000000800000000)
  to   space 815616K, 0% used [0x000000079c700000,0x000000079c700000,0x00000007ce380000)
 ParOldGen       total 2399744K, used 1838535K [0x0000000640000000, 0x00000006d2780000, 0x000000076aa80000)
  object space 2399744K, 76% used [0x0000000640000000,0x00000006b0371f28,0x00000006d2780000)
 PSPermGen       total 21504K, used 11591K [0x000000063ae00000, 0x000000063c300000, 0x0000000640000000)
  object space 21504K, 53% used [0x000000063ae00000,0x000000063b951ec8,0x000000063c300000)
}
Event: 69,244 GC heap before
{Heap before GC invocations=43 (full 8):
 PSYoungGen      total 1612800K, used 1582676K [0x000000076aa80000, 0x0000000800000000, 0x0000000800000000)
  eden space 815616K, 100% used [0x000000076aa80000,0x000000079c700000,0x000000079c700000)
  from space 797184K, 96% used [0x00000007cf580000,0x00000007fe295340,0x0000000800000000)
  to   space 815616K, 0% used [0x000000079c700000,0x000000079c700000,0x00000007ce380000)
 ParOldGen       total 2399744K, used 1838535K [0x0000000640000000, 0x00000006d2780000, 0x000000076aa80000)
  object space 2399744K, 76% used [0x0000000640000000,0x00000006b0371f28,0x00000006d2780000)
 PSPermGen       total 21504K, used 11591K [0x000000063ae00000, 0x000000063c300000, 0x0000000640000000)
  object space 21504K, 53% used [0x000000063ae00000,0x000000063b951ec8,0x000000063c300000)
Event: 70,326 GC heap after
Heap after GC invocations=43 (full 8):
 PSYoungGen      total 1631232K, used 809217K [0x000000076aa80000, 0x0000000800000000, 0x0000000800000000)
  eden space 815616K, 0% used [0x000000076aa80000,0x000000076aa80000,0x000000079c700000)
  from space 815616K, 99% used [0x000000079c700000,0x00000007cdd40710,0x00000007ce380000)
  to   space 815616K, 0% used [0x00000007ce380000,0x00000007ce380000,0x0000000800000000)
 ParOldGen       total 2399744K, used 1955887K [0x0000000640000000, 0x00000006d2780000, 0x000000076aa80000)
  object space 2399744K, 81% used [0x0000000640000000,0x00000006b760bf88,0x00000006d2780000)
 PSPermGen       total 21504K, used 11591K [0x000000063ae00000, 0x000000063c300000, 0x0000000640000000)
  object space 21504K, 53% used [0x000000063ae00000,0x000000063b951ec8,0x000000063c300000)
}
Event: 71,056 GC heap before
{Heap before GC invocations=44 (full 8):
 PSYoungGen      total 1631232K, used 1624833K [0x000000076aa80000, 0x0000000800000000, 0x0000000800000000)
  eden space 815616K, 100% used [0x000000076aa80000,0x000000079c700000,0x000000079c700000)
  from space 815616K, 99% used [0x000000079c700000,0x00000007cdd40710,0x00000007ce380000)
  to   space 815616K, 0% used [0x00000007ce380000,0x00000007ce380000,0x0000000800000000)
 ParOldGen       total 2399744K, used 1955887K [0x0000000640000000, 0x00000006d2780000, 0x000000076aa80000)
  object space 2399744K, 81% used [0x0000000640000000,0x00000006b760bf88,0x00000006d2780000)
 PSPermGen       total 21504K, used 11591K [0x000000063ae00000, 0x000000063c300000, 0x0000000640000000)
  object space 21504K, 53% used [0x000000063ae00000,0x000000063b951ec8,0x000000063c300000)
Event: 72,263 GC heap after
Heap after GC invocations=44 (full 8):
 PSYoungGen      total 1631232K, used 769573K [0x000000076aa80000, 0x0000000800000000, 0x0000000800000000)
  eden space 815616K, 0% used [0x000000076aa80000,0x000000076aa80000,0x000000079c700000)
  from space 815616K, 94% used [0x00000007ce380000,0x00000007fd3095b0,0x0000000800000000)
  to   space 815616K, 0% used [0x000000079c700000,0x000000079c700000,0x00000007ce380000)
 ParOldGen       total 2399744K, used 2155482K [0x0000000640000000, 0x00000006d2780000, 0x000000076aa80000)
  object space 2399744K, 89% used [0x0000000640000000,0x00000006c38f6918,0x00000006d2780000)
 PSPermGen       total 21504K, used 11591K [0x000000063ae00000, 0x000000063c300000, 0x0000000640000000)
  object space 21504K, 53% used [0x000000063ae00000,0x000000063b951ec8,0x000000063c300000)
}
Event: 72,263 GC heap before
{Heap before GC invocations=45 (full 9):
 PSYoungGen      total 1631232K, used 769573K [0x000000076aa80000, 0x0000000800000000, 0x0000000800000000)
  eden space 815616K, 0% used [0x000000076aa80000,0x000000076aa80000,0x000000079c700000)
  from space 815616K, 94% used [0x00000007ce380000,0x00000007fd3095b0,0x0000000800000000)
  to   space 815616K, 0% used [0x000000079c700000,0x000000079c700000,0x00000007ce380000)
 ParOldGen       total 2399744K, used 2155482K [0x0000000640000000, 0x00000006d2780000, 0x000000076aa80000)
  object space 2399744K, 89% used [0x0000000640000000,0x00000006c38f6918,0x00000006d2780000)
 PSPermGen       total 21504K, used 11591K [0x000000063ae00000, 0x000000063c300000, 0x0000000640000000)
  object space 21504K, 53% used [0x000000063ae00000,0x000000063b951ec8,0x000000063c300000)

Deoptimization events (10 events):
Event: 48,577 Thread 0x00007f6e241b6800 Uncommon trap: reason=unstable_if action=reinterpret pc=0x00007f6e210b8900 method=java.lang.ThreadLocal$ThreadLocalMap.set(Ljava/lang/ThreadLocal;Ljava/lang/Object;)V @ 28
Event: 48,577 Thread 0x00007f6e241b6800 Uncommon trap: reason=null_check action=make_not_entrant pc=0x00007f6e210a54a0 method=java.lang.StringCoding.decode(Ljava/lang/String;[BII)[C @ 6
Event: 48,577 Thread 0x00007f6e241b6800 Uncommon trap: reason=class_check action=maybe_recompile pc=0x00007f6e210deb94 method=java.util.HashMap.addEntry(ILjava/lang/Object;Ljava/lang/Object;I)V @ 65
Event: 48,577 Thread 0x00007f6e241b6800 Uncommon trap: reason=class_check action=maybe_recompile pc=0x00007f6e210deb94 method=java.util.HashMap.addEntry(ILjava/lang/Object;Ljava/lang/Object;I)V @ 65
Event: 62,851 Thread 0x00007f6e24009800 Uncommon trap: reason=unstable_if action=reinterpret pc=0x00007f6e210e1458 method=java.nio.charset.CharsetDecoder.decode(Ljava/nio/ByteBuffer;Ljava/nio/CharBuffer;Z)Ljava/nio/charset/CoderResult; @ 105
Event: 62,851 Thread 0x00007f6e24009800 Uncommon trap: reason=unstable_if action=reinterpret pc=0x00007f6e210e8a6c method=java.nio.charset.CharsetDecoder.decode(Ljava/nio/ByteBuffer;Ljava/nio/CharBuffer;Z)Ljava/nio/charset/CoderResult; @ 105
Event: 66,721 Thread 0x00007f6e2406e000 Uncommon trap: reason=class_check action=maybe_recompile pc=0x00007f6e21110998 method=java.lang.ref.ReferenceQueue.enqueue(Ljava/lang/ref/Reference;)Z @ 67
Event: 66,722 Thread 0x00007f6e24193000 Uncommon trap: reason=class_check action=maybe_recompile pc=0x00007f6e211101d8 method=java.lang.ref.ReferenceQueue.reallyPoll()Ljava/lang/ref/Reference; @ 55
Event: 68,503 Thread 0x00007f6e2406e000 Uncommon trap: reason=class_check action=maybe_recompile pc=0x00007f6e21110998 method=java.lang.ref.ReferenceQueue.enqueue(Ljava/lang/ref/Reference;)Z @ 67
Event: 68,503 Thread 0x00007f6e24193000 Uncommon trap: reason=class_check action=maybe_recompile pc=0x00007f6e211101d8 method=java.lang.ref.ReferenceQueue.reallyPoll()Ljava/lang/ref/Reference; @ 55

Internal exceptions (10 events):
Event: 0,422 Thread 0x00007f6e24009800 Threw 0x000000076b5fe440 at /HUDSON/workspace/7u-2-build-linux-amd64/jdk7u80/2329/hotspot/src/share/vm/prims/jvm.cpp:1319
Event: 0,508 Thread 0x00007f6e24009800 Threw 0x000000076b82ae70 at /HUDSON/workspace/7u-2-build-linux-amd64/jdk7u80/2329/hotspot/src/share/vm/prims/jvm.cpp:1319
Event: 0,511 Thread 0x00007f6e24009800 Threw 0x000000076b844b28 at /HUDSON/workspace/7u-2-build-linux-amd64/jdk7u80/2329/hotspot/src/share/vm/prims/jvm.cpp:1319
Event: 0,513 Thread 0x00007f6e2420b000 Threw 0x000000076add5b70 at /HUDSON/workspace/7u-2-build-linux-amd64/jdk7u80/2329/hotspot/src/share/vm/prims/jvm.cpp:1319
Event: 0,513 Thread 0x00007f6e2420b000 Threw 0x000000076add5d98 at /HUDSON/workspace/7u-2-build-linux-amd64/jdk7u80/2329/hotspot/src/share/vm/prims/jvm.cpp:1319
Event: 0,514 Thread 0x00007f6e2420b000 Threw 0x000000076add8208 at /HUDSON/workspace/7u-2-build-linux-amd64/jdk7u80/2329/hotspot/src/share/vm/prims/jvm.cpp:1319
Event: 0,514 Thread 0x00007f6e2420b000 Threw 0x000000076add8430 at /HUDSON/workspace/7u-2-build-linux-amd64/jdk7u80/2329/hotspot/src/share/vm/prims/jvm.cpp:1319
Event: 0,582 Thread 0x00007f6e2420b000 Threw 0x000000076add9238 at /HUDSON/workspace/7u-2-build-linux-amd64/jdk7u80/2329/hotspot/src/share/vm/prims/jni.cpp:743
Event: 48,577 Thread 0x00007f6e241b6800 Implicit null exception at 0x00007f6e210b8795 to 0x00007f6e210b88d5
Event: 48,577 Thread 0x00007f6e241b6800 Implicit null exception at 0x00007f6e210a440c to 0x00007f6e210a5488

Events (10 events):
Event: 68,503 Executing VM operation: ParallelGCFailedAllocation done
Event: 68,503 Thread 0x00007f6e2406e000 Uncommon trap: trap_request=0xffffffde fr.pc=0x00007f6e21110998
Event: 68,503 Thread 0x00007f6e2406e000 DEOPT PACKING pc=0x00007f6e21110998 sp=0x00007f6e1d27d670
Event: 68,503 Thread 0x00007f6e2406e000 DEOPT UNPACKING pc=0x00007f6e21039445 sp=0x00007f6e1d27d618 mode 2
Event: 68,503 Thread 0x00007f6e24193000 Uncommon trap: trap_request=0xffffffde fr.pc=0x00007f6e211101d8
Event: 68,503 Thread 0x00007f6e24193000 DEOPT PACKING pc=0x00007f6e211101d8 sp=0x00007f6e08de0660
Event: 68,503 Thread 0x00007f6e24193000 DEOPT UNPACKING pc=0x00007f6e21039445 sp=0x00007f6e08de0608 mode 2
Event: 69,244 Executing VM operation: ParallelGCFailedAllocation
Event: 70,326 Executing VM operation: ParallelGCFailedAllocation done
Event: 71,056 Executing VM operation: ParallelGCFailedAllocation


Dynamic libraries:
00400000-00401000 r-xp 00000000 08:02 538188                             /usr/lib/jvm/java-7-oracle/jre/bin/java
00600000-00601000 rw-p 00000000 08:02 538188                             /usr/lib/jvm/java-7-oracle/jre/bin/java
00ebf000-00ee0000 rw-p 00000000 00:00 0                                  [heap]
63ae00000-63c300000 rw-p 00000000 00:00 0 
63c300000-63c780000 ---p 00000000 00:00 0 
63c780000-640000000 rw-p 00000000 00:00 0 
640000000-6d2780000 rw-p 00000000 00:00 0 
6f9280000-76aa80000 rw-p 00000000 00:00 0 
76aa80000-800000000 rw-p 00000000 00:00 0 
7f6dbc000000-7f6dbc021000 rw-p 00000000 00:00 0 
7f6dbc021000-7f6dc0000000 ---p 00000000 00:00 0 
7f6dc4000000-7f6dc41cc000 rw-p 00000000 00:00 0 
7f6dc41cc000-7f6dc8000000 ---p 00000000 00:00 0 
7f6dc8000000-7f6dc8021000 rw-p 00000000 00:00 0 
7f6dc8021000-7f6dcc000000 ---p 00000000 00:00 0 
7f6dcc000000-7f6dcc021000 rw-p 00000000 00:00 0 
7f6dcc021000-7f6dd0000000 ---p 00000000 00:00 0 
7f6dd0000000-7f6dd0021000 rw-p 00000000 00:00 0 
7f6dd0021000-7f6dd4000000 ---p 00000000 00:00 0 
7f6dd4000000-7f6dd4021000 rw-p 00000000 00:00 0 
7f6dd4021000-7f6dd8000000 ---p 00000000 00:00 0 
7f6dd8000000-7f6dd8021000 rw-p 00000000 00:00 0 
7f6dd8021000-7f6ddc000000 ---p 00000000 00:00 0 
7f6ddc000000-7f6ddcafb000 rw-p 00000000 00:00 0 
7f6ddcafb000-7f6de0000000 ---p 00000000 00:00 0 
7f6de0000000-7f6de0021000 rw-p 00000000 00:00 0 
7f6de0021000-7f6de4000000 ---p 00000000 00:00 0 
7f6de4000000-7f6de4021000 rw-p 00000000 00:00 0 
7f6de4021000-7f6de8000000 ---p 00000000 00:00 0 
7f6de8000000-7f6de8c75000 rw-p 00000000 00:00 0 
7f6de8c75000-7f6dec000000 ---p 00000000 00:00 0 
7f6dec000000-7f6dec021000 rw-p 00000000 00:00 0 
7f6dec021000-7f6df0000000 ---p 00000000 00:00 0 
7f6df0000000-7f6df0021000 rw-p 00000000 00:00 0 
7f6df0021000-7f6df4000000 ---p 00000000 00:00 0 
7f6df4000000-7f6df4165000 rw-p 00000000 00:00 0 
7f6df4165000-7f6df8000000 ---p 00000000 00:00 0 
7f6df8000000-7f6df825a000 rw-p 00000000 00:00 0 
7f6df825a000-7f6dfc000000 ---p 00000000 00:00 0 
7f6dfc000000-7f6dfc0b5000 rw-p 00000000 00:00 0 
7f6dfc0b5000-7f6e00000000 ---p 00000000 00:00 0 
7f6e02ab5000-7f6e02ab6000 r--s 00000000 08:02 96748                      /var/cache/fontconfig/c05880de57d1f5e948fdfacc138775d9-le64.cache-4
7f6e02ab6000-7f6e02ac1000 r--s 00000000 08:02 96741                      /var/cache/fontconfig/945677eb7aeaf62f1d50efc3fb3ec7d8-le64.cache-4
7f6e02ac1000-7f6e02ac7000 r--s 00000000 08:02 96726                      /var/cache/fontconfig/2cd17615ca594fa2959ae173292e504c-le64.cache-4
7f6e02ac7000-7f6e02ace000 r--s 00000000 08:02 96745                      /var/cache/fontconfig/a755afe4a08bf5b97852ceb7400b47bc-le64.cache-4
7f6e02ace000-7f6e02ada000 r--s 00000000 08:02 96736                      /var/cache/fontconfig/6d41288fd70b0be22e8c3a91e032eec0-le64.cache-4
7f6e02ada000-7f6e02ae5000 r--s 00000000 08:02 99811                      /var/cache/fontconfig/a6354e3ac43af67bd8d7b8e43c34e49f-le64.cache-4
7f6e02ae5000-7f6e02af9000 r--s 00000000 08:02 96720                      /var/cache/fontconfig/04aabc0a78ac019cf9454389977116d2-le64.cache-4
7f6e02af9000-7f6e02b0b000 r--s 00000000 08:02 96721                      /var/cache/fontconfig/0bd3dc0958fa2205aaaa8ebb13e2872b-le64.cache-4
7f6e03301000-7f6e03304000 ---p 00000000 00:00 0 
7f6e03304000-7f6e03402000 rw-p 00000000 00:00 0                          [stack:20805]
7f6e03402000-7f6e0341f000 rw-s 00000000 00:05 29622288                   /SYSV00000000 (deleted)
7f6e03653000-7f6e03658000 r--s 00000000 08:02 96740                      /var/cache/fontconfig/8801497958630a81b71ace7c5f9b32a8-le64.cache-4
7f6e03658000-7f6e0365f000 r--s 00000000 08:02 96727                      /var/cache/fontconfig/3047814df9a2f067bd2d96a2b9c36e5a-le64.cache-4
7f6e0365f000-7f6e03672000 r--s 00000000 08:02 96752                      /var/cache/fontconfig/d52a8644073d54c13679302ca1180695-le64.cache-4
7f6e03712000-7f6e0377b000 r-xp 00000000 08:02 537526                     /usr/lib/jvm/java-7-oracle/jre/lib/amd64/libt2k.so
7f6e0377b000-7f6e0397a000 ---p 00069000 08:02 537526                     /usr/lib/jvm/java-7-oracle/jre/lib/amd64/libt2k.so
7f6e0397a000-7f6e03981000 rw-p 00068000 08:02 537526                     /usr/lib/jvm/java-7-oracle/jre/lib/amd64/libt2k.so
7f6e03981000-7f6e03991000 rw-p 00000000 00:00 0 
7f6e03991000-7f6e039a1000 r-xp 00000000 08:02 537562                     /usr/lib/jvm/java-7-oracle/jre/lib/amd64/libnio.so
7f6e039a1000-7f6e03ba1000 ---p 00010000 08:02 537562                     /usr/lib/jvm/java-7-oracle/jre/lib/amd64/libnio.so
7f6e03ba1000-7f6e03ba2000 rw-p 00010000 08:02 537562                     /usr/lib/jvm/java-7-oracle/jre/lib/amd64/libnio.so
7f6e03ba2000-7f6e03bd3000 rw-p 00000000 00:00 0 
7f6e03bd3000-7f6e03bea000 r-xp 00000000 08:02 537579                     /usr/lib/jvm/java-7-oracle/jre/lib/amd64/libnet.so
7f6e03bea000-7f6e03de9000 ---p 00017000 08:02 537579                     /usr/lib/jvm/java-7-oracle/jre/lib/amd64/libnet.so
7f6e03de9000-7f6e03dea000 rw-p 00016000 08:02 537579                     /usr/lib/jvm/java-7-oracle/jre/lib/amd64/libnet.so
7f6e03dea000-7f6e03e00000 r-xp 00000000 08:02 1049705                    /lib/x86_64-linux-gnu/libgcc_s.so.1
7f6e03e00000-7f6e03fff000 ---p 00016000 08:02 1049705                    /lib/x86_64-linux-gnu/libgcc_s.so.1
7f6e03fff000-7f6e04000000 rw-p 00015000 08:02 1049705                    /lib/x86_64-linux-gnu/libgcc_s.so.1
7f6e04000000-7f6e04175000 rw-p 00000000 00:00 0 
7f6e04175000-7f6e08000000 ---p 00000000 00:00 0 
7f6e08000000-7f6e08002000 r--s 00000000 08:02 96743                      /var/cache/fontconfig/99e8ed0e538f840c565b6ed5dad60d56-le64.cache-4
7f6e08002000-7f6e08003000 r--s 00000000 08:02 96758                      /var/cache/fontconfig/e7071f4a29fa870f4323321c154eba04-le64.cache-4
7f6e08019000-7f6e0807e000 r-xp 00000000 08:02 537580                     /usr/lib/jvm/java-7-oracle/jre/lib/amd64/libfontmanager.so
7f6e0807e000-7f6e0827d000 ---p 00065000 08:02 537580                     /usr/lib/jvm/java-7-oracle/jre/lib/amd64/libfontmanager.so
7f6e0827d000-7f6e08282000 rw-p 00064000 08:02 537580                     /usr/lib/jvm/java-7-oracle/jre/lib/amd64/libfontmanager.so
7f6e08282000-7f6e08292000 rw-p 00000000 00:00 0 
7f6e08292000-7f6e082cc000 r-xp 00000000 08:02 537548                     /usr/lib/jvm/java-7-oracle/jre/lib/amd64/libjpeg.so
7f6e082cc000-7f6e084cc000 ---p 0003a000 08:02 537548                     /usr/lib/jvm/java-7-oracle/jre/lib/amd64/libjpeg.so
7f6e084cc000-7f6e084cd000 rw-p 0003a000 08:02 537548                     /usr/lib/jvm/java-7-oracle/jre/lib/amd64/libjpeg.so
7f6e084cd000-7f6e084d0000 ---p 00000000 00:00 0 
7f6e084d0000-7f6e085ce000 rw-p 00000000 00:00 0 
7f6e085ce000-7f6e085d1000 ---p 00000000 00:00 0 
7f6e085d1000-7f6e086cf000 rw-p 00000000 00:00 0                          [stack:20803]
7f6e086cf000-7f6e086d2000 ---p 00000000 00:00 0 
7f6e086d2000-7f6e087d0000 rw-p 00000000 00:00 0                          [stack:20802]
7f6e087d0000-7f6e087d3000 ---p 00000000 00:00 0 
7f6e087d3000-7f6e088d1000 rw-p 00000000 00:00 0                          [stack:20801]
7f6e088d1000-7f6e088d6000 r-xp 00000000 08:02 532910                     /usr/lib/x86_64-linux-gnu/libXfixes.so.3.1.0
7f6e088d6000-7f6e08ad5000 ---p 00005000 08:02 532910                     /usr/lib/x86_64-linux-gnu/libXfixes.so.3.1.0
7f6e08ad5000-7f6e08ad6000 r--p 00004000 08:02 532910                     /usr/lib/x86_64-linux-gnu/libXfixes.so.3.1.0
7f6e08ad6000-7f6e08ad7000 rw-p 00005000 08:02 532910                     /usr/lib/x86_64-linux-gnu/libXfixes.so.3.1.0
7f6e08ad7000-7f6e08ae0000 r-xp 00000000 08:02 532902                     /usr/lib/x86_64-linux-gnu/libXcursor.so.1.0.2
7f6e08ae0000-7f6e08cdf000 ---p 00009000 08:02 532902                     /usr/lib/x86_64-linux-gnu/libXcursor.so.1.0.2
7f6e08cdf000-7f6e08ce0000 r--p 00008000 08:02 532902                     /usr/lib/x86_64-linux-gnu/libXcursor.so.1.0.2
7f6e08ce0000-7f6e08ce1000 rw-p 00009000 08:02 532902                     /usr/lib/x86_64-linux-gnu/libXcursor.so.1.0.2
7f6e08ce1000-7f6e08ce4000 ---p 00000000 00:00 0 
7f6e08ce4000-7f6e08de2000 rw-p 00000000 00:00 0                          [stack:20800]
7f6e08de2000-7f6e08de7000 r-xp 00000000 08:02 532906                     /usr/lib/x86_64-linux-gnu/libXdmcp.so.6.0.0
7f6e08de7000-7f6e08fe6000 ---p 00005000 08:02 532906                     /usr/lib/x86_64-linux-gnu/libXdmcp.so.6.0.0
7f6e08fe6000-7f6e08fe7000 r--p 00004000 08:02 532906                     /usr/lib/x86_64-linux-gnu/libXdmcp.so.6.0.0
7f6e08fe7000-7f6e08fe8000 rw-p 00005000 08:02 532906                     /usr/lib/x86_64-linux-gnu/libXdmcp.so.6.0.0
7f6e08fe8000-7f6e08fea000 r-xp 00000000 08:02 532895                     /usr/lib/x86_64-linux-gnu/libXau.so.6.0.0
7f6e08fea000-7f6e091ea000 ---p 00002000 08:02 532895                     /usr/lib/x86_64-linux-gnu/libXau.so.6.0.0
7f6e091ea000-7f6e091eb000 r--p 00002000 08:02 532895                     /usr/lib/x86_64-linux-gnu/libXau.so.6.0.0
7f6e091eb000-7f6e091ec000 rw-p 00003000 08:02 532895                     /usr/lib/x86_64-linux-gnu/libXau.so.6.0.0
7f6e091ec000-7f6e1747c000 rw-p 00000000 00:00 0 
7f6e1747c000-7f6e1747d000 r--s 00000000 08:02 96723                      /var/cache/fontconfig/0d8c3b2ac0904cb8a57a757ad11a4a08-le64.cache-4
7f6e1747d000-7f6e17483000 r--s 00000000 08:02 96746                      /var/cache/fontconfig/b47c4e1ecd0709278f4910c18777a504-le64.cache-4
7f6e17483000-7f6e1748c000 r--s 00000000 08:02 96730                      /var/cache/fontconfig/3f7329c5293ffd510edef78f73874cfd-le64.cache-4
7f6e1748c000-7f6e174a9000 r-xp 00000000 08:02 534114                     /usr/lib/x86_64-linux-gnu/libxcb.so.1.1.0
7f6e174a9000-7f6e176a9000 ---p 0001d000 08:02 534114                     /usr/lib/x86_64-linux-gnu/libxcb.so.1.1.0
7f6e176a9000-7f6e176aa000 r--p 0001d000 08:02 534114                     /usr/lib/x86_64-linux-gnu/libxcb.so.1.1.0
7f6e176aa000-7f6e176ab000 rw-p 0001e000 08:02 534114                     /usr/lib/x86_64-linux-gnu/libxcb.so.1.1.0
7f6e176ab000-7f6e176ba000 r-xp 00000000 08:02 532916                     /usr/lib/x86_64-linux-gnu/libXi.so.6.1.0
7f6e176ba000-7f6e178b9000 ---p 0000f000 08:02 532916                     /usr/lib/x86_64-linux-gnu/libXi.so.6.1.0
7f6e178b9000-7f6e178ba000 r--p 0000e000 08:02 532916                     /usr/lib/x86_64-linux-gnu/libXi.so.6.1.0
7f6e178ba000-7f6e178bb000 rw-p 0000f000 08:02 532916                     /usr/lib/x86_64-linux-gnu/libXi.so.6.1.0
7f6e178bb000-7f6e178c0000 r-xp 00000000 08:02 532936                     /usr/lib/x86_64-linux-gnu/libXtst.so.6.1.0
7f6e178c0000-7f6e17abf000 ---p 00005000 08:02 532936                     /usr/lib/x86_64-linux-gnu/libXtst.so.6.1.0
7f6e17abf000-7f6e17ac0000 r--p 00004000 08:02 532936                     /usr/lib/x86_64-linux-gnu/libXtst.so.6.1.0
7f6e17ac0000-7f6e17ac1000 rw-p 00005000 08:02 532936                     /usr/lib/x86_64-linux-gnu/libXtst.so.6.1.0
7f6e17ac1000-7f6e17aca000 r-xp 00000000 08:02 532930                     /usr/lib/x86_64-linux-gnu/libXrender.so.1.3.0
7f6e17aca000-7f6e17cc9000 ---p 00009000 08:02 532930                     /usr/lib/x86_64-linux-gnu/libXrender.so.1.3.0
7f6e17cc9000-7f6e17cca000 r--p 00008000 08:02 532930                     /usr/lib/x86_64-linux-gnu/libXrender.so.1.3.0
7f6e17cca000-7f6e17ccb000 rw-p 00009000 08:02 532930                     /usr/lib/x86_64-linux-gnu/libXrender.so.1.3.0
7f6e17ccb000-7f6e17dfb000 r-xp 00000000 08:02 532891                     /usr/lib/x86_64-linux-gnu/libX11.so.6.3.0
7f6e17dfb000-7f6e17ffb000 ---p 00130000 08:02 532891                     /usr/lib/x86_64-linux-gnu/libX11.so.6.3.0
7f6e17ffb000-7f6e17ffc000 r--p 00130000 08:02 532891                     /usr/lib/x86_64-linux-gnu/libX11.so.6.3.0
7f6e17ffc000-7f6e18000000 rw-p 00131000 08:02 532891                     /usr/lib/x86_64-linux-gnu/libX11.so.6.3.0
7f6e18000000-7f6e18214000 rw-p 00000000 00:00 0 
7f6e18214000-7f6e1c000000 ---p 00000000 00:00 0 
7f6e1c000000-7f6e1c004000 r--s 00000000 08:02 96729                      /var/cache/fontconfig/385c0604a188198f04d133e54aba7fe7-le64.cache-4
7f6e1c004000-7f6e1c00f000 r--s 00000000 08:02 96753                      /var/cache/fontconfig/d589a48862398ed80a3d6066f4f56f4c-le64.cache-4
7f6e1c026000-7f6e1c037000 r-xp 00000000 08:02 532908                     /usr/lib/x86_64-linux-gnu/libXext.so.6.4.0
7f6e1c037000-7f6e1c236000 ---p 00011000 08:02 532908                     /usr/lib/x86_64-linux-gnu/libXext.so.6.4.0
7f6e1c236000-7f6e1c237000 r--p 00010000 08:02 532908                     /usr/lib/x86_64-linux-gnu/libXext.so.6.4.0
7f6e1c237000-7f6e1c238000 rw-p 00011000 08:02 532908                     /usr/lib/x86_64-linux-gnu/libXext.so.6.4.0
7f6e1c238000-7f6e1c239000 r--s 00000000 08:02 96725                      /var/cache/fontconfig/1ac9eb803944fde146138c791f5cc56a-le64.cache-4
7f6e1c239000-7f6e1c23b000 r--s 00000000 08:02 96738                      /var/cache/fontconfig/767a8244fc0220cfb567a839d0392e0b-le64.cache-4
7f6e1c257000-7f6e1c2a7000 r-xp 00000000 08:02 537583                     /usr/lib/jvm/java-7-oracle/jre/lib/amd64/xawt/libmawt.so
7f6e1c2a7000-7f6e1c4a7000 ---p 00050000 08:02 537583                     /usr/lib/jvm/java-7-oracle/jre/lib/amd64/xawt/libmawt.so
7f6e1c4a7000-7f6e1c4ab000 rw-p 00050000 08:02 537583                     /usr/lib/jvm/java-7-oracle/jre/lib/amd64/xawt/libmawt.so
7f6e1c4ab000-7f6e1c4ac000 rw-p 00000000 00:00 0 
7f6e1c4ac000-7f6e1c54e000 r-xp 00000000 08:02 537543                     /usr/lib/jvm/java-7-oracle/jre/lib/amd64/libawt.so
7f6e1c54e000-7f6e1c74e000 ---p 000a2000 08:02 537543                     /usr/lib/jvm/java-7-oracle/jre/lib/amd64/libawt.so
7f6e1c74e000-7f6e1c75a000 rw-p 000a2000 08:02 537543                     /usr/lib/jvm/java-7-oracle/jre/lib/amd64/libawt.so
7f6e1c75a000-7f6e1c77e000 rw-p 00000000 00:00 0 
7f6e1c77e000-7f6e1c77f000 ---p 00000000 00:00 0 
7f6e1c77f000-7f6e1c87f000 rw-p 00000000 00:00 0                          [stack:20799]
7f6e1c87f000-7f6e1c882000 ---p 00000000 00:00 0 
7f6e1c882000-7f6e1c980000 rw-p 00000000 00:00 0                          [stack:20798]
7f6e1c980000-7f6e1c983000 ---p 00000000 00:00 0 
7f6e1c983000-7f6e1ca81000 rw-p 00000000 00:00 0                          [stack:20797]
7f6e1ca81000-7f6e1ca84000 ---p 00000000 00:00 0 
7f6e1ca84000-7f6e1cb82000 rw-p 00000000 00:00 0                          [stack:20796]
7f6e1cb82000-7f6e1cb85000 ---p 00000000 00:00 0 
7f6e1cb85000-7f6e1cc83000 rw-p 00000000 00:00 0                          [stack:20795]
7f6e1cc83000-7f6e1d07d000 r--p 00000000 08:02 531394                     /usr/lib/locale/locale-archive
7f6e1d07d000-7f6e1d080000 ---p 00000000 00:00 0 
7f6e1d080000-7f6e1d17e000 rw-p 00000000 00:00 0                          [stack:20794]
7f6e1d17e000-7f6e1d181000 ---p 00000000 00:00 0 
7f6e1d181000-7f6e1d27f000 rw-p 00000000 00:00 0                          [stack:20793]
7f6e1d27f000-7f6e1d280000 ---p 00000000 00:00 0 
7f6e1d280000-7f6e1e334000 rw-p 00000000 00:00 0                          [stack:20792]
7f6e1e334000-7f6e1e4f4000 r--s 039fb000 08:02 537590                     /usr/lib/jvm/java-7-oracle/jre/lib/rt.jar
7f6e1e4f4000-7f6e1f47c000 rw-p 00000000 00:00 0 
7f6e1f47c000-7f6e1f47d000 ---p 00000000 00:00 0 
7f6e1f47d000-7f6e1f57d000 rw-p 00000000 00:00 0                          [stack:20791]
7f6e1f57d000-7f6e1f57e000 ---p 00000000 00:00 0 
7f6e1f57e000-7f6e1f67e000 rw-p 00000000 00:00 0                          [stack:20790]
7f6e1f67e000-7f6e1f67f000 ---p 00000000 00:00 0 
7f6e1f67f000-7f6e1f77f000 rw-p 00000000 00:00 0                          [stack:20789]
7f6e1f77f000-7f6e1f780000 ---p 00000000 00:00 0 
7f6e1f780000-7f6e1fd14000 rw-p 00000000 00:00 0                          [stack:20788]
7f6e1fd14000-7f6e201d6000 rw-p 00000000 00:00 0 
7f6e201d6000-7f6e201e1000 rw-p 00000000 00:00 0 
7f6e201e1000-7f6e201e3000 ---p 00000000 00:00 0 
7f6e201e3000-7f6e201ff000 rw-p 00000000 00:00 0 
7f6e201ff000-7f6e20693000 rw-p 00000000 00:00 0 
7f6e20693000-7f6e20b54000 rw-p 00000000 00:00 0 
7f6e20b54000-7f6e20fff000 rw-p 00000000 00:00 0 
7f6e20fff000-7f6e21000000 rw-p 00000000 00:00 0 
7f6e21000000-7f6e21270000 rwxp 00000000 00:00 0 
7f6e21270000-7f6e242fd000 rw-p 00000000 00:00 0 
7f6e242fd000-7f6e28000000 ---p 00000000 00:00 0 
7f6e28000000-7f6e28001000 r--s 00000000 08:02 96755                      /var/cache/fontconfig/dc05db6664285cc2f12bf69c139ae4c3-le64.cache-4
7f6e28001000-7f6e28002000 r--s 00000000 08:02 96731                      /var/cache/fontconfig/4794a0821666d79190d59a36cb4f44b5-le64.cache-4
7f6e28002000-7f6e28003000 r--s 00000000 08:02 96733                      /var/cache/fontconfig/56cf4f4769d0f4abc89a4895d7bd3ae1-le64.cache-4
7f6e28003000-7f6e28081000 rw-p 00000000 00:00 0 
7f6e28081000-7f6e28083000 ---p 00000000 00:00 0 
7f6e28083000-7f6e2809f000 rw-p 00000000 00:00 0 
7f6e2809f000-7f6e280b6000 r-xp 00000000 08:02 537529                     /usr/lib/jvm/java-7-oracle/jre/lib/amd64/libzip.so
7f6e280b6000-7f6e282b6000 ---p 00017000 08:02 537529                     /usr/lib/jvm/java-7-oracle/jre/lib/amd64/libzip.so
7f6e282b6000-7f6e282b7000 rw-p 00017000 08:02 537529                     /usr/lib/jvm/java-7-oracle/jre/lib/amd64/libzip.so
7f6e282b7000-7f6e282c2000 r-xp 00000000 08:02 1070212                    /lib/x86_64-linux-gnu/libnss_files-2.19.so
7f6e282c2000-7f6e284c1000 ---p 0000b000 08:02 1070212                    /lib/x86_64-linux-gnu/libnss_files-2.19.so
7f6e284c1000-7f6e284c2000 r--p 0000a000 08:02 1070212                    /lib/x86_64-linux-gnu/libnss_files-2.19.so
7f6e284c2000-7f6e284c3000 rw-p 0000b000 08:02 1070212                    /lib/x86_64-linux-gnu/libnss_files-2.19.so
7f6e284c3000-7f6e284ce000 r-xp 00000000 08:02 1070204                    /lib/x86_64-linux-gnu/libnss_nis-2.19.so
7f6e284ce000-7f6e286cd000 ---p 0000b000 08:02 1070204                    /lib/x86_64-linux-gnu/libnss_nis-2.19.so
7f6e286cd000-7f6e286ce000 r--p 0000a000 08:02 1070204                    /lib/x86_64-linux-gnu/libnss_nis-2.19.so
7f6e286ce000-7f6e286cf000 rw-p 0000b000 08:02 1070204                    /lib/x86_64-linux-gnu/libnss_nis-2.19.so
7f6e286cf000-7f6e286e6000 r-xp 00000000 08:02 1070200                    /lib/x86_64-linux-gnu/libnsl-2.19.so
7f6e286e6000-7f6e288e5000 ---p 00017000 08:02 1070200                    /lib/x86_64-linux-gnu/libnsl-2.19.so
7f6e288e5000-7f6e288e6000 r--p 00016000 08:02 1070200                    /lib/x86_64-linux-gnu/libnsl-2.19.so
7f6e288e6000-7f6e288e7000 rw-p 00017000 08:02 1070200                    /lib/x86_64-linux-gnu/libnsl-2.19.so
7f6e288e7000-7f6e288e9000 rw-p 00000000 00:00 0 
7f6e288e9000-7f6e288f2000 r-xp 00000000 08:02 1070199                    /lib/x86_64-linux-gnu/libnss_compat-2.19.so
7f6e288f2000-7f6e28af1000 ---p 00009000 08:02 1070199                    /lib/x86_64-linux-gnu/libnss_compat-2.19.so
7f6e28af1000-7f6e28af2000 r--p 00008000 08:02 1070199                    /lib/x86_64-linux-gnu/libnss_compat-2.19.so
7f6e28af2000-7f6e28af3000 rw-p 00009000 08:02 1070199                    /lib/x86_64-linux-gnu/libnss_compat-2.19.so
7f6e28af3000-7f6e28b1c000 r-xp 00000000 08:02 537563                     /usr/lib/jvm/java-7-oracle/jre/lib/amd64/libjava.so
7f6e28b1c000-7f6e28d1c000 ---p 00029000 08:02 537563                     /usr/lib/jvm/java-7-oracle/jre/lib/amd64/libjava.so
7f6e28d1c000-7f6e28d1e000 rw-p 00029000 08:02 537563                     /usr/lib/jvm/java-7-oracle/jre/lib/amd64/libjava.so
7f6e28d1e000-7f6e28d2b000 r-xp 00000000 08:02 537558                     /usr/lib/jvm/java-7-oracle/jre/lib/amd64/libverify.so
7f6e28d2b000-7f6e28f2a000 ---p 0000d000 08:02 537558                     /usr/lib/jvm/java-7-oracle/jre/lib/amd64/libverify.so
7f6e28f2a000-7f6e28f2c000 rw-p 0000c000 08:02 537558                     /usr/lib/jvm/java-7-oracle/jre/lib/amd64/libverify.so
7f6e28f2c000-7f6e28f33000 r-xp 00000000 08:02 1070208                    /lib/x86_64-linux-gnu/librt-2.19.so
7f6e28f33000-7f6e29132000 ---p 00007000 08:02 1070208                    /lib/x86_64-linux-gnu/librt-2.19.so
7f6e29132000-7f6e29133000 r--p 00006000 08:02 1070208                    /lib/x86_64-linux-gnu/librt-2.19.so
7f6e29133000-7f6e29134000 rw-p 00007000 08:02 1070208                    /lib/x86_64-linux-gnu/librt-2.19.so
7f6e29134000-7f6e29239000 r-xp 00000000 08:02 1070194                    /lib/x86_64-linux-gnu/libm-2.19.so
7f6e29239000-7f6e29438000 ---p 00105000 08:02 1070194                    /lib/x86_64-linux-gnu/libm-2.19.so
7f6e29438000-7f6e29439000 r--p 00104000 08:02 1070194                    /lib/x86_64-linux-gnu/libm-2.19.so
7f6e29439000-7f6e2943a000 rw-p 00105000 08:02 1070194                    /lib/x86_64-linux-gnu/libm-2.19.so
7f6e2943a000-7f6e29fb0000 r-xp 00000000 08:02 537570                     /usr/lib/jvm/java-7-oracle/jre/lib/amd64/server/libjvm.so
7f6e29fb0000-7f6e2a1af000 ---p 00b76000 08:02 537570                     /usr/lib/jvm/java-7-oracle/jre/lib/amd64/server/libjvm.so
7f6e2a1af000-7f6e2a273000 rw-p 00b75000 08:02 537570                     /usr/lib/jvm/java-7-oracle/jre/lib/amd64/server/libjvm.so
7f6e2a273000-7f6e2a2b4000 rw-p 00000000 00:00 0 
7f6e2a2b4000-7f6e2a46f000 r-xp 00000000 08:02 1070209                    /lib/x86_64-linux-gnu/libc-2.19.so
7f6e2a46f000-7f6e2a66e000 ---p 001bb000 08:02 1070209                    /lib/x86_64-linux-gnu/libc-2.19.so
7f6e2a66e000-7f6e2a672000 r--p 001ba000 08:02 1070209                    /lib/x86_64-linux-gnu/libc-2.19.so
7f6e2a672000-7f6e2a674000 rw-p 001be000 08:02 1070209                    /lib/x86_64-linux-gnu/libc-2.19.so
7f6e2a674000-7f6e2a679000 rw-p 00000000 00:00 0 
7f6e2a679000-7f6e2a67c000 r-xp 00000000 08:02 1070196                    /lib/x86_64-linux-gnu/libdl-2.19.so
7f6e2a67c000-7f6e2a87b000 ---p 00003000 08:02 1070196                    /lib/x86_64-linux-gnu/libdl-2.19.so
7f6e2a87b000-7f6e2a87c000 r--p 00002000 08:02 1070196                    /lib/x86_64-linux-gnu/libdl-2.19.so
7f6e2a87c000-7f6e2a87d000 rw-p 00003000 08:02 1070196                    /lib/x86_64-linux-gnu/libdl-2.19.so
7f6e2a87d000-7f6e2a892000 r-xp 00000000 08:02 537539                     /usr/lib/jvm/java-7-oracle/jre/lib/amd64/jli/libjli.so
7f6e2a892000-7f6e2aa91000 ---p 00015000 08:02 537539                     /usr/lib/jvm/java-7-oracle/jre/lib/amd64/jli/libjli.so
7f6e2aa91000-7f6e2aa92000 rw-p 00014000 08:02 537539                     /usr/lib/jvm/java-7-oracle/jre/lib/amd64/jli/libjli.so
7f6e2aa92000-7f6e2aaab000 r-xp 00000000 08:02 1070201                    /lib/x86_64-linux-gnu/libpthread-2.19.so
7f6e2aaab000-7f6e2acaa000 ---p 00019000 08:02 1070201                    /lib/x86_64-linux-gnu/libpthread-2.19.so
7f6e2acaa000-7f6e2acab000 r--p 00018000 08:02 1070201                    /lib/x86_64-linux-gnu/libpthread-2.19.so
7f6e2acab000-7f6e2acac000 rw-p 00019000 08:02 1070201                    /lib/x86_64-linux-gnu/libpthread-2.19.so
7f6e2acac000-7f6e2acb0000 rw-p 00000000 00:00 0 
7f6e2acb0000-7f6e2acd3000 r-xp 00000000 08:02 1070202                    /lib/x86_64-linux-gnu/ld-2.19.so
7f6e2acd3000-7f6e2acd4000 r--s 00000000 08:02 96747                      /var/cache/fontconfig/b9d506c9ac06c20b433354fa67a72993-le64.cache-4
7f6e2acd4000-7f6e2acd7000 r--s 00000000 08:02 96898                      /var/cache/fontconfig/e13b20fdb08344e0e664864cc2ede53d-le64.cache-4
7f6e2acd7000-7f6e2acdb000 r--s 00000000 08:02 99809                      /var/cache/fontconfig/7ef2298fde41cc6eeb7af42e48b7d293-le64.cache-4
7f6e2acec000-7f6e2acf6000 rw-p 00000000 00:00 0 
7f6e2acf6000-7f6e2adac000 rw-p 00000000 00:00 0 
7f6e2adac000-7f6e2adaf000 ---p 00000000 00:00 0 
7f6e2adaf000-7f6e2aeb1000 rw-p 00000000 00:00 0                          [stack:20787]
7f6e2aeb1000-7f6e2aeb2000 r--s 00000000 08:02 96722                      /var/cache/fontconfig/0c9eb80ebd1c36541ebe2852d3bb0c49-le64.cache-4
7f6e2aec5000-7f6e2aec6000 rw-p 00000000 00:00 0 
7f6e2aec6000-7f6e2aece000 rw-s 00000000 08:02 56017                      /tmp/hsperfdata_ted-cassirer/20786
7f6e2aece000-7f6e2aecf000 rw-p 00000000 00:00 0 
7f6e2aecf000-7f6e2aed0000 ---p 00000000 00:00 0 
7f6e2aed0000-7f6e2aed2000 rw-p 00000000 00:00 0 
7f6e2aed2000-7f6e2aed3000 r--p 00022000 08:02 1070202                    /lib/x86_64-linux-gnu/ld-2.19.so
7f6e2aed3000-7f6e2aed4000 rw-p 00023000 08:02 1070202                    /lib/x86_64-linux-gnu/ld-2.19.so
7f6e2aed4000-7f6e2aed5000 rw-p 00000000 00:00 0 
7ffc6ac48000-7ffc6ac69000 rw-p 00000000 00:00 0                          [stack]
7ffc6ac70000-7ffc6ac72000 r--p 00000000 00:00 0                          [vvar]
7ffc6ac72000-7ffc6ac74000 r-xp 00000000 00:00 0                          [vdso]
ffffffffff600000-ffffffffff601000 r-xp 00000000 00:00 0                  [vsyscall]

VM Arguments:
jvm_args: -Xmx7168m 
java_command: ir.SearchGUI -d /home/ted-cassirer/Desktop/Skolan/davisWiki
Launcher Type: SUN_STANDARD

Environment Variables:
PATH=/usr/local/sbin:/usr/local/bin:/usr/sbin:/usr/bin:/sbin:/bin:/usr/games:/usr/local/games
USERNAME=ted-cassirer
SHELL=/bin/bash
DISPLAY=:0

Signal Handlers:
SIGSEGV: [libjvm.so+0x9a3b20], sa_mask[0]=0x7ffbfeff, sa_flags=0x10000004
SIGBUS: [libjvm.so+0x9a3b20], sa_mask[0]=0x7ffbfeff, sa_flags=0x10000004
SIGFPE: [libjvm.so+0x81e740], sa_mask[0]=0x7ffbfeff, sa_flags=0x10000004
SIGPIPE: [libjvm.so+0x81e740], sa_mask[0]=0x7ffbfeff, sa_flags=0x10000004
SIGXFSZ: [libjvm.so+0x81e740], sa_mask[0]=0x7ffbfeff, sa_flags=0x10000004
SIGILL: [libjvm.so+0x81e740], sa_mask[0]=0x7ffbfeff, sa_flags=0x10000004
SIGUSR1: SIG_DFL, sa_mask[0]=0x00000000, sa_flags=0x00000000
SIGUSR2: [libjvm.so+0x81ffb0], sa_mask[0]=0x00000000, sa_flags=0x10000004
SIGHUP: [libjvm.so+0x8210d0], sa_mask[0]=0x7ffbfeff, sa_flags=0x10000004
SIGINT: [libjvm.so+0x8210d0], sa_mask[0]=0x7ffbfeff, sa_flags=0x10000004
SIGTERM: [libjvm.so+0x8210d0], sa_mask[0]=0x7ffbfeff, sa_flags=0x10000004
SIGQUIT: [libjvm.so+0x8210d0], sa_mask[0]=0x7ffbfeff, sa_flags=0x10000004


---------------  S Y S T E M  ---------------

OS:jessie/sid

uname:Linux 4.4.0-040400-generic #201601101930 SMP Mon Jan 11 00:32:41 UTC 2016 x86_64
libc:glibc 2.19 NPTL 2.19 
rlimit: STACK 8192k, CORE 0k, NPROC 31128, NOFILE 4096, AS infinity
load average:3,42 1,65 1,29

/proc/meminfo:
MemTotal:        8062264 kB
MemFree:          102996 kB
MemAvailable:     592188 kB
Buffers:           30444 kB
Cached:           876188 kB
SwapCached:            0 kB
Active:          7189376 kB
Inactive:         568476 kB
Active(anon):    6914116 kB
Inactive(anon):   370212 kB
Active(file):     275260 kB
Inactive(file):   198264 kB
Unevictable:         848 kB
Mlocked:        85899346768 kB
SwapTotal:             0 kB
SwapFree:              0 kB
Dirty:              7608 kB
Writeback:             0 kB
AnonPages:       6851940 kB
Mapped:           321140 kB
Shmem:            433108 kB
Slab:              95900 kB
SReclaimable:      58028 kB
SUnreclaim:        37872 kB
KernelStack:        8752 kB
PageTables:        43112 kB
NFS_Unstable:          0 kB
Bounce:                0 kB
WritebackTmp:          0 kB
CommitLimit:     4031132 kB
Committed_AS:   10415092 kB
VmallocTotal:   34359738367 kB
VmallocUsed:           0 kB
VmallocChunk:          0 kB
HardwareCorrupted:     0 kB
AnonHugePages:   5314560 kB
CmaTotal:              0 kB
CmaFree:               0 kB
HugePages_Total:       0
HugePages_Free:        0
HugePages_Rsvd:        0
HugePages_Surp:        0
Hugepagesize:       2048 kB
DirectMap4k:      167332 kB
DirectMap2M:     4962304 kB
DirectMap1G:     3145728 kB


CPU:total 4 (2 cores per cpu, 2 threads per core) family 6 model 78 stepping 3, cmov, cx8, fxsr, mmx, sse, sse2, sse3, ssse3, sse4.1, sse4.2, popcnt, avx, avx2, aes, erms, ht, tsc, tscinvbit

/proc/cpuinfo:
processor	: 0
vendor_id	: GenuineIntel
cpu family	: 6
model		: 78
model name	: Intel(R) Core(TM) i5-6200U CPU @ 2.30GHz
stepping	: 3
microcode	: 0x33
cpu MHz		: 2700.000
cache size	: 3072 KB
physical id	: 0
siblings	: 4
core id		: 0
cpu cores	: 2
apicid		: 0
initial apicid	: 0
fpu		: yes
fpu_exception	: yes
cpuid level	: 22
wp		: yes
flags		: fpu vme de pse tsc msr pae mce cx8 apic sep mtrr pge mca cmov pat pse36 clflush dts acpi mmx fxsr sse sse2 ss ht tm pbe syscall nx pdpe1gb rdtscp lm constant_tsc arch_perfmon pebs bts rep_good nopl xtopology nonstop_tsc aperfmperf eagerfpu pni pclmulqdq dtes64 monitor ds_cpl vmx est tm2 ssse3 sdbg fma cx16 xtpr pdcm pcid sse4_1 sse4_2 x2apic movbe popcnt tsc_deadline_timer aes xsave avx f16c rdrand lahf_lm abm 3dnowprefetch ida arat epb pln pts dtherm hwp hwp_notify hwp_act_window hwp_epp intel_pt tpr_shadow vnmi flexpriority ept vpid fsgsbase tsc_adjust bmi1 avx2 smep bmi2 erms invpcid mpx rdseed adx smap clflushopt xsaveopt xsavec xgetbv1
bugs		:
bogomips	: 4799.88
clflush size	: 64
cache_alignment	: 64
address sizes	: 39 bits physical, 48 bits virtual
power management:

processor	: 1
vendor_id	: GenuineIntel
cpu family	: 6
model		: 78
model name	: Intel(R) Core(TM) i5-6200U CPU @ 2.30GHz
stepping	: 3
microcode	: 0x33
cpu MHz		: 2784.281
cache size	: 3072 KB
physical id	: 0
siblings	: 4
core id		: 1
cpu cores	: 2
apicid		: 2
initial apicid	: 2
fpu		: yes
fpu_exception	: yes
cpuid level	: 22
wp		: yes
flags		: fpu vme de pse tsc msr pae mce cx8 apic sep mtrr pge mca cmov pat pse36 clflush dts acpi mmx fxsr sse sse2 ss ht tm pbe syscall nx pdpe1gb rdtscp lm constant_tsc arch_perfmon pebs bts rep_good nopl xtopology nonstop_tsc aperfmperf eagerfpu pni pclmulqdq dtes64 monitor ds_cpl vmx est tm2 ssse3 sdbg fma cx16 xtpr pdcm pcid sse4_1 sse4_2 x2apic movbe popcnt tsc_deadline_timer aes xsave avx f16c rdrand lahf_lm abm 3dnowprefetch ida arat epb pln pts dtherm hwp hwp_notify hwp_act_window hwp_epp intel_pt tpr_shadow vnmi flexpriority ept vpid fsgsbase tsc_adjust bmi1 avx2 smep bmi2 erms invpcid mpx rdseed adx smap clflushopt xsaveopt xsavec xgetbv1
bugs		:
bogomips	: 4799.88
clflush size	: 64
cache_alignment	: 64
address sizes	: 39 bits physical, 48 bits virtual
power management:

processor	: 2
vendor_id	: GenuineIntel
cpu family	: 6
model		: 78
model name	: Intel(R) Core(TM) i5-6200U CPU @ 2.30GHz
stepping	: 3
microcode	: 0x33
cpu MHz		: 2699.906
cache size	: 3072 KB
physical id	: 0
siblings	: 4
core id		: 0
cpu cores	: 2
apicid		: 1
initial apicid	: 1
fpu		: yes
fpu_exception	: yes
cpuid level	: 22
wp		: yes
flags		: fpu vme de pse tsc msr pae mce cx8 apic sep mtrr pge mca cmov pat pse36 clflush dts acpi mmx fxsr sse sse2 ss ht tm pbe syscall nx pdpe1gb rdtscp lm constant_tsc arch_perfmon pebs bts rep_good nopl xtopology nonstop_tsc aperfmperf eagerfpu pni pclmulqdq dtes64 monitor ds_cpl vmx est tm2 ssse3 sdbg fma cx16 xtpr pdcm pcid sse4_1 sse4_2 x2apic movbe popcnt tsc_deadline_timer aes xsave avx f16c rdrand lahf_lm abm 3dnowprefetch ida arat epb pln pts dtherm hwp hwp_notify hwp_act_window hwp_epp intel_pt tpr_shadow vnmi flexpriority ept vpid fsgsbase tsc_adjust bmi1 avx2 smep bmi2 erms invpcid mpx rdseed adx smap clflushopt xsaveopt xsavec xgetbv1
bugs		:
bogomips	: 4799.88
clflush size	: 64
cache_alignment	: 64
address sizes	: 39 bits physical, 48 bits virtual
power management:

processor	: 3
vendor_id	: GenuineIntel
cpu family	: 6
model		: 78
model name	: Intel(R) Core(TM) i5-6200U CPU @ 2.30GHz
stepping	: 3
microcode	: 0x33
cpu MHz		: 2778.656
cache size	: 3072 KB
physical id	: 0
siblings	: 4
core id		: 1
cpu cores	: 2
apicid		: 3
initial apicid	: 3
fpu		: yes
fpu_exception	: yes
cpuid level	: 22
wp		: yes
flags		: fpu vme de pse tsc msr pae mce cx8 apic sep mtrr pge mca cmov pat pse36 clflush dts acpi mmx fxsr sse sse2 ss ht tm pbe syscall nx pdpe1gb rdtscp lm constant_tsc arch_perfmon pebs bts rep_good nopl xtopology nonstop_tsc aperfmperf eagerfpu pni pclmulqdq dtes64 monitor ds_cpl vmx est tm2 ssse3 sdbg fma cx16 xtpr pdcm pcid sse4_1 sse4_2 x2apic movbe popcnt tsc_deadline_timer aes xsave avx f16c rdrand lahf_lm abm 3dnowprefetch ida arat epb pln pts dtherm hwp hwp_notify hwp_act_window hwp_epp intel_pt tpr_shadow vnmi flexpriority ept vpid fsgsbase tsc_adjust bmi1 avx2 smep bmi2 erms invpcid mpx rdseed adx smap clflushopt xsaveopt xsavec xgetbv1
bugs		:
bogomips	: 4799.88
clflush size	: 64
cache_alignment	: 64
address sizes	: 39 bits physical, 48 bits virtual
power management:



Memory: 4k page, physical 8062264k(102996k free), swap 0k(0k free)

vm_info: Java HotSpot(TM) 64-Bit Server VM (24.80-b11) for linux-amd64 JRE (1.7.0_80-b15), built on Apr 10 2015 19:53:14 by "java_re" with gcc 4.3.0 20080428 (Red Hat 4.3.0-8)

time: Sat Mar 12 19:29:49 2016
elapsed time: 86 seconds

