#
# There is insufficient memory for the Java Runtime Environment to continue.
# Native memory allocation (malloc) failed to allocate 361234432 bytes for committing reserved memory.
# Possible reasons:
#   The system is out of physical RAM or swap space
#   In 32 bit mode, the process size limit was hit
# Possible solutions:
#   Reduce memory load on the system
#   Increase physical memory or swap space
#   Check if swap backing store is full
#   Use 64 bit Java on a 64 bit OS
#   Decrease Java heap size (-Xmx/-Xms)
#   Decrease number of Java threads
#   Decrease Java thread stack sizes (-Xss)
#   Set larger code cache with -XX:ReservedCodeCacheSize=
# This output file may be truncated or incomplete.
#
#  Out of Memory Error (os_linux.cpp:2756), pid=302, tid=139730238781184
#
# JRE version: Java(TM) SE Runtime Environment (7.0_80-b15) (build 1.7.0_80-b15)
# Java VM: Java HotSpot(TM) 64-Bit Server VM (24.80-b11 mixed mode linux-amd64 compressed oops)
# Failed to write core dump. Core dumps have been disabled. To enable core dumping, try "ulimit -c unlimited" before starting Java again
#

---------------  T H R E A D  ---------------

Current thread (0x00007f1584069800):  VMThread [stack: 0x00007f157b2f3000,0x00007f157b3f4000] [id=308]

Stack: [0x00007f157b2f3000,0x00007f157b3f4000],  sp=0x00007f157b3f22a0,  free space=1020k
Native frames: (J=compiled Java code, j=interpreted, Vv=VM code, C=native code)
V  [libjvm.so+0x9a320a]  VMError::report_and_die()+0x2ea
V  [libjvm.so+0x498d3b]  report_vm_out_of_memory(char const*, int, unsigned long, char const*)+0x9b
V  [libjvm.so+0x82191e]  os::Linux::commit_memory_impl(char*, unsigned long, bool)+0xfe
V  [libjvm.so+0x821e69]  os::pd_commit_memory(char*, unsigned long, unsigned long, bool)+0x29
V  [libjvm.so+0x81bb6a]  os::commit_memory(char*, unsigned long, unsigned long, bool)+0x2a
V  [libjvm.so+0x88d623]  PSVirtualSpace::expand_by(unsigned long)+0x53
V  [libjvm.so+0x87ca80]  PSOldGen::expand(unsigned long)+0x170
V  [libjvm.so+0x87cc8b]  PSOldGen::resize(unsigned long)+0x1cb
V  [libjvm.so+0x885951]  PSParallelCompact::invoke_no_policy(bool)+0x9b1
V  [libjvm.so+0x88b8cd]  PSScavenge::invoke()+0x1ad
V  [libjvm.so+0x843f40]  ParallelScavengeHeap::failed_mem_allocate(unsigned long)+0x70
V  [libjvm.so+0x9a4a97]  VM_ParallelGCFailedAllocation::doit()+0x97
V  [libjvm.so+0x9abf35]  VM_Operation::evaluate()+0x55
V  [libjvm.so+0x9aa2fa]  VMThread::evaluate_operation(VM_Operation*)+0xba
V  [libjvm.so+0x9aa67e]  VMThread::loop()+0x1ce
V  [libjvm.so+0x9aaaf0]  VMThread::run()+0x70
V  [libjvm.so+0x8238c8]  java_start(Thread*)+0x108

VM_Operation (0x00007f1578a05160): ParallelGCFailedAllocation, mode: safepoint, requested by thread 0x00007f15841e3000


---------------  P R O C E S S  ---------------

Java Threads: ( => current thread )
  0x00007f1584009800 JavaThread "DestroyJavaVM" [_thread_blocked, id=303, stack(0x00007f158b311000,0x00007f158b412000)]
  0x00007f15340a0800 JavaThread "TimerQueue" daemon [_thread_blocked, id=321, stack(0x00007f1573607000,0x00007f1573708000)]
  0x00007f15841e3000 JavaThread "AWT-EventQueue-0" [_thread_blocked, id=319, stack(0x00007f1578908000,0x00007f1578a09000)]
  0x00007f15841bf000 JavaThread "AWT-Shutdown" [_thread_blocked, id=318, stack(0x00007f1578a09000,0x00007f1578b0a000)]
  0x00007f1584196800 JavaThread "AWT-XAWT" daemon [_thread_blocked, id=317, stack(0x00007f1578b0a000,0x00007f1578c0b000)]
  0x00007f1584173000 JavaThread "Java2D Disposer" daemon [_thread_blocked, id=316, stack(0x00007f157901b000,0x00007f157911c000)]
  0x00007f1584099800 JavaThread "Service Thread" daemon [_thread_blocked, id=314, stack(0x00007f157a8f3000,0x00007f157a9f4000)]
  0x00007f1584097000 JavaThread "C2 CompilerThread1" daemon [_thread_blocked, id=313, stack(0x00007f157a9f4000,0x00007f157aaf5000)]
  0x00007f1584094000 JavaThread "C2 CompilerThread0" daemon [_thread_blocked, id=312, stack(0x00007f157aaf5000,0x00007f157abf6000)]
  0x00007f1584092000 JavaThread "Signal Dispatcher" daemon [_thread_blocked, id=311, stack(0x00007f157abf6000,0x00007f157acf7000)]
  0x00007f1584070000 JavaThread "Finalizer" daemon [_thread_blocked, id=310, stack(0x00007f157b0f1000,0x00007f157b1f2000)]
  0x00007f158406e000 JavaThread "Reference Handler" daemon [_thread_blocked, id=309, stack(0x00007f157b1f2000,0x00007f157b2f3000)]

Other Threads:
=>0x00007f1584069800 VMThread [stack: 0x00007f157b2f3000,0x00007f157b3f4000] [id=308]
  0x00007f15840a4000 WatcherThread [stack: 0x00007f157a7f2000,0x00007f157a8f3000] [id=315]

VM state:at safepoint (normal execution)

VM Mutex/Monitor currently owned by a thread:  ([mutex/lock_event])
[0x00007f15840058f0] ExpandHeap_lock - owner thread: 0x00007f1584069800
[0x00007f1584005f70] Threads_lock - owner thread: 0x00007f1584069800
[0x00007f1584006470] Heap_lock - owner thread: 0x00007f15841e3000

Heap
 PSYoungGen      total 466432K, used 40222K [0x00000007d5500000, 0x0000000800000000, 0x0000000800000000)
  eden space 233472K, 0% used [0x00000007d5500000,0x00000007d5500000,0x00000007e3900000)
  from space 232960K, 17% used [0x00000007e3900000,0x00000007e6047b88,0x00000007f1c80000)
  to   space 232960K, 0% used [0x00000007f1c80000,0x00000007f1c80000,0x0000000800000000)
 ParOldGen       total 1016320K, used 1016117K [0x0000000780000000, 0x00000007be080000, 0x00000007d5500000)
  object space 1016320K, 99% used [0x0000000780000000,0x00000007be04d4b8,0x00000007be080000)
 PSPermGen       total 23040K, used 12467K [0x000000077ae00000, 0x000000077c480000, 0x0000000780000000)
  object space 23040K, 54% used [0x000000077ae00000,0x000000077ba2cc98,0x000000077c480000)

Card table byte_map: [0x00007f15881da000,0x00007f1588604000] byte_map_base: 0x00007f1584603000

Polling page: 0x00007f158b434000

Code Cache  [0x00007f1581000000, 0x00007f1581270000, 0x00007f1584000000)
 total_blobs=1041 nmethods=557 adapters=437 free_code_cache=47397Kb largest_free_block=48475520

Compilation events (10 events):
Event: 413,654 Thread 0x00007f1584097000 nmethod 610% 0x00007f15811bf2d0 code [0x00007f15811bf4a0, 0x00007f15811c0598]
Event: 414,221 Thread 0x00007f1584094000  611 %           javax.swing.text.GapContent::findSortIndex @ 50 (128 bytes)
Event: 414,227 Thread 0x00007f1584094000 nmethod 611% 0x00007f15811afb10 code [0x00007f15811afc80, 0x00007f15811b0158]
Event: 414,227 Thread 0x00007f1584097000  612             javax.swing.text.GapContent::findSortIndex (128 bytes)
Event: 414,232 Thread 0x00007f1584097000 nmethod 612 0x00007f1581172a50 code [0x00007f1581172bc0, 0x00007f1581172ef8]
Event: 414,235 Thread 0x00007f1584094000  613             javax.swing.text.GapContent::createPosition (188 bytes)
Event: 414,263 Thread 0x00007f1584094000 nmethod 613 0x00007f15811c3790 code [0x00007f15811c39a0, 0x00007f15811c4828]
Event: 508,908 Thread 0x00007f1584097000  614             java.awt.Container::getMouseEventTarget (50 bytes)
Event: 508,909 Thread 0x00007f1584097000 nmethod 614 0x00007f1581172750 code [0x00007f15811728a0, 0x00007f1581172968]
Event: 511,682 Thread 0x00007f1584094000  615             java.util.TimSort::mergeHi (719 bytes)

GC Heap History (10 events):
Event: 35,821 GC heap after
Heap after GC invocations=36 (full 5):
 PSYoungGen      total 334336K, used 89664K [0x00000007d5500000, 0x00000007fe180000, 0x0000000800000000)
  eden space 244224K, 0% used [0x00000007d5500000,0x00000007d5500000,0x00000007e4380000)
  from space 90112K, 99% used [0x00000007e4380000,0x00000007e9b101d0,0x00000007e9b80000)
  to   space 208896K, 0% used [0x00000007f1580000,0x00000007f1580000,0x00000007fe180000)
 ParOldGen       total 1016320K, used 884371K [0x0000000780000000, 0x00000007be080000, 0x00000007d5500000)
  object space 1016320K, 87% used [0x0000000780000000,0x00000007b5fa4c78,0x00000007be080000)
 PSPermGen       total 23040K, used 11522K [0x000000077ae00000, 0x000000077c480000, 0x0000000780000000)
  object space 23040K, 50% used [0x000000077ae00000,0x000000077b9409c0,0x000000077c480000)
}
Event: 36,208 GC heap before
{Heap before GC invocations=37 (full 5):
 PSYoungGen      total 334336K, used 333888K [0x00000007d5500000, 0x00000007fe180000, 0x0000000800000000)
  eden space 244224K, 100% used [0x00000007d5500000,0x00000007e4380000,0x00000007e4380000)
  from space 90112K, 99% used [0x00000007e4380000,0x00000007e9b101d0,0x00000007e9b80000)
  to   space 208896K, 0% used [0x00000007f1580000,0x00000007f1580000,0x00000007fe180000)
 ParOldGen       total 1016320K, used 884371K [0x0000000780000000, 0x00000007be080000, 0x00000007d5500000)
  object space 1016320K, 87% used [0x0000000780000000,0x00000007b5fa4c78,0x00000007be080000)
 PSPermGen       total 23040K, used 11522K [0x000000077ae00000, 0x000000077c480000, 0x0000000780000000)
  object space 23040K, 50% used [0x000000077ae00000,0x000000077b9409c0,0x000000077c480000)
Event: 36,395 GC heap after
Heap after GC invocations=37 (full 5):
 PSYoungGen      total 457216K, used 119924K [0x00000007d5500000, 0x00000007ffa80000, 0x0000000800000000)
  eden space 248320K, 0% used [0x00000007d5500000,0x00000007d5500000,0x00000007e4780000)
  from space 208896K, 57% used [0x00000007f1580000,0x00000007f8a9d140,0x00000007fe180000)
  to   space 210944K, 0% used [0x00000007e4780000,0x00000007e4780000,0x00000007f1580000)
 ParOldGen       total 1016320K, used 884371K [0x0000000780000000, 0x00000007be080000, 0x00000007d5500000)
  object space 1016320K, 87% used [0x0000000780000000,0x00000007b5fa4c78,0x00000007be080000)
 PSPermGen       total 23040K, used 11522K [0x000000077ae00000, 0x000000077c480000, 0x0000000780000000)
  object space 23040K, 50% used [0x000000077ae00000,0x000000077b9409c0,0x000000077c480000)
}
Event: 36,816 GC heap before
{Heap before GC invocations=38 (full 5):
 PSYoungGen      total 457216K, used 368244K [0x00000007d5500000, 0x00000007ffa80000, 0x0000000800000000)
  eden space 248320K, 100% used [0x00000007d5500000,0x00000007e4780000,0x00000007e4780000)
  from space 208896K, 57% used [0x00000007f1580000,0x00000007f8a9d140,0x00000007fe180000)
  to   space 210944K, 0% used [0x00000007e4780000,0x00000007e4780000,0x00000007f1580000)
 ParOldGen       total 1016320K, used 884371K [0x0000000780000000, 0x00000007be080000, 0x00000007d5500000)
  object space 1016320K, 87% used [0x0000000780000000,0x00000007b5fa4c78,0x00000007be080000)
 PSPermGen       total 23040K, used 11522K [0x000000077ae00000, 0x000000077c480000, 0x0000000780000000)
  object space 23040K, 50% used [0x000000077ae00000,0x000000077b940ac0,0x000000077c480000)
Event: 37,037 GC heap after
Heap after GC invocations=38 (full 5):
 PSYoungGen      total 459264K, used 152528K [0x00000007d5500000, 0x0000000800000000, 0x0000000800000000)
  eden space 248320K, 0% used [0x00000007d5500000,0x00000007d5500000,0x00000007e4780000)
  from space 210944K, 72% used [0x00000007e4780000,0x00000007edc743c0,0x00000007f1580000)
  to   space 223232K, 0% used [0x00000007f2600000,0x00000007f2600000,0x0000000800000000)
 ParOldGen       total 1016320K, used 884371K [0x0000000780000000, 0x00000007be080000, 0x00000007d5500000)
  object space 1016320K, 87% used [0x0000000780000000,0x00000007b5fa4c78,0x00000007be080000)
 PSPermGen       total 23040K, used 11522K [0x000000077ae00000, 0x000000077c480000, 0x0000000780000000)
  object space 23040K, 50% used [0x000000077ae00000,0x000000077b940ac0,0x000000077c480000)
}
Event: 130,338 GC heap before
{Heap before GC invocations=39 (full 5):
 PSYoungGen      total 459264K, used 400848K [0x00000007d5500000, 0x0000000800000000, 0x0000000800000000)
  eden space 248320K, 100% used [0x00000007d5500000,0x00000007e4780000,0x00000007e4780000)
  from space 210944K, 72% used [0x00000007e4780000,0x00000007edc743c0,0x00000007f1580000)
  to   space 223232K, 0% used [0x00000007f2600000,0x00000007f2600000,0x0000000800000000)
 ParOldGen       total 1016320K, used 884371K [0x0000000780000000, 0x00000007be080000, 0x00000007d5500000)
  object space 1016320K, 87% used [0x0000000780000000,0x00000007b5fa4c78,0x00000007be080000)
 PSPermGen       total 23040K, used 12123K [0x000000077ae00000, 0x000000077c480000, 0x0000000780000000)
  object space 23040K, 52% used [0x000000077ae00000,0x000000077b9d6ef8,0x000000077c480000)
Event: 130,592 GC heap after
Heap after GC invocations=39 (full 5):
 PSYoungGen      total 456704K, used 181108K [0x00000007d5500000, 0x0000000800000000, 0x0000000800000000)
  eden space 233472K, 0% used [0x00000007d5500000,0x00000007d5500000,0x00000007e3900000)
  from space 223232K, 81% used [0x00000007f2600000,0x00000007fd6dd3d0,0x0000000800000000)
  to   space 232960K, 0% used [0x00000007e3900000,0x00000007e3900000,0x00000007f1c80000)
 ParOldGen       total 1016320K, used 884371K [0x0000000780000000, 0x00000007be080000, 0x00000007d5500000)
  object space 1016320K, 87% used [0x0000000780000000,0x00000007b5fa4c78,0x00000007be080000)
 PSPermGen       total 23040K, used 12123K [0x000000077ae00000, 0x000000077c480000, 0x0000000780000000)
  object space 23040K, 52% used [0x000000077ae00000,0x000000077b9d6ef8,0x000000077c480000)
}
Event: 511,691 GC heap before
{Heap before GC invocations=40 (full 5):
 PSYoungGen      total 456704K, used 414580K [0x00000007d5500000, 0x0000000800000000, 0x0000000800000000)
  eden space 233472K, 100% used [0x00000007d5500000,0x00000007e3900000,0x00000007e3900000)
  from space 223232K, 81% used [0x00000007f2600000,0x00000007fd6dd3d0,0x0000000800000000)
  to   space 232960K, 0% used [0x00000007e3900000,0x00000007e3900000,0x00000007f1c80000)
 ParOldGen       total 1016320K, used 884371K [0x0000000780000000, 0x00000007be080000, 0x00000007d5500000)
  object space 1016320K, 87% used [0x0000000780000000,0x00000007b5fa4c78,0x00000007be080000)
 PSPermGen       total 23040K, used 12468K [0x000000077ae00000, 0x000000077c480000, 0x0000000780000000)
  object space 23040K, 54% used [0x000000077ae00000,0x000000077ba2d0f8,0x000000077c480000)
Event: 512,070 GC heap after
Heap after GC invocations=40 (full 5):
 PSYoungGen      total 466432K, used 124332K [0x00000007d5500000, 0x0000000800000000, 0x0000000800000000)
  eden space 233472K, 0% used [0x00000007d5500000,0x00000007d5500000,0x00000007e3900000)
  from space 232960K, 53% used [0x00000007e3900000,0x00000007eb26b3f8,0x00000007f1c80000)
  to   space 232960K, 0% used [0x00000007f1c80000,0x00000007f1c80000,0x0000000800000000)
 ParOldGen       total 1016320K, used 941568K [0x0000000780000000, 0x00000007be080000, 0x00000007d5500000)
  object space 1016320K, 92% used [0x0000000780000000,0x00000007b9780298,0x00000007be080000)
 PSPermGen       total 23040K, used 12468K [0x000000077ae00000, 0x000000077c480000, 0x0000000780000000)
  object space 23040K, 54% used [0x000000077ae00000,0x000000077ba2d0f8,0x000000077c480000)
}
Event: 512,070 GC heap before
{Heap before GC invocations=41 (full 6):
 PSYoungGen      total 466432K, used 124332K [0x00000007d5500000, 0x0000000800000000, 0x0000000800000000)
  eden space 233472K, 0% used [0x00000007d5500000,0x00000007d5500000,0x00000007e3900000)
  from space 232960K, 53% used [0x00000007e3900000,0x00000007eb26b3f8,0x00000007f1c80000)
  to   space 232960K, 0% used [0x00000007f1c80000,0x00000007f1c80000,0x0000000800000000)
 ParOldGen       total 1016320K, used 941568K [0x0000000780000000, 0x00000007be080000, 0x00000007d5500000)
  object space 1016320K, 92% used [0x0000000780000000,0x00000007b9780298,0x00000007be080000)
 PSPermGen       total 23040K, used 12468K [0x000000077ae00000, 0x000000077c480000, 0x0000000780000000)
  object space 23040K, 54% used [0x000000077ae00000,0x000000077ba2d0f8,0x000000077c480000)

Deoptimization events (10 events):
Event: 304,427 Thread 0x00007f15841e3000 Uncommon trap: reason=unstable_if action=reinterpret pc=0x00007f15810bf520 method=java.nio.charset.Charset.lookup(Ljava/lang/String;)Ljava/nio/charset/Charset; @ 29
Event: 304,427 Thread 0x00007f15841e3000 Uncommon trap: reason=unstable_if action=reinterpret pc=0x00007f15810bd5a8 method=java.lang.Integer.valueOf(I)Ljava/lang/Integer; @ 25
Event: 304,427 Thread 0x00007f15841e3000 Uncommon trap: reason=unstable_if action=reinterpret pc=0x00007f15810e69d4 method=java.util.HashMap.put(Ljava/lang/Object;Ljava/lang/Object;)Ljava/lang/Object; @ 19
Event: 304,428 Thread 0x00007f15841e3000 Uncommon trap: reason=unstable_if action=reinterpret pc=0x00007f1581166ee0 method=java.util.ArrayList.grow(I)V @ 15
Event: 304,428 Thread 0x00007f15841e3000 Uncommon trap: reason=unstable_if action=reinterpret pc=0x00007f1581170434 method=java.util.ArrayList.grow(I)V @ 15
Event: 304,431 Thread 0x00007f15841e3000 Uncommon trap: reason=unstable_if action=reinterpret pc=0x00007f1581181900 method=javax.swing.text.GapContent.findSortIndex(Ljavax/swing/text/GapContent$MarkData;)I @ 115
Event: 304,431 Thread 0x00007f15841e3000 Uncommon trap: reason=unstable_if action=reinterpret pc=0x00007f1581169940 method=javax.swing.text.GapContent.findSortIndex(Ljavax/swing/text/GapContent$MarkData;)I @ 115
Event: 413,619 Thread 0x00007f15841e3000 Uncommon trap: reason=unstable_if action=reinterpret pc=0x00007f1581132a50 method=java.util.TimSort.mergeHi(IIII)V @ 572
Event: 414,111 Thread 0x00007f15841e3000 Uncommon trap: reason=unstable_if action=reinterpret pc=0x00007f15810b2054 method=sun.misc.FormattedFloatingDecimal.checkExponent(I)I @ 21
Event: 511,684 Thread 0x00007f15841e3000 Uncommon trap: reason=unstable_if action=reinterpret pc=0x00007f1581109f04 method=sun.misc.FormattedFloatingDecimal.checkExponent(I)I @ 21

Internal exceptions (10 events):
Event: 49,701 Thread 0x00007f15841e3000 Threw 0x00000007dfa36f20 at /HUDSON/workspace/7u-2-build-linux-amd64/jdk7u80/2329/hotspot/src/share/vm/prims/jni.cpp:717
Event: 49,701 Thread 0x00007f15841e3000 Threw 0x00000007dfa37450 at /HUDSON/workspace/7u-2-build-linux-amd64/jdk7u80/2329/hotspot/src/share/vm/interpreter/linkResolver.cpp:892
Event: 57,622 Thread 0x00007f15841e3000 Threw 0x00000007dfb16118 at /HUDSON/workspace/7u-2-build-linux-amd64/jdk7u80/2329/hotspot/src/share/vm/prims/jvm.cpp:1319
Event: 57,658 Thread 0x00007f15841e3000 Threw 0x00000007dfba2b90 at /HUDSON/workspace/7u-2-build-linux-amd64/jdk7u80/2329/hotspot/src/share/vm/prims/jni.cpp:717
Event: 57,658 Thread 0x00007f15841e3000 Threw 0x00000007dfba3088 at /HUDSON/workspace/7u-2-build-linux-amd64/jdk7u80/2329/hotspot/src/share/vm/interpreter/linkResolver.cpp:892
Event: 130,594 Thread 0x00007f1584070000 Implicit null exception at 0x00007f15810c0dba to 0x00007f15810c0ef5
Event: 141,024 Thread 0x00007f15841e3000 Implicit null exception at 0x00007f1581125786 to 0x00007f15811257c7
Event: 141,611 Thread 0x00007f15841e3000 Implicit null exception at 0x00007f1581168a90 to 0x00007f1581168ac1
Event: 192,745 Thread 0x00007f15841e3000 Implicit null exception at 0x00007f158119067c to 0x00007f1581190924
Event: 304,427 Thread 0x00007f15841e3000 Implicit null exception at 0x00007f15810e6291 to 0x00007f15810e69bd

Events (10 events):
Event: 413,619 Thread 0x00007f15841e3000 DEOPT UNPACKING pc=0x00007f1581039445 sp=0x00007f1578a05150 mode 2
Event: 414,111 Thread 0x00007f15841e3000 Uncommon trap: trap_request=0xffffff75 fr.pc=0x00007f15810b2054
Event: 414,111 Thread 0x00007f15841e3000 DEOPT PACKING pc=0x00007f15810b2054 sp=0x00007f1578a05400
Event: 414,111 Thread 0x00007f15841e3000 DEOPT UNPACKING pc=0x00007f1581039445 sp=0x00007f1578a05340 mode 2
Event: 414,233 Thread 0x00007f1584097000 flushing nmethod 0x00007f15810b7bd0
Event: 414,263 Thread 0x00007f1584094000 flushing nmethod 0x00007f15810c0c10
Event: 511,684 Thread 0x00007f15841e3000 Uncommon trap: trap_request=0xffffff75 fr.pc=0x00007f1581109f04
Event: 511,684 Thread 0x00007f15841e3000 DEOPT PACKING pc=0x00007f1581109f04 sp=0x00007f1578a051e0
Event: 511,684 Thread 0x00007f15841e3000 DEOPT UNPACKING pc=0x00007f1581039445 sp=0x00007f1578a051a8 mode 2
Event: 511,691 Executing VM operation: ParallelGCFailedAllocation


Dynamic libraries:
00400000-00401000 r-xp 00000000 08:02 538188                             /usr/lib/jvm/java-7-oracle/jre/bin/java
00600000-00601000 rw-p 00000000 08:02 538188                             /usr/lib/jvm/java-7-oracle/jre/bin/java
01df2000-01e13000 rw-p 00000000 00:00 0                                  [heap]
77ae00000-77c480000 rw-p 00000000 00:00 0 
77c480000-77c780000 ---p 00000000 00:00 0 
77c780000-780000000 rw-p 00000000 00:00 0 
780000000-7be080000 rw-p 00000000 00:00 0 
7d3900000-7d5500000 rw-p 00000000 00:00 0 
7d5500000-800000000 rw-p 00000000 00:00 0 
7f1528000000-7f1528021000 rw-p 00000000 00:00 0 
7f1528021000-7f152c000000 ---p 00000000 00:00 0 
7f152c000000-7f152c021000 rw-p 00000000 00:00 0 
7f152c021000-7f1530000000 ---p 00000000 00:00 0 
7f1530000000-7f1530021000 rw-p 00000000 00:00 0 
7f1530021000-7f1534000000 ---p 00000000 00:00 0 
7f1534000000-7f15341a3000 rw-p 00000000 00:00 0 
7f15341a3000-7f1538000000 ---p 00000000 00:00 0 
7f1538000000-7f1538021000 rw-p 00000000 00:00 0 
7f1538021000-7f153c000000 ---p 00000000 00:00 0 
7f153c000000-7f153c028000 rw-p 00000000 00:00 0 
7f153c028000-7f1540000000 ---p 00000000 00:00 0 
7f1540000000-7f1540021000 rw-p 00000000 00:00 0 
7f1540021000-7f1544000000 ---p 00000000 00:00 0 
7f1544000000-7f1544021000 rw-p 00000000 00:00 0 
7f1544021000-7f1548000000 ---p 00000000 00:00 0 
7f1548000000-7f154895b000 rw-p 00000000 00:00 0 
7f154895b000-7f154c000000 ---p 00000000 00:00 0 
7f154c000000-7f154cbb9000 rw-p 00000000 00:00 0 
7f154cbb9000-7f1550000000 ---p 00000000 00:00 0 
7f1550000000-7f1550021000 rw-p 00000000 00:00 0 
7f1550021000-7f1554000000 ---p 00000000 00:00 0 
7f1554000000-7f1554021000 rw-p 00000000 00:00 0 
7f1554021000-7f1558000000 ---p 00000000 00:00 0 
7f1558000000-7f1558021000 rw-p 00000000 00:00 0 
7f1558021000-7f155c000000 ---p 00000000 00:00 0 
7f155fd70000-7f1564000000 rw-p 00000000 00:00 0 
7f1564000000-7f1564021000 rw-p 00000000 00:00 0 
7f1564021000-7f1568000000 ---p 00000000 00:00 0 
7f1568000000-7f15680ea000 rw-p 00000000 00:00 0 
7f15680ea000-7f156c000000 ---p 00000000 00:00 0 
7f156c000000-7f156c022000 rw-p 00000000 00:00 0 
7f156c022000-7f1570000000 ---p 00000000 00:00 0 
7f1572db9000-7f1572dba000 r--s 00000000 08:02 96748                      /var/cache/fontconfig/c05880de57d1f5e948fdfacc138775d9-le64.cache-4
7f1572dba000-7f1572dc5000 r--s 00000000 08:02 96741                      /var/cache/fontconfig/945677eb7aeaf62f1d50efc3fb3ec7d8-le64.cache-4
7f1572dc5000-7f1572dc7000 r--s 00000000 08:02 96743                      /var/cache/fontconfig/99e8ed0e538f840c565b6ed5dad60d56-le64.cache-4
7f1572dc7000-7f1572dcd000 r--s 00000000 08:02 96726                      /var/cache/fontconfig/2cd17615ca594fa2959ae173292e504c-le64.cache-4
7f1572dcd000-7f1572dd4000 r--s 00000000 08:02 96745                      /var/cache/fontconfig/a755afe4a08bf5b97852ceb7400b47bc-le64.cache-4
7f1572dd4000-7f1572de0000 r--s 00000000 08:02 96736                      /var/cache/fontconfig/6d41288fd70b0be22e8c3a91e032eec0-le64.cache-4
7f1572de0000-7f1572deb000 r--s 00000000 08:02 99811                      /var/cache/fontconfig/a6354e3ac43af67bd8d7b8e43c34e49f-le64.cache-4
7f1572deb000-7f1572dff000 r--s 00000000 08:02 96720                      /var/cache/fontconfig/04aabc0a78ac019cf9454389977116d2-le64.cache-4
7f1572dff000-7f1572e11000 r--s 00000000 08:02 96721                      /var/cache/fontconfig/0bd3dc0958fa2205aaaa8ebb13e2872b-le64.cache-4
7f157349a000-7f1573607000 rw-p 00000000 00:00 0 
7f1573607000-7f157360a000 ---p 00000000 00:00 0 
7f157360a000-7f1573708000 rw-p 00000000 00:00 0                          [stack:321]
7f15737ee000-7f1573959000 rw-s 00000000 00:05 44204049                   /SYSV00000000 (deleted)
7f1573959000-7f15739c2000 r-xp 00000000 08:02 537526                     /usr/lib/jvm/java-7-oracle/jre/lib/amd64/libt2k.so
7f15739c2000-7f1573bc1000 ---p 00069000 08:02 537526                     /usr/lib/jvm/java-7-oracle/jre/lib/amd64/libt2k.so
7f1573bc1000-7f1573bc8000 rw-p 00068000 08:02 537526                     /usr/lib/jvm/java-7-oracle/jre/lib/amd64/libt2k.so
7f1573bc8000-7f1573bd8000 rw-p 00000000 00:00 0 
7f1573bd8000-7f1573be8000 r-xp 00000000 08:02 537562                     /usr/lib/jvm/java-7-oracle/jre/lib/amd64/libnio.so
7f1573be8000-7f1573de8000 ---p 00010000 08:02 537562                     /usr/lib/jvm/java-7-oracle/jre/lib/amd64/libnio.so
7f1573de8000-7f1573de9000 rw-p 00010000 08:02 537562                     /usr/lib/jvm/java-7-oracle/jre/lib/amd64/libnio.so
7f1573de9000-7f1573e00000 r-xp 00000000 08:02 537579                     /usr/lib/jvm/java-7-oracle/jre/lib/amd64/libnet.so
7f1573e00000-7f1573fff000 ---p 00017000 08:02 537579                     /usr/lib/jvm/java-7-oracle/jre/lib/amd64/libnet.so
7f1573fff000-7f1574000000 rw-p 00016000 08:02 537579                     /usr/lib/jvm/java-7-oracle/jre/lib/amd64/libnet.so
7f1574000000-7f1574021000 rw-p 00000000 00:00 0 
7f1574021000-7f1578000000 ---p 00000000 00:00 0 
7f1578000000-7f1578001000 r--s 00000000 08:02 96758                      /var/cache/fontconfig/e7071f4a29fa870f4323321c154eba04-le64.cache-4
7f1578001000-7f1578002000 r--s 00000000 08:02 96723                      /var/cache/fontconfig/0d8c3b2ac0904cb8a57a757ad11a4a08-le64.cache-4
7f1578002000-7f1578006000 r--s 00000000 08:02 96729                      /var/cache/fontconfig/385c0604a188198f04d133e54aba7fe7-le64.cache-4
7f1578006000-7f157800b000 r--s 00000000 08:02 96740                      /var/cache/fontconfig/8801497958630a81b71ace7c5f9b32a8-le64.cache-4
7f157800b000-7f1578012000 r--s 00000000 08:02 96727                      /var/cache/fontconfig/3047814df9a2f067bd2d96a2b9c36e5a-le64.cache-4
7f1578012000-7f1578018000 r--s 00000000 08:02 96746                      /var/cache/fontconfig/b47c4e1ecd0709278f4910c18777a504-le64.cache-4
7f1578018000-7f157802b000 r--s 00000000 08:02 96752                      /var/cache/fontconfig/d52a8644073d54c13679302ca1180695-le64.cache-4
7f157802b000-7f1578034000 r--s 00000000 08:02 96730                      /var/cache/fontconfig/3f7329c5293ffd510edef78f73874cfd-le64.cache-4
7f1578034000-7f157803f000 r--s 00000000 08:02 96753                      /var/cache/fontconfig/d589a48862398ed80a3d6066f4f56f4c-le64.cache-4
7f157810c000-7f157813d000 rw-p 00000000 00:00 0 
7f157813d000-7f1578153000 r-xp 00000000 08:02 1049705                    /lib/x86_64-linux-gnu/libgcc_s.so.1
7f1578153000-7f1578352000 ---p 00016000 08:02 1049705                    /lib/x86_64-linux-gnu/libgcc_s.so.1
7f1578352000-7f1578353000 rw-p 00015000 08:02 1049705                    /lib/x86_64-linux-gnu/libgcc_s.so.1
7f1578353000-7f15783b8000 r-xp 00000000 08:02 537580                     /usr/lib/jvm/java-7-oracle/jre/lib/amd64/libfontmanager.so
7f15783b8000-7f15785b7000 ---p 00065000 08:02 537580                     /usr/lib/jvm/java-7-oracle/jre/lib/amd64/libfontmanager.so
7f15785b7000-7f15785bc000 rw-p 00064000 08:02 537580                     /usr/lib/jvm/java-7-oracle/jre/lib/amd64/libfontmanager.so
7f15785bc000-7f15785cc000 rw-p 00000000 00:00 0 
7f15785cc000-7f1578606000 r-xp 00000000 08:02 537548                     /usr/lib/jvm/java-7-oracle/jre/lib/amd64/libjpeg.so
7f1578606000-7f1578806000 ---p 0003a000 08:02 537548                     /usr/lib/jvm/java-7-oracle/jre/lib/amd64/libjpeg.so
7f1578806000-7f1578807000 rw-p 0003a000 08:02 537548                     /usr/lib/jvm/java-7-oracle/jre/lib/amd64/libjpeg.so
7f1578807000-7f157880a000 ---p 00000000 00:00 0 
7f157880a000-7f1578908000 rw-p 00000000 00:00 0 
7f1578908000-7f157890b000 ---p 00000000 00:00 0 
7f157890b000-7f1578a09000 rw-p 00000000 00:00 0                          [stack:319]
7f1578a09000-7f1578a0c000 ---p 00000000 00:00 0 
7f1578a0c000-7f1578b0a000 rw-p 00000000 00:00 0                          [stack:318]
7f1578b0a000-7f1578b0d000 ---p 00000000 00:00 0 
7f1578b0d000-7f1578c0b000 rw-p 00000000 00:00 0                          [stack:317]
7f1578c0b000-7f1578c10000 r-xp 00000000 08:02 532910                     /usr/lib/x86_64-linux-gnu/libXfixes.so.3.1.0
7f1578c10000-7f1578e0f000 ---p 00005000 08:02 532910                     /usr/lib/x86_64-linux-gnu/libXfixes.so.3.1.0
7f1578e0f000-7f1578e10000 r--p 00004000 08:02 532910                     /usr/lib/x86_64-linux-gnu/libXfixes.so.3.1.0
7f1578e10000-7f1578e11000 rw-p 00005000 08:02 532910                     /usr/lib/x86_64-linux-gnu/libXfixes.so.3.1.0
7f1578e11000-7f1578e1a000 r-xp 00000000 08:02 532902                     /usr/lib/x86_64-linux-gnu/libXcursor.so.1.0.2
7f1578e1a000-7f1579019000 ---p 00009000 08:02 532902                     /usr/lib/x86_64-linux-gnu/libXcursor.so.1.0.2
7f1579019000-7f157901a000 r--p 00008000 08:02 532902                     /usr/lib/x86_64-linux-gnu/libXcursor.so.1.0.2
7f157901a000-7f157901b000 rw-p 00009000 08:02 532902                     /usr/lib/x86_64-linux-gnu/libXcursor.so.1.0.2
7f157901b000-7f157901e000 ---p 00000000 00:00 0 
7f157901e000-7f157911c000 rw-p 00000000 00:00 0                          [stack:316]
7f157911c000-7f1579121000 r-xp 00000000 08:02 532906                     /usr/lib/x86_64-linux-gnu/libXdmcp.so.6.0.0
7f1579121000-7f1579320000 ---p 00005000 08:02 532906                     /usr/lib/x86_64-linux-gnu/libXdmcp.so.6.0.0
7f1579320000-7f1579321000 r--p 00004000 08:02 532906                     /usr/lib/x86_64-linux-gnu/libXdmcp.so.6.0.0
7f1579321000-7f1579322000 rw-p 00005000 08:02 532906                     /usr/lib/x86_64-linux-gnu/libXdmcp.so.6.0.0
7f1579322000-7f1579324000 r-xp 00000000 08:02 532895                     /usr/lib/x86_64-linux-gnu/libXau.so.6.0.0
7f1579324000-7f1579524000 ---p 00002000 08:02 532895                     /usr/lib/x86_64-linux-gnu/libXau.so.6.0.0
7f1579524000-7f1579525000 r--p 00002000 08:02 532895                     /usr/lib/x86_64-linux-gnu/libXau.so.6.0.0
7f1579525000-7f1579526000 rw-p 00003000 08:02 532895                     /usr/lib/x86_64-linux-gnu/libXau.so.6.0.0
7f1579526000-7f1579543000 r-xp 00000000 08:02 534114                     /usr/lib/x86_64-linux-gnu/libxcb.so.1.1.0
7f1579543000-7f1579743000 ---p 0001d000 08:02 534114                     /usr/lib/x86_64-linux-gnu/libxcb.so.1.1.0
7f1579743000-7f1579744000 r--p 0001d000 08:02 534114                     /usr/lib/x86_64-linux-gnu/libxcb.so.1.1.0
7f1579744000-7f1579745000 rw-p 0001e000 08:02 534114                     /usr/lib/x86_64-linux-gnu/libxcb.so.1.1.0
7f1579745000-7f1579754000 r-xp 00000000 08:02 532916                     /usr/lib/x86_64-linux-gnu/libXi.so.6.1.0
7f1579754000-7f1579953000 ---p 0000f000 08:02 532916                     /usr/lib/x86_64-linux-gnu/libXi.so.6.1.0
7f1579953000-7f1579954000 r--p 0000e000 08:02 532916                     /usr/lib/x86_64-linux-gnu/libXi.so.6.1.0
7f1579954000-7f1579955000 rw-p 0000f000 08:02 532916                     /usr/lib/x86_64-linux-gnu/libXi.so.6.1.0
7f1579955000-7f157995a000 r-xp 00000000 08:02 532936                     /usr/lib/x86_64-linux-gnu/libXtst.so.6.1.0
7f157995a000-7f1579b59000 ---p 00005000 08:02 532936                     /usr/lib/x86_64-linux-gnu/libXtst.so.6.1.0
7f1579b59000-7f1579b5a000 r--p 00004000 08:02 532936                     /usr/lib/x86_64-linux-gnu/libXtst.so.6.1.0
7f1579b5a000-7f1579b5b000 rw-p 00005000 08:02 532936                     /usr/lib/x86_64-linux-gnu/libXtst.so.6.1.0
7f1579b5b000-7f1579b64000 r-xp 00000000 08:02 532930                     /usr/lib/x86_64-linux-gnu/libXrender.so.1.3.0
7f1579b64000-7f1579d63000 ---p 00009000 08:02 532930                     /usr/lib/x86_64-linux-gnu/libXrender.so.1.3.0
7f1579d63000-7f1579d64000 r--p 00008000 08:02 532930                     /usr/lib/x86_64-linux-gnu/libXrender.so.1.3.0
7f1579d64000-7f1579d65000 rw-p 00009000 08:02 532930                     /usr/lib/x86_64-linux-gnu/libXrender.so.1.3.0
7f1579d65000-7f1579e95000 r-xp 00000000 08:02 532891                     /usr/lib/x86_64-linux-gnu/libX11.so.6.3.0
7f1579e95000-7f157a095000 ---p 00130000 08:02 532891                     /usr/lib/x86_64-linux-gnu/libX11.so.6.3.0
7f157a095000-7f157a096000 r--p 00130000 08:02 532891                     /usr/lib/x86_64-linux-gnu/libX11.so.6.3.0
7f157a096000-7f157a09a000 rw-p 00131000 08:02 532891                     /usr/lib/x86_64-linux-gnu/libX11.so.6.3.0
7f157a09a000-7f157a0ab000 r-xp 00000000 08:02 532908                     /usr/lib/x86_64-linux-gnu/libXext.so.6.4.0
7f157a0ab000-7f157a2aa000 ---p 00011000 08:02 532908                     /usr/lib/x86_64-linux-gnu/libXext.so.6.4.0
7f157a2aa000-7f157a2ab000 r--p 00010000 08:02 532908                     /usr/lib/x86_64-linux-gnu/libXext.so.6.4.0
7f157a2ab000-7f157a2ac000 rw-p 00011000 08:02 532908                     /usr/lib/x86_64-linux-gnu/libXext.so.6.4.0
7f157a2ac000-7f157a2ad000 r--s 00000000 08:02 96725                      /var/cache/fontconfig/1ac9eb803944fde146138c791f5cc56a-le64.cache-4
7f157a2ad000-7f157a2af000 r--s 00000000 08:02 96738                      /var/cache/fontconfig/767a8244fc0220cfb567a839d0392e0b-le64.cache-4
7f157a2cb000-7f157a31b000 r-xp 00000000 08:02 537583                     /usr/lib/jvm/java-7-oracle/jre/lib/amd64/xawt/libmawt.so
7f157a31b000-7f157a51b000 ---p 00050000 08:02 537583                     /usr/lib/jvm/java-7-oracle/jre/lib/amd64/xawt/libmawt.so
7f157a51b000-7f157a51f000 rw-p 00050000 08:02 537583                     /usr/lib/jvm/java-7-oracle/jre/lib/amd64/xawt/libmawt.so
7f157a51f000-7f157a520000 rw-p 00000000 00:00 0 
7f157a520000-7f157a5c2000 r-xp 00000000 08:02 537543                     /usr/lib/jvm/java-7-oracle/jre/lib/amd64/libawt.so
7f157a5c2000-7f157a7c2000 ---p 000a2000 08:02 537543                     /usr/lib/jvm/java-7-oracle/jre/lib/amd64/libawt.so
7f157a7c2000-7f157a7ce000 rw-p 000a2000 08:02 537543                     /usr/lib/jvm/java-7-oracle/jre/lib/amd64/libawt.so
7f157a7ce000-7f157a7f2000 rw-p 00000000 00:00 0 
7f157a7f2000-7f157a7f3000 ---p 00000000 00:00 0 
7f157a7f3000-7f157a8f3000 rw-p 00000000 00:00 0                          [stack:315]
7f157a8f3000-7f157a8f6000 ---p 00000000 00:00 0 
7f157a8f6000-7f157a9f4000 rw-p 00000000 00:00 0                          [stack:314]
7f157a9f4000-7f157a9f7000 ---p 00000000 00:00 0 
7f157a9f7000-7f157aaf5000 rw-p 00000000 00:00 0                          [stack:313]
7f157aaf5000-7f157aaf8000 ---p 00000000 00:00 0 
7f157aaf8000-7f157abf6000 rw-p 00000000 00:00 0                          [stack:312]
7f157abf6000-7f157abf9000 ---p 00000000 00:00 0 
7f157abf9000-7f157acf7000 rw-p 00000000 00:00 0                          [stack:311]
7f157acf7000-7f157b0f1000 r--p 00000000 08:02 531394                     /usr/lib/locale/locale-archive
7f157b0f1000-7f157b0f4000 ---p 00000000 00:00 0 
7f157b0f4000-7f157b1f2000 rw-p 00000000 00:00 0                          [stack:310]
7f157b1f2000-7f157b1f5000 ---p 00000000 00:00 0 
7f157b1f5000-7f157b2f3000 rw-p 00000000 00:00 0                          [stack:309]
7f157b2f3000-7f157b2f4000 ---p 00000000 00:00 0 
7f157b2f4000-7f157c000000 rw-p 00000000 00:00 0                          [stack:308]
7f157c000000-7f157c021000 rw-p 00000000 00:00 0 
7f157c021000-7f1580000000 ---p 00000000 00:00 0 
7f1580000000-7f15803f3000 rw-p 00000000 00:00 0 
7f15803f3000-7f15805b3000 r--s 039fb000 08:02 537590                     /usr/lib/jvm/java-7-oracle/jre/lib/rt.jar
7f15805b3000-7f1580a52000 rw-p 00000000 00:00 0 
7f1580a52000-7f1580a53000 ---p 00000000 00:00 0 
7f1580a53000-7f1580b53000 rw-p 00000000 00:00 0                          [stack:307]
7f1580b53000-7f1580b54000 ---p 00000000 00:00 0 
7f1580b54000-7f1580c54000 rw-p 00000000 00:00 0                          [stack:306]
7f1580c54000-7f1580c55000 ---p 00000000 00:00 0 
7f1580c55000-7f1580f46000 rw-p 00000000 00:00 0                          [stack:305]
7f1580f46000-7f1581000000 rw-p 00000000 00:00 0 
7f1581000000-7f1581270000 rwxp 00000000 00:00 0 
7f1581270000-7f15842bf000 rw-p 00000000 00:00 0 
7f15842bf000-7f1588000000 ---p 00000000 00:00 0 
7f1588000000-7f1588001000 r--s 00000000 08:02 96755                      /var/cache/fontconfig/dc05db6664285cc2f12bf69c139ae4c3-le64.cache-4
7f1588001000-7f1588002000 r--s 00000000 08:02 96731                      /var/cache/fontconfig/4794a0821666d79190d59a36cb4f44b5-le64.cache-4
7f1588002000-7f1588003000 r--s 00000000 08:02 96733                      /var/cache/fontconfig/56cf4f4769d0f4abc89a4895d7bd3ae1-le64.cache-4
7f1588003000-7f15880b0000 rw-p 00000000 00:00 0 
7f15880b0000-7f15880b1000 ---p 00000000 00:00 0 
7f15880b1000-7f15881bd000 rw-p 00000000 00:00 0                          [stack:304]
7f15881bd000-7f15881be000 ---p 00000000 00:00 0 
7f15881be000-7f15881da000 rw-p 00000000 00:00 0 
7f15881da000-7f15881e6000 rw-p 00000000 00:00 0 
7f15881e6000-7f15881e7000 ---p 00000000 00:00 0 
7f15881e7000-7f1588203000 rw-p 00000000 00:00 0 
7f1588203000-7f15883f4000 rw-p 00000000 00:00 0 
7f15883f4000-7f15884ad000 rw-p 00000000 00:00 0 
7f15884ad000-7f1588603000 rw-p 00000000 00:00 0 
7f1588603000-7f1588604000 rw-p 00000000 00:00 0 
7f1588604000-7f158861b000 r-xp 00000000 08:02 537529                     /usr/lib/jvm/java-7-oracle/jre/lib/amd64/libzip.so
7f158861b000-7f158881b000 ---p 00017000 08:02 537529                     /usr/lib/jvm/java-7-oracle/jre/lib/amd64/libzip.so
7f158881b000-7f158881c000 rw-p 00017000 08:02 537529                     /usr/lib/jvm/java-7-oracle/jre/lib/amd64/libzip.so
7f158881c000-7f1588827000 r-xp 00000000 08:02 1053015                    /lib/x86_64-linux-gnu/libnss_files-2.19.so
7f1588827000-7f1588a26000 ---p 0000b000 08:02 1053015                    /lib/x86_64-linux-gnu/libnss_files-2.19.so
7f1588a26000-7f1588a27000 r--p 0000a000 08:02 1053015                    /lib/x86_64-linux-gnu/libnss_files-2.19.so
7f1588a27000-7f1588a28000 rw-p 0000b000 08:02 1053015                    /lib/x86_64-linux-gnu/libnss_files-2.19.so
7f1588a28000-7f1588a33000 r-xp 00000000 08:02 1053025                    /lib/x86_64-linux-gnu/libnss_nis-2.19.so
7f1588a33000-7f1588c32000 ---p 0000b000 08:02 1053025                    /lib/x86_64-linux-gnu/libnss_nis-2.19.so
7f1588c32000-7f1588c33000 r--p 0000a000 08:02 1053025                    /lib/x86_64-linux-gnu/libnss_nis-2.19.so
7f1588c33000-7f1588c34000 rw-p 0000b000 08:02 1053025                    /lib/x86_64-linux-gnu/libnss_nis-2.19.so
7f1588c34000-7f1588c4b000 r-xp 00000000 08:02 1053009                    /lib/x86_64-linux-gnu/libnsl-2.19.so
7f1588c4b000-7f1588e4a000 ---p 00017000 08:02 1053009                    /lib/x86_64-linux-gnu/libnsl-2.19.so
7f1588e4a000-7f1588e4b000 r--p 00016000 08:02 1053009                    /lib/x86_64-linux-gnu/libnsl-2.19.so
7f1588e4b000-7f1588e4c000 rw-p 00017000 08:02 1053009                    /lib/x86_64-linux-gnu/libnsl-2.19.so
7f1588e4c000-7f1588e4e000 rw-p 00000000 00:00 0 
7f1588e4e000-7f1588e57000 r-xp 00000000 08:02 1053011                    /lib/x86_64-linux-gnu/libnss_compat-2.19.so
7f1588e57000-7f1589056000 ---p 00009000 08:02 1053011                    /lib/x86_64-linux-gnu/libnss_compat-2.19.so
7f1589056000-7f1589057000 r--p 00008000 08:02 1053011                    /lib/x86_64-linux-gnu/libnss_compat-2.19.so
7f1589057000-7f1589058000 rw-p 00009000 08:02 1053011                    /lib/x86_64-linux-gnu/libnss_compat-2.19.so
7f1589058000-7f1589081000 r-xp 00000000 08:02 537563                     /usr/lib/jvm/java-7-oracle/jre/lib/amd64/libjava.so
7f1589081000-7f1589281000 ---p 00029000 08:02 537563                     /usr/lib/jvm/java-7-oracle/jre/lib/amd64/libjava.so
7f1589281000-7f1589283000 rw-p 00029000 08:02 537563                     /usr/lib/jvm/java-7-oracle/jre/lib/amd64/libjava.so
7f1589283000-7f1589290000 r-xp 00000000 08:02 537558                     /usr/lib/jvm/java-7-oracle/jre/lib/amd64/libverify.so
7f1589290000-7f158948f000 ---p 0000d000 08:02 537558                     /usr/lib/jvm/java-7-oracle/jre/lib/amd64/libverify.so
7f158948f000-7f1589491000 rw-p 0000c000 08:02 537558                     /usr/lib/jvm/java-7-oracle/jre/lib/amd64/libverify.so
7f1589491000-7f1589498000 r-xp 00000000 08:02 1053068                    /lib/x86_64-linux-gnu/librt-2.19.so
7f1589498000-7f1589697000 ---p 00007000 08:02 1053068                    /lib/x86_64-linux-gnu/librt-2.19.so
7f1589697000-7f1589698000 r--p 00006000 08:02 1053068                    /lib/x86_64-linux-gnu/librt-2.19.so
7f1589698000-7f1589699000 rw-p 00007000 08:02 1053068                    /lib/x86_64-linux-gnu/librt-2.19.so
7f1589699000-7f158979e000 r-xp 00000000 08:02 1052990                    /lib/x86_64-linux-gnu/libm-2.19.so
7f158979e000-7f158999d000 ---p 00105000 08:02 1052990                    /lib/x86_64-linux-gnu/libm-2.19.so
7f158999d000-7f158999e000 r--p 00104000 08:02 1052990                    /lib/x86_64-linux-gnu/libm-2.19.so
7f158999e000-7f158999f000 rw-p 00105000 08:02 1052990                    /lib/x86_64-linux-gnu/libm-2.19.so
7f158999f000-7f158a515000 r-xp 00000000 08:02 537570                     /usr/lib/jvm/java-7-oracle/jre/lib/amd64/server/libjvm.so
7f158a515000-7f158a714000 ---p 00b76000 08:02 537570                     /usr/lib/jvm/java-7-oracle/jre/lib/amd64/server/libjvm.so
7f158a714000-7f158a7d8000 rw-p 00b75000 08:02 537570                     /usr/lib/jvm/java-7-oracle/jre/lib/amd64/server/libjvm.so
7f158a7d8000-7f158a819000 rw-p 00000000 00:00 0 
7f158a819000-7f158a9d4000 r-xp 00000000 08:02 1052939                    /lib/x86_64-linux-gnu/libc-2.19.so
7f158a9d4000-7f158abd3000 ---p 001bb000 08:02 1052939                    /lib/x86_64-linux-gnu/libc-2.19.so
7f158abd3000-7f158abd7000 r--p 001ba000 08:02 1052939                    /lib/x86_64-linux-gnu/libc-2.19.so
7f158abd7000-7f158abd9000 rw-p 001be000 08:02 1052939                    /lib/x86_64-linux-gnu/libc-2.19.so
7f158abd9000-7f158abde000 rw-p 00000000 00:00 0 
7f158abde000-7f158abe1000 r-xp 00000000 08:02 1052956                    /lib/x86_64-linux-gnu/libdl-2.19.so
7f158abe1000-7f158ade0000 ---p 00003000 08:02 1052956                    /lib/x86_64-linux-gnu/libdl-2.19.so
7f158ade0000-7f158ade1000 r--p 00002000 08:02 1052956                    /lib/x86_64-linux-gnu/libdl-2.19.so
7f158ade1000-7f158ade2000 rw-p 00003000 08:02 1052956                    /lib/x86_64-linux-gnu/libdl-2.19.so
7f158ade2000-7f158adf7000 r-xp 00000000 08:02 537539                     /usr/lib/jvm/java-7-oracle/jre/lib/amd64/jli/libjli.so
7f158adf7000-7f158aff6000 ---p 00015000 08:02 537539                     /usr/lib/jvm/java-7-oracle/jre/lib/amd64/jli/libjli.so
7f158aff6000-7f158aff7000 rw-p 00014000 08:02 537539                     /usr/lib/jvm/java-7-oracle/jre/lib/amd64/jli/libjli.so
7f158aff7000-7f158b010000 r-xp 00000000 08:02 1053060                    /lib/x86_64-linux-gnu/libpthread-2.19.so
7f158b010000-7f158b20f000 ---p 00019000 08:02 1053060                    /lib/x86_64-linux-gnu/libpthread-2.19.so
7f158b20f000-7f158b210000 r--p 00018000 08:02 1053060                    /lib/x86_64-linux-gnu/libpthread-2.19.so
7f158b210000-7f158b211000 rw-p 00019000 08:02 1053060                    /lib/x86_64-linux-gnu/libpthread-2.19.so
7f158b211000-7f158b215000 rw-p 00000000 00:00 0 
7f158b215000-7f158b238000 r-xp 00000000 08:02 1052913                    /lib/x86_64-linux-gnu/ld-2.19.so
7f158b238000-7f158b239000 r--s 00000000 08:02 96747                      /var/cache/fontconfig/b9d506c9ac06c20b433354fa67a72993-le64.cache-4
7f158b239000-7f158b23c000 r--s 00000000 08:02 96898                      /var/cache/fontconfig/e13b20fdb08344e0e664864cc2ede53d-le64.cache-4
7f158b23c000-7f158b240000 r--s 00000000 08:02 99809                      /var/cache/fontconfig/7ef2298fde41cc6eeb7af42e48b7d293-le64.cache-4
7f158b249000-7f158b251000 rw-s 00000000 00:05 45416464                   /SYSV00000000 (deleted)
7f158b251000-7f158b25b000 rw-p 00000000 00:00 0 
7f158b25b000-7f158b311000 rw-p 00000000 00:00 0 
7f158b311000-7f158b314000 ---p 00000000 00:00 0 
7f158b314000-7f158b416000 rw-p 00000000 00:00 0                          [stack:303]
7f158b416000-7f158b417000 r--s 00000000 08:02 96722                      /var/cache/fontconfig/0c9eb80ebd1c36541ebe2852d3bb0c49-le64.cache-4
7f158b42a000-7f158b42b000 rw-p 00000000 00:00 0 
7f158b42b000-7f158b433000 rw-s 00000000 08:02 69724                      /tmp/hsperfdata_ted-cassirer/302
7f158b433000-7f158b434000 rw-p 00000000 00:00 0 
7f158b434000-7f158b435000 ---p 00000000 00:00 0 
7f158b435000-7f158b437000 rw-p 00000000 00:00 0 
7f158b437000-7f158b438000 r--p 00022000 08:02 1052913                    /lib/x86_64-linux-gnu/ld-2.19.so
7f158b438000-7f158b439000 rw-p 00023000 08:02 1052913                    /lib/x86_64-linux-gnu/ld-2.19.so
7f158b439000-7f158b43a000 rw-p 00000000 00:00 0 
7ffc81962000-7ffc81983000 rw-p 00000000 00:00 0                          [stack]
7ffc819d0000-7ffc819d2000 r--p 00000000 00:00 0                          [vvar]
7ffc819d2000-7ffc819d4000 r-xp 00000000 00:00 0                          [vdso]
ffffffffff600000-ffffffffff601000 r-xp 00000000 00:00 0                  [vsyscall]

VM Arguments:
jvm_args: -Xmx2048m 
java_command: ir.SearchGUI -d /home/ted-cassirer/Desktop/Skolan/davisWiki
Launcher Type: SUN_STANDARD

Environment Variables:
PATH=/usr/local/sbin:/usr/local/bin:/usr/sbin:/usr/bin:/sbin:/bin:/usr/games:/usr/local/games
USERNAME=ted-cassirer
SHELL=/bin/bash
DISPLAY=:0

Signal Handlers:
SIGSEGV: [libjvm.so+0x9a3b20], sa_mask[0]=0x7ffbfeff, sa_flags=0x10000004
SIGBUS: [libjvm.so+0x9a3b20], sa_mask[0]=0x7ffbfeff, sa_flags=0x10000004
SIGFPE: [libjvm.so+0x81e740], sa_mask[0]=0x7ffbfeff, sa_flags=0x10000004
SIGPIPE: [libjvm.so+0x81e740], sa_mask[0]=0x7ffbfeff, sa_flags=0x10000004
SIGXFSZ: [libjvm.so+0x81e740], sa_mask[0]=0x7ffbfeff, sa_flags=0x10000004
SIGILL: [libjvm.so+0x81e740], sa_mask[0]=0x7ffbfeff, sa_flags=0x10000004
SIGUSR1: SIG_DFL, sa_mask[0]=0x00000000, sa_flags=0x00000000
SIGUSR2: [libjvm.so+0x81ffb0], sa_mask[0]=0x00000000, sa_flags=0x10000004
SIGHUP: [libjvm.so+0x8210d0], sa_mask[0]=0x7ffbfeff, sa_flags=0x10000004
SIGINT: [libjvm.so+0x8210d0], sa_mask[0]=0x7ffbfeff, sa_flags=0x10000004
SIGTERM: [libjvm.so+0x8210d0], sa_mask[0]=0x7ffbfeff, sa_flags=0x10000004
SIGQUIT: [libjvm.so+0x8210d0], sa_mask[0]=0x7ffbfeff, sa_flags=0x10000004


---------------  S Y S T E M  ---------------

OS:jessie/sid

uname:Linux 4.4.0-040400-generic #201601101930 SMP Mon Jan 11 00:32:41 UTC 2016 x86_64
libc:glibc 2.19 NPTL 2.19 
rlimit: STACK 8192k, CORE 0k, NPROC 31128, NOFILE 4096, AS infinity
load average:4,10 3,77 3,84

/proc/meminfo:
MemTotal:        8062264 kB
MemFree:           38184 kB
MemAvailable:     298164 kB
Buffers:           15708 kB
Cached:          1030788 kB
SwapCached:            0 kB
Active:          6980856 kB
Inactive:         795976 kB
Active(anon):    6846392 kB
Inactive(anon):   681140 kB
Active(file):     134464 kB
Inactive(file):   114836 kB
Unevictable:        1688 kB
Mlocked:        34359740056 kB
SwapTotal:             0 kB
SwapFree:              0 kB
Dirty:             13220 kB
Writeback:             0 kB
AnonPages:       6732048 kB
Mapped:           522260 kB
Shmem:            797196 kB
Slab:              97284 kB
SReclaimable:      53040 kB
SUnreclaim:        44244 kB
KernelStack:       12384 kB
PageTables:        63548 kB
NFS_Unstable:          0 kB
Bounce:                0 kB
WritebackTmp:          0 kB
CommitLimit:     4031132 kB
Committed_AS:   14945716 kB
VmallocTotal:   34359738367 kB
VmallocUsed:           0 kB
VmallocChunk:          0 kB
HardwareCorrupted:     0 kB
AnonHugePages:   3332096 kB
CmaTotal:              0 kB
CmaFree:               0 kB
HugePages_Total:       0
HugePages_Free:        0
HugePages_Rsvd:        0
HugePages_Surp:        0
Hugepagesize:       2048 kB
DirectMap4k:      255396 kB
DirectMap2M:     5922816 kB
DirectMap1G:     2097152 kB


CPU:total 4 (2 cores per cpu, 2 threads per core) family 6 model 78 stepping 3, cmov, cx8, fxsr, mmx, sse, sse2, sse3, ssse3, sse4.1, sse4.2, popcnt, avx, avx2, aes, erms, ht, tsc, tscinvbit

/proc/cpuinfo:
processor	: 0
vendor_id	: GenuineIntel
cpu family	: 6
model		: 78
model name	: Intel(R) Core(TM) i5-6200U CPU @ 2.30GHz
stepping	: 3
microcode	: 0x33
cpu MHz		: 2710.875
cache size	: 3072 KB
physical id	: 0
siblings	: 4
core id		: 0
cpu cores	: 2
apicid		: 0
initial apicid	: 0
fpu		: yes
fpu_exception	: yes
cpuid level	: 22
wp		: yes
flags		: fpu vme de pse tsc msr pae mce cx8 apic sep mtrr pge mca cmov pat pse36 clflush dts acpi mmx fxsr sse sse2 ss ht tm pbe syscall nx pdpe1gb rdtscp lm constant_tsc arch_perfmon pebs bts rep_good nopl xtopology nonstop_tsc aperfmperf eagerfpu pni pclmulqdq dtes64 monitor ds_cpl vmx est tm2 ssse3 sdbg fma cx16 xtpr pdcm pcid sse4_1 sse4_2 x2apic movbe popcnt tsc_deadline_timer aes xsave avx f16c rdrand lahf_lm abm 3dnowprefetch ida arat epb pln pts dtherm hwp hwp_notify hwp_act_window hwp_epp intel_pt tpr_shadow vnmi flexpriority ept vpid fsgsbase tsc_adjust bmi1 avx2 smep bmi2 erms invpcid mpx rdseed adx smap clflushopt xsaveopt xsavec xgetbv1
bugs		:
bogomips	: 4799.89
clflush size	: 64
cache_alignment	: 64
address sizes	: 39 bits physical, 48 bits virtual
power management:

processor	: 1
vendor_id	: GenuineIntel
cpu family	: 6
model		: 78
model name	: Intel(R) Core(TM) i5-6200U CPU @ 2.30GHz
stepping	: 3
microcode	: 0x33
cpu MHz		: 2699.906
cache size	: 3072 KB
physical id	: 0
siblings	: 4
core id		: 1
cpu cores	: 2
apicid		: 2
initial apicid	: 2
fpu		: yes
fpu_exception	: yes
cpuid level	: 22
wp		: yes
flags		: fpu vme de pse tsc msr pae mce cx8 apic sep mtrr pge mca cmov pat pse36 clflush dts acpi mmx fxsr sse sse2 ss ht tm pbe syscall nx pdpe1gb rdtscp lm constant_tsc arch_perfmon pebs bts rep_good nopl xtopology nonstop_tsc aperfmperf eagerfpu pni pclmulqdq dtes64 monitor ds_cpl vmx est tm2 ssse3 sdbg fma cx16 xtpr pdcm pcid sse4_1 sse4_2 x2apic movbe popcnt tsc_deadline_timer aes xsave avx f16c rdrand lahf_lm abm 3dnowprefetch ida arat epb pln pts dtherm hwp hwp_notify hwp_act_window hwp_epp intel_pt tpr_shadow vnmi flexpriority ept vpid fsgsbase tsc_adjust bmi1 avx2 smep bmi2 erms invpcid mpx rdseed adx smap clflushopt xsaveopt xsavec xgetbv1
bugs		:
bogomips	: 4799.89
clflush size	: 64
cache_alignment	: 64
address sizes	: 39 bits physical, 48 bits virtual
power management:

processor	: 2
vendor_id	: GenuineIntel
cpu family	: 6
model		: 78
model name	: Intel(R) Core(TM) i5-6200U CPU @ 2.30GHz
stepping	: 3
microcode	: 0x33
cpu MHz		: 2711.531
cache size	: 3072 KB
physical id	: 0
siblings	: 4
core id		: 0
cpu cores	: 2
apicid		: 1
initial apicid	: 1
fpu		: yes
fpu_exception	: yes
cpuid level	: 22
wp		: yes
flags		: fpu vme de pse tsc msr pae mce cx8 apic sep mtrr pge mca cmov pat pse36 clflush dts acpi mmx fxsr sse sse2 ss ht tm pbe syscall nx pdpe1gb rdtscp lm constant_tsc arch_perfmon pebs bts rep_good nopl xtopology nonstop_tsc aperfmperf eagerfpu pni pclmulqdq dtes64 monitor ds_cpl vmx est tm2 ssse3 sdbg fma cx16 xtpr pdcm pcid sse4_1 sse4_2 x2apic movbe popcnt tsc_deadline_timer aes xsave avx f16c rdrand lahf_lm abm 3dnowprefetch ida arat epb pln pts dtherm hwp hwp_notify hwp_act_window hwp_epp intel_pt tpr_shadow vnmi flexpriority ept vpid fsgsbase tsc_adjust bmi1 avx2 smep bmi2 erms invpcid mpx rdseed adx smap clflushopt xsaveopt xsavec xgetbv1
bugs		:
bogomips	: 4799.89
clflush size	: 64
cache_alignment	: 64
address sizes	: 39 bits physical, 48 bits virtual
power management:

processor	: 3
vendor_id	: GenuineIntel
cpu family	: 6
model		: 78
model name	: Intel(R) Core(TM) i5-6200U CPU @ 2.30GHz
stepping	: 3
microcode	: 0x33
cpu MHz		: 2699.906
cache size	: 3072 KB
physical id	: 0
siblings	: 4
core id		: 1
cpu cores	: 2
apicid		: 3
initial apicid	: 3
fpu		: yes
fpu_exception	: yes
cpuid level	: 22
wp		: yes
flags		: fpu vme de pse tsc msr pae mce cx8 apic sep mtrr pge mca cmov pat pse36 clflush dts acpi mmx fxsr sse sse2 ss ht tm pbe syscall nx pdpe1gb rdtscp lm constant_tsc arch_perfmon pebs bts rep_good nopl xtopology nonstop_tsc aperfmperf eagerfpu pni pclmulqdq dtes64 monitor ds_cpl vmx est tm2 ssse3 sdbg fma cx16 xtpr pdcm pcid sse4_1 sse4_2 x2apic movbe popcnt tsc_deadline_timer aes xsave avx f16c rdrand lahf_lm abm 3dnowprefetch ida arat epb pln pts dtherm hwp hwp_notify hwp_act_window hwp_epp intel_pt tpr_shadow vnmi flexpriority ept vpid fsgsbase tsc_adjust bmi1 avx2 smep bmi2 erms invpcid mpx rdseed adx smap clflushopt xsaveopt xsavec xgetbv1
bugs		:
bogomips	: 4799.89
clflush size	: 64
cache_alignment	: 64
address sizes	: 39 bits physical, 48 bits virtual
power management:



Memory: 4k page, physical 8062264k(38184k free), swap 0k(0k free)

vm_info: Java HotSpot(TM) 64-Bit Server VM (24.80-b11) for linux-amd64 JRE (1.7.0_80-b15), built on Apr 10 2015 19:53:14 by "java_re" with gcc 4.3.0 20080428 (Red Hat 4.3.0-8)

time: Fri Mar 11 01:25:54 2016
elapsed time: 518 seconds

