#
# There is insufficient memory for the Java Runtime Environment to continue.
# Native memory allocation (malloc) failed to allocate 605552640 bytes for committing reserved memory.
# Possible reasons:
#   The system is out of physical RAM or swap space
#   In 32 bit mode, the process size limit was hit
# Possible solutions:
#   Reduce memory load on the system
#   Increase physical memory or swap space
#   Check if swap backing store is full
#   Use 64 bit Java on a 64 bit OS
#   Decrease Java heap size (-Xmx/-Xms)
#   Decrease number of Java threads
#   Decrease Java thread stack sizes (-Xss)
#   Set larger code cache with -XX:ReservedCodeCacheSize=
# This output file may be truncated or incomplete.
#
#  Out of Memory Error (os_linux.cpp:2756), pid=17292, tid=140208408004352
#
# JRE version: Java(TM) SE Runtime Environment (7.0_80-b15) (build 1.7.0_80-b15)
# Java VM: Java HotSpot(TM) 64-Bit Server VM (24.80-b11 mixed mode linux-amd64 compressed oops)
# Failed to write core dump. Core dumps have been disabled. To enable core dumping, try "ulimit -c unlimited" before starting Java again
#

---------------  T H R E A D  ---------------

Current thread (0x00007f84d8069800):  VMThread [stack: 0x00007f84d04a8000,0x00007f84d05a9000] [id=17298]

Stack: [0x00007f84d04a8000,0x00007f84d05a9000],  sp=0x00007f84d05a73a0,  free space=1020k
Native frames: (J=compiled Java code, j=interpreted, Vv=VM code, C=native code)
V  [libjvm.so+0x9a320a]  VMError::report_and_die()+0x2ea
V  [libjvm.so+0x498d3b]  report_vm_out_of_memory(char const*, int, unsigned long, char const*)+0x9b
V  [libjvm.so+0x82191e]  os::Linux::commit_memory_impl(char*, unsigned long, bool)+0xfe
V  [libjvm.so+0x821e69]  os::pd_commit_memory(char*, unsigned long, unsigned long, bool)+0x29
V  [libjvm.so+0x81bb6a]  os::commit_memory(char*, unsigned long, unsigned long, bool)+0x2a
V  [libjvm.so+0x88d623]  PSVirtualSpace::expand_by(unsigned long)+0x53
V  [libjvm.so+0x87ca80]  PSOldGen::expand(unsigned long)+0x170
V  [libjvm.so+0x87cc8b]  PSOldGen::resize(unsigned long)+0x1cb
V  [libjvm.so+0x885951]  PSParallelCompact::invoke_no_policy(bool)+0x9b1
V  [libjvm.so+0x88b8cd]  PSScavenge::invoke()+0x1ad
V  [libjvm.so+0x843f40]  ParallelScavengeHeap::failed_mem_allocate(unsigned long)+0x70
V  [libjvm.so+0x9a4a97]  VM_ParallelGCFailedAllocation::doit()+0x97
V  [libjvm.so+0x9abf35]  VM_Operation::evaluate()+0x55
V  [libjvm.so+0x9aa2fa]  VMThread::evaluate_operation(VM_Operation*)+0xba
V  [libjvm.so+0x9aa67e]  VMThread::loop()+0x1ce
V  [libjvm.so+0x9aaaf0]  VMThread::run()+0x70
V  [libjvm.so+0x8238c8]  java_start(Thread*)+0x108

VM_Operation (0x00007f84de0d5580): ParallelGCFailedAllocation, mode: safepoint, requested by thread 0x00007f84d8009800


---------------  P R O C E S S  ---------------

Java Threads: ( => current thread )
  0x00007f84780b8800 JavaThread "TimerQueue" daemon [_thread_blocked, id=17311, stack(0x00007f848e523000,0x00007f848e624000)]
  0x00007f84d81fb000 JavaThread "AWT-EventQueue-0" [_thread_blocked, id=17309, stack(0x00007f848f6e7000,0x00007f848f7e8000)]
  0x00007f84d81f9800 JavaThread "AWT-Shutdown" [_thread_blocked, id=17308, stack(0x00007f848f7e8000,0x00007f848f8e9000)]
  0x00007f84d81ae800 JavaThread "AWT-XAWT" daemon [_thread_blocked, id=17307, stack(0x00007f848f8e9000,0x00007f848f9ea000)]
  0x00007f84d818b000 JavaThread "Java2D Disposer" daemon [_thread_blocked, id=17306, stack(0x00007f84ac0c1000,0x00007f84ac1c2000)]
  0x00007f84d80a1800 JavaThread "Service Thread" daemon [_thread_blocked, id=17304, stack(0x00007f84ad774000,0x00007f84ad875000)]
  0x00007f84d809f000 JavaThread "C2 CompilerThread1" daemon [_thread_blocked, id=17303, stack(0x00007f84ad875000,0x00007f84ad976000)]
  0x00007f84d809c000 JavaThread "C2 CompilerThread0" daemon [_thread_blocked, id=17302, stack(0x00007f84d00a4000,0x00007f84d01a5000)]
  0x00007f84d809a000 JavaThread "Signal Dispatcher" daemon [_thread_blocked, id=17301, stack(0x00007f84d01a5000,0x00007f84d02a6000)]
  0x00007f84d8070000 JavaThread "Finalizer" daemon [_thread_blocked, id=17300, stack(0x00007f84d02a6000,0x00007f84d03a7000)]
  0x00007f84d806e000 JavaThread "Reference Handler" daemon [_thread_blocked, id=17299, stack(0x00007f84d03a7000,0x00007f84d04a8000)]
  0x00007f84d8009800 JavaThread "main" [_thread_blocked, id=17293, stack(0x00007f84ddfd6000,0x00007f84de0d7000)]

Other Threads:
=>0x00007f84d8069800 VMThread [stack: 0x00007f84d04a8000,0x00007f84d05a9000] [id=17298]
  0x00007f84d80ac000 WatcherThread [stack: 0x00007f84ad673000,0x00007f84ad774000] [id=17305]

VM state:at safepoint (normal execution)

VM Mutex/Monitor currently owned by a thread:  ([mutex/lock_event])
[0x00007f84d80058f0] ExpandHeap_lock - owner thread: 0x00007f84d8069800
[0x00007f84d8005f70] Threads_lock - owner thread: 0x00007f84d8069800
[0x00007f84d8006470] Heap_lock - owner thread: 0x00007f84d8009800

Heap
 PSYoungGen      total 1477120K, used 190053K [0x000000076aa80000, 0x00000007fbd00000, 0x0000000800000000)
  eden space 661504K, 0% used [0x000000076aa80000,0x000000076aa80000,0x0000000793080000)
  from space 815616K, 23% used [0x0000000793080000,0x000000079ea19438,0x00000007c4d00000)
  to   space 815616K, 0% used [0x00000007ca080000,0x00000007ca080000,0x00000007fbd00000)
 ParOldGen       total 1871360K, used 1871113K [0x0000000640000000, 0x00000006b2380000, 0x000000076aa80000)
  object space 1871360K, 99% used [0x0000000640000000,0x00000006b2342530,0x00000006b2380000)
 PSPermGen       total 21504K, used 11504K [0x000000063ae00000, 0x000000063c300000, 0x0000000640000000)
  object space 21504K, 53% used [0x000000063ae00000,0x000000063b93c0e0,0x000000063c300000)

Card table byte_map: [0x00007f84d3349000,0x00007f84d4173000] byte_map_base: 0x00007f84d0172000

Polling page: 0x00007f84de0f9000

Code Cache  [0x00007f84d4173000, 0x00007f84d43e3000, 0x00007f84d7173000)
 total_blobs=746 nmethods=283 adapters=416 free_code_cache=48046Kb largest_free_block=49075136

Compilation events (10 events):
Event: 51,131 Thread 0x00007f84d809c000  301   !         sun.nio.cs.StreamDecoder::close (37 bytes)
Event: 51,133 Thread 0x00007f84d809f000  302             sun.nio.cs.StreamDecoder::implClose (27 bytes)
Event: 51,134 Thread 0x00007f84d809c000 nmethod 301 0x00007f84d42a4e90 code [0x00007f84d42a5000, 0x00007f84d42a5848]
Event: 51,136 Thread 0x00007f84d809f000 nmethod 302 0x00007f84d42a4610 code [0x00007f84d42a4780, 0x00007f84d42a4be8]
Event: 51,333 Thread 0x00007f84d809c000  303             sun.nio.cs.UTF_8$Decoder::isMalformed3 (45 bytes)
Event: 51,334 Thread 0x00007f84d809c000 nmethod 303 0x00007f84d42a05d0 code [0x00007f84d42a0700, 0x00007f84d42a0798]
Event: 51,562 Thread 0x00007f84d809f000  304             java.nio.CharBuffer::hasArray (20 bytes)
Event: 51,562 Thread 0x00007f84d809f000 nmethod 304 0x00007f84d4254e10 code [0x00007f84d4254f60, 0x00007f84d4254ff8]
Event: 51,572 Thread 0x00007f84d809c000  305             sun.nio.cs.UTF_8$Decoder::decodeLoop (28 bytes)
Event: 51,573 Thread 0x00007f84d809c000 nmethod 305 0x00007f84d42549d0 code [0x00007f84d4254b20, 0x00007f84d4254c68]

GC Heap History (10 events):
Event: 38,619 GC heap after
Heap after GC invocations=34 (full 6):
 PSYoungGen      total 1389568K, used 544544K [0x000000076aa80000, 0x00000007f2600000, 0x0000000800000000)
  eden space 592384K, 0% used [0x000000076aa80000,0x000000076aa80000,0x000000078ed00000)
  from space 797184K, 68% used [0x00000007c1b80000,0x00000007e2f48370,0x00000007f2600000)
  to   space 815616K, 0% used [0x000000078ed00000,0x000000078ed00000,0x00000007c0980000)
 ParOldGen       total 1379328K, used 1174095K [0x0000000640000000, 0x0000000694300000, 0x000000076aa80000)
  object space 1379328K, 85% used [0x0000000640000000,0x0000000687a93ed0,0x0000000694300000)
 PSPermGen       total 22016K, used 11504K [0x000000063ae00000, 0x000000063c380000, 0x0000000640000000)
  object space 22016K, 52% used [0x000000063ae00000,0x000000063b93c100,0x000000063c380000)
}
Event: 39,156 GC heap before
{Heap before GC invocations=35 (full 6):
 PSYoungGen      total 1389568K, used 1136928K [0x000000076aa80000, 0x00000007f2600000, 0x0000000800000000)
  eden space 592384K, 100% used [0x000000076aa80000,0x000000078ed00000,0x000000078ed00000)
  from space 797184K, 68% used [0x00000007c1b80000,0x00000007e2f48370,0x00000007f2600000)
  to   space 815616K, 0% used [0x000000078ed00000,0x000000078ed00000,0x00000007c0980000)
 ParOldGen       total 1379328K, used 1174095K [0x0000000640000000, 0x0000000694300000, 0x000000076aa80000)
  object space 1379328K, 85% used [0x0000000640000000,0x0000000687a93ed0,0x0000000694300000)
 PSPermGen       total 22016K, used 11504K [0x000000063ae00000, 0x000000063c380000, 0x0000000640000000)
  object space 22016K, 52% used [0x000000063ae00000,0x000000063b93c100,0x000000063c380000)
Event: 39,984 GC heap after
Heap after GC invocations=35 (full 6):
 PSYoungGen      total 1408000K, used 487364K [0x000000076aa80000, 0x00000007f7b80000, 0x0000000800000000)
  eden space 592384K, 0% used [0x000000076aa80000,0x000000076aa80000,0x000000078ed00000)
  from space 815616K, 59% used [0x000000078ed00000,0x00000007ac8f1140,0x00000007c0980000)
  to   space 815616K, 0% used [0x00000007c5f00000,0x00000007c5f00000,0x00000007f7b80000)
 ParOldGen       total 1379328K, used 1344121K [0x0000000640000000, 0x0000000694300000, 0x000000076aa80000)
  object space 1379328K, 97% used [0x0000000640000000,0x000000069209e6c0,0x0000000694300000)
 PSPermGen       total 22016K, used 11504K [0x000000063ae00000, 0x000000063c380000, 0x0000000640000000)
  object space 22016K, 52% used [0x000000063ae00000,0x000000063b93c100,0x000000063c380000)
}
Event: 39,984 GC heap before
{Heap before GC invocations=36 (full 7):
 PSYoungGen      total 1408000K, used 487364K [0x000000076aa80000, 0x00000007f7b80000, 0x0000000800000000)
  eden space 592384K, 0% used [0x000000076aa80000,0x000000076aa80000,0x000000078ed00000)
  from space 815616K, 59% used [0x000000078ed00000,0x00000007ac8f1140,0x00000007c0980000)
  to   space 815616K, 0% used [0x00000007c5f00000,0x00000007c5f00000,0x00000007f7b80000)
 ParOldGen       total 1379328K, used 1344121K [0x0000000640000000, 0x0000000694300000, 0x000000076aa80000)
  object space 1379328K, 97% used [0x0000000640000000,0x000000069209e6c0,0x0000000694300000)
 PSPermGen       total 22016K, used 11504K [0x000000063ae00000, 0x000000063c380000, 0x0000000640000000)
  object space 22016K, 52% used [0x000000063ae00000,0x000000063b93c100,0x000000063c380000)
Event: 49,616 GC heap after
Heap after GC invocations=36 (full 7):
 PSYoungGen      total 1408000K, used 446675K [0x000000076aa80000, 0x00000007f7b80000, 0x0000000800000000)
  eden space 592384K, 0% used [0x000000076aa80000,0x000000076aa80000,0x000000078ed00000)
  from space 815616K, 54% used [0x000000078ed00000,0x00000007aa134fa0,0x00000007c0980000)
  to   space 815616K, 0% used [0x00000007c5f00000,0x00000007c5f00000,0x00000007f7b80000)
 ParOldGen       total 1871360K, used 1379185K [0x0000000640000000, 0x00000006b2380000, 0x000000076aa80000)
  object space 1871360K, 73% used [0x0000000640000000,0x00000006942dc760,0x00000006b2380000)
 PSPermGen       total 21504K, used 11504K [0x000000063ae00000, 0x000000063c300000, 0x0000000640000000)
  object space 21504K, 53% used [0x000000063ae00000,0x000000063b93c100,0x000000063c300000)
}
Event: 50,155 GC heap before
{Heap before GC invocations=37 (full 7):
 PSYoungGen      total 1408000K, used 1039059K [0x000000076aa80000, 0x00000007f7b80000, 0x0000000800000000)
  eden space 592384K, 100% used [0x000000076aa80000,0x000000078ed00000,0x000000078ed00000)
  from space 815616K, 54% used [0x000000078ed00000,0x00000007aa134fa0,0x00000007c0980000)
  to   space 815616K, 0% used [0x00000007c5f00000,0x00000007c5f00000,0x00000007f7b80000)
 ParOldGen       total 1871360K, used 1379185K [0x0000000640000000, 0x00000006b2380000, 0x000000076aa80000)
  object space 1871360K, 73% used [0x0000000640000000,0x00000006942dc760,0x00000006b2380000)
 PSPermGen       total 21504K, used 11504K [0x000000063ae00000, 0x000000063c300000, 0x0000000640000000)
  object space 21504K, 53% used [0x000000063ae00000,0x000000063b93c100,0x000000063c300000)
Event: 51,049 GC heap after
Heap after GC invocations=37 (full 7):
 PSYoungGen      total 1458688K, used 395556K [0x000000076aa80000, 0x00000007f6980000, 0x0000000800000000)
  eden space 661504K, 0% used [0x000000076aa80000,0x000000076aa80000,0x0000000793080000)
  from space 797184K, 49% used [0x00000007c5f00000,0x00000007de1490b0,0x00000007f6980000)
  to   space 815616K, 0% used [0x0000000793080000,0x0000000793080000,0x00000007c4d00000)
 ParOldGen       total 1871360K, used 1545203K [0x0000000640000000, 0x00000006b2380000, 0x000000076aa80000)
  object space 1871360K, 82% used [0x0000000640000000,0x000000069e4fcdd0,0x00000006b2380000)
 PSPermGen       total 21504K, used 11504K [0x000000063ae00000, 0x000000063c300000, 0x0000000640000000)
  object space 21504K, 53% used [0x000000063ae00000,0x000000063b93c100,0x000000063c300000)
}
Event: 51,637 GC heap before
{Heap before GC invocations=38 (full 7):
 PSYoungGen      total 1458688K, used 1057060K [0x000000076aa80000, 0x00000007f6980000, 0x0000000800000000)
  eden space 661504K, 100% used [0x000000076aa80000,0x0000000793080000,0x0000000793080000)
  from space 797184K, 49% used [0x00000007c5f00000,0x00000007de1490b0,0x00000007f6980000)
  to   space 815616K, 0% used [0x0000000793080000,0x0000000793080000,0x00000007c4d00000)
 ParOldGen       total 1871360K, used 1545203K [0x0000000640000000, 0x00000006b2380000, 0x000000076aa80000)
  object space 1871360K, 82% used [0x0000000640000000,0x000000069e4fcdd0,0x00000006b2380000)
 PSPermGen       total 21504K, used 11504K [0x000000063ae00000, 0x000000063c300000, 0x0000000640000000)
  object space 21504K, 53% used [0x000000063ae00000,0x000000063b93c100,0x000000063c300000)
Event: 52,367 GC heap after
Heap after GC invocations=38 (full 7):
 PSYoungGen      total 1477120K, used 340340K [0x000000076aa80000, 0x00000007fbd00000, 0x0000000800000000)
  eden space 661504K, 0% used [0x000000076aa80000,0x000000076aa80000,0x0000000793080000)
  from space 815616K, 41% used [0x0000000793080000,0x00000007a7cdd120,0x00000007c4d00000)
  to   space 815616K, 0% used [0x00000007ca080000,0x00000007ca080000,0x00000007fbd00000)
 ParOldGen       total 1871360K, used 1727005K [0x0000000640000000, 0x00000006b2380000, 0x000000076aa80000)
  object space 1871360K, 92% used [0x0000000640000000,0x00000006a96876c0,0x00000006b2380000)
 PSPermGen       total 21504K, used 11504K [0x000000063ae00000, 0x000000063c300000, 0x0000000640000000)
  object space 21504K, 53% used [0x000000063ae00000,0x000000063b93c100,0x000000063c300000)
}
Event: 52,367 GC heap before
{Heap before GC invocations=39 (full 8):
 PSYoungGen      total 1477120K, used 340340K [0x000000076aa80000, 0x00000007fbd00000, 0x0000000800000000)
  eden space 661504K, 0% used [0x000000076aa80000,0x000000076aa80000,0x0000000793080000)
  from space 815616K, 41% used [0x0000000793080000,0x00000007a7cdd120,0x00000007c4d00000)
  to   space 815616K, 0% used [0x00000007ca080000,0x00000007ca080000,0x00000007fbd00000)
 ParOldGen       total 1871360K, used 1727005K [0x0000000640000000, 0x00000006b2380000, 0x000000076aa80000)
  object space 1871360K, 92% used [0x0000000640000000,0x00000006a96876c0,0x00000006b2380000)
 PSPermGen       total 21504K, used 11504K [0x000000063ae00000, 0x000000063c300000, 0x0000000640000000)
  object space 21504K, 53% used [0x000000063ae00000,0x000000063b93c100,0x000000063c300000)

Deoptimization events (10 events):
Event: 1,040 Thread 0x00007f84d8009800 Uncommon trap: reason=unstable_if action=reinterpret pc=0x00007f84d424c074 method=ir.SimpleTokenizer.normalize([CI)Z @ 68
Event: 1,041 Thread 0x00007f84d8009800 Uncommon trap: reason=unstable_if action=reinterpret pc=0x00007f84d4221600 method=ir.SimpleTokenizer.normalize([CI)Z @ 68
Event: 1,154 Thread 0x00007f84d8009800 Uncommon trap: reason=unstable_if action=reinterpret pc=0x00007f84d4268b20 method=java.util.HashMap.getEntry(Ljava/lang/Object;)Ljava/util/HashMap$Entry; @ 71
Event: 2,050 Thread 0x00007f84d8009800 Uncommon trap: reason=unstable_if action=reinterpret pc=0x00007f84d4254a70 method=java.util.HashMap.getEntry(Ljava/lang/Object;)Ljava/util/HashMap$Entry; @ 71
Event: 3,640 Thread 0x00007f84d8009800 Uncommon trap: reason=unstable_if action=reinterpret pc=0x00007f84d427ea74 method=ir.Indexer.processFiles(Ljava/io/File;)V @ 767
Event: 14,215 Thread 0x00007f84d8009800 Uncommon trap: reason=unstable_if action=reinterpret pc=0x00007f84d4258a88 method=sun.nio.cs.UTF_8$Decoder.xflow(Ljava/nio/Buffer;IILjava/nio/Buffer;II)Ljava/nio/charset/CoderResult; @ 18
Event: 14,261 Thread 0x00007f84d8009800 Uncommon trap: reason=unstable_if action=reinterpret pc=0x00007f84d4252c84 method=sun.nio.cs.UTF_8$Decoder.isMalformed3(III)Z @ 3
Event: 14,434 Thread 0x00007f84d8009800 Uncommon trap: reason=unstable_if action=reinterpret pc=0x00007f84d428b724 method=sun.nio.cs.StreamDecoder.implRead([CII)I @ 87
Event: 51,455 Thread 0x00007f84d8009800 Uncommon trap: reason=unstable_if action=reinterpret pc=0x00007f84d42a2dd8 method=java.nio.charset.CharsetDecoder.decode(Ljava/nio/ByteBuffer;Ljava/nio/CharBuffer;Z)Ljava/nio/charset/CoderResult; @ 105
Event: 51,455 Thread 0x00007f84d8009800 Uncommon trap: reason=unstable_if action=reinterpret pc=0x00007f84d426196c method=java.nio.charset.CharsetDecoder.decode(Ljava/nio/ByteBuffer;Ljava/nio/CharBuffer;Z)Ljava/nio/charset/CoderResult; @ 105

Internal exceptions (10 events):
Event: 0,377 Thread 0x00007f84d8009800 Threw 0x000000076b5f3d68 at /HUDSON/workspace/7u-2-build-linux-amd64/jdk7u80/2329/hotspot/src/share/vm/prims/jvm.cpp:1319
Event: 0,377 Thread 0x00007f84d8009800 Threw 0x000000076b5f56c0 at /HUDSON/workspace/7u-2-build-linux-amd64/jdk7u80/2329/hotspot/src/share/vm/prims/jvm.cpp:1319
Event: 0,377 Thread 0x00007f84d8009800 Threw 0x000000076b5f70b8 at /HUDSON/workspace/7u-2-build-linux-amd64/jdk7u80/2329/hotspot/src/share/vm/prims/jvm.cpp:1319
Event: 0,450 Thread 0x00007f84d8009800 Threw 0x000000076b834ca8 at /HUDSON/workspace/7u-2-build-linux-amd64/jdk7u80/2329/hotspot/src/share/vm/prims/jvm.cpp:1319
Event: 0,452 Thread 0x00007f84d8009800 Threw 0x000000076b83d0e0 at /HUDSON/workspace/7u-2-build-linux-amd64/jdk7u80/2329/hotspot/src/share/vm/prims/jvm.cpp:1319
Event: 0,507 Thread 0x00007f84d81fb000 Threw 0x000000076add6b40 at /HUDSON/workspace/7u-2-build-linux-amd64/jdk7u80/2329/hotspot/src/share/vm/prims/jvm.cpp:1319
Event: 0,507 Thread 0x00007f84d81fb000 Threw 0x000000076add6d68 at /HUDSON/workspace/7u-2-build-linux-amd64/jdk7u80/2329/hotspot/src/share/vm/prims/jvm.cpp:1319
Event: 0,507 Thread 0x00007f84d81fb000 Threw 0x000000076add91d8 at /HUDSON/workspace/7u-2-build-linux-amd64/jdk7u80/2329/hotspot/src/share/vm/prims/jvm.cpp:1319
Event: 0,507 Thread 0x00007f84d81fb000 Threw 0x000000076add9400 at /HUDSON/workspace/7u-2-build-linux-amd64/jdk7u80/2329/hotspot/src/share/vm/prims/jvm.cpp:1319
Event: 0,577 Thread 0x00007f84d81fb000 Threw 0x000000076adda208 at /HUDSON/workspace/7u-2-build-linux-amd64/jdk7u80/2329/hotspot/src/share/vm/prims/jni.cpp:743

Events (10 events):
Event: 49,616 Executing VM operation: ParallelGCFailedAllocation done
Event: 50,155 Executing VM operation: ParallelGCFailedAllocation
Event: 51,049 Executing VM operation: ParallelGCFailedAllocation done
Event: 51,455 Thread 0x00007f84d8009800 Uncommon trap: trap_request=0xffffff75 fr.pc=0x00007f84d42a2dd8
Event: 51,455 Thread 0x00007f84d8009800 DEOPT PACKING pc=0x00007f84d42a2dd8 sp=0x00007f84de0d5640
Event: 51,455 Thread 0x00007f84d8009800 DEOPT UNPACKING pc=0x00007f84d41ac445 sp=0x00007f84de0d5570 mode 2
Event: 51,455 Thread 0x00007f84d8009800 Uncommon trap: trap_request=0xffffff75 fr.pc=0x00007f84d426196c
Event: 51,455 Thread 0x00007f84d8009800 DEOPT PACKING pc=0x00007f84d426196c sp=0x00007f84de0d5580
Event: 51,455 Thread 0x00007f84d8009800 DEOPT UNPACKING pc=0x00007f84d41ac445 sp=0x00007f84de0d5560 mode 2
Event: 51,637 Executing VM operation: ParallelGCFailedAllocation


Dynamic libraries:
00400000-00401000 r-xp 00000000 08:02 538188                             /usr/lib/jvm/java-7-oracle/jre/bin/java
00600000-00601000 rw-p 00000000 08:02 538188                             /usr/lib/jvm/java-7-oracle/jre/bin/java
012a9000-012ca000 rw-p 00000000 00:00 0                                  [heap]
63ae00000-63c300000 rw-p 00000000 00:00 0 
63c300000-63c780000 ---p 00000000 00:00 0 
63c780000-640000000 rw-p 00000000 00:00 0 
640000000-6b2380000 rw-p 00000000 00:00 0 
6d6500000-76aa80000 rw-p 00000000 00:00 0 
76aa80000-7fbd00000 rw-p 00000000 00:00 0 
7fbd00000-800000000 rw-p 00000000 00:00 0 
7f8470000000-7f8470021000 rw-p 00000000 00:00 0 
7f8470021000-7f8474000000 ---p 00000000 00:00 0 
7f8478000000-7f84781bb000 rw-p 00000000 00:00 0 
7f84781bb000-7f847c000000 ---p 00000000 00:00 0 
7f847c000000-7f847c021000 rw-p 00000000 00:00 0 
7f847c021000-7f8480000000 ---p 00000000 00:00 0 
7f8480000000-7f8480021000 rw-p 00000000 00:00 0 
7f8480021000-7f8484000000 ---p 00000000 00:00 0 
7f8484000000-7f8484021000 rw-p 00000000 00:00 0 
7f8484021000-7f8488000000 ---p 00000000 00:00 0 
7f8488000000-7f8488021000 rw-p 00000000 00:00 0 
7f8488021000-7f848c000000 ---p 00000000 00:00 0 
7f848dcdf000-7f848dce0000 r--s 00000000 08:02 96748                      /var/cache/fontconfig/c05880de57d1f5e948fdfacc138775d9-le64.cache-4
7f848dce0000-7f848dceb000 r--s 00000000 08:02 96741                      /var/cache/fontconfig/945677eb7aeaf62f1d50efc3fb3ec7d8-le64.cache-4
7f848dceb000-7f848dced000 r--s 00000000 08:02 96743                      /var/cache/fontconfig/99e8ed0e538f840c565b6ed5dad60d56-le64.cache-4
7f848dced000-7f848dcf3000 r--s 00000000 08:02 96726                      /var/cache/fontconfig/2cd17615ca594fa2959ae173292e504c-le64.cache-4
7f848dcf3000-7f848dcf4000 r--s 00000000 08:02 96758                      /var/cache/fontconfig/e7071f4a29fa870f4323321c154eba04-le64.cache-4
7f848dcf4000-7f848dcfb000 r--s 00000000 08:02 96745                      /var/cache/fontconfig/a755afe4a08bf5b97852ceb7400b47bc-le64.cache-4
7f848dcfb000-7f848dd07000 r--s 00000000 08:02 96736                      /var/cache/fontconfig/6d41288fd70b0be22e8c3a91e032eec0-le64.cache-4
7f848dd07000-7f848dd1b000 r--s 00000000 08:02 96720                      /var/cache/fontconfig/04aabc0a78ac019cf9454389977116d2-le64.cache-4
7f848dd1b000-7f848dd2d000 r--s 00000000 08:02 96721                      /var/cache/fontconfig/0bd3dc0958fa2205aaaa8ebb13e2872b-le64.cache-4
7f848e523000-7f848e526000 ---p 00000000 00:00 0 
7f848e526000-7f848e624000 rw-p 00000000 00:00 0                          [stack:17311]
7f848e624000-7f848e641000 rw-s 00000000 00:05 7372814                    /SYSV00000000 (deleted)
7f848e875000-7f848e8de000 r-xp 00000000 08:02 537526                     /usr/lib/jvm/java-7-oracle/jre/lib/amd64/libt2k.so
7f848e8de000-7f848eadd000 ---p 00069000 08:02 537526                     /usr/lib/jvm/java-7-oracle/jre/lib/amd64/libt2k.so
7f848eadd000-7f848eae4000 rw-p 00068000 08:02 537526                     /usr/lib/jvm/java-7-oracle/jre/lib/amd64/libt2k.so
7f848eae4000-7f848eaf4000 rw-p 00000000 00:00 0 
7f848eaf4000-7f848eb04000 r-xp 00000000 08:02 537562                     /usr/lib/jvm/java-7-oracle/jre/lib/amd64/libnio.so
7f848eb04000-7f848ed04000 ---p 00010000 08:02 537562                     /usr/lib/jvm/java-7-oracle/jre/lib/amd64/libnio.so
7f848ed04000-7f848ed05000 rw-p 00010000 08:02 537562                     /usr/lib/jvm/java-7-oracle/jre/lib/amd64/libnio.so
7f848ed05000-7f848ed1c000 r-xp 00000000 08:02 537579                     /usr/lib/jvm/java-7-oracle/jre/lib/amd64/libnet.so
7f848ed1c000-7f848ef1b000 ---p 00017000 08:02 537579                     /usr/lib/jvm/java-7-oracle/jre/lib/amd64/libnet.so
7f848ef1b000-7f848ef1c000 rw-p 00016000 08:02 537579                     /usr/lib/jvm/java-7-oracle/jre/lib/amd64/libnet.so
7f848ef1c000-7f848ef32000 r-xp 00000000 08:02 1049705                    /lib/x86_64-linux-gnu/libgcc_s.so.1
7f848ef32000-7f848f131000 ---p 00016000 08:02 1049705                    /lib/x86_64-linux-gnu/libgcc_s.so.1
7f848f131000-7f848f132000 rw-p 00015000 08:02 1049705                    /lib/x86_64-linux-gnu/libgcc_s.so.1
7f848f132000-7f848f197000 r-xp 00000000 08:02 537580                     /usr/lib/jvm/java-7-oracle/jre/lib/amd64/libfontmanager.so
7f848f197000-7f848f396000 ---p 00065000 08:02 537580                     /usr/lib/jvm/java-7-oracle/jre/lib/amd64/libfontmanager.so
7f848f396000-7f848f39b000 rw-p 00064000 08:02 537580                     /usr/lib/jvm/java-7-oracle/jre/lib/amd64/libfontmanager.so
7f848f39b000-7f848f3ab000 rw-p 00000000 00:00 0 
7f848f3ab000-7f848f3e5000 r-xp 00000000 08:02 537548                     /usr/lib/jvm/java-7-oracle/jre/lib/amd64/libjpeg.so
7f848f3e5000-7f848f5e5000 ---p 0003a000 08:02 537548                     /usr/lib/jvm/java-7-oracle/jre/lib/amd64/libjpeg.so
7f848f5e5000-7f848f5e6000 rw-p 0003a000 08:02 537548                     /usr/lib/jvm/java-7-oracle/jre/lib/amd64/libjpeg.so
7f848f5e6000-7f848f5e9000 ---p 00000000 00:00 0 
7f848f5e9000-7f848f6e7000 rw-p 00000000 00:00 0 
7f848f6e7000-7f848f6ea000 ---p 00000000 00:00 0 
7f848f6ea000-7f848f7e8000 rw-p 00000000 00:00 0                          [stack:17309]
7f848f7e8000-7f848f7eb000 ---p 00000000 00:00 0 
7f848f7eb000-7f848f8e9000 rw-p 00000000 00:00 0                          [stack:17308]
7f848f8e9000-7f848f8ec000 ---p 00000000 00:00 0 
7f848f8ec000-7f848f9ea000 rw-p 00000000 00:00 0                          [stack:17307]
7f848f9ea000-7f848f9ef000 r-xp 00000000 08:02 532910                     /usr/lib/x86_64-linux-gnu/libXfixes.so.3.1.0
7f848f9ef000-7f848fbee000 ---p 00005000 08:02 532910                     /usr/lib/x86_64-linux-gnu/libXfixes.so.3.1.0
7f848fbee000-7f848fbef000 r--p 00004000 08:02 532910                     /usr/lib/x86_64-linux-gnu/libXfixes.so.3.1.0
7f848fbef000-7f848fbf0000 rw-p 00005000 08:02 532910                     /usr/lib/x86_64-linux-gnu/libXfixes.so.3.1.0
7f848fbf0000-7f848fbf9000 r-xp 00000000 08:02 532902                     /usr/lib/x86_64-linux-gnu/libXcursor.so.1.0.2
7f848fbf9000-7f848fdf8000 ---p 00009000 08:02 532902                     /usr/lib/x86_64-linux-gnu/libXcursor.so.1.0.2
7f848fdf8000-7f848fdf9000 r--p 00008000 08:02 532902                     /usr/lib/x86_64-linux-gnu/libXcursor.so.1.0.2
7f848fdf9000-7f848fdfa000 rw-p 00009000 08:02 532902                     /usr/lib/x86_64-linux-gnu/libXcursor.so.1.0.2
7f848fdfa000-7f848fdff000 r-xp 00000000 08:02 532906                     /usr/lib/x86_64-linux-gnu/libXdmcp.so.6.0.0
7f848fdff000-7f848fffe000 ---p 00005000 08:02 532906                     /usr/lib/x86_64-linux-gnu/libXdmcp.so.6.0.0
7f848fffe000-7f848ffff000 r--p 00004000 08:02 532906                     /usr/lib/x86_64-linux-gnu/libXdmcp.so.6.0.0
7f848ffff000-7f8490000000 rw-p 00005000 08:02 532906                     /usr/lib/x86_64-linux-gnu/libXdmcp.so.6.0.0
7f8490000000-7f8490021000 rw-p 00000000 00:00 0 
7f8490021000-7f8494000000 ---p 00000000 00:00 0 
7f8494000000-7f8494021000 rw-p 00000000 00:00 0 
7f8494021000-7f8498000000 ---p 00000000 00:00 0 
7f8498000000-7f8498d72000 rw-p 00000000 00:00 0 
7f8498d72000-7f849c000000 ---p 00000000 00:00 0 
7f849c000000-7f849cf8c000 rw-p 00000000 00:00 0 
7f849cf8c000-7f84a0000000 ---p 00000000 00:00 0 
7f84a0000000-7f84a0021000 rw-p 00000000 00:00 0 
7f84a0021000-7f84a4000000 ---p 00000000 00:00 0 
7f84a4000000-7f84a4021000 rw-p 00000000 00:00 0 
7f84a4021000-7f84a8000000 ---p 00000000 00:00 0 
7f84a8000000-7f84a8021000 rw-p 00000000 00:00 0 
7f84a8021000-7f84ac000000 ---p 00000000 00:00 0 
7f84ac000000-7f84ac001000 r--s 00000000 08:02 96723                      /var/cache/fontconfig/0d8c3b2ac0904cb8a57a757ad11a4a08-le64.cache-4
7f84ac001000-7f84ac00c000 r--s 00000000 08:02 99811                      /var/cache/fontconfig/a6354e3ac43af67bd8d7b8e43c34e49f-le64.cache-4
7f84ac00c000-7f84ac010000 r--s 00000000 08:02 96729                      /var/cache/fontconfig/385c0604a188198f04d133e54aba7fe7-le64.cache-4
7f84ac010000-7f84ac015000 r--s 00000000 08:02 96740                      /var/cache/fontconfig/8801497958630a81b71ace7c5f9b32a8-le64.cache-4
7f84ac015000-7f84ac01c000 r--s 00000000 08:02 96727                      /var/cache/fontconfig/3047814df9a2f067bd2d96a2b9c36e5a-le64.cache-4
7f84ac01c000-7f84ac022000 r--s 00000000 08:02 96746                      /var/cache/fontconfig/b47c4e1ecd0709278f4910c18777a504-le64.cache-4
7f84ac022000-7f84ac035000 r--s 00000000 08:02 96752                      /var/cache/fontconfig/d52a8644073d54c13679302ca1180695-le64.cache-4
7f84ac035000-7f84ac03e000 r--s 00000000 08:02 96730                      /var/cache/fontconfig/3f7329c5293ffd510edef78f73874cfd-le64.cache-4
7f84ac0c1000-7f84ac0c4000 ---p 00000000 00:00 0 
7f84ac0c4000-7f84ac1c2000 rw-p 00000000 00:00 0                          [stack:17306]
7f84ac1c2000-7f84ac1c4000 r-xp 00000000 08:02 532895                     /usr/lib/x86_64-linux-gnu/libXau.so.6.0.0
7f84ac1c4000-7f84ac3c4000 ---p 00002000 08:02 532895                     /usr/lib/x86_64-linux-gnu/libXau.so.6.0.0
7f84ac3c4000-7f84ac3c5000 r--p 00002000 08:02 532895                     /usr/lib/x86_64-linux-gnu/libXau.so.6.0.0
7f84ac3c5000-7f84ac3c6000 rw-p 00003000 08:02 532895                     /usr/lib/x86_64-linux-gnu/libXau.so.6.0.0
7f84ac3c6000-7f84ac3e3000 r-xp 00000000 08:02 534114                     /usr/lib/x86_64-linux-gnu/libxcb.so.1.1.0
7f84ac3e3000-7f84ac5e3000 ---p 0001d000 08:02 534114                     /usr/lib/x86_64-linux-gnu/libxcb.so.1.1.0
7f84ac5e3000-7f84ac5e4000 r--p 0001d000 08:02 534114                     /usr/lib/x86_64-linux-gnu/libxcb.so.1.1.0
7f84ac5e4000-7f84ac5e5000 rw-p 0001e000 08:02 534114                     /usr/lib/x86_64-linux-gnu/libxcb.so.1.1.0
7f84ac5e5000-7f84ac5f4000 r-xp 00000000 08:02 532916                     /usr/lib/x86_64-linux-gnu/libXi.so.6.1.0
7f84ac5f4000-7f84ac7f3000 ---p 0000f000 08:02 532916                     /usr/lib/x86_64-linux-gnu/libXi.so.6.1.0
7f84ac7f3000-7f84ac7f4000 r--p 0000e000 08:02 532916                     /usr/lib/x86_64-linux-gnu/libXi.so.6.1.0
7f84ac7f4000-7f84ac7f5000 rw-p 0000f000 08:02 532916                     /usr/lib/x86_64-linux-gnu/libXi.so.6.1.0
7f84ac7f5000-7f84ac7fa000 r-xp 00000000 08:02 532936                     /usr/lib/x86_64-linux-gnu/libXtst.so.6.1.0
7f84ac7fa000-7f84ac9f9000 ---p 00005000 08:02 532936                     /usr/lib/x86_64-linux-gnu/libXtst.so.6.1.0
7f84ac9f9000-7f84ac9fa000 r--p 00004000 08:02 532936                     /usr/lib/x86_64-linux-gnu/libXtst.so.6.1.0
7f84ac9fa000-7f84ac9fb000 rw-p 00005000 08:02 532936                     /usr/lib/x86_64-linux-gnu/libXtst.so.6.1.0
7f84ac9fb000-7f84aca04000 r-xp 00000000 08:02 532930                     /usr/lib/x86_64-linux-gnu/libXrender.so.1.3.0
7f84aca04000-7f84acc03000 ---p 00009000 08:02 532930                     /usr/lib/x86_64-linux-gnu/libXrender.so.1.3.0
7f84acc03000-7f84acc04000 r--p 00008000 08:02 532930                     /usr/lib/x86_64-linux-gnu/libXrender.so.1.3.0
7f84acc04000-7f84acc05000 rw-p 00009000 08:02 532930                     /usr/lib/x86_64-linux-gnu/libXrender.so.1.3.0
7f84acc05000-7f84acd35000 r-xp 00000000 08:02 532891                     /usr/lib/x86_64-linux-gnu/libX11.so.6.3.0
7f84acd35000-7f84acf35000 ---p 00130000 08:02 532891                     /usr/lib/x86_64-linux-gnu/libX11.so.6.3.0
7f84acf35000-7f84acf36000 r--p 00130000 08:02 532891                     /usr/lib/x86_64-linux-gnu/libX11.so.6.3.0
7f84acf36000-7f84acf3a000 rw-p 00131000 08:02 532891                     /usr/lib/x86_64-linux-gnu/libX11.so.6.3.0
7f84acf3a000-7f84acf4b000 r-xp 00000000 08:02 532908                     /usr/lib/x86_64-linux-gnu/libXext.so.6.4.0
7f84acf4b000-7f84ad14a000 ---p 00011000 08:02 532908                     /usr/lib/x86_64-linux-gnu/libXext.so.6.4.0
7f84ad14a000-7f84ad14b000 r--p 00010000 08:02 532908                     /usr/lib/x86_64-linux-gnu/libXext.so.6.4.0
7f84ad14b000-7f84ad14c000 rw-p 00011000 08:02 532908                     /usr/lib/x86_64-linux-gnu/libXext.so.6.4.0
7f84ad14c000-7f84ad19c000 r-xp 00000000 08:02 537583                     /usr/lib/jvm/java-7-oracle/jre/lib/amd64/xawt/libmawt.so
7f84ad19c000-7f84ad39c000 ---p 00050000 08:02 537583                     /usr/lib/jvm/java-7-oracle/jre/lib/amd64/xawt/libmawt.so
7f84ad39c000-7f84ad3a0000 rw-p 00050000 08:02 537583                     /usr/lib/jvm/java-7-oracle/jre/lib/amd64/xawt/libmawt.so
7f84ad3a0000-7f84ad3a1000 rw-p 00000000 00:00 0 
7f84ad3a1000-7f84ad443000 r-xp 00000000 08:02 537543                     /usr/lib/jvm/java-7-oracle/jre/lib/amd64/libawt.so
7f84ad443000-7f84ad643000 ---p 000a2000 08:02 537543                     /usr/lib/jvm/java-7-oracle/jre/lib/amd64/libawt.so
7f84ad643000-7f84ad64f000 rw-p 000a2000 08:02 537543                     /usr/lib/jvm/java-7-oracle/jre/lib/amd64/libawt.so
7f84ad64f000-7f84ad673000 rw-p 00000000 00:00 0 
7f84ad673000-7f84ad674000 ---p 00000000 00:00 0 
7f84ad674000-7f84ad774000 rw-p 00000000 00:00 0                          [stack:17305]
7f84ad774000-7f84ad777000 ---p 00000000 00:00 0 
7f84ad777000-7f84ad875000 rw-p 00000000 00:00 0                          [stack:17304]
7f84ad875000-7f84ad878000 ---p 00000000 00:00 0 
7f84ad878000-7f84ad976000 rw-p 00000000 00:00 0                          [stack:17303]
7f84ad976000-7f84add70000 r--p 00000000 08:02 531394                     /usr/lib/locale/locale-archive
7f84add70000-7f84bc000000 rw-p 00000000 00:00 0 
7f84bc000000-7f84bc192000 rw-p 00000000 00:00 0 
7f84bc192000-7f84c0000000 ---p 00000000 00:00 0 
7f84c0000000-7f84c024e000 rw-p 00000000 00:00 0 
7f84c024e000-7f84c4000000 ---p 00000000 00:00 0 
7f84c4000000-7f84c4083000 rw-p 00000000 00:00 0 
7f84c4083000-7f84c8000000 ---p 00000000 00:00 0 
7f84c8000000-7f84c81b9000 rw-p 00000000 00:00 0 
7f84c81b9000-7f84cc000000 ---p 00000000 00:00 0 
7f84cc000000-7f84cc021000 rw-p 00000000 00:00 0 
7f84cc021000-7f84d0000000 ---p 00000000 00:00 0 
7f84d0000000-7f84d0001000 r--s 00000000 08:02 96725                      /var/cache/fontconfig/1ac9eb803944fde146138c791f5cc56a-le64.cache-4
7f84d0001000-7f84d0002000 r--s 00000000 08:02 96755                      /var/cache/fontconfig/dc05db6664285cc2f12bf69c139ae4c3-le64.cache-4
7f84d0002000-7f84d000d000 r--s 00000000 08:02 96753                      /var/cache/fontconfig/d589a48862398ed80a3d6066f4f56f4c-le64.cache-4
7f84d0073000-7f84d00a4000 rw-p 00000000 00:00 0 
7f84d00a4000-7f84d00a7000 ---p 00000000 00:00 0 
7f84d00a7000-7f84d01a5000 rw-p 00000000 00:00 0                          [stack:17302]
7f84d01a5000-7f84d01a8000 ---p 00000000 00:00 0 
7f84d01a8000-7f84d02a6000 rw-p 00000000 00:00 0                          [stack:17301]
7f84d02a6000-7f84d02a9000 ---p 00000000 00:00 0 
7f84d02a9000-7f84d03a7000 rw-p 00000000 00:00 0                          [stack:17300]
7f84d03a7000-7f84d03aa000 ---p 00000000 00:00 0 
7f84d03aa000-7f84d04a8000 rw-p 00000000 00:00 0                          [stack:17299]
7f84d04a8000-7f84d04a9000 ---p 00000000 00:00 0 
7f84d04a9000-7f84d15a8000 rw-p 00000000 00:00 0                          [stack:17298]
7f84d15a8000-7f84d1768000 r--s 039fb000 08:02 537590                     /usr/lib/jvm/java-7-oracle/jre/lib/rt.jar
7f84d1768000-7f84d26f0000 rw-p 00000000 00:00 0 
7f84d26f0000-7f84d26f1000 ---p 00000000 00:00 0 
7f84d26f1000-7f84d27f1000 rw-p 00000000 00:00 0                          [stack:17297]
7f84d27f1000-7f84d27f2000 ---p 00000000 00:00 0 
7f84d27f2000-7f84d28f2000 rw-p 00000000 00:00 0                          [stack:17296]
7f84d28f2000-7f84d28f3000 ---p 00000000 00:00 0 
7f84d28f3000-7f84d2d85000 rw-p 00000000 00:00 0                          [stack:17295]
7f84d2d85000-7f84d3349000 rw-p 00000000 00:00 0 
7f84d3349000-7f84d3354000 rw-p 00000000 00:00 0 
7f84d3354000-7f84d3356000 ---p 00000000 00:00 0 
7f84d3356000-7f84d3372000 rw-p 00000000 00:00 0 
7f84d3372000-7f84d3704000 rw-p 00000000 00:00 0 
7f84d3704000-7f84d3cc7000 rw-p 00000000 00:00 0 
7f84d3cc7000-7f84d4151000 rw-p 00000000 00:00 0 
7f84d4151000-7f84d4172000 rw-p 00000000 00:00 0 
7f84d4172000-7f84d4173000 rw-p 00000000 00:00 0 
7f84d4173000-7f84d43e3000 rwxp 00000000 00:00 0 
7f84d43e3000-7f84d7173000 rw-p 00000000 00:00 0 
7f84d7173000-7f84d718a000 r-xp 00000000 08:02 537529                     /usr/lib/jvm/java-7-oracle/jre/lib/amd64/libzip.so
7f84d718a000-7f84d738a000 ---p 00017000 08:02 537529                     /usr/lib/jvm/java-7-oracle/jre/lib/amd64/libzip.so
7f84d738a000-7f84d738b000 rw-p 00017000 08:02 537529                     /usr/lib/jvm/java-7-oracle/jre/lib/amd64/libzip.so
7f84d738b000-7f84d7396000 r-xp 00000000 08:02 1070212                    /lib/x86_64-linux-gnu/libnss_files-2.19.so
7f84d7396000-7f84d7595000 ---p 0000b000 08:02 1070212                    /lib/x86_64-linux-gnu/libnss_files-2.19.so
7f84d7595000-7f84d7596000 r--p 0000a000 08:02 1070212                    /lib/x86_64-linux-gnu/libnss_files-2.19.so
7f84d7596000-7f84d7597000 rw-p 0000b000 08:02 1070212                    /lib/x86_64-linux-gnu/libnss_files-2.19.so
7f84d7597000-7f84d75a2000 r-xp 00000000 08:02 1070204                    /lib/x86_64-linux-gnu/libnss_nis-2.19.so
7f84d75a2000-7f84d77a1000 ---p 0000b000 08:02 1070204                    /lib/x86_64-linux-gnu/libnss_nis-2.19.so
7f84d77a1000-7f84d77a2000 r--p 0000a000 08:02 1070204                    /lib/x86_64-linux-gnu/libnss_nis-2.19.so
7f84d77a2000-7f84d77a3000 rw-p 0000b000 08:02 1070204                    /lib/x86_64-linux-gnu/libnss_nis-2.19.so
7f84d77a3000-7f84d77ba000 r-xp 00000000 08:02 1070200                    /lib/x86_64-linux-gnu/libnsl-2.19.so
7f84d77ba000-7f84d79b9000 ---p 00017000 08:02 1070200                    /lib/x86_64-linux-gnu/libnsl-2.19.so
7f84d79b9000-7f84d79ba000 r--p 00016000 08:02 1070200                    /lib/x86_64-linux-gnu/libnsl-2.19.so
7f84d79ba000-7f84d79bb000 rw-p 00017000 08:02 1070200                    /lib/x86_64-linux-gnu/libnsl-2.19.so
7f84d79bb000-7f84d79bd000 rw-p 00000000 00:00 0 
7f84d79bd000-7f84d79c6000 r-xp 00000000 08:02 1070199                    /lib/x86_64-linux-gnu/libnss_compat-2.19.so
7f84d79c6000-7f84d7bc5000 ---p 00009000 08:02 1070199                    /lib/x86_64-linux-gnu/libnss_compat-2.19.so
7f84d7bc5000-7f84d7bc6000 r--p 00008000 08:02 1070199                    /lib/x86_64-linux-gnu/libnss_compat-2.19.so
7f84d7bc6000-7f84d7bc7000 rw-p 00009000 08:02 1070199                    /lib/x86_64-linux-gnu/libnss_compat-2.19.so
7f84d7bc7000-7f84d7bf0000 r-xp 00000000 08:02 537563                     /usr/lib/jvm/java-7-oracle/jre/lib/amd64/libjava.so
7f84d7bf0000-7f84d7df0000 ---p 00029000 08:02 537563                     /usr/lib/jvm/java-7-oracle/jre/lib/amd64/libjava.so
7f84d7df0000-7f84d7df2000 rw-p 00029000 08:02 537563                     /usr/lib/jvm/java-7-oracle/jre/lib/amd64/libjava.so
7f84d7df2000-7f84d7dff000 r-xp 00000000 08:02 537558                     /usr/lib/jvm/java-7-oracle/jre/lib/amd64/libverify.so
7f84d7dff000-7f84d7ffe000 ---p 0000d000 08:02 537558                     /usr/lib/jvm/java-7-oracle/jre/lib/amd64/libverify.so
7f84d7ffe000-7f84d8000000 rw-p 0000c000 08:02 537558                     /usr/lib/jvm/java-7-oracle/jre/lib/amd64/libverify.so
7f84d8000000-7f84d82dc000 rw-p 00000000 00:00 0 
7f84d82dc000-7f84dc000000 ---p 00000000 00:00 0 
7f84dc000000-7f84dc002000 r--s 00000000 08:02 96738                      /var/cache/fontconfig/767a8244fc0220cfb567a839d0392e0b-le64.cache-4
7f84dc002000-7f84dc003000 r--s 00000000 08:02 96731                      /var/cache/fontconfig/4794a0821666d79190d59a36cb4f44b5-le64.cache-4
7f84dc003000-7f84dc004000 r--s 00000000 08:02 96733                      /var/cache/fontconfig/56cf4f4769d0f4abc89a4895d7bd3ae1-le64.cache-4
7f84dc004000-7f84dc02c000 rw-p 00000000 00:00 0 
7f84dc02c000-7f84dc02d000 ---p 00000000 00:00 0 
7f84dc02d000-7f84dc138000 rw-p 00000000 00:00 0                          [stack:17294]
7f84dc138000-7f84dc13a000 ---p 00000000 00:00 0 
7f84dc13a000-7f84dc156000 rw-p 00000000 00:00 0 
7f84dc156000-7f84dc15d000 r-xp 00000000 08:02 1070208                    /lib/x86_64-linux-gnu/librt-2.19.so
7f84dc15d000-7f84dc35c000 ---p 00007000 08:02 1070208                    /lib/x86_64-linux-gnu/librt-2.19.so
7f84dc35c000-7f84dc35d000 r--p 00006000 08:02 1070208                    /lib/x86_64-linux-gnu/librt-2.19.so
7f84dc35d000-7f84dc35e000 rw-p 00007000 08:02 1070208                    /lib/x86_64-linux-gnu/librt-2.19.so
7f84dc35e000-7f84dc463000 r-xp 00000000 08:02 1070194                    /lib/x86_64-linux-gnu/libm-2.19.so
7f84dc463000-7f84dc662000 ---p 00105000 08:02 1070194                    /lib/x86_64-linux-gnu/libm-2.19.so
7f84dc662000-7f84dc663000 r--p 00104000 08:02 1070194                    /lib/x86_64-linux-gnu/libm-2.19.so
7f84dc663000-7f84dc664000 rw-p 00105000 08:02 1070194                    /lib/x86_64-linux-gnu/libm-2.19.so
7f84dc664000-7f84dd1da000 r-xp 00000000 08:02 537570                     /usr/lib/jvm/java-7-oracle/jre/lib/amd64/server/libjvm.so
7f84dd1da000-7f84dd3d9000 ---p 00b76000 08:02 537570                     /usr/lib/jvm/java-7-oracle/jre/lib/amd64/server/libjvm.so
7f84dd3d9000-7f84dd49d000 rw-p 00b75000 08:02 537570                     /usr/lib/jvm/java-7-oracle/jre/lib/amd64/server/libjvm.so
7f84dd49d000-7f84dd4de000 rw-p 00000000 00:00 0 
7f84dd4de000-7f84dd699000 r-xp 00000000 08:02 1070209                    /lib/x86_64-linux-gnu/libc-2.19.so
7f84dd699000-7f84dd898000 ---p 001bb000 08:02 1070209                    /lib/x86_64-linux-gnu/libc-2.19.so
7f84dd898000-7f84dd89c000 r--p 001ba000 08:02 1070209                    /lib/x86_64-linux-gnu/libc-2.19.so
7f84dd89c000-7f84dd89e000 rw-p 001be000 08:02 1070209                    /lib/x86_64-linux-gnu/libc-2.19.so
7f84dd89e000-7f84dd8a3000 rw-p 00000000 00:00 0 
7f84dd8a3000-7f84dd8a6000 r-xp 00000000 08:02 1070196                    /lib/x86_64-linux-gnu/libdl-2.19.so
7f84dd8a6000-7f84ddaa5000 ---p 00003000 08:02 1070196                    /lib/x86_64-linux-gnu/libdl-2.19.so
7f84ddaa5000-7f84ddaa6000 r--p 00002000 08:02 1070196                    /lib/x86_64-linux-gnu/libdl-2.19.so
7f84ddaa6000-7f84ddaa7000 rw-p 00003000 08:02 1070196                    /lib/x86_64-linux-gnu/libdl-2.19.so
7f84ddaa7000-7f84ddabc000 r-xp 00000000 08:02 537539                     /usr/lib/jvm/java-7-oracle/jre/lib/amd64/jli/libjli.so
7f84ddabc000-7f84ddcbb000 ---p 00015000 08:02 537539                     /usr/lib/jvm/java-7-oracle/jre/lib/amd64/jli/libjli.so
7f84ddcbb000-7f84ddcbc000 rw-p 00014000 08:02 537539                     /usr/lib/jvm/java-7-oracle/jre/lib/amd64/jli/libjli.so
7f84ddcbc000-7f84ddcd5000 r-xp 00000000 08:02 1070201                    /lib/x86_64-linux-gnu/libpthread-2.19.so
7f84ddcd5000-7f84dded4000 ---p 00019000 08:02 1070201                    /lib/x86_64-linux-gnu/libpthread-2.19.so
7f84dded4000-7f84dded5000 r--p 00018000 08:02 1070201                    /lib/x86_64-linux-gnu/libpthread-2.19.so
7f84dded5000-7f84dded6000 rw-p 00019000 08:02 1070201                    /lib/x86_64-linux-gnu/libpthread-2.19.so
7f84dded6000-7f84ddeda000 rw-p 00000000 00:00 0 
7f84ddeda000-7f84ddefd000 r-xp 00000000 08:02 1070202                    /lib/x86_64-linux-gnu/ld-2.19.so
7f84ddefd000-7f84ddefe000 r--s 00000000 08:02 96747                      /var/cache/fontconfig/b9d506c9ac06c20b433354fa67a72993-le64.cache-4
7f84ddefe000-7f84ddf01000 r--s 00000000 08:02 96898                      /var/cache/fontconfig/e13b20fdb08344e0e664864cc2ede53d-le64.cache-4
7f84ddf01000-7f84ddf05000 r--s 00000000 08:02 99809                      /var/cache/fontconfig/7ef2298fde41cc6eeb7af42e48b7d293-le64.cache-4
7f84ddf16000-7f84ddf20000 rw-p 00000000 00:00 0 
7f84ddf20000-7f84ddfd6000 rw-p 00000000 00:00 0 
7f84ddfd6000-7f84ddfd9000 ---p 00000000 00:00 0 
7f84ddfd9000-7f84de0db000 rw-p 00000000 00:00 0                          [stack:17293]
7f84de0db000-7f84de0dc000 r--s 00000000 08:02 96722                      /var/cache/fontconfig/0c9eb80ebd1c36541ebe2852d3bb0c49-le64.cache-4
7f84de0ef000-7f84de0f0000 rw-p 00000000 00:00 0 
7f84de0f0000-7f84de0f8000 rw-s 00000000 08:02 13278                      /tmp/hsperfdata_ted-cassirer/17292
7f84de0f8000-7f84de0f9000 rw-p 00000000 00:00 0 
7f84de0f9000-7f84de0fa000 ---p 00000000 00:00 0 
7f84de0fa000-7f84de0fc000 rw-p 00000000 00:00 0 
7f84de0fc000-7f84de0fd000 r--p 00022000 08:02 1070202                    /lib/x86_64-linux-gnu/ld-2.19.so
7f84de0fd000-7f84de0fe000 rw-p 00023000 08:02 1070202                    /lib/x86_64-linux-gnu/ld-2.19.so
7f84de0fe000-7f84de0ff000 rw-p 00000000 00:00 0 
7fff43676000-7fff43697000 rw-p 00000000 00:00 0                          [stack]
7fff43760000-7fff43762000 r--p 00000000 00:00 0                          [vvar]
7fff43762000-7fff43764000 r-xp 00000000 00:00 0                          [vdso]
ffffffffff600000-ffffffffff601000 r-xp 00000000 00:00 0                  [vsyscall]

VM Arguments:
jvm_args: -Xmx7168m 
java_command: ir.SearchGUI -d /home/ted-cassirer/Desktop/Skolan/davisWiki
Launcher Type: SUN_STANDARD

Environment Variables:
PATH=/usr/local/sbin:/usr/local/bin:/usr/sbin:/usr/bin:/sbin:/bin:/usr/games:/usr/local/games
USERNAME=ted-cassirer
SHELL=/bin/bash
DISPLAY=:0

Signal Handlers:
SIGSEGV: [libjvm.so+0x9a3b20], sa_mask[0]=0x7ffbfeff, sa_flags=0x10000004
SIGBUS: [libjvm.so+0x9a3b20], sa_mask[0]=0x7ffbfeff, sa_flags=0x10000004
SIGFPE: [libjvm.so+0x81e740], sa_mask[0]=0x7ffbfeff, sa_flags=0x10000004
SIGPIPE: [libjvm.so+0x81e740], sa_mask[0]=0x7ffbfeff, sa_flags=0x10000004
SIGXFSZ: [libjvm.so+0x81e740], sa_mask[0]=0x7ffbfeff, sa_flags=0x10000004
SIGILL: [libjvm.so+0x81e740], sa_mask[0]=0x7ffbfeff, sa_flags=0x10000004
SIGUSR1: SIG_DFL, sa_mask[0]=0x00000000, sa_flags=0x00000000
SIGUSR2: [libjvm.so+0x81ffb0], sa_mask[0]=0x00000000, sa_flags=0x10000004
SIGHUP: [libjvm.so+0x8210d0], sa_mask[0]=0x7ffbfeff, sa_flags=0x10000004
SIGINT: [libjvm.so+0x8210d0], sa_mask[0]=0x7ffbfeff, sa_flags=0x10000004
SIGTERM: [libjvm.so+0x8210d0], sa_mask[0]=0x7ffbfeff, sa_flags=0x10000004
SIGQUIT: [libjvm.so+0x8210d0], sa_mask[0]=0x7ffbfeff, sa_flags=0x10000004


---------------  S Y S T E M  ---------------

OS:jessie/sid

uname:Linux 4.4.0-040400-generic #201601101930 SMP Mon Jan 11 00:32:41 UTC 2016 x86_64
libc:glibc 2.19 NPTL 2.19 
rlimit: STACK 8192k, CORE 0k, NPROC 31128, NOFILE 4096, AS infinity
load average:3,62 1,92 1,62

/proc/meminfo:
MemTotal:        8062264 kB
MemFree:           42784 kB
MemAvailable:     387708 kB
Buffers:           17032 kB
Cached:           850516 kB
SwapCached:            0 kB
Active:          7179380 kB
Inactive:         617052 kB
Active(anon):    7005988 kB
Inactive(anon):   458000 kB
Active(file):     173392 kB
Inactive(file):   159052 kB
Unevictable:         472 kB
Mlocked:        51539608024 kB
SwapTotal:             0 kB
SwapFree:              0 kB
Dirty:               152 kB
Writeback:             0 kB
AnonPages:       6929372 kB
Mapped:           551296 kB
Shmem:            535104 kB
Slab:              94652 kB
SReclaimable:      54840 kB
SUnreclaim:        39812 kB
KernelStack:       11296 kB
PageTables:        54064 kB
NFS_Unstable:          0 kB
Bounce:                0 kB
WritebackTmp:          0 kB
CommitLimit:     4031132 kB
Committed_AS:   13948024 kB
VmallocTotal:   34359738367 kB
VmallocUsed:           0 kB
VmallocChunk:          0 kB
HardwareCorrupted:     0 kB
AnonHugePages:   4333568 kB
CmaTotal:              0 kB
CmaFree:               0 kB
HugePages_Total:       0
HugePages_Free:        0
HugePages_Rsvd:        0
HugePages_Surp:        0
Hugepagesize:       2048 kB
DirectMap4k:      165284 kB
DirectMap2M:     4964352 kB
DirectMap1G:     3145728 kB


CPU:total 4 (2 cores per cpu, 2 threads per core) family 6 model 78 stepping 3, cmov, cx8, fxsr, mmx, sse, sse2, sse3, ssse3, sse4.1, sse4.2, popcnt, avx, avx2, aes, erms, ht, tsc, tscinvbit

/proc/cpuinfo:
processor	: 0
vendor_id	: GenuineIntel
cpu family	: 6
model		: 78
model name	: Intel(R) Core(TM) i5-6200U CPU @ 2.30GHz
stepping	: 3
microcode	: 0x33
cpu MHz		: 2700.000
cache size	: 3072 KB
physical id	: 0
siblings	: 4
core id		: 0
cpu cores	: 2
apicid		: 0
initial apicid	: 0
fpu		: yes
fpu_exception	: yes
cpuid level	: 22
wp		: yes
flags		: fpu vme de pse tsc msr pae mce cx8 apic sep mtrr pge mca cmov pat pse36 clflush dts acpi mmx fxsr sse sse2 ss ht tm pbe syscall nx pdpe1gb rdtscp lm constant_tsc arch_perfmon pebs bts rep_good nopl xtopology nonstop_tsc aperfmperf eagerfpu pni pclmulqdq dtes64 monitor ds_cpl vmx est tm2 ssse3 sdbg fma cx16 xtpr pdcm pcid sse4_1 sse4_2 x2apic movbe popcnt tsc_deadline_timer aes xsave avx f16c rdrand lahf_lm abm 3dnowprefetch ida arat epb pln pts dtherm hwp hwp_notify hwp_act_window hwp_epp intel_pt tpr_shadow vnmi flexpriority ept vpid fsgsbase tsc_adjust bmi1 avx2 smep bmi2 erms invpcid mpx rdseed adx smap clflushopt xsaveopt xsavec xgetbv1
bugs		:
bogomips	: 4799.88
clflush size	: 64
cache_alignment	: 64
address sizes	: 39 bits physical, 48 bits virtual
power management:

processor	: 1
vendor_id	: GenuineIntel
cpu family	: 6
model		: 78
model name	: Intel(R) Core(TM) i5-6200U CPU @ 2.30GHz
stepping	: 3
microcode	: 0x33
cpu MHz		: 2781.093
cache size	: 3072 KB
physical id	: 0
siblings	: 4
core id		: 1
cpu cores	: 2
apicid		: 2
initial apicid	: 2
fpu		: yes
fpu_exception	: yes
cpuid level	: 22
wp		: yes
flags		: fpu vme de pse tsc msr pae mce cx8 apic sep mtrr pge mca cmov pat pse36 clflush dts acpi mmx fxsr sse sse2 ss ht tm pbe syscall nx pdpe1gb rdtscp lm constant_tsc arch_perfmon pebs bts rep_good nopl xtopology nonstop_tsc aperfmperf eagerfpu pni pclmulqdq dtes64 monitor ds_cpl vmx est tm2 ssse3 sdbg fma cx16 xtpr pdcm pcid sse4_1 sse4_2 x2apic movbe popcnt tsc_deadline_timer aes xsave avx f16c rdrand lahf_lm abm 3dnowprefetch ida arat epb pln pts dtherm hwp hwp_notify hwp_act_window hwp_epp intel_pt tpr_shadow vnmi flexpriority ept vpid fsgsbase tsc_adjust bmi1 avx2 smep bmi2 erms invpcid mpx rdseed adx smap clflushopt xsaveopt xsavec xgetbv1
bugs		:
bogomips	: 4799.88
clflush size	: 64
cache_alignment	: 64
address sizes	: 39 bits physical, 48 bits virtual
power management:

processor	: 2
vendor_id	: GenuineIntel
cpu family	: 6
model		: 78
model name	: Intel(R) Core(TM) i5-6200U CPU @ 2.30GHz
stepping	: 3
microcode	: 0x33
cpu MHz		: 2717.343
cache size	: 3072 KB
physical id	: 0
siblings	: 4
core id		: 0
cpu cores	: 2
apicid		: 1
initial apicid	: 1
fpu		: yes
fpu_exception	: yes
cpuid level	: 22
wp		: yes
flags		: fpu vme de pse tsc msr pae mce cx8 apic sep mtrr pge mca cmov pat pse36 clflush dts acpi mmx fxsr sse sse2 ss ht tm pbe syscall nx pdpe1gb rdtscp lm constant_tsc arch_perfmon pebs bts rep_good nopl xtopology nonstop_tsc aperfmperf eagerfpu pni pclmulqdq dtes64 monitor ds_cpl vmx est tm2 ssse3 sdbg fma cx16 xtpr pdcm pcid sse4_1 sse4_2 x2apic movbe popcnt tsc_deadline_timer aes xsave avx f16c rdrand lahf_lm abm 3dnowprefetch ida arat epb pln pts dtherm hwp hwp_notify hwp_act_window hwp_epp intel_pt tpr_shadow vnmi flexpriority ept vpid fsgsbase tsc_adjust bmi1 avx2 smep bmi2 erms invpcid mpx rdseed adx smap clflushopt xsaveopt xsavec xgetbv1
bugs		:
bogomips	: 4799.88
clflush size	: 64
cache_alignment	: 64
address sizes	: 39 bits physical, 48 bits virtual
power management:

processor	: 3
vendor_id	: GenuineIntel
cpu family	: 6
model		: 78
model name	: Intel(R) Core(TM) i5-6200U CPU @ 2.30GHz
stepping	: 3
microcode	: 0x33
cpu MHz		: 2777.156
cache size	: 3072 KB
physical id	: 0
siblings	: 4
core id		: 1
cpu cores	: 2
apicid		: 3
initial apicid	: 3
fpu		: yes
fpu_exception	: yes
cpuid level	: 22
wp		: yes
flags		: fpu vme de pse tsc msr pae mce cx8 apic sep mtrr pge mca cmov pat pse36 clflush dts acpi mmx fxsr sse sse2 ss ht tm pbe syscall nx pdpe1gb rdtscp lm constant_tsc arch_perfmon pebs bts rep_good nopl xtopology nonstop_tsc aperfmperf eagerfpu pni pclmulqdq dtes64 monitor ds_cpl vmx est tm2 ssse3 sdbg fma cx16 xtpr pdcm pcid sse4_1 sse4_2 x2apic movbe popcnt tsc_deadline_timer aes xsave avx f16c rdrand lahf_lm abm 3dnowprefetch ida arat epb pln pts dtherm hwp hwp_notify hwp_act_window hwp_epp intel_pt tpr_shadow vnmi flexpriority ept vpid fsgsbase tsc_adjust bmi1 avx2 smep bmi2 erms invpcid mpx rdseed adx smap clflushopt xsaveopt xsavec xgetbv1
bugs		:
bogomips	: 4799.88
clflush size	: 64
cache_alignment	: 64
address sizes	: 39 bits physical, 48 bits virtual
power management:



Memory: 4k page, physical 8062264k(42784k free), swap 0k(0k free)

vm_info: Java HotSpot(TM) 64-Bit Server VM (24.80-b11) for linux-amd64 JRE (1.7.0_80-b15), built on Apr 10 2015 19:53:14 by "java_re" with gcc 4.3.0 20080428 (Red Hat 4.3.0-8)

time: Sat Mar 12 17:58:04 2016
elapsed time: 63 seconds

