#
# There is insufficient memory for the Java Runtime Environment to continue.
# Native memory allocation (malloc) failed to allocate 354418688 bytes for committing reserved memory.
# Possible reasons:
#   The system is out of physical RAM or swap space
#   In 32 bit mode, the process size limit was hit
# Possible solutions:
#   Reduce memory load on the system
#   Increase physical memory or swap space
#   Check if swap backing store is full
#   Use 64 bit Java on a 64 bit OS
#   Decrease Java heap size (-Xmx/-Xms)
#   Decrease number of Java threads
#   Decrease Java thread stack sizes (-Xss)
#   Set larger code cache with -XX:ReservedCodeCacheSize=
# This output file may be truncated or incomplete.
#
#  Out of Memory Error (os_linux.cpp:2756), pid=1461, tid=139696865728256
#
# JRE version: Java(TM) SE Runtime Environment (7.0_80-b15) (build 1.7.0_80-b15)
# Java VM: Java HotSpot(TM) 64-Bit Server VM (24.80-b11 mixed mode linux-amd64 compressed oops)
# Failed to write core dump. Core dumps have been disabled. To enable core dumping, try "ulimit -c unlimited" before starting Java again
#

---------------  T H R E A D  ---------------

Current thread (0x00007f0dc0069800):  VMThread [stack: 0x00007f0db5fed000,0x00007f0db60ee000] [id=1467]

Stack: [0x00007f0db5fed000,0x00007f0db60ee000],  sp=0x00007f0db60ec320,  free space=1020k
Native frames: (J=compiled Java code, j=interpreted, Vv=VM code, C=native code)
V  [libjvm.so+0x9a320a]  VMError::report_and_die()+0x2ea
V  [libjvm.so+0x498d3b]  report_vm_out_of_memory(char const*, int, unsigned long, char const*)+0x9b
V  [libjvm.so+0x82191e]  os::Linux::commit_memory_impl(char*, unsigned long, bool)+0xfe
V  [libjvm.so+0x821e69]  os::pd_commit_memory(char*, unsigned long, unsigned long, bool)+0x29
V  [libjvm.so+0x81bb6a]  os::commit_memory(char*, unsigned long, unsigned long, bool)+0x2a
V  [libjvm.so+0x88d623]  PSVirtualSpace::expand_by(unsigned long)+0x53
V  [libjvm.so+0x87ca80]  PSOldGen::expand(unsigned long)+0x170
V  [libjvm.so+0x87cc8b]  PSOldGen::resize(unsigned long)+0x1cb
V  [libjvm.so+0x885951]  PSParallelCompact::invoke_no_policy(bool)+0x9b1
V  [libjvm.so+0x88b8cd]  PSScavenge::invoke()+0x1ad
V  [libjvm.so+0x843f40]  ParallelScavengeHeap::failed_mem_allocate(unsigned long)+0x70
V  [libjvm.so+0x9a4a97]  VM_ParallelGCFailedAllocation::doit()+0x97
V  [libjvm.so+0x9abf35]  VM_Operation::evaluate()+0x55
V  [libjvm.so+0x9aa2fa]  VMThread::evaluate_operation(VM_Operation*)+0xba
V  [libjvm.so+0x9aa67e]  VMThread::loop()+0x1ce
V  [libjvm.so+0x9aaaf0]  VMThread::run()+0x70
V  [libjvm.so+0x8238c8]  java_start(Thread*)+0x108

VM_Operation (0x00007f0dc63a7610): ParallelGCFailedAllocation, mode: safepoint, requested by thread 0x00007f0dc0009800


---------------  P R O C E S S  ---------------

Java Threads: ( => current thread )
  0x00007f0d740b9800 JavaThread "TimerQueue" daemon [_thread_blocked, id=1480, stack(0x00007f0d8e320000,0x00007f0d8e421000)]
  0x00007f0dc0203000 JavaThread "AWT-EventQueue-0" [_thread_blocked, id=1478, stack(0x00007f0d8f5e6000,0x00007f0d8f6e7000)]
  0x00007f0dc01d7000 JavaThread "AWT-Shutdown" [_thread_blocked, id=1477, stack(0x00007f0d8f6e7000,0x00007f0d8f7e8000)]
  0x00007f0dc01ae800 JavaThread "AWT-XAWT" daemon [_thread_blocked, id=1476, stack(0x00007f0d8f7e8000,0x00007f0d8f8e9000)]
  0x00007f0dc018b000 JavaThread "Java2D Disposer" daemon [_thread_blocked, id=1475, stack(0x00007f0d8fcf9000,0x00007f0d8fdfa000)]
  0x00007f0dc0099800 JavaThread "Service Thread" daemon [_thread_blocked, id=1473, stack(0x00007f0db55ed000,0x00007f0db56ee000)]
  0x00007f0dc0097000 JavaThread "C2 CompilerThread1" daemon [_thread_blocked, id=1472, stack(0x00007f0db56ee000,0x00007f0db57ef000)]
  0x00007f0dc0094000 JavaThread "C2 CompilerThread0" daemon [_thread_blocked, id=1471, stack(0x00007f0db57ef000,0x00007f0db58f0000)]
  0x00007f0dc0092000 JavaThread "Signal Dispatcher" daemon [_thread_blocked, id=1470, stack(0x00007f0db58f0000,0x00007f0db59f1000)]
  0x00007f0dc0070000 JavaThread "Finalizer" daemon [_thread_blocked, id=1469, stack(0x00007f0db5deb000,0x00007f0db5eec000)]
  0x00007f0dc006e000 JavaThread "Reference Handler" daemon [_thread_blocked, id=1468, stack(0x00007f0db5eec000,0x00007f0db5fed000)]
  0x00007f0dc0009800 JavaThread "main" [_thread_blocked, id=1462, stack(0x00007f0dc62a8000,0x00007f0dc63a9000)]

Other Threads:
=>0x00007f0dc0069800 VMThread [stack: 0x00007f0db5fed000,0x00007f0db60ee000] [id=1467]
  0x00007f0dc00a4800 WatcherThread [stack: 0x00007f0db54ec000,0x00007f0db55ed000] [id=1474]

VM state:at safepoint (normal execution)

VM Mutex/Monitor currently owned by a thread:  ([mutex/lock_event])
[0x00007f0dc00058f0] ExpandHeap_lock - owner thread: 0x00007f0dc0069800
[0x00007f0dc0005f70] Threads_lock - owner thread: 0x00007f0dc0069800
[0x00007f0dc0006470] Heap_lock - owner thread: 0x00007f0dc0009800

Heap
 PSYoungGen      total 466432K, used 5524K [0x00000007d5500000, 0x0000000800000000, 0x0000000800000000)
  eden space 233472K, 0% used [0x00000007d5500000,0x00000007d5500000,0x00000007e3900000)
  from space 232960K, 2% used [0x00000007f1c80000,0x00000007f21e5248,0x0000000800000000)
  to   space 232960K, 0% used [0x00000007e3900000,0x00000007e3900000,0x00000007f1c80000)
 ParOldGen       total 969216K, used 968863K [0x0000000780000000, 0x00000007bb280000, 0x00000007d5500000)
  object space 969216K, 99% used [0x0000000780000000,0x00000007bb227d78,0x00000007bb280000)
 PSPermGen       total 23040K, used 11521K [0x000000077ae00000, 0x000000077c480000, 0x0000000780000000)
  object space 23040K, 50% used [0x000000077ae00000,0x000000077b940778,0x000000077c480000)

Card table byte_map: [0x00007f0dbc161000,0x00007f0dbc58b000] byte_map_base: 0x00007f0db858a000

Polling page: 0x00007f0dc63cb000

Code Cache  [0x00007f0dbc58b000, 0x00007f0dbc7fb000, 0x00007f0dbf58b000)
 total_blobs=747 nmethods=284 adapters=416 free_code_cache=48063Kb largest_free_block=49133248

Compilation events (10 events):
Event: 28,052 Thread 0x00007f0dc0097000 nmethod 299 0x00007f0dbc6ae6d0 code [0x00007f0dbc6ae820, 0x00007f0dbc6ae9f8]
Event: 28,053 Thread 0x00007f0dc0094000 nmethod 298 0x00007f0dbc6ad590 code [0x00007f0dbc6ad700, 0x00007f0dbc6ad938]
Event: 28,504 Thread 0x00007f0dc0097000  300   !         sun.nio.cs.StreamDecoder::readBytes (289 bytes)
Event: 28,508 Thread 0x00007f0dc0097000 nmethod 300 0x00007f0dbc6ac710 code [0x00007f0dbc6ac8c0, 0x00007f0dbc6aceb8]
Event: 28,627 Thread 0x00007f0dc0094000  301             sun.nio.cs.StreamDecoder::implRead (243 bytes)
Event: 28,646 Thread 0x00007f0dc0094000 nmethod 301 0x00007f0dbc664f50 code [0x00007f0dbc6651c0, 0x00007f0dbc665c80]
Event: 31,068 Thread 0x00007f0dc0097000  302   !         sun.nio.cs.StreamDecoder::read (196 bytes)
Event: 31,072 Thread 0x00007f0dc0097000 nmethod 302 0x00007f0dbc668690 code [0x00007f0dbc668800, 0x00007f0dbc668d88]
Event: 31,181 Thread 0x00007f0dc0094000  303             sun.nio.cs.UTF_8$Decoder::isMalformed2 (24 bytes)
Event: 31,181 Thread 0x00007f0dc0094000 nmethod 303 0x00007f0dbc6abf90 code [0x00007f0dbc6ac0c0, 0x00007f0dbc6ac138]

GC Heap History (10 events):
Event: 30,307 GC heap after
Heap after GC invocations=31 (full 5):
 PSYoungGen      total 459776K, used 159025K [0x00000007d5500000, 0x0000000800000000, 0x0000000800000000)
  eden space 247808K, 0% used [0x00000007d5500000,0x00000007d5500000,0x00000007e4700000)
  from space 211968K, 75% used [0x00000007f2b80000,0x00000007fc6cc430,0x00000007ffa80000)
  to   space 225792K, 0% used [0x00000007e4700000,0x00000007e4700000,0x00000007f2380000)
 ParOldGen       total 969216K, used 701068K [0x0000000780000000, 0x00000007bb280000, 0x00000007d5500000)
  object space 969216K, 72% used [0x0000000780000000,0x00000007aaca3030,0x00000007bb280000)
 PSPermGen       total 23040K, used 11521K [0x000000077ae00000, 0x000000077c480000, 0x0000000780000000)
  object space 23040K, 50% used [0x000000077ae00000,0x000000077b940670,0x000000077c480000)
}
Event: 30,661 GC heap before
{Heap before GC invocations=32 (full 5):
 PSYoungGen      total 459776K, used 406833K [0x00000007d5500000, 0x0000000800000000, 0x0000000800000000)
  eden space 247808K, 100% used [0x00000007d5500000,0x00000007e4700000,0x00000007e4700000)
  from space 211968K, 75% used [0x00000007f2b80000,0x00000007fc6cc430,0x00000007ffa80000)
  to   space 225792K, 0% used [0x00000007e4700000,0x00000007e4700000,0x00000007f2380000)
 ParOldGen       total 969216K, used 701068K [0x0000000780000000, 0x00000007bb280000, 0x00000007d5500000)
  object space 969216K, 72% used [0x0000000780000000,0x00000007aaca3030,0x00000007bb280000)
 PSPermGen       total 23040K, used 11521K [0x000000077ae00000, 0x000000077c480000, 0x0000000780000000)
  object space 23040K, 50% used [0x000000077ae00000,0x000000077b940670,0x000000077c480000)
Event: 30,951 GC heap after
Heap after GC invocations=32 (full 5):
 PSYoungGen      total 440832K, used 192740K [0x00000007d5500000, 0x0000000800000000, 0x0000000800000000)
  eden space 247808K, 0% used [0x00000007d5500000,0x00000007d5500000,0x00000007e4700000)
  from space 193024K, 99% used [0x00000007e4700000,0x00000007f03392e0,0x00000007f0380000)
  to   space 232960K, 0% used [0x00000007f1c80000,0x00000007f1c80000,0x0000000800000000)
 ParOldGen       total 969216K, used 701068K [0x0000000780000000, 0x00000007bb280000, 0x00000007d5500000)
  object space 969216K, 72% used [0x0000000780000000,0x00000007aaca3030,0x00000007bb280000)
 PSPermGen       total 23040K, used 11521K [0x000000077ae00000, 0x000000077c480000, 0x0000000780000000)
  object space 23040K, 50% used [0x000000077ae00000,0x000000077b940670,0x000000077c480000)
}
Event: 31,268 GC heap before
{Heap before GC invocations=33 (full 5):
 PSYoungGen      total 440832K, used 440548K [0x00000007d5500000, 0x0000000800000000, 0x0000000800000000)
  eden space 247808K, 100% used [0x00000007d5500000,0x00000007e4700000,0x00000007e4700000)
  from space 193024K, 99% used [0x00000007e4700000,0x00000007f03392e0,0x00000007f0380000)
  to   space 232960K, 0% used [0x00000007f1c80000,0x00000007f1c80000,0x0000000800000000)
 ParOldGen       total 969216K, used 701068K [0x0000000780000000, 0x00000007bb280000, 0x00000007d5500000)
  object space 969216K, 72% used [0x0000000780000000,0x00000007aaca3030,0x00000007bb280000)
 PSPermGen       total 23040K, used 11521K [0x000000077ae00000, 0x000000077c480000, 0x0000000780000000)
  object space 23040K, 50% used [0x000000077ae00000,0x000000077b940778,0x000000077c480000)
Event: 31,642 GC heap after
Heap after GC invocations=33 (full 5):
 PSYoungGen      total 466432K, used 162836K [0x00000007d5500000, 0x0000000800000000, 0x0000000800000000)
  eden space 233472K, 0% used [0x00000007d5500000,0x00000007d5500000,0x00000007e3900000)
  from space 232960K, 69% used [0x00000007f1c80000,0x00000007fbb85230,0x0000000800000000)
  to   space 232960K, 0% used [0x00000007e3900000,0x00000007e3900000,0x00000007f1c80000)
 ParOldGen       total 969216K, used 761637K [0x0000000780000000, 0x00000007bb280000, 0x00000007d5500000)
  object space 969216K, 78% used [0x0000000780000000,0x00000007ae7c97e0,0x00000007bb280000)
 PSPermGen       total 23040K, used 11521K [0x000000077ae00000, 0x000000077c480000, 0x0000000780000000)
  object space 23040K, 50% used [0x000000077ae00000,0x000000077b940778,0x000000077c480000)
}
Event: 32,009 GC heap before
{Heap before GC invocations=34 (full 5):
 PSYoungGen      total 466432K, used 396308K [0x00000007d5500000, 0x0000000800000000, 0x0000000800000000)
  eden space 233472K, 100% used [0x00000007d5500000,0x00000007e3900000,0x00000007e3900000)
  from space 232960K, 69% used [0x00000007f1c80000,0x00000007fbb85230,0x0000000800000000)
  to   space 232960K, 0% used [0x00000007e3900000,0x00000007e3900000,0x00000007f1c80000)
 ParOldGen       total 969216K, used 761637K [0x0000000780000000, 0x00000007bb280000, 0x00000007d5500000)
  object space 969216K, 78% used [0x0000000780000000,0x00000007ae7c97e0,0x00000007bb280000)
 PSPermGen       total 23040K, used 11521K [0x000000077ae00000, 0x000000077c480000, 0x0000000780000000)
  object space 23040K, 50% used [0x000000077ae00000,0x000000077b940778,0x000000077c480000)
Event: 32,316 GC heap after
Heap after GC invocations=34 (full 5):
 PSYoungGen      total 466432K, used 127044K [0x00000007d5500000, 0x0000000800000000, 0x0000000800000000)
  eden space 233472K, 0% used [0x00000007d5500000,0x00000007d5500000,0x00000007e3900000)
  from space 232960K, 54% used [0x00000007e3900000,0x00000007eb5111a0,0x00000007f1c80000)
  to   space 232960K, 0% used [0x00000007f1c80000,0x00000007f1c80000,0x0000000800000000)
 ParOldGen       total 969216K, used 825980K [0x0000000780000000, 0x00000007bb280000, 0x00000007d5500000)
  object space 969216K, 85% used [0x0000000780000000,0x00000007b269f030,0x00000007bb280000)
 PSPermGen       total 23040K, used 11521K [0x000000077ae00000, 0x000000077c480000, 0x0000000780000000)
  object space 23040K, 50% used [0x000000077ae00000,0x000000077b940778,0x000000077c480000)
}
Event: 32,698 GC heap before
{Heap before GC invocations=35 (full 5):
 PSYoungGen      total 466432K, used 360516K [0x00000007d5500000, 0x0000000800000000, 0x0000000800000000)
  eden space 233472K, 100% used [0x00000007d5500000,0x00000007e3900000,0x00000007e3900000)
  from space 232960K, 54% used [0x00000007e3900000,0x00000007eb5111a0,0x00000007f1c80000)
  to   space 232960K, 0% used [0x00000007f1c80000,0x00000007f1c80000,0x0000000800000000)
 ParOldGen       total 969216K, used 825980K [0x0000000780000000, 0x00000007bb280000, 0x00000007d5500000)
  object space 969216K, 85% used [0x0000000780000000,0x00000007b269f030,0x00000007bb280000)
 PSPermGen       total 23040K, used 11521K [0x000000077ae00000, 0x000000077c480000, 0x0000000780000000)
  object space 23040K, 50% used [0x000000077ae00000,0x000000077b940778,0x000000077c480000)
Event: 32,998 GC heap after
Heap after GC invocations=35 (full 5):
 PSYoungGen      total 466432K, used 88532K [0x00000007d5500000, 0x0000000800000000, 0x0000000800000000)
  eden space 233472K, 0% used [0x00000007d5500000,0x00000007d5500000,0x00000007e3900000)
  from space 232960K, 38% used [0x00000007f1c80000,0x00000007f72f5000,0x0000000800000000)
  to   space 232960K, 0% used [0x00000007e3900000,0x00000007e3900000,0x00000007f1c80000)
 ParOldGen       total 969216K, used 894010K [0x0000000780000000, 0x00000007bb280000, 0x00000007d5500000)
  object space 969216K, 92% used [0x0000000780000000,0x00000007b690e9a0,0x00000007bb280000)
 PSPermGen       total 23040K, used 11521K [0x000000077ae00000, 0x000000077c480000, 0x0000000780000000)
  object space 23040K, 50% used [0x000000077ae00000,0x000000077b940778,0x000000077c480000)
}
Event: 32,999 GC heap before
{Heap before GC invocations=36 (full 6):
 PSYoungGen      total 466432K, used 88532K [0x00000007d5500000, 0x0000000800000000, 0x0000000800000000)
  eden space 233472K, 0% used [0x00000007d5500000,0x00000007d5500000,0x00000007e3900000)
  from space 232960K, 38% used [0x00000007f1c80000,0x00000007f72f5000,0x0000000800000000)
  to   space 232960K, 0% used [0x00000007e3900000,0x00000007e3900000,0x00000007f1c80000)
 ParOldGen       total 969216K, used 894010K [0x0000000780000000, 0x00000007bb280000, 0x00000007d5500000)
  object space 969216K, 92% used [0x0000000780000000,0x00000007b690e9a0,0x00000007bb280000)
 PSPermGen       total 23040K, used 11521K [0x000000077ae00000, 0x000000077c480000, 0x0000000780000000)
  object space 23040K, 50% used [0x000000077ae00000,0x000000077b940778,0x000000077c480000)

Deoptimization events (10 events):
Event: 1,768 Thread 0x00007f0dc0009800 Uncommon trap: reason=unstable_if action=reinterpret pc=0x00007f0dbc6438ac method=java.util.HashMap.put(Ljava/lang/Object;Ljava/lang/Object;)Ljava/lang/Object; @ 86
Event: 1,820 Thread 0x00007f0dc0009800 Uncommon trap: reason=unstable_if action=reinterpret pc=0x00007f0dbc677118 method=java.util.HashMap.getEntry(Ljava/lang/Object;)Ljava/util/HashMap$Entry; @ 71
Event: 1,820 Thread 0x00007f0dc0009800 Uncommon trap: reason=unstable_if action=reinterpret pc=0x00007f0dbc645bd4 method=java.util.HashMap.getEntry(Ljava/lang/Object;)Ljava/util/HashMap$Entry; @ 71
Event: 1,843 Thread 0x00007f0dc0009800 Uncommon trap: reason=unstable_if action=reinterpret pc=0x00007f0dbc666a08 method=java.util.HashMap.getEntry(Ljava/lang/Object;)Ljava/util/HashMap$Entry; @ 71
Event: 1,845 Thread 0x00007f0dc0009800 Uncommon trap: reason=unstable_if action=reinterpret pc=0x00007f0dbc64f5f4 method=ir.SimpleTokenizer.normalize([CI)Z @ 68
Event: 1,974 Thread 0x00007f0dc0009800 Uncommon trap: reason=unstable_if action=reinterpret pc=0x00007f0dbc645430 method=java.util.HashMap.getEntry(Ljava/lang/Object;)Ljava/util/HashMap$Entry; @ 71
Event: 4,934 Thread 0x00007f0dc0009800 Uncommon trap: reason=null_check action=make_not_entrant pc=0x00007f0dbc694c90 method=sun.nio.cs.StreamDecoder.inReady()Z @ 21
Event: 8,022 Thread 0x00007f0dc0009800 Uncommon trap: reason=unstable_if action=reinterpret pc=0x00007f0dbc681c5c method=sun.nio.cs.UTF_8$Decoder.xflow(Ljava/nio/Buffer;IILjava/nio/Buffer;II)Ljava/nio/charset/CoderResult; @ 18
Event: 8,197 Thread 0x00007f0dc0009800 Uncommon trap: reason=unstable_if action=reinterpret pc=0x00007f0dbc6964f4 method=sun.nio.cs.StreamDecoder.implRead([CII)I @ 87
Event: 21,486 Thread 0x00007f0dc0009800 Uncommon trap: reason=unstable_if action=reinterpret pc=0x00007f0dbc69b4f0 method=java.nio.charset.CharsetDecoder.decode(Ljava/nio/ByteBuffer;Ljava/nio/CharBuffer;Z)Ljava/nio/charset/CoderResult; @ 105

Internal exceptions (10 events):
Event: 1,028 Thread 0x00007f0dc0009800 Threw 0x00000007d607cdd8 at /HUDSON/workspace/7u-2-build-linux-amd64/jdk7u80/2329/hotspot/src/share/vm/prims/jvm.cpp:1319
Event: 1,029 Thread 0x00007f0dc0009800 Threw 0x00000007d607e730 at /HUDSON/workspace/7u-2-build-linux-amd64/jdk7u80/2329/hotspot/src/share/vm/prims/jvm.cpp:1319
Event: 1,154 Thread 0x00007f0dc0203000 Threw 0x00000007d5855860 at /HUDSON/workspace/7u-2-build-linux-amd64/jdk7u80/2329/hotspot/src/share/vm/prims/jvm.cpp:1319
Event: 1,154 Thread 0x00007f0dc0203000 Threw 0x00000007d5855a88 at /HUDSON/workspace/7u-2-build-linux-amd64/jdk7u80/2329/hotspot/src/share/vm/prims/jvm.cpp:1319
Event: 1,154 Thread 0x00007f0dc0203000 Threw 0x00000007d5857ef8 at /HUDSON/workspace/7u-2-build-linux-amd64/jdk7u80/2329/hotspot/src/share/vm/prims/jvm.cpp:1319
Event: 1,154 Thread 0x00007f0dc0203000 Threw 0x00000007d5858120 at /HUDSON/workspace/7u-2-build-linux-amd64/jdk7u80/2329/hotspot/src/share/vm/prims/jvm.cpp:1319
Event: 1,170 Thread 0x00007f0dc0009800 Threw 0x00000007d62bced8 at /HUDSON/workspace/7u-2-build-linux-amd64/jdk7u80/2329/hotspot/src/share/vm/prims/jvm.cpp:1319
Event: 1,173 Thread 0x00007f0dc0009800 Threw 0x00000007d62c04e0 at /HUDSON/workspace/7u-2-build-linux-amd64/jdk7u80/2329/hotspot/src/share/vm/prims/jvm.cpp:1319
Event: 1,277 Thread 0x00007f0dc0203000 Threw 0x00000007d5858f28 at /HUDSON/workspace/7u-2-build-linux-amd64/jdk7u80/2329/hotspot/src/share/vm/prims/jni.cpp:743
Event: 4,934 Thread 0x00007f0dc0009800 Implicit null exception at 0x00007f0dbc694758 to 0x00007f0dbc694c7d

Events (10 events):
Event: 29,774 Executing VM operation: ParallelGCFailedAllocation done
Event: 30,086 Executing VM operation: ParallelGCFailedAllocation
Event: 30,307 Executing VM operation: ParallelGCFailedAllocation done
Event: 30,661 Executing VM operation: ParallelGCFailedAllocation
Event: 30,951 Executing VM operation: ParallelGCFailedAllocation done
Event: 31,268 Executing VM operation: ParallelGCFailedAllocation
Event: 31,642 Executing VM operation: ParallelGCFailedAllocation done
Event: 32,009 Executing VM operation: ParallelGCFailedAllocation
Event: 32,316 Executing VM operation: ParallelGCFailedAllocation done
Event: 32,698 Executing VM operation: ParallelGCFailedAllocation


Dynamic libraries:
00400000-00401000 r-xp 00000000 08:02 538188                             /usr/lib/jvm/java-7-oracle/jre/bin/java
00600000-00601000 rw-p 00000000 08:02 538188                             /usr/lib/jvm/java-7-oracle/jre/bin/java
0171b000-0173c000 rw-p 00000000 00:00 0                                  [heap]
77ae00000-77c480000 rw-p 00000000 00:00 0 
77c480000-77c780000 ---p 00000000 00:00 0 
77c780000-780000000 rw-p 00000000 00:00 0 
780000000-7bb280000 rw-p 00000000 00:00 0 
7d0480000-7d5500000 rw-p 00000000 00:00 0 
7d5500000-800000000 rw-p 00000000 00:00 0 
7f0d68000000-7f0d68021000 rw-p 00000000 00:00 0 
7f0d68021000-7f0d6c000000 ---p 00000000 00:00 0 
7f0d6c000000-7f0d6c021000 rw-p 00000000 00:00 0 
7f0d6c021000-7f0d70000000 ---p 00000000 00:00 0 
7f0d70000000-7f0d70021000 rw-p 00000000 00:00 0 
7f0d70021000-7f0d74000000 ---p 00000000 00:00 0 
7f0d74000000-7f0d7418a000 rw-p 00000000 00:00 0 
7f0d7418a000-7f0d78000000 ---p 00000000 00:00 0 
7f0d78000000-7f0d78021000 rw-p 00000000 00:00 0 
7f0d78021000-7f0d7c000000 ---p 00000000 00:00 0 
7f0d7c000000-7f0d7c021000 rw-p 00000000 00:00 0 
7f0d7c021000-7f0d80000000 ---p 00000000 00:00 0 
7f0d80000000-7f0d80b0c000 rw-p 00000000 00:00 0 
7f0d80b0c000-7f0d84000000 ---p 00000000 00:00 0 
7f0d84000000-7f0d84021000 rw-p 00000000 00:00 0 
7f0d84021000-7f0d88000000 ---p 00000000 00:00 0 
7f0d88000000-7f0d88021000 rw-p 00000000 00:00 0 
7f0d88021000-7f0d8c000000 ---p 00000000 00:00 0 
7f0d8dac0000-7f0d8dacb000 r--s 00000000 08:02 96741                      /var/cache/fontconfig/945677eb7aeaf62f1d50efc3fb3ec7d8-le64.cache-4
7f0d8dacb000-7f0d8dacd000 r--s 00000000 08:02 96743                      /var/cache/fontconfig/99e8ed0e538f840c565b6ed5dad60d56-le64.cache-4
7f0d8dacd000-7f0d8dad3000 r--s 00000000 08:02 96726                      /var/cache/fontconfig/2cd17615ca594fa2959ae173292e504c-le64.cache-4
7f0d8dad3000-7f0d8dada000 r--s 00000000 08:02 96745                      /var/cache/fontconfig/a755afe4a08bf5b97852ceb7400b47bc-le64.cache-4
7f0d8dada000-7f0d8dae6000 r--s 00000000 08:02 96736                      /var/cache/fontconfig/6d41288fd70b0be22e8c3a91e032eec0-le64.cache-4
7f0d8dae6000-7f0d8daf1000 r--s 00000000 08:02 99811                      /var/cache/fontconfig/a6354e3ac43af67bd8d7b8e43c34e49f-le64.cache-4
7f0d8daf1000-7f0d8db05000 r--s 00000000 08:02 96720                      /var/cache/fontconfig/04aabc0a78ac019cf9454389977116d2-le64.cache-4
7f0d8db05000-7f0d8db17000 r--s 00000000 08:02 96721                      /var/cache/fontconfig/0bd3dc0958fa2205aaaa8ebb13e2872b-le64.cache-4
7f0d8db17000-7f0d8db2a000 r--s 00000000 08:02 96752                      /var/cache/fontconfig/d52a8644073d54c13679302ca1180695-le64.cache-4
7f0d8e320000-7f0d8e323000 ---p 00000000 00:00 0 
7f0d8e323000-7f0d8e421000 rw-p 00000000 00:00 0                          [stack:1480]
7f0d8e421000-7f0d8e43e000 rw-s 00000000 00:05 49872913                   /SYSV00000000 (deleted)
7f0d8e505000-7f0d8e672000 rw-p 00000000 00:00 0 
7f0d8e672000-7f0d8e673000 r--s 00000000 08:02 96748                      /var/cache/fontconfig/c05880de57d1f5e948fdfacc138775d9-le64.cache-4
7f0d8e673000-7f0d8e674000 r--s 00000000 08:02 96758                      /var/cache/fontconfig/e7071f4a29fa870f4323321c154eba04-le64.cache-4
7f0d8e674000-7f0d8e675000 r--s 00000000 08:02 96723                      /var/cache/fontconfig/0d8c3b2ac0904cb8a57a757ad11a4a08-le64.cache-4
7f0d8e675000-7f0d8e676000 r--s 00000000 08:02 96725                      /var/cache/fontconfig/1ac9eb803944fde146138c791f5cc56a-le64.cache-4
7f0d8e676000-7f0d8e67a000 r--s 00000000 08:02 96729                      /var/cache/fontconfig/385c0604a188198f04d133e54aba7fe7-le64.cache-4
7f0d8e67a000-7f0d8e67b000 r--s 00000000 08:02 96755                      /var/cache/fontconfig/dc05db6664285cc2f12bf69c139ae4c3-le64.cache-4
7f0d8e67b000-7f0d8e67d000 r--s 00000000 08:02 96738                      /var/cache/fontconfig/767a8244fc0220cfb567a839d0392e0b-le64.cache-4
7f0d8e67d000-7f0d8e686000 r--s 00000000 08:02 96730                      /var/cache/fontconfig/3f7329c5293ffd510edef78f73874cfd-le64.cache-4
7f0d8e686000-7f0d8e691000 r--s 00000000 08:02 96753                      /var/cache/fontconfig/d589a48862398ed80a3d6066f4f56f4c-le64.cache-4
7f0d8e743000-7f0d8e7ac000 r-xp 00000000 08:02 537526                     /usr/lib/jvm/java-7-oracle/jre/lib/amd64/libt2k.so
7f0d8e7ac000-7f0d8e9ab000 ---p 00069000 08:02 537526                     /usr/lib/jvm/java-7-oracle/jre/lib/amd64/libt2k.so
7f0d8e9ab000-7f0d8e9b2000 rw-p 00068000 08:02 537526                     /usr/lib/jvm/java-7-oracle/jre/lib/amd64/libt2k.so
7f0d8e9b2000-7f0d8e9c2000 rw-p 00000000 00:00 0 
7f0d8e9c2000-7f0d8e9d2000 r-xp 00000000 08:02 537562                     /usr/lib/jvm/java-7-oracle/jre/lib/amd64/libnio.so
7f0d8e9d2000-7f0d8ebd2000 ---p 00010000 08:02 537562                     /usr/lib/jvm/java-7-oracle/jre/lib/amd64/libnio.so
7f0d8ebd2000-7f0d8ebd3000 rw-p 00010000 08:02 537562                     /usr/lib/jvm/java-7-oracle/jre/lib/amd64/libnio.so
7f0d8ebd3000-7f0d8ec04000 rw-p 00000000 00:00 0 
7f0d8ec04000-7f0d8ec1b000 r-xp 00000000 08:02 537579                     /usr/lib/jvm/java-7-oracle/jre/lib/amd64/libnet.so
7f0d8ec1b000-7f0d8ee1a000 ---p 00017000 08:02 537579                     /usr/lib/jvm/java-7-oracle/jre/lib/amd64/libnet.so
7f0d8ee1a000-7f0d8ee1b000 rw-p 00016000 08:02 537579                     /usr/lib/jvm/java-7-oracle/jre/lib/amd64/libnet.so
7f0d8ee1b000-7f0d8ee31000 r-xp 00000000 08:02 1049705                    /lib/x86_64-linux-gnu/libgcc_s.so.1
7f0d8ee31000-7f0d8f030000 ---p 00016000 08:02 1049705                    /lib/x86_64-linux-gnu/libgcc_s.so.1
7f0d8f030000-7f0d8f031000 rw-p 00015000 08:02 1049705                    /lib/x86_64-linux-gnu/libgcc_s.so.1
7f0d8f031000-7f0d8f096000 r-xp 00000000 08:02 537580                     /usr/lib/jvm/java-7-oracle/jre/lib/amd64/libfontmanager.so
7f0d8f096000-7f0d8f295000 ---p 00065000 08:02 537580                     /usr/lib/jvm/java-7-oracle/jre/lib/amd64/libfontmanager.so
7f0d8f295000-7f0d8f29a000 rw-p 00064000 08:02 537580                     /usr/lib/jvm/java-7-oracle/jre/lib/amd64/libfontmanager.so
7f0d8f29a000-7f0d8f2aa000 rw-p 00000000 00:00 0 
7f0d8f2aa000-7f0d8f2e4000 r-xp 00000000 08:02 537548                     /usr/lib/jvm/java-7-oracle/jre/lib/amd64/libjpeg.so
7f0d8f2e4000-7f0d8f4e4000 ---p 0003a000 08:02 537548                     /usr/lib/jvm/java-7-oracle/jre/lib/amd64/libjpeg.so
7f0d8f4e4000-7f0d8f4e5000 rw-p 0003a000 08:02 537548                     /usr/lib/jvm/java-7-oracle/jre/lib/amd64/libjpeg.so
7f0d8f4e5000-7f0d8f4e8000 ---p 00000000 00:00 0 
7f0d8f4e8000-7f0d8f5e6000 rw-p 00000000 00:00 0 
7f0d8f5e6000-7f0d8f5e9000 ---p 00000000 00:00 0 
7f0d8f5e9000-7f0d8f6e7000 rw-p 00000000 00:00 0                          [stack:1478]
7f0d8f6e7000-7f0d8f6ea000 ---p 00000000 00:00 0 
7f0d8f6ea000-7f0d8f7e8000 rw-p 00000000 00:00 0                          [stack:1477]
7f0d8f7e8000-7f0d8f7eb000 ---p 00000000 00:00 0 
7f0d8f7eb000-7f0d8f8e9000 rw-p 00000000 00:00 0                          [stack:1476]
7f0d8f8e9000-7f0d8f8ee000 r-xp 00000000 08:02 532910                     /usr/lib/x86_64-linux-gnu/libXfixes.so.3.1.0
7f0d8f8ee000-7f0d8faed000 ---p 00005000 08:02 532910                     /usr/lib/x86_64-linux-gnu/libXfixes.so.3.1.0
7f0d8faed000-7f0d8faee000 r--p 00004000 08:02 532910                     /usr/lib/x86_64-linux-gnu/libXfixes.so.3.1.0
7f0d8faee000-7f0d8faef000 rw-p 00005000 08:02 532910                     /usr/lib/x86_64-linux-gnu/libXfixes.so.3.1.0
7f0d8faef000-7f0d8faf8000 r-xp 00000000 08:02 532902                     /usr/lib/x86_64-linux-gnu/libXcursor.so.1.0.2
7f0d8faf8000-7f0d8fcf7000 ---p 00009000 08:02 532902                     /usr/lib/x86_64-linux-gnu/libXcursor.so.1.0.2
7f0d8fcf7000-7f0d8fcf8000 r--p 00008000 08:02 532902                     /usr/lib/x86_64-linux-gnu/libXcursor.so.1.0.2
7f0d8fcf8000-7f0d8fcf9000 rw-p 00009000 08:02 532902                     /usr/lib/x86_64-linux-gnu/libXcursor.so.1.0.2
7f0d8fcf9000-7f0d8fcfc000 ---p 00000000 00:00 0 
7f0d8fcfc000-7f0d8fdfa000 rw-p 00000000 00:00 0                          [stack:1475]
7f0d8fdfa000-7f0d8fdff000 r-xp 00000000 08:02 532906                     /usr/lib/x86_64-linux-gnu/libXdmcp.so.6.0.0
7f0d8fdff000-7f0d8fffe000 ---p 00005000 08:02 532906                     /usr/lib/x86_64-linux-gnu/libXdmcp.so.6.0.0
7f0d8fffe000-7f0d8ffff000 r--p 00004000 08:02 532906                     /usr/lib/x86_64-linux-gnu/libXdmcp.so.6.0.0
7f0d8ffff000-7f0d90000000 rw-p 00005000 08:02 532906                     /usr/lib/x86_64-linux-gnu/libXdmcp.so.6.0.0
7f0d90000000-7f0d90021000 rw-p 00000000 00:00 0 
7f0d90021000-7f0d94000000 ---p 00000000 00:00 0 
7f0d94000000-7f0d94903000 rw-p 00000000 00:00 0 
7f0d94903000-7f0d98000000 ---p 00000000 00:00 0 
7f0d98000000-7f0d98021000 rw-p 00000000 00:00 0 
7f0d98021000-7f0d9c000000 ---p 00000000 00:00 0 
7f0d9c000000-7f0d9c021000 rw-p 00000000 00:00 0 
7f0d9c021000-7f0da0000000 ---p 00000000 00:00 0 
7f0da0000000-7f0da0021000 rw-p 00000000 00:00 0 
7f0da0021000-7f0da4000000 ---p 00000000 00:00 0 
7f0da4000000-7f0da40e2000 rw-p 00000000 00:00 0 
7f0da40e2000-7f0da8000000 ---p 00000000 00:00 0 
7f0da8000000-7f0da8021000 rw-p 00000000 00:00 0 
7f0da8021000-7f0dac000000 ---p 00000000 00:00 0 
7f0dac000000-7f0dac021000 rw-p 00000000 00:00 0 
7f0dac021000-7f0db0000000 ---p 00000000 00:00 0 
7f0db0000000-7f0db0021000 rw-p 00000000 00:00 0 
7f0db0021000-7f0db4000000 ---p 00000000 00:00 0 
7f0db4000000-7f0db4001000 r--s 00000000 08:02 96731                      /var/cache/fontconfig/4794a0821666d79190d59a36cb4f44b5-le64.cache-4
7f0db4001000-7f0db4006000 r--s 00000000 08:02 96740                      /var/cache/fontconfig/8801497958630a81b71ace7c5f9b32a8-le64.cache-4
7f0db401c000-7f0db401e000 r-xp 00000000 08:02 532895                     /usr/lib/x86_64-linux-gnu/libXau.so.6.0.0
7f0db401e000-7f0db421e000 ---p 00002000 08:02 532895                     /usr/lib/x86_64-linux-gnu/libXau.so.6.0.0
7f0db421e000-7f0db421f000 r--p 00002000 08:02 532895                     /usr/lib/x86_64-linux-gnu/libXau.so.6.0.0
7f0db421f000-7f0db4220000 rw-p 00003000 08:02 532895                     /usr/lib/x86_64-linux-gnu/libXau.so.6.0.0
7f0db4220000-7f0db423d000 r-xp 00000000 08:02 534114                     /usr/lib/x86_64-linux-gnu/libxcb.so.1.1.0
7f0db423d000-7f0db443d000 ---p 0001d000 08:02 534114                     /usr/lib/x86_64-linux-gnu/libxcb.so.1.1.0
7f0db443d000-7f0db443e000 r--p 0001d000 08:02 534114                     /usr/lib/x86_64-linux-gnu/libxcb.so.1.1.0
7f0db443e000-7f0db443f000 rw-p 0001e000 08:02 534114                     /usr/lib/x86_64-linux-gnu/libxcb.so.1.1.0
7f0db443f000-7f0db444e000 r-xp 00000000 08:02 532916                     /usr/lib/x86_64-linux-gnu/libXi.so.6.1.0
7f0db444e000-7f0db464d000 ---p 0000f000 08:02 532916                     /usr/lib/x86_64-linux-gnu/libXi.so.6.1.0
7f0db464d000-7f0db464e000 r--p 0000e000 08:02 532916                     /usr/lib/x86_64-linux-gnu/libXi.so.6.1.0
7f0db464e000-7f0db464f000 rw-p 0000f000 08:02 532916                     /usr/lib/x86_64-linux-gnu/libXi.so.6.1.0
7f0db464f000-7f0db4654000 r-xp 00000000 08:02 532936                     /usr/lib/x86_64-linux-gnu/libXtst.so.6.1.0
7f0db4654000-7f0db4853000 ---p 00005000 08:02 532936                     /usr/lib/x86_64-linux-gnu/libXtst.so.6.1.0
7f0db4853000-7f0db4854000 r--p 00004000 08:02 532936                     /usr/lib/x86_64-linux-gnu/libXtst.so.6.1.0
7f0db4854000-7f0db4855000 rw-p 00005000 08:02 532936                     /usr/lib/x86_64-linux-gnu/libXtst.so.6.1.0
7f0db4855000-7f0db485e000 r-xp 00000000 08:02 532930                     /usr/lib/x86_64-linux-gnu/libXrender.so.1.3.0
7f0db485e000-7f0db4a5d000 ---p 00009000 08:02 532930                     /usr/lib/x86_64-linux-gnu/libXrender.so.1.3.0
7f0db4a5d000-7f0db4a5e000 r--p 00008000 08:02 532930                     /usr/lib/x86_64-linux-gnu/libXrender.so.1.3.0
7f0db4a5e000-7f0db4a5f000 rw-p 00009000 08:02 532930                     /usr/lib/x86_64-linux-gnu/libXrender.so.1.3.0
7f0db4a5f000-7f0db4b8f000 r-xp 00000000 08:02 532891                     /usr/lib/x86_64-linux-gnu/libX11.so.6.3.0
7f0db4b8f000-7f0db4d8f000 ---p 00130000 08:02 532891                     /usr/lib/x86_64-linux-gnu/libX11.so.6.3.0
7f0db4d8f000-7f0db4d90000 r--p 00130000 08:02 532891                     /usr/lib/x86_64-linux-gnu/libX11.so.6.3.0
7f0db4d90000-7f0db4d94000 rw-p 00131000 08:02 532891                     /usr/lib/x86_64-linux-gnu/libX11.so.6.3.0
7f0db4d94000-7f0db4da5000 r-xp 00000000 08:02 532908                     /usr/lib/x86_64-linux-gnu/libXext.so.6.4.0
7f0db4da5000-7f0db4fa4000 ---p 00011000 08:02 532908                     /usr/lib/x86_64-linux-gnu/libXext.so.6.4.0
7f0db4fa4000-7f0db4fa5000 r--p 00010000 08:02 532908                     /usr/lib/x86_64-linux-gnu/libXext.so.6.4.0
7f0db4fa5000-7f0db4fa6000 rw-p 00011000 08:02 532908                     /usr/lib/x86_64-linux-gnu/libXext.so.6.4.0
7f0db4fa6000-7f0db4fad000 r--s 00000000 08:02 96727                      /var/cache/fontconfig/3047814df9a2f067bd2d96a2b9c36e5a-le64.cache-4
7f0db4fad000-7f0db4fae000 r--s 00000000 08:02 96733                      /var/cache/fontconfig/56cf4f4769d0f4abc89a4895d7bd3ae1-le64.cache-4
7f0db4fc5000-7f0db5015000 r-xp 00000000 08:02 537583                     /usr/lib/jvm/java-7-oracle/jre/lib/amd64/xawt/libmawt.so
7f0db5015000-7f0db5215000 ---p 00050000 08:02 537583                     /usr/lib/jvm/java-7-oracle/jre/lib/amd64/xawt/libmawt.so
7f0db5215000-7f0db5219000 rw-p 00050000 08:02 537583                     /usr/lib/jvm/java-7-oracle/jre/lib/amd64/xawt/libmawt.so
7f0db5219000-7f0db521a000 rw-p 00000000 00:00 0 
7f0db521a000-7f0db52bc000 r-xp 00000000 08:02 537543                     /usr/lib/jvm/java-7-oracle/jre/lib/amd64/libawt.so
7f0db52bc000-7f0db54bc000 ---p 000a2000 08:02 537543                     /usr/lib/jvm/java-7-oracle/jre/lib/amd64/libawt.so
7f0db54bc000-7f0db54c8000 rw-p 000a2000 08:02 537543                     /usr/lib/jvm/java-7-oracle/jre/lib/amd64/libawt.so
7f0db54c8000-7f0db54ec000 rw-p 00000000 00:00 0 
7f0db54ec000-7f0db54ed000 ---p 00000000 00:00 0 
7f0db54ed000-7f0db55ed000 rw-p 00000000 00:00 0                          [stack:1474]
7f0db55ed000-7f0db55f0000 ---p 00000000 00:00 0 
7f0db55f0000-7f0db56ee000 rw-p 00000000 00:00 0                          [stack:1473]
7f0db56ee000-7f0db56f1000 ---p 00000000 00:00 0 
7f0db56f1000-7f0db57ef000 rw-p 00000000 00:00 0                          [stack:1472]
7f0db57ef000-7f0db57f2000 ---p 00000000 00:00 0 
7f0db57f2000-7f0db58f0000 rw-p 00000000 00:00 0                          [stack:1471]
7f0db58f0000-7f0db58f3000 ---p 00000000 00:00 0 
7f0db58f3000-7f0db59f1000 rw-p 00000000 00:00 0                          [stack:1470]
7f0db59f1000-7f0db5deb000 r--p 00000000 08:02 531394                     /usr/lib/locale/locale-archive
7f0db5deb000-7f0db5dee000 ---p 00000000 00:00 0 
7f0db5dee000-7f0db5eec000 rw-p 00000000 00:00 0                          [stack:1469]
7f0db5eec000-7f0db5eef000 ---p 00000000 00:00 0 
7f0db5eef000-7f0db5fed000 rw-p 00000000 00:00 0                          [stack:1468]
7f0db5fed000-7f0db5fee000 ---p 00000000 00:00 0 
7f0db5fee000-7f0db70ed000 rw-p 00000000 00:00 0                          [stack:1467]
7f0db70ed000-7f0db72ad000 r--s 039fb000 08:02 537590                     /usr/lib/jvm/java-7-oracle/jre/lib/rt.jar
7f0db72ad000-7f0dbba89000 rw-p 00000000 00:00 0 
7f0dbba89000-7f0dbba8a000 ---p 00000000 00:00 0 
7f0dbba8a000-7f0dbbb8a000 rw-p 00000000 00:00 0                          [stack:1466]
7f0dbbb8a000-7f0dbbb8b000 ---p 00000000 00:00 0 
7f0dbbb8b000-7f0dbbc8b000 rw-p 00000000 00:00 0                          [stack:1465]
7f0dbbc8b000-7f0dbbc8c000 ---p 00000000 00:00 0 
7f0dbbc8c000-7f0dbbd8c000 rw-p 00000000 00:00 0                          [stack:1464]
7f0dbbd8c000-7f0dbbd8d000 ---p 00000000 00:00 0 
7f0dbbd8d000-7f0dbbe99000 rw-p 00000000 00:00 0                          [stack:1463]
7f0dbbe99000-7f0dbbe9a000 ---p 00000000 00:00 0 
7f0dbbe9a000-7f0dbbeb6000 rw-p 00000000 00:00 0 
7f0dbbeb6000-7f0dbc090000 rw-p 00000000 00:00 0 
7f0dbc090000-7f0dbc161000 rw-p 00000000 00:00 0 
7f0dbc161000-7f0dbc16d000 rw-p 00000000 00:00 0 
7f0dbc16d000-7f0dbc16e000 ---p 00000000 00:00 0 
7f0dbc16e000-7f0dbc18a000 rw-p 00000000 00:00 0 
7f0dbc18a000-7f0dbc364000 rw-p 00000000 00:00 0 
7f0dbc364000-7f0dbc434000 rw-p 00000000 00:00 0 
7f0dbc434000-7f0dbc58a000 rw-p 00000000 00:00 0 
7f0dbc58a000-7f0dbc58b000 rw-p 00000000 00:00 0 
7f0dbc58b000-7f0dbc7fb000 rwxp 00000000 00:00 0 
7f0dbc7fb000-7f0dbf58b000 rw-p 00000000 00:00 0 
7f0dbf58b000-7f0dbf5a2000 r-xp 00000000 08:02 537529                     /usr/lib/jvm/java-7-oracle/jre/lib/amd64/libzip.so
7f0dbf5a2000-7f0dbf7a2000 ---p 00017000 08:02 537529                     /usr/lib/jvm/java-7-oracle/jre/lib/amd64/libzip.so
7f0dbf7a2000-7f0dbf7a3000 rw-p 00017000 08:02 537529                     /usr/lib/jvm/java-7-oracle/jre/lib/amd64/libzip.so
7f0dbf7a3000-7f0dbf7ae000 r-xp 00000000 08:02 1053015                    /lib/x86_64-linux-gnu/libnss_files-2.19.so
7f0dbf7ae000-7f0dbf9ad000 ---p 0000b000 08:02 1053015                    /lib/x86_64-linux-gnu/libnss_files-2.19.so
7f0dbf9ad000-7f0dbf9ae000 r--p 0000a000 08:02 1053015                    /lib/x86_64-linux-gnu/libnss_files-2.19.so
7f0dbf9ae000-7f0dbf9af000 rw-p 0000b000 08:02 1053015                    /lib/x86_64-linux-gnu/libnss_files-2.19.so
7f0dbf9af000-7f0dbf9ba000 r-xp 00000000 08:02 1053025                    /lib/x86_64-linux-gnu/libnss_nis-2.19.so
7f0dbf9ba000-7f0dbfbb9000 ---p 0000b000 08:02 1053025                    /lib/x86_64-linux-gnu/libnss_nis-2.19.so
7f0dbfbb9000-7f0dbfbba000 r--p 0000a000 08:02 1053025                    /lib/x86_64-linux-gnu/libnss_nis-2.19.so
7f0dbfbba000-7f0dbfbbb000 rw-p 0000b000 08:02 1053025                    /lib/x86_64-linux-gnu/libnss_nis-2.19.so
7f0dbfbbb000-7f0dbfbd2000 r-xp 00000000 08:02 1053009                    /lib/x86_64-linux-gnu/libnsl-2.19.so
7f0dbfbd2000-7f0dbfdd1000 ---p 00017000 08:02 1053009                    /lib/x86_64-linux-gnu/libnsl-2.19.so
7f0dbfdd1000-7f0dbfdd2000 r--p 00016000 08:02 1053009                    /lib/x86_64-linux-gnu/libnsl-2.19.so
7f0dbfdd2000-7f0dbfdd3000 rw-p 00017000 08:02 1053009                    /lib/x86_64-linux-gnu/libnsl-2.19.so
7f0dbfdd3000-7f0dbfdd5000 rw-p 00000000 00:00 0 
7f0dbfdd5000-7f0dbfdfe000 r-xp 00000000 08:02 537563                     /usr/lib/jvm/java-7-oracle/jre/lib/amd64/libjava.so
7f0dbfdfe000-7f0dbfffe000 ---p 00029000 08:02 537563                     /usr/lib/jvm/java-7-oracle/jre/lib/amd64/libjava.so
7f0dbfffe000-7f0dc0000000 rw-p 00029000 08:02 537563                     /usr/lib/jvm/java-7-oracle/jre/lib/amd64/libjava.so
7f0dc0000000-7f0dc035a000 rw-p 00000000 00:00 0 
7f0dc035a000-7f0dc4000000 ---p 00000000 00:00 0 
7f0dc4000000-7f0dc4006000 r--s 00000000 08:02 96746                      /var/cache/fontconfig/b47c4e1ecd0709278f4910c18777a504-le64.cache-4
7f0dc4010000-7f0dc4019000 r-xp 00000000 08:02 1053011                    /lib/x86_64-linux-gnu/libnss_compat-2.19.so
7f0dc4019000-7f0dc4218000 ---p 00009000 08:02 1053011                    /lib/x86_64-linux-gnu/libnss_compat-2.19.so
7f0dc4218000-7f0dc4219000 r--p 00008000 08:02 1053011                    /lib/x86_64-linux-gnu/libnss_compat-2.19.so
7f0dc4219000-7f0dc421a000 rw-p 00009000 08:02 1053011                    /lib/x86_64-linux-gnu/libnss_compat-2.19.so
7f0dc421a000-7f0dc4227000 r-xp 00000000 08:02 537558                     /usr/lib/jvm/java-7-oracle/jre/lib/amd64/libverify.so
7f0dc4227000-7f0dc4426000 ---p 0000d000 08:02 537558                     /usr/lib/jvm/java-7-oracle/jre/lib/amd64/libverify.so
7f0dc4426000-7f0dc4428000 rw-p 0000c000 08:02 537558                     /usr/lib/jvm/java-7-oracle/jre/lib/amd64/libverify.so
7f0dc4428000-7f0dc442f000 r-xp 00000000 08:02 1053068                    /lib/x86_64-linux-gnu/librt-2.19.so
7f0dc442f000-7f0dc462e000 ---p 00007000 08:02 1053068                    /lib/x86_64-linux-gnu/librt-2.19.so
7f0dc462e000-7f0dc462f000 r--p 00006000 08:02 1053068                    /lib/x86_64-linux-gnu/librt-2.19.so
7f0dc462f000-7f0dc4630000 rw-p 00007000 08:02 1053068                    /lib/x86_64-linux-gnu/librt-2.19.so
7f0dc4630000-7f0dc4735000 r-xp 00000000 08:02 1052990                    /lib/x86_64-linux-gnu/libm-2.19.so
7f0dc4735000-7f0dc4934000 ---p 00105000 08:02 1052990                    /lib/x86_64-linux-gnu/libm-2.19.so
7f0dc4934000-7f0dc4935000 r--p 00104000 08:02 1052990                    /lib/x86_64-linux-gnu/libm-2.19.so
7f0dc4935000-7f0dc4936000 rw-p 00105000 08:02 1052990                    /lib/x86_64-linux-gnu/libm-2.19.so
7f0dc4936000-7f0dc54ac000 r-xp 00000000 08:02 537570                     /usr/lib/jvm/java-7-oracle/jre/lib/amd64/server/libjvm.so
7f0dc54ac000-7f0dc56ab000 ---p 00b76000 08:02 537570                     /usr/lib/jvm/java-7-oracle/jre/lib/amd64/server/libjvm.so
7f0dc56ab000-7f0dc576f000 rw-p 00b75000 08:02 537570                     /usr/lib/jvm/java-7-oracle/jre/lib/amd64/server/libjvm.so
7f0dc576f000-7f0dc57b0000 rw-p 00000000 00:00 0 
7f0dc57b0000-7f0dc596b000 r-xp 00000000 08:02 1052939                    /lib/x86_64-linux-gnu/libc-2.19.so
7f0dc596b000-7f0dc5b6a000 ---p 001bb000 08:02 1052939                    /lib/x86_64-linux-gnu/libc-2.19.so
7f0dc5b6a000-7f0dc5b6e000 r--p 001ba000 08:02 1052939                    /lib/x86_64-linux-gnu/libc-2.19.so
7f0dc5b6e000-7f0dc5b70000 rw-p 001be000 08:02 1052939                    /lib/x86_64-linux-gnu/libc-2.19.so
7f0dc5b70000-7f0dc5b75000 rw-p 00000000 00:00 0 
7f0dc5b75000-7f0dc5b78000 r-xp 00000000 08:02 1052956                    /lib/x86_64-linux-gnu/libdl-2.19.so
7f0dc5b78000-7f0dc5d77000 ---p 00003000 08:02 1052956                    /lib/x86_64-linux-gnu/libdl-2.19.so
7f0dc5d77000-7f0dc5d78000 r--p 00002000 08:02 1052956                    /lib/x86_64-linux-gnu/libdl-2.19.so
7f0dc5d78000-7f0dc5d79000 rw-p 00003000 08:02 1052956                    /lib/x86_64-linux-gnu/libdl-2.19.so
7f0dc5d79000-7f0dc5d8e000 r-xp 00000000 08:02 537539                     /usr/lib/jvm/java-7-oracle/jre/lib/amd64/jli/libjli.so
7f0dc5d8e000-7f0dc5f8d000 ---p 00015000 08:02 537539                     /usr/lib/jvm/java-7-oracle/jre/lib/amd64/jli/libjli.so
7f0dc5f8d000-7f0dc5f8e000 rw-p 00014000 08:02 537539                     /usr/lib/jvm/java-7-oracle/jre/lib/amd64/jli/libjli.so
7f0dc5f8e000-7f0dc5fa7000 r-xp 00000000 08:02 1053060                    /lib/x86_64-linux-gnu/libpthread-2.19.so
7f0dc5fa7000-7f0dc61a6000 ---p 00019000 08:02 1053060                    /lib/x86_64-linux-gnu/libpthread-2.19.so
7f0dc61a6000-7f0dc61a7000 r--p 00018000 08:02 1053060                    /lib/x86_64-linux-gnu/libpthread-2.19.so
7f0dc61a7000-7f0dc61a8000 rw-p 00019000 08:02 1053060                    /lib/x86_64-linux-gnu/libpthread-2.19.so
7f0dc61a8000-7f0dc61ac000 rw-p 00000000 00:00 0 
7f0dc61ac000-7f0dc61cf000 r-xp 00000000 08:02 1052913                    /lib/x86_64-linux-gnu/ld-2.19.so
7f0dc61cf000-7f0dc61d0000 r--s 00000000 08:02 96747                      /var/cache/fontconfig/b9d506c9ac06c20b433354fa67a72993-le64.cache-4
7f0dc61d0000-7f0dc61d3000 r--s 00000000 08:02 96898                      /var/cache/fontconfig/e13b20fdb08344e0e664864cc2ede53d-le64.cache-4
7f0dc61d3000-7f0dc61d7000 r--s 00000000 08:02 99809                      /var/cache/fontconfig/7ef2298fde41cc6eeb7af42e48b7d293-le64.cache-4
7f0dc61e8000-7f0dc61f2000 rw-p 00000000 00:00 0 
7f0dc61f2000-7f0dc62a8000 rw-p 00000000 00:00 0 
7f0dc62a8000-7f0dc62ab000 ---p 00000000 00:00 0 
7f0dc62ab000-7f0dc63ad000 rw-p 00000000 00:00 0                          [stack:1462]
7f0dc63ad000-7f0dc63ae000 r--s 00000000 08:02 96722                      /var/cache/fontconfig/0c9eb80ebd1c36541ebe2852d3bb0c49-le64.cache-4
7f0dc63c1000-7f0dc63c2000 rw-p 00000000 00:00 0 
7f0dc63c2000-7f0dc63ca000 rw-s 00000000 08:02 13123                      /tmp/hsperfdata_ted-cassirer/1461
7f0dc63ca000-7f0dc63cb000 rw-p 00000000 00:00 0 
7f0dc63cb000-7f0dc63cc000 ---p 00000000 00:00 0 
7f0dc63cc000-7f0dc63ce000 rw-p 00000000 00:00 0 
7f0dc63ce000-7f0dc63cf000 r--p 00022000 08:02 1052913                    /lib/x86_64-linux-gnu/ld-2.19.so
7f0dc63cf000-7f0dc63d0000 rw-p 00023000 08:02 1052913                    /lib/x86_64-linux-gnu/ld-2.19.so
7f0dc63d0000-7f0dc63d1000 rw-p 00000000 00:00 0 
7ffe3cf86000-7ffe3cfa7000 rw-p 00000000 00:00 0                          [stack]
7ffe3cfb9000-7ffe3cfbb000 r--p 00000000 00:00 0                          [vvar]
7ffe3cfbb000-7ffe3cfbd000 r-xp 00000000 00:00 0                          [vdso]
ffffffffff600000-ffffffffff601000 r-xp 00000000 00:00 0                  [vsyscall]

VM Arguments:
jvm_args: -Xmx2048m 
java_command: ir.SearchGUI -d /home/ted-cassirer/Desktop/Skolan/davisWiki
Launcher Type: SUN_STANDARD

Environment Variables:
PATH=/usr/local/sbin:/usr/local/bin:/usr/sbin:/usr/bin:/sbin:/bin:/usr/games:/usr/local/games
USERNAME=ted-cassirer
SHELL=/bin/bash
DISPLAY=:0

Signal Handlers:
SIGSEGV: [libjvm.so+0x9a3b20], sa_mask[0]=0x7ffbfeff, sa_flags=0x10000004
SIGBUS: [libjvm.so+0x9a3b20], sa_mask[0]=0x7ffbfeff, sa_flags=0x10000004
SIGFPE: [libjvm.so+0x81e740], sa_mask[0]=0x7ffbfeff, sa_flags=0x10000004
SIGPIPE: [libjvm.so+0x81e740], sa_mask[0]=0x7ffbfeff, sa_flags=0x10000004
SIGXFSZ: [libjvm.so+0x81e740], sa_mask[0]=0x7ffbfeff, sa_flags=0x10000004
SIGILL: [libjvm.so+0x81e740], sa_mask[0]=0x7ffbfeff, sa_flags=0x10000004
SIGUSR1: SIG_DFL, sa_mask[0]=0x00000000, sa_flags=0x00000000
SIGUSR2: [libjvm.so+0x81ffb0], sa_mask[0]=0x00000000, sa_flags=0x10000004
SIGHUP: [libjvm.so+0x8210d0], sa_mask[0]=0x7ffbfeff, sa_flags=0x10000004
SIGINT: [libjvm.so+0x8210d0], sa_mask[0]=0x7ffbfeff, sa_flags=0x10000004
SIGTERM: [libjvm.so+0x8210d0], sa_mask[0]=0x7ffbfeff, sa_flags=0x10000004
SIGQUIT: [libjvm.so+0x8210d0], sa_mask[0]=0x7ffbfeff, sa_flags=0x10000004


---------------  S Y S T E M  ---------------

OS:jessie/sid

uname:Linux 4.4.0-040400-generic #201601101930 SMP Mon Jan 11 00:32:41 UTC 2016 x86_64
libc:glibc 2.19 NPTL 2.19 
rlimit: STACK 8192k, CORE 0k, NPROC 31128, NOFILE 4096, AS infinity
load average:5,48 4,11 3,89

/proc/meminfo:
MemTotal:        8062264 kB
MemFree:           44840 kB
MemAvailable:     245476 kB
Buffers:            4156 kB
Cached:           999244 kB
SwapCached:            0 kB
Active:          6971404 kB
Inactive:         797044 kB
Active(anon):    6867788 kB
Inactive(anon):   710228 kB
Active(file):     103616 kB
Inactive(file):    86816 kB
Unevictable:        1688 kB
Mlocked:        34359740056 kB
SwapTotal:             0 kB
SwapFree:              0 kB
Dirty:               536 kB
Writeback:             0 kB
AnonPages:       6767304 kB
Mapped:           498856 kB
Shmem:            812136 kB
Slab:              96968 kB
SReclaimable:      52564 kB
SUnreclaim:        44404 kB
KernelStack:       12464 kB
PageTables:        63780 kB
NFS_Unstable:          0 kB
Bounce:                0 kB
WritebackTmp:          0 kB
CommitLimit:     4031132 kB
Committed_AS:   15022024 kB
VmallocTotal:   34359738367 kB
VmallocUsed:           0 kB
VmallocChunk:          0 kB
HardwareCorrupted:     0 kB
AnonHugePages:   3325952 kB
CmaTotal:              0 kB
CmaFree:               0 kB
HugePages_Total:       0
HugePages_Free:        0
HugePages_Rsvd:        0
HugePages_Surp:        0
Hugepagesize:       2048 kB
DirectMap4k:      255396 kB
DirectMap2M:     5922816 kB
DirectMap1G:     2097152 kB


CPU:total 4 (2 cores per cpu, 2 threads per core) family 6 model 78 stepping 3, cmov, cx8, fxsr, mmx, sse, sse2, sse3, ssse3, sse4.1, sse4.2, popcnt, avx, avx2, aes, erms, ht, tsc, tscinvbit

/proc/cpuinfo:
processor	: 0
vendor_id	: GenuineIntel
cpu family	: 6
model		: 78
model name	: Intel(R) Core(TM) i5-6200U CPU @ 2.30GHz
stepping	: 3
microcode	: 0x33
cpu MHz		: 2699.906
cache size	: 3072 KB
physical id	: 0
siblings	: 4
core id		: 0
cpu cores	: 2
apicid		: 0
initial apicid	: 0
fpu		: yes
fpu_exception	: yes
cpuid level	: 22
wp		: yes
flags		: fpu vme de pse tsc msr pae mce cx8 apic sep mtrr pge mca cmov pat pse36 clflush dts acpi mmx fxsr sse sse2 ss ht tm pbe syscall nx pdpe1gb rdtscp lm constant_tsc arch_perfmon pebs bts rep_good nopl xtopology nonstop_tsc aperfmperf eagerfpu pni pclmulqdq dtes64 monitor ds_cpl vmx est tm2 ssse3 sdbg fma cx16 xtpr pdcm pcid sse4_1 sse4_2 x2apic movbe popcnt tsc_deadline_timer aes xsave avx f16c rdrand lahf_lm abm 3dnowprefetch ida arat epb pln pts dtherm hwp hwp_notify hwp_act_window hwp_epp intel_pt tpr_shadow vnmi flexpriority ept vpid fsgsbase tsc_adjust bmi1 avx2 smep bmi2 erms invpcid mpx rdseed adx smap clflushopt xsaveopt xsavec xgetbv1
bugs		:
bogomips	: 4799.89
clflush size	: 64
cache_alignment	: 64
address sizes	: 39 bits physical, 48 bits virtual
power management:

processor	: 1
vendor_id	: GenuineIntel
cpu family	: 6
model		: 78
model name	: Intel(R) Core(TM) i5-6200U CPU @ 2.30GHz
stepping	: 3
microcode	: 0x33
cpu MHz		: 2701.781
cache size	: 3072 KB
physical id	: 0
siblings	: 4
core id		: 1
cpu cores	: 2
apicid		: 2
initial apicid	: 2
fpu		: yes
fpu_exception	: yes
cpuid level	: 22
wp		: yes
flags		: fpu vme de pse tsc msr pae mce cx8 apic sep mtrr pge mca cmov pat pse36 clflush dts acpi mmx fxsr sse sse2 ss ht tm pbe syscall nx pdpe1gb rdtscp lm constant_tsc arch_perfmon pebs bts rep_good nopl xtopology nonstop_tsc aperfmperf eagerfpu pni pclmulqdq dtes64 monitor ds_cpl vmx est tm2 ssse3 sdbg fma cx16 xtpr pdcm pcid sse4_1 sse4_2 x2apic movbe popcnt tsc_deadline_timer aes xsave avx f16c rdrand lahf_lm abm 3dnowprefetch ida arat epb pln pts dtherm hwp hwp_notify hwp_act_window hwp_epp intel_pt tpr_shadow vnmi flexpriority ept vpid fsgsbase tsc_adjust bmi1 avx2 smep bmi2 erms invpcid mpx rdseed adx smap clflushopt xsaveopt xsavec xgetbv1
bugs		:
bogomips	: 4799.89
clflush size	: 64
cache_alignment	: 64
address sizes	: 39 bits physical, 48 bits virtual
power management:

processor	: 2
vendor_id	: GenuineIntel
cpu family	: 6
model		: 78
model name	: Intel(R) Core(TM) i5-6200U CPU @ 2.30GHz
stepping	: 3
microcode	: 0x33
cpu MHz		: 2695.031
cache size	: 3072 KB
physical id	: 0
siblings	: 4
core id		: 0
cpu cores	: 2
apicid		: 1
initial apicid	: 1
fpu		: yes
fpu_exception	: yes
cpuid level	: 22
wp		: yes
flags		: fpu vme de pse tsc msr pae mce cx8 apic sep mtrr pge mca cmov pat pse36 clflush dts acpi mmx fxsr sse sse2 ss ht tm pbe syscall nx pdpe1gb rdtscp lm constant_tsc arch_perfmon pebs bts rep_good nopl xtopology nonstop_tsc aperfmperf eagerfpu pni pclmulqdq dtes64 monitor ds_cpl vmx est tm2 ssse3 sdbg fma cx16 xtpr pdcm pcid sse4_1 sse4_2 x2apic movbe popcnt tsc_deadline_timer aes xsave avx f16c rdrand lahf_lm abm 3dnowprefetch ida arat epb pln pts dtherm hwp hwp_notify hwp_act_window hwp_epp intel_pt tpr_shadow vnmi flexpriority ept vpid fsgsbase tsc_adjust bmi1 avx2 smep bmi2 erms invpcid mpx rdseed adx smap clflushopt xsaveopt xsavec xgetbv1
bugs		:
bogomips	: 4799.89
clflush size	: 64
cache_alignment	: 64
address sizes	: 39 bits physical, 48 bits virtual
power management:

processor	: 3
vendor_id	: GenuineIntel
cpu family	: 6
model		: 78
model name	: Intel(R) Core(TM) i5-6200U CPU @ 2.30GHz
stepping	: 3
microcode	: 0x33
cpu MHz		: 2712.843
cache size	: 3072 KB
physical id	: 0
siblings	: 4
core id		: 1
cpu cores	: 2
apicid		: 3
initial apicid	: 3
fpu		: yes
fpu_exception	: yes
cpuid level	: 22
wp		: yes
flags		: fpu vme de pse tsc msr pae mce cx8 apic sep mtrr pge mca cmov pat pse36 clflush dts acpi mmx fxsr sse sse2 ss ht tm pbe syscall nx pdpe1gb rdtscp lm constant_tsc arch_perfmon pebs bts rep_good nopl xtopology nonstop_tsc aperfmperf eagerfpu pni pclmulqdq dtes64 monitor ds_cpl vmx est tm2 ssse3 sdbg fma cx16 xtpr pdcm pcid sse4_1 sse4_2 x2apic movbe popcnt tsc_deadline_timer aes xsave avx f16c rdrand lahf_lm abm 3dnowprefetch ida arat epb pln pts dtherm hwp hwp_notify hwp_act_window hwp_epp intel_pt tpr_shadow vnmi flexpriority ept vpid fsgsbase tsc_adjust bmi1 avx2 smep bmi2 erms invpcid mpx rdseed adx smap clflushopt xsaveopt xsavec xgetbv1
bugs		:
bogomips	: 4799.89
clflush size	: 64
cache_alignment	: 64
address sizes	: 39 bits physical, 48 bits virtual
power management:



Memory: 4k page, physical 8062264k(44840k free), swap 0k(0k free)

vm_info: Java HotSpot(TM) 64-Bit Server VM (24.80-b11) for linux-amd64 JRE (1.7.0_80-b15), built on Apr 10 2015 19:53:14 by "java_re" with gcc 4.3.0 20080428 (Red Hat 4.3.0-8)

time: Fri Mar 11 01:51:33 2016
elapsed time: 41 seconds

