#
# There is insufficient memory for the Java Runtime Environment to continue.
# Native memory allocation (malloc) failed to allocate 250085376 bytes for committing reserved memory.
# Possible reasons:
#   The system is out of physical RAM or swap space
#   In 32 bit mode, the process size limit was hit
# Possible solutions:
#   Reduce memory load on the system
#   Increase physical memory or swap space
#   Check if swap backing store is full
#   Use 64 bit Java on a 64 bit OS
#   Decrease Java heap size (-Xmx/-Xms)
#   Decrease number of Java threads
#   Decrease Java thread stack sizes (-Xss)
#   Set larger code cache with -XX:ReservedCodeCacheSize=
# This output file may be truncated or incomplete.
#
#  Out of Memory Error (os_linux.cpp:2756), pid=6830, tid=140591264618240
#
# JRE version: Java(TM) SE Runtime Environment (7.0_80-b15) (build 1.7.0_80-b15)
# Java VM: Java HotSpot(TM) 64-Bit Server VM (24.80-b11 mixed mode linux-amd64 compressed oops)
# Failed to write core dump. Core dumps have been disabled. To enable core dumping, try "ulimit -c unlimited" before starting Java again
#

---------------  T H R E A D  ---------------

Current thread (0x00007fddf0069800):  VMThread [stack: 0x00007fddf452d000,0x00007fddf462e000] [id=6836]

Stack: [0x00007fddf452d000,0x00007fddf462e000],  sp=0x00007fddf462c2a0,  free space=1020k
Native frames: (J=compiled Java code, j=interpreted, Vv=VM code, C=native code)
V  [libjvm.so+0x9a320a]  VMError::report_and_die()+0x2ea
V  [libjvm.so+0x498d3b]  report_vm_out_of_memory(char const*, int, unsigned long, char const*)+0x9b
V  [libjvm.so+0x82191e]  os::Linux::commit_memory_impl(char*, unsigned long, bool)+0xfe
V  [libjvm.so+0x821e69]  os::pd_commit_memory(char*, unsigned long, unsigned long, bool)+0x29
V  [libjvm.so+0x81bb6a]  os::commit_memory(char*, unsigned long, unsigned long, bool)+0x2a
V  [libjvm.so+0x88d623]  PSVirtualSpace::expand_by(unsigned long)+0x53
V  [libjvm.so+0x87ca80]  PSOldGen::expand(unsigned long)+0x170
V  [libjvm.so+0x87cc8b]  PSOldGen::resize(unsigned long)+0x1cb
V  [libjvm.so+0x885951]  PSParallelCompact::invoke_no_policy(bool)+0x9b1
V  [libjvm.so+0x88b8cd]  PSScavenge::invoke()+0x1ad
V  [libjvm.so+0x843f40]  ParallelScavengeHeap::failed_mem_allocate(unsigned long)+0x70
V  [libjvm.so+0x9a4a97]  VM_ParallelGCFailedAllocation::doit()+0x97
V  [libjvm.so+0x9abf35]  VM_Operation::evaluate()+0x55
V  [libjvm.so+0x9aa2fa]  VMThread::evaluate_operation(VM_Operation*)+0xba
V  [libjvm.so+0x9aa67e]  VMThread::loop()+0x1ce
V  [libjvm.so+0x9aaaf0]  VMThread::run()+0x70
V  [libjvm.so+0x8238c8]  java_start(Thread*)+0x108

VM_Operation (0x00007fddf96475e0): ParallelGCFailedAllocation, mode: safepoint, requested by thread 0x00007fddf0009800


---------------  P R O C E S S  ---------------

Java Threads: ( => current thread )
  0x00007fdda00d0800 JavaThread "TimerQueue" daemon [_thread_blocked, id=6849, stack(0x00007fdde5aae000,0x00007fdde5baf000)]
  0x00007fddf01f2800 JavaThread "AWT-EventQueue-0" [_thread_blocked, id=6847, stack(0x00007fdde6a78000,0x00007fdde6b79000)]
  0x00007fddf01ce800 JavaThread "AWT-Shutdown" [_thread_blocked, id=6846, stack(0x00007fdde6b79000,0x00007fdde6c7a000)]
  0x00007fddf01a6800 JavaThread "AWT-XAWT" daemon [_thread_blocked, id=6845, stack(0x00007fdde6c7a000,0x00007fdde6d7b000)]
  0x00007fddf0182800 JavaThread "Java2D Disposer" daemon [_thread_blocked, id=6844, stack(0x00007fdde718b000,0x00007fdde728c000)]
  0x00007fddf0099800 JavaThread "Service Thread" daemon [_thread_blocked, id=6842, stack(0x00007fddecb05000,0x00007fddecc06000)]
  0x00007fddf0097000 JavaThread "C2 CompilerThread1" daemon [_thread_blocked, id=6841, stack(0x00007fddf4028000,0x00007fddf4129000)]
  0x00007fddf0094000 JavaThread "C2 CompilerThread0" daemon [_thread_blocked, id=6840, stack(0x00007fddf4129000,0x00007fddf422a000)]
  0x00007fddf0092000 JavaThread "Signal Dispatcher" daemon [_thread_blocked, id=6839, stack(0x00007fddf422a000,0x00007fddf432b000)]
  0x00007fddf0070000 JavaThread "Finalizer" daemon [_thread_blocked, id=6838, stack(0x00007fddf432b000,0x00007fddf442c000)]
  0x00007fddf006e000 JavaThread "Reference Handler" daemon [_thread_blocked, id=6837, stack(0x00007fddf442c000,0x00007fddf452d000)]
  0x00007fddf0009800 JavaThread "main" [_thread_blocked, id=6831, stack(0x00007fddf9548000,0x00007fddf9649000)]

Other Threads:
=>0x00007fddf0069800 VMThread [stack: 0x00007fddf452d000,0x00007fddf462e000] [id=6836]
  0x00007fddf00a4000 WatcherThread [stack: 0x00007fddeca04000,0x00007fddecb05000] [id=6843]

VM state:at safepoint (normal execution)

VM Mutex/Monitor currently owned by a thread:  ([mutex/lock_event])
[0x00007fddf00058f0] ExpandHeap_lock - owner thread: 0x00007fddf0069800
[0x00007fddf0005f70] Threads_lock - owner thread: 0x00007fddf0069800
[0x00007fddf0006470] Heap_lock - owner thread: 0x00007fddf0009800

Heap
 PSYoungGen      total 466432K, used 0K [0x00000007d5500000, 0x0000000800000000, 0x0000000800000000)
  eden space 233472K, 0% used [0x00000007d5500000,0x00000007d5500000,0x00000007e3900000)
  from space 232960K, 0% used [0x00000007e3900000,0x00000007e3900000,0x00000007f1c80000)
  to   space 232960K, 0% used [0x00000007f1c80000,0x00000007f1c80000,0x0000000800000000)
 ParOldGen       total 683520K, used 651340K [0x0000000780000000, 0x00000007a9b80000, 0x00000007d5500000)
  object space 683520K, 95% used [0x0000000780000000,0x00000007a7c130d0,0x00000007a9b80000)
 PSPermGen       total 24064K, used 11494K [0x000000077ae00000, 0x000000077c580000, 0x0000000780000000)
  object space 24064K, 47% used [0x000000077ae00000,0x000000077b939aa0,0x000000077c580000)

Card table byte_map: [0x00007fddf6411000,0x00007fddf683b000] byte_map_base: 0x00007fddf283a000

Polling page: 0x00007fddf966b000

Code Cache  [0x00007fdded000000, 0x00007fdded270000, 0x00007fddf0000000)
 total_blobs=750 nmethods=287 adapters=416 free_code_cache=48084Kb largest_free_block=49193024

Compilation events (10 events):
Event: 15,077 Thread 0x00007fddf0094000 nmethod 300 0x00007fdded0d5210 code [0x00007fdded0d5340, 0x00007fdded0d53b8]
Event: 15,078 Thread 0x00007fddf0097000 nmethod 299 0x00007fdded0ef910 code [0x00007fdded0efa60, 0x00007fdded0efbb8]
Event: 21,093 Thread 0x00007fddf0094000  301 % !         ir.Indexer::processFiles @ 25 (444 bytes)
Event: 21,095 Thread 0x00007fddf0094000 nmethod 301% 0x00007fdded0d7750 code [0x00007fdded0d78c0, 0x00007fdded0d7b58]
Event: 21,743 Thread 0x00007fddf0097000  302             java.nio.HeapCharBuffer::<init> (14 bytes)
Event: 21,744 Thread 0x00007fddf0097000 nmethod 302 0x00007fdded0d7150 code [0x00007fdded0d72a0, 0x00007fdded0d7478]
Event: 22,266 Thread 0x00007fddf0094000  303   !         sun.nio.cs.StreamDecoder::readBytes (289 bytes)
Event: 22,271 Thread 0x00007fddf0094000 nmethod 303 0x00007fdded0ecd90 code [0x00007fdded0ecf40, 0x00007fdded0ed538]
Event: 22,403 Thread 0x00007fddf0097000  304             sun.nio.cs.StreamDecoder::implRead (243 bytes)
Event: 22,423 Thread 0x00007fddf0097000 nmethod 304 0x00007fdded0e8bd0 code [0x00007fdded0e8e40, 0x00007fdded0e9900]

GC Heap History (10 events):
Event: 16,168 GC heap after
Heap after GC invocations=21 (full 3):
 PSYoungGen      total 466432K, used 129732K [0x00000007d5500000, 0x0000000800000000, 0x0000000800000000)
  eden space 233472K, 0% used [0x00000007d5500000,0x00000007d5500000,0x00000007e3900000)
  from space 232960K, 55% used [0x00000007f1c80000,0x00000007f9b31200,0x0000000800000000)
  to   space 232960K, 0% used [0x00000007e3900000,0x00000007e3900000,0x00000007f1c80000)
 ParOldGen       total 459776K, used 444170K [0x0000000780000000, 0x000000079c100000, 0x00000007d5500000)
  object space 459776K, 96% used [0x0000000780000000,0x000000079b1c2b40,0x000000079c100000)
 PSPermGen       total 25088K, used 11494K [0x000000077ae00000, 0x000000077c680000, 0x0000000780000000)
  object space 25088K, 45% used [0x000000077ae00000,0x000000077b939b20,0x000000077c680000)
}
Event: 16,168 GC heap before
{Heap before GC invocations=22 (full 4):
 PSYoungGen      total 466432K, used 129732K [0x00000007d5500000, 0x0000000800000000, 0x0000000800000000)
  eden space 233472K, 0% used [0x00000007d5500000,0x00000007d5500000,0x00000007e3900000)
  from space 232960K, 55% used [0x00000007f1c80000,0x00000007f9b31200,0x0000000800000000)
  to   space 232960K, 0% used [0x00000007e3900000,0x00000007e3900000,0x00000007f1c80000)
 ParOldGen       total 459776K, used 444170K [0x0000000780000000, 0x000000079c100000, 0x00000007d5500000)
  object space 459776K, 96% used [0x0000000780000000,0x000000079b1c2b40,0x000000079c100000)
 PSPermGen       total 25088K, used 11494K [0x000000077ae00000, 0x000000077c680000, 0x0000000780000000)
  object space 25088K, 45% used [0x000000077ae00000,0x000000077b939b20,0x000000077c680000)
Event: 21,015 GC heap after
Heap after GC invocations=22 (full 4):
 PSYoungGen      total 466432K, used 108340K [0x00000007d5500000, 0x0000000800000000, 0x0000000800000000)
  eden space 233472K, 0% used [0x00000007d5500000,0x00000007d5500000,0x00000007e3900000)
  from space 232960K, 46% used [0x00000007f1c80000,0x00000007f864d078,0x0000000800000000)
  to   space 232960K, 0% used [0x00000007e3900000,0x00000007e3900000,0x00000007f1c80000)
 ParOldGen       total 683520K, used 459356K [0x0000000780000000, 0x00000007a9b80000, 0x00000007d5500000)
  object space 683520K, 67% used [0x0000000780000000,0x000000079c097080,0x00000007a9b80000)
 PSPermGen       total 24064K, used 11494K [0x000000077ae00000, 0x000000077c580000, 0x0000000780000000)
  object space 24064K, 47% used [0x000000077ae00000,0x000000077b939aa0,0x000000077c580000)
}
Event: 21,272 GC heap before
{Heap before GC invocations=23 (full 4):
 PSYoungGen      total 466432K, used 341812K [0x00000007d5500000, 0x0000000800000000, 0x0000000800000000)
  eden space 233472K, 100% used [0x00000007d5500000,0x00000007e3900000,0x00000007e3900000)
  from space 232960K, 46% used [0x00000007f1c80000,0x00000007f864d078,0x0000000800000000)
  to   space 232960K, 0% used [0x00000007e3900000,0x00000007e3900000,0x00000007f1c80000)
 ParOldGen       total 683520K, used 459356K [0x0000000780000000, 0x00000007a9b80000, 0x00000007d5500000)
  object space 683520K, 67% used [0x0000000780000000,0x000000079c097080,0x00000007a9b80000)
 PSPermGen       total 24064K, used 11494K [0x000000077ae00000, 0x000000077c580000, 0x0000000780000000)
  object space 24064K, 47% used [0x000000077ae00000,0x000000077b939aa0,0x000000077c580000)
Event: 21,649 GC heap after
Heap after GC invocations=23 (full 4):
 PSYoungGen      total 466432K, used 79204K [0x00000007d5500000, 0x0000000800000000, 0x0000000800000000)
  eden space 233472K, 0% used [0x00000007d5500000,0x00000007d5500000,0x00000007e3900000)
  from space 232960K, 33% used [0x00000007e3900000,0x00000007e8659080,0x00000007f1c80000)
  to   space 232960K, 0% used [0x00000007f1c80000,0x00000007f1c80000,0x0000000800000000)
 ParOldGen       total 683520K, used 517546K [0x0000000780000000, 0x00000007a9b80000, 0x00000007d5500000)
  object space 683520K, 75% used [0x0000000780000000,0x000000079f96abc0,0x00000007a9b80000)
 PSPermGen       total 24064K, used 11494K [0x000000077ae00000, 0x000000077c580000, 0x0000000780000000)
  object space 24064K, 47% used [0x000000077ae00000,0x000000077b939aa0,0x000000077c580000)
}
Event: 21,950 GC heap before
{Heap before GC invocations=24 (full 4):
 PSYoungGen      total 466432K, used 312676K [0x00000007d5500000, 0x0000000800000000, 0x0000000800000000)
  eden space 233472K, 100% used [0x00000007d5500000,0x00000007e3900000,0x00000007e3900000)
  from space 232960K, 33% used [0x00000007e3900000,0x00000007e8659080,0x00000007f1c80000)
  to   space 232960K, 0% used [0x00000007f1c80000,0x00000007f1c80000,0x0000000800000000)
 ParOldGen       total 683520K, used 517546K [0x0000000780000000, 0x00000007a9b80000, 0x00000007d5500000)
  object space 683520K, 75% used [0x0000000780000000,0x000000079f96abc0,0x00000007a9b80000)
 PSPermGen       total 24064K, used 11494K [0x000000077ae00000, 0x000000077c580000, 0x0000000780000000)
  object space 24064K, 47% used [0x000000077ae00000,0x000000077b939aa0,0x000000077c580000)
Event: 22,162 GC heap after
Heap after GC invocations=24 (full 4):
 PSYoungGen      total 466432K, used 58304K [0x00000007d5500000, 0x0000000800000000, 0x0000000800000000)
  eden space 233472K, 0% used [0x00000007d5500000,0x00000007d5500000,0x00000007e3900000)
  from space 232960K, 25% used [0x00000007f1c80000,0x00000007f5570110,0x0000000800000000)
  to   space 232960K, 0% used [0x00000007e3900000,0x00000007e3900000,0x00000007f1c80000)
 ParOldGen       total 683520K, used 567917K [0x0000000780000000, 0x00000007a9b80000, 0x00000007d5500000)
  object space 683520K, 83% used [0x0000000780000000,0x00000007a2a9b550,0x00000007a9b80000)
 PSPermGen       total 24064K, used 11494K [0x000000077ae00000, 0x000000077c580000, 0x0000000780000000)
  object space 24064K, 47% used [0x000000077ae00000,0x000000077b939aa0,0x000000077c580000)
}
Event: 22,528 GC heap before
{Heap before GC invocations=25 (full 4):
 PSYoungGen      total 466432K, used 291776K [0x00000007d5500000, 0x0000000800000000, 0x0000000800000000)
  eden space 233472K, 100% used [0x00000007d5500000,0x00000007e3900000,0x00000007e3900000)
  from space 232960K, 25% used [0x00000007f1c80000,0x00000007f5570110,0x0000000800000000)
  to   space 232960K, 0% used [0x00000007e3900000,0x00000007e3900000,0x00000007f1c80000)
 ParOldGen       total 683520K, used 567917K [0x0000000780000000, 0x00000007a9b80000, 0x00000007d5500000)
  object space 683520K, 83% used [0x0000000780000000,0x00000007a2a9b550,0x00000007a9b80000)
 PSPermGen       total 24064K, used 11494K [0x000000077ae00000, 0x000000077c580000, 0x0000000780000000)
  object space 24064K, 47% used [0x000000077ae00000,0x000000077b939aa0,0x000000077c580000)
Event: 22,765 GC heap after
Heap after GC invocations=25 (full 4):
 PSYoungGen      total 466432K, used 28304K [0x00000007d5500000, 0x0000000800000000, 0x0000000800000000)
  eden space 233472K, 0% used [0x00000007d5500000,0x00000007d5500000,0x00000007e3900000)
  from space 232960K, 12% used [0x00000007e3900000,0x00000007e54a40e0,0x00000007f1c80000)
  to   space 232960K, 0% used [0x00000007f1c80000,0x00000007f1c80000,0x0000000800000000)
 ParOldGen       total 683520K, used 625991K [0x0000000780000000, 0x00000007a9b80000, 0x00000007d5500000)
  object space 683520K, 91% used [0x0000000780000000,0x00000007a6351ec0,0x00000007a9b80000)
 PSPermGen       total 24064K, used 11494K [0x000000077ae00000, 0x000000077c580000, 0x0000000780000000)
  object space 24064K, 47% used [0x000000077ae00000,0x000000077b939aa0,0x000000077c580000)
}
Event: 22,765 GC heap before
{Heap before GC invocations=26 (full 5):
 PSYoungGen      total 466432K, used 28304K [0x00000007d5500000, 0x0000000800000000, 0x0000000800000000)
  eden space 233472K, 0% used [0x00000007d5500000,0x00000007d5500000,0x00000007e3900000)
  from space 232960K, 12% used [0x00000007e3900000,0x00000007e54a40e0,0x00000007f1c80000)
  to   space 232960K, 0% used [0x00000007f1c80000,0x00000007f1c80000,0x0000000800000000)
 ParOldGen       total 683520K, used 625991K [0x0000000780000000, 0x00000007a9b80000, 0x00000007d5500000)
  object space 683520K, 91% used [0x0000000780000000,0x00000007a6351ec0,0x00000007a9b80000)
 PSPermGen       total 24064K, used 11494K [0x000000077ae00000, 0x000000077c580000, 0x0000000780000000)
  object space 24064K, 47% used [0x000000077ae00000,0x000000077b939aa0,0x000000077c580000)

Deoptimization events (10 events):
Event: 1,338 Thread 0x00007fddf0009800 Uncommon trap: reason=unstable_if action=reinterpret pc=0x00007fdded0a4b00 method=java.util.HashMap.put(Ljava/lang/Object;Ljava/lang/Object;)Ljava/lang/Object; @ 86
Event: 1,379 Thread 0x00007fddf0009800 Uncommon trap: reason=unstable_if action=reinterpret pc=0x00007fdded09e23c method=java.lang.ref.SoftReference.get()Ljava/lang/Object; @ 17
Event: 1,410 Thread 0x00007fddf0009800 Uncommon trap: reason=unstable_if action=reinterpret pc=0x00007fdded0ea7a8 method=java.util.HashMap.getEntry(Ljava/lang/Object;)Ljava/util/HashMap$Entry; @ 71
Event: 1,410 Thread 0x00007fddf0009800 Uncommon trap: reason=unstable_if action=reinterpret pc=0x00007fdded0bb628 method=java.util.HashMap.getEntry(Ljava/lang/Object;)Ljava/util/HashMap$Entry; @ 71
Event: 1,423 Thread 0x00007fddf0009800 Uncommon trap: reason=unstable_if action=reinterpret pc=0x00007fdded0d6644 method=java.util.HashMap.getEntry(Ljava/lang/Object;)Ljava/util/HashMap$Entry; @ 71
Event: 1,424 Thread 0x00007fddf0009800 Uncommon trap: reason=unstable_if action=reinterpret pc=0x00007fdded0bf1b8 method=ir.SimpleTokenizer.normalize([CI)Z @ 68
Event: 3,921 Thread 0x00007fddf0009800 Uncommon trap: reason=null_check action=make_not_entrant pc=0x00007fdded0f6fd0 method=sun.nio.cs.StreamDecoder.inReady()Z @ 21
Event: 5,078 Thread 0x00007fddf0009800 Uncommon trap: reason=unstable_if action=reinterpret pc=0x00007fdded0ab4dc method=sun.nio.cs.UTF_8$Decoder.xflow(Ljava/nio/Buffer;IILjava/nio/Buffer;II)Ljava/nio/charset/CoderResult; @ 18
Event: 7,529 Thread 0x00007fddf0009800 Uncommon trap: reason=unstable_if action=reinterpret pc=0x00007fdded1019f4 method=sun.nio.cs.StreamDecoder.implRead([CII)I @ 87
Event: 15,228 Thread 0x00007fddf0009800 Uncommon trap: reason=unstable_if action=reinterpret pc=0x00007fdded1052b0 method=java.nio.charset.CharsetDecoder.decode(Ljava/nio/ByteBuffer;Ljava/nio/CharBuffer;Z)Ljava/nio/charset/CoderResult; @ 105

Internal exceptions (10 events):
Event: 0,600 Thread 0x00007fddf0009800 Threw 0x00000007d6078a88 at /HUDSON/workspace/7u-2-build-linux-amd64/jdk7u80/2329/hotspot/src/share/vm/prims/jvm.cpp:1319
Event: 0,601 Thread 0x00007fddf0009800 Threw 0x00000007d607a3e0 at /HUDSON/workspace/7u-2-build-linux-amd64/jdk7u80/2329/hotspot/src/share/vm/prims/jvm.cpp:1319
Event: 0,680 Thread 0x00007fddf0009800 Threw 0x00000007d62a6e40 at /HUDSON/workspace/7u-2-build-linux-amd64/jdk7u80/2329/hotspot/src/share/vm/prims/jvm.cpp:1319
Event: 0,682 Thread 0x00007fddf0009800 Threw 0x00000007d62c08c0 at /HUDSON/workspace/7u-2-build-linux-amd64/jdk7u80/2329/hotspot/src/share/vm/prims/jvm.cpp:1319
Event: 0,747 Thread 0x00007fddf01f2800 Threw 0x00000007d5858620 at /HUDSON/workspace/7u-2-build-linux-amd64/jdk7u80/2329/hotspot/src/share/vm/prims/jvm.cpp:1319
Event: 0,747 Thread 0x00007fddf01f2800 Threw 0x00000007d5858848 at /HUDSON/workspace/7u-2-build-linux-amd64/jdk7u80/2329/hotspot/src/share/vm/prims/jvm.cpp:1319
Event: 0,749 Thread 0x00007fddf01f2800 Threw 0x00000007d585acb8 at /HUDSON/workspace/7u-2-build-linux-amd64/jdk7u80/2329/hotspot/src/share/vm/prims/jvm.cpp:1319
Event: 0,749 Thread 0x00007fddf01f2800 Threw 0x00000007d585aee0 at /HUDSON/workspace/7u-2-build-linux-amd64/jdk7u80/2329/hotspot/src/share/vm/prims/jvm.cpp:1319
Event: 0,881 Thread 0x00007fddf01f2800 Threw 0x00000007d585bce8 at /HUDSON/workspace/7u-2-build-linux-amd64/jdk7u80/2329/hotspot/src/share/vm/prims/jni.cpp:743
Event: 3,921 Thread 0x00007fddf0009800 Implicit null exception at 0x00007fdded0f6a98 to 0x00007fdded0f6fbd

Events (10 events):
Event: 15,228 Thread 0x00007fddf0009800 DEOPT UNPACKING pc=0x00007fdded039445 sp=0x00007fddf9647528 mode 2
Event: 15,263 Executing VM operation: ParallelGCFailedAllocation
Event: 15,554 Executing VM operation: ParallelGCFailedAllocation done
Event: 15,837 Executing VM operation: ParallelGCFailedAllocation
Event: 21,015 Executing VM operation: ParallelGCFailedAllocation done
Event: 21,272 Executing VM operation: ParallelGCFailedAllocation
Event: 21,649 Executing VM operation: ParallelGCFailedAllocation done
Event: 21,950 Executing VM operation: ParallelGCFailedAllocation
Event: 22,162 Executing VM operation: ParallelGCFailedAllocation done
Event: 22,527 Executing VM operation: ParallelGCFailedAllocation


Dynamic libraries:
00400000-00401000 r-xp 00000000 08:02 538188                             /usr/lib/jvm/java-7-oracle/jre/bin/java
00600000-00601000 rw-p 00000000 08:02 538188                             /usr/lib/jvm/java-7-oracle/jre/bin/java
01cd2000-01cf3000 rw-p 00000000 00:00 0                                  [heap]
77ae00000-77c580000 rw-p 00000000 00:00 0 
77c580000-77c780000 ---p 00000000 00:00 0 
77c780000-780000000 rw-p 00000000 00:00 0 
780000000-7a9b80000 rw-p 00000000 00:00 0 
7b8a00000-7d5500000 rw-p 00000000 00:00 0 
7d5500000-800000000 rw-p 00000000 00:00 0 
7fdd94000000-7fdd94021000 rw-p 00000000 00:00 0 
7fdd94021000-7fdd98000000 ---p 00000000 00:00 0 
7fdd98000000-7fdd98021000 rw-p 00000000 00:00 0 
7fdd98021000-7fdd9c000000 ---p 00000000 00:00 0 
7fdd9c000000-7fdd9c021000 rw-p 00000000 00:00 0 
7fdd9c021000-7fdda0000000 ---p 00000000 00:00 0 
7fdda0000000-7fdda01a1000 rw-p 00000000 00:00 0 
7fdda01a1000-7fdda4000000 ---p 00000000 00:00 0 
7fdda4000000-7fdda4021000 rw-p 00000000 00:00 0 
7fdda4021000-7fdda8000000 ---p 00000000 00:00 0 
7fdda8000000-7fdda8021000 rw-p 00000000 00:00 0 
7fdda8021000-7fddac000000 ---p 00000000 00:00 0 
7fddac000000-7fddac021000 rw-p 00000000 00:00 0 
7fddac021000-7fddb0000000 ---p 00000000 00:00 0 
7fddb0000000-7fddb0021000 rw-p 00000000 00:00 0 
7fddb0021000-7fddb4000000 ---p 00000000 00:00 0 
7fddb4000000-7fddb4996000 rw-p 00000000 00:00 0 
7fddb4996000-7fddb8000000 ---p 00000000 00:00 0 
7fddb8000000-7fddb8a66000 rw-p 00000000 00:00 0 
7fddb8a66000-7fddbc000000 ---p 00000000 00:00 0 
7fddbc000000-7fddbc021000 rw-p 00000000 00:00 0 
7fddbc021000-7fddc0000000 ---p 00000000 00:00 0 
7fddc0000000-7fddc0021000 rw-p 00000000 00:00 0 
7fddc0021000-7fddc4000000 ---p 00000000 00:00 0 
7fddc4000000-7fddc4021000 rw-p 00000000 00:00 0 
7fddc4021000-7fddc8000000 ---p 00000000 00:00 0 
7fddcbd70000-7fddd0000000 rw-p 00000000 00:00 0 
7fddd0000000-7fddd0021000 rw-p 00000000 00:00 0 
7fddd0021000-7fddd4000000 ---p 00000000 00:00 0 
7fddd4000000-7fddd40ea000 rw-p 00000000 00:00 0 
7fddd40ea000-7fddd8000000 ---p 00000000 00:00 0 
7fddd8000000-7fddd8021000 rw-p 00000000 00:00 0 
7fddd8021000-7fdddc000000 ---p 00000000 00:00 0 
7fdde0000000-7fdde0021000 rw-p 00000000 00:00 0 
7fdde0021000-7fdde4000000 ---p 00000000 00:00 0 
7fdde522b000-7fdde522c000 r--s 00000000 08:02 96748                      /var/cache/fontconfig/c05880de57d1f5e948fdfacc138775d9-le64.cache-4
7fdde522c000-7fdde5237000 r--s 00000000 08:02 96741                      /var/cache/fontconfig/945677eb7aeaf62f1d50efc3fb3ec7d8-le64.cache-4
7fdde5237000-7fdde5239000 r--s 00000000 08:02 96743                      /var/cache/fontconfig/99e8ed0e538f840c565b6ed5dad60d56-le64.cache-4
7fdde5239000-7fdde523f000 r--s 00000000 08:02 96726                      /var/cache/fontconfig/2cd17615ca594fa2959ae173292e504c-le64.cache-4
7fdde523f000-7fdde5240000 r--s 00000000 08:02 96758                      /var/cache/fontconfig/e7071f4a29fa870f4323321c154eba04-le64.cache-4
7fdde5240000-7fdde5247000 r--s 00000000 08:02 96745                      /var/cache/fontconfig/a755afe4a08bf5b97852ceb7400b47bc-le64.cache-4
7fdde5247000-7fdde5253000 r--s 00000000 08:02 96736                      /var/cache/fontconfig/6d41288fd70b0be22e8c3a91e032eec0-le64.cache-4
7fdde5253000-7fdde525e000 r--s 00000000 08:02 99811                      /var/cache/fontconfig/a6354e3ac43af67bd8d7b8e43c34e49f-le64.cache-4
7fdde525e000-7fdde5272000 r--s 00000000 08:02 96720                      /var/cache/fontconfig/04aabc0a78ac019cf9454389977116d2-le64.cache-4
7fdde5272000-7fdde5276000 r--s 00000000 08:02 96729                      /var/cache/fontconfig/385c0604a188198f04d133e54aba7fe7-le64.cache-4
7fdde5276000-7fdde5288000 r--s 00000000 08:02 96721                      /var/cache/fontconfig/0bd3dc0958fa2205aaaa8ebb13e2872b-le64.cache-4
7fdde5288000-7fdde529b000 r--s 00000000 08:02 96752                      /var/cache/fontconfig/d52a8644073d54c13679302ca1180695-le64.cache-4
7fdde5aae000-7fdde5ab1000 ---p 00000000 00:00 0 
7fdde5ab1000-7fdde5baf000 rw-p 00000000 00:00 0                          [stack:6849]
7fdde5baf000-7fdde5bb3000 rw-s 00000000 00:05 438829072                  /SYSV00000000 (deleted)
7fdde5c76000-7fdde5de3000 rw-p 00000000 00:00 0 
7fdde5de3000-7fdde5de4000 r--s 00000000 08:02 96723                      /var/cache/fontconfig/0d8c3b2ac0904cb8a57a757ad11a4a08-le64.cache-4
7fdde5de4000-7fdde5de5000 r--s 00000000 08:02 96725                      /var/cache/fontconfig/1ac9eb803944fde146138c791f5cc56a-le64.cache-4
7fdde5de5000-7fdde5de6000 r--s 00000000 08:02 96755                      /var/cache/fontconfig/dc05db6664285cc2f12bf69c139ae4c3-le64.cache-4
7fdde5de6000-7fdde5de8000 r--s 00000000 08:02 96738                      /var/cache/fontconfig/767a8244fc0220cfb567a839d0392e0b-le64.cache-4
7fdde5de8000-7fdde5de9000 r--s 00000000 08:02 96731                      /var/cache/fontconfig/4794a0821666d79190d59a36cb4f44b5-le64.cache-4
7fdde5de9000-7fdde5dee000 r--s 00000000 08:02 96740                      /var/cache/fontconfig/8801497958630a81b71ace7c5f9b32a8-le64.cache-4
7fdde5dee000-7fdde5df7000 r--s 00000000 08:02 96730                      /var/cache/fontconfig/3f7329c5293ffd510edef78f73874cfd-le64.cache-4
7fdde5df7000-7fdde5e02000 r--s 00000000 08:02 96753                      /var/cache/fontconfig/d589a48862398ed80a3d6066f4f56f4c-le64.cache-4
7fdde5e41000-7fdde5eaa000 r-xp 00000000 08:02 537526                     /usr/lib/jvm/java-7-oracle/jre/lib/amd64/libt2k.so
7fdde5eaa000-7fdde60a9000 ---p 00069000 08:02 537526                     /usr/lib/jvm/java-7-oracle/jre/lib/amd64/libt2k.so
7fdde60a9000-7fdde60b0000 rw-p 00068000 08:02 537526                     /usr/lib/jvm/java-7-oracle/jre/lib/amd64/libt2k.so
7fdde60b0000-7fdde60c0000 rw-p 00000000 00:00 0 
7fdde60c0000-7fdde60d0000 r-xp 00000000 08:02 537562                     /usr/lib/jvm/java-7-oracle/jre/lib/amd64/libnio.so
7fdde60d0000-7fdde62d0000 ---p 00010000 08:02 537562                     /usr/lib/jvm/java-7-oracle/jre/lib/amd64/libnio.so
7fdde62d0000-7fdde62d1000 rw-p 00010000 08:02 537562                     /usr/lib/jvm/java-7-oracle/jre/lib/amd64/libnio.so
7fdde62d1000-7fdde62e8000 r-xp 00000000 08:02 537579                     /usr/lib/jvm/java-7-oracle/jre/lib/amd64/libnet.so
7fdde62e8000-7fdde64e7000 ---p 00017000 08:02 537579                     /usr/lib/jvm/java-7-oracle/jre/lib/amd64/libnet.so
7fdde64e7000-7fdde64e8000 rw-p 00016000 08:02 537579                     /usr/lib/jvm/java-7-oracle/jre/lib/amd64/libnet.so
7fdde64e8000-7fdde64fe000 r-xp 00000000 08:02 1049705                    /lib/x86_64-linux-gnu/libgcc_s.so.1
7fdde64fe000-7fdde66fd000 ---p 00016000 08:02 1049705                    /lib/x86_64-linux-gnu/libgcc_s.so.1
7fdde66fd000-7fdde66fe000 rw-p 00015000 08:02 1049705                    /lib/x86_64-linux-gnu/libgcc_s.so.1
7fdde66fe000-7fdde6763000 r-xp 00000000 08:02 537580                     /usr/lib/jvm/java-7-oracle/jre/lib/amd64/libfontmanager.so
7fdde6763000-7fdde6962000 ---p 00065000 08:02 537580                     /usr/lib/jvm/java-7-oracle/jre/lib/amd64/libfontmanager.so
7fdde6962000-7fdde6967000 rw-p 00064000 08:02 537580                     /usr/lib/jvm/java-7-oracle/jre/lib/amd64/libfontmanager.so
7fdde6967000-7fdde6977000 rw-p 00000000 00:00 0 
7fdde6977000-7fdde697a000 ---p 00000000 00:00 0 
7fdde697a000-7fdde6a78000 rw-p 00000000 00:00 0 
7fdde6a78000-7fdde6a7b000 ---p 00000000 00:00 0 
7fdde6a7b000-7fdde6b79000 rw-p 00000000 00:00 0                          [stack:6847]
7fdde6b79000-7fdde6b7c000 ---p 00000000 00:00 0 
7fdde6b7c000-7fdde6c7a000 rw-p 00000000 00:00 0                          [stack:6846]
7fdde6c7a000-7fdde6c7d000 ---p 00000000 00:00 0 
7fdde6c7d000-7fdde6d7b000 rw-p 00000000 00:00 0                          [stack:6845]
7fdde6d7b000-7fdde6d80000 r-xp 00000000 08:02 532910                     /usr/lib/x86_64-linux-gnu/libXfixes.so.3.1.0
7fdde6d80000-7fdde6f7f000 ---p 00005000 08:02 532910                     /usr/lib/x86_64-linux-gnu/libXfixes.so.3.1.0
7fdde6f7f000-7fdde6f80000 r--p 00004000 08:02 532910                     /usr/lib/x86_64-linux-gnu/libXfixes.so.3.1.0
7fdde6f80000-7fdde6f81000 rw-p 00005000 08:02 532910                     /usr/lib/x86_64-linux-gnu/libXfixes.so.3.1.0
7fdde6f81000-7fdde6f8a000 r-xp 00000000 08:02 532902                     /usr/lib/x86_64-linux-gnu/libXcursor.so.1.0.2
7fdde6f8a000-7fdde7189000 ---p 00009000 08:02 532902                     /usr/lib/x86_64-linux-gnu/libXcursor.so.1.0.2
7fdde7189000-7fdde718a000 r--p 00008000 08:02 532902                     /usr/lib/x86_64-linux-gnu/libXcursor.so.1.0.2
7fdde718a000-7fdde718b000 rw-p 00009000 08:02 532902                     /usr/lib/x86_64-linux-gnu/libXcursor.so.1.0.2
7fdde718b000-7fdde718e000 ---p 00000000 00:00 0 
7fdde718e000-7fdde728c000 rw-p 00000000 00:00 0                          [stack:6844]
7fdde728c000-7fdde7291000 r-xp 00000000 08:02 532906                     /usr/lib/x86_64-linux-gnu/libXdmcp.so.6.0.0
7fdde7291000-7fdde7490000 ---p 00005000 08:02 532906                     /usr/lib/x86_64-linux-gnu/libXdmcp.so.6.0.0
7fdde7490000-7fdde7491000 r--p 00004000 08:02 532906                     /usr/lib/x86_64-linux-gnu/libXdmcp.so.6.0.0
7fdde7491000-7fdde7492000 rw-p 00005000 08:02 532906                     /usr/lib/x86_64-linux-gnu/libXdmcp.so.6.0.0
7fdde7492000-7fdde7494000 r-xp 00000000 08:02 532895                     /usr/lib/x86_64-linux-gnu/libXau.so.6.0.0
7fdde7494000-7fdde7694000 ---p 00002000 08:02 532895                     /usr/lib/x86_64-linux-gnu/libXau.so.6.0.0
7fdde7694000-7fdde7695000 r--p 00002000 08:02 532895                     /usr/lib/x86_64-linux-gnu/libXau.so.6.0.0
7fdde7695000-7fdde7696000 rw-p 00003000 08:02 532895                     /usr/lib/x86_64-linux-gnu/libXau.so.6.0.0
7fdde7696000-7fdde76b3000 r-xp 00000000 08:02 534114                     /usr/lib/x86_64-linux-gnu/libxcb.so.1.1.0
7fdde76b3000-7fdde78b3000 ---p 0001d000 08:02 534114                     /usr/lib/x86_64-linux-gnu/libxcb.so.1.1.0
7fdde78b3000-7fdde78b4000 r--p 0001d000 08:02 534114                     /usr/lib/x86_64-linux-gnu/libxcb.so.1.1.0
7fdde78b4000-7fdde78b5000 rw-p 0001e000 08:02 534114                     /usr/lib/x86_64-linux-gnu/libxcb.so.1.1.0
7fdde78b5000-7fdde78c4000 r-xp 00000000 08:02 532916                     /usr/lib/x86_64-linux-gnu/libXi.so.6.1.0
7fdde78c4000-7fdde7ac3000 ---p 0000f000 08:02 532916                     /usr/lib/x86_64-linux-gnu/libXi.so.6.1.0
7fdde7ac3000-7fdde7ac4000 r--p 0000e000 08:02 532916                     /usr/lib/x86_64-linux-gnu/libXi.so.6.1.0
7fdde7ac4000-7fdde7ac5000 rw-p 0000f000 08:02 532916                     /usr/lib/x86_64-linux-gnu/libXi.so.6.1.0
7fdde7ac5000-7fdde7aca000 r-xp 00000000 08:02 532936                     /usr/lib/x86_64-linux-gnu/libXtst.so.6.1.0
7fdde7aca000-7fdde7cc9000 ---p 00005000 08:02 532936                     /usr/lib/x86_64-linux-gnu/libXtst.so.6.1.0
7fdde7cc9000-7fdde7cca000 r--p 00004000 08:02 532936                     /usr/lib/x86_64-linux-gnu/libXtst.so.6.1.0
7fdde7cca000-7fdde7ccb000 rw-p 00005000 08:02 532936                     /usr/lib/x86_64-linux-gnu/libXtst.so.6.1.0
7fdde7ccb000-7fdde7dfb000 r-xp 00000000 08:02 532891                     /usr/lib/x86_64-linux-gnu/libX11.so.6.3.0
7fdde7dfb000-7fdde7ffb000 ---p 00130000 08:02 532891                     /usr/lib/x86_64-linux-gnu/libX11.so.6.3.0
7fdde7ffb000-7fdde7ffc000 r--p 00130000 08:02 532891                     /usr/lib/x86_64-linux-gnu/libX11.so.6.3.0
7fdde7ffc000-7fdde8000000 rw-p 00131000 08:02 532891                     /usr/lib/x86_64-linux-gnu/libX11.so.6.3.0
7fdde8000000-7fdde8021000 rw-p 00000000 00:00 0 
7fdde8021000-7fddec000000 ---p 00000000 00:00 0 
7fddec000000-7fddec007000 r--s 00000000 08:02 96727                      /var/cache/fontconfig/3047814df9a2f067bd2d96a2b9c36e5a-le64.cache-4
7fddec090000-7fddec0c1000 rw-p 00000000 00:00 0 
7fddec0c1000-7fddec0ca000 r-xp 00000000 08:02 532930                     /usr/lib/x86_64-linux-gnu/libXrender.so.1.3.0
7fddec0ca000-7fddec2c9000 ---p 00009000 08:02 532930                     /usr/lib/x86_64-linux-gnu/libXrender.so.1.3.0
7fddec2c9000-7fddec2ca000 r--p 00008000 08:02 532930                     /usr/lib/x86_64-linux-gnu/libXrender.so.1.3.0
7fddec2ca000-7fddec2cb000 rw-p 00009000 08:02 532930                     /usr/lib/x86_64-linux-gnu/libXrender.so.1.3.0
7fddec2cb000-7fddec2dc000 r-xp 00000000 08:02 532908                     /usr/lib/x86_64-linux-gnu/libXext.so.6.4.0
7fddec2dc000-7fddec4db000 ---p 00011000 08:02 532908                     /usr/lib/x86_64-linux-gnu/libXext.so.6.4.0
7fddec4db000-7fddec4dc000 r--p 00010000 08:02 532908                     /usr/lib/x86_64-linux-gnu/libXext.so.6.4.0
7fddec4dc000-7fddec4dd000 rw-p 00011000 08:02 532908                     /usr/lib/x86_64-linux-gnu/libXext.so.6.4.0
7fddec4dd000-7fddec52d000 r-xp 00000000 08:02 537583                     /usr/lib/jvm/java-7-oracle/jre/lib/amd64/xawt/libmawt.so
7fddec52d000-7fddec72d000 ---p 00050000 08:02 537583                     /usr/lib/jvm/java-7-oracle/jre/lib/amd64/xawt/libmawt.so
7fddec72d000-7fddec731000 rw-p 00050000 08:02 537583                     /usr/lib/jvm/java-7-oracle/jre/lib/amd64/xawt/libmawt.so
7fddec731000-7fddec732000 rw-p 00000000 00:00 0 
7fddec732000-7fddec7d4000 r-xp 00000000 08:02 537543                     /usr/lib/jvm/java-7-oracle/jre/lib/amd64/libawt.so
7fddec7d4000-7fddec9d4000 ---p 000a2000 08:02 537543                     /usr/lib/jvm/java-7-oracle/jre/lib/amd64/libawt.so
7fddec9d4000-7fddec9e0000 rw-p 000a2000 08:02 537543                     /usr/lib/jvm/java-7-oracle/jre/lib/amd64/libawt.so
7fddec9e0000-7fddeca04000 rw-p 00000000 00:00 0 
7fddeca04000-7fddeca05000 ---p 00000000 00:00 0 
7fddeca05000-7fddecb05000 rw-p 00000000 00:00 0                          [stack:6843]
7fddecb05000-7fddecb08000 ---p 00000000 00:00 0 
7fddecb08000-7fddecc06000 rw-p 00000000 00:00 0                          [stack:6842]
7fddecc06000-7fdded000000 r--p 00000000 08:02 531394                     /usr/lib/locale/locale-archive
7fdded000000-7fdded270000 rwxp 00000000 00:00 0 
7fdded270000-7fddf02f5000 rw-p 00000000 00:00 0 
7fddf02f5000-7fddf4000000 ---p 00000000 00:00 0 
7fddf4000000-7fddf4001000 r--s 00000000 08:02 96733                      /var/cache/fontconfig/56cf4f4769d0f4abc89a4895d7bd3ae1-le64.cache-4
7fddf4001000-7fddf4007000 r--s 00000000 08:02 96746                      /var/cache/fontconfig/b47c4e1ecd0709278f4910c18777a504-le64.cache-4
7fddf4028000-7fddf402b000 ---p 00000000 00:00 0 
7fddf402b000-7fddf4129000 rw-p 00000000 00:00 0                          [stack:6841]
7fddf4129000-7fddf412c000 ---p 00000000 00:00 0 
7fddf412c000-7fddf422a000 rw-p 00000000 00:00 0                          [stack:6840]
7fddf422a000-7fddf422d000 ---p 00000000 00:00 0 
7fddf422d000-7fddf432b000 rw-p 00000000 00:00 0                          [stack:6839]
7fddf432b000-7fddf432e000 ---p 00000000 00:00 0 
7fddf432e000-7fddf442c000 rw-p 00000000 00:00 0                          [stack:6838]
7fddf442c000-7fddf442f000 ---p 00000000 00:00 0 
7fddf442f000-7fddf452d000 rw-p 00000000 00:00 0                          [stack:6837]
7fddf452d000-7fddf452e000 ---p 00000000 00:00 0 
7fddf452e000-7fddf562d000 rw-p 00000000 00:00 0                          [stack:6836]
7fddf562d000-7fddf57ed000 r--s 039fb000 08:02 537590                     /usr/lib/jvm/java-7-oracle/jre/lib/rt.jar
7fddf57ed000-7fddf5d39000 rw-p 00000000 00:00 0 
7fddf5d39000-7fddf5d3a000 ---p 00000000 00:00 0 
7fddf5d3a000-7fddf5e3a000 rw-p 00000000 00:00 0                          [stack:6835]
7fddf5e3a000-7fddf5e3b000 ---p 00000000 00:00 0 
7fddf5e3b000-7fddf5f3b000 rw-p 00000000 00:00 0                          [stack:6834]
7fddf5f3b000-7fddf5f3c000 ---p 00000000 00:00 0 
7fddf5f3c000-7fddf603c000 rw-p 00000000 00:00 0                          [stack:6833]
7fddf603c000-7fddf603d000 ---p 00000000 00:00 0 
7fddf603d000-7fddf6149000 rw-p 00000000 00:00 0                          [stack:6832]
7fddf6149000-7fddf614a000 ---p 00000000 00:00 0 
7fddf614a000-7fddf6166000 rw-p 00000000 00:00 0 
7fddf6166000-7fddf62b4000 rw-p 00000000 00:00 0 
7fddf62b4000-7fddf6411000 rw-p 00000000 00:00 0 
7fddf6411000-7fddf641d000 rw-p 00000000 00:00 0 
7fddf641d000-7fddf641e000 ---p 00000000 00:00 0 
7fddf641e000-7fddf643a000 rw-p 00000000 00:00 0 
7fddf643a000-7fddf6588000 rw-p 00000000 00:00 0 
7fddf6588000-7fddf66e4000 rw-p 00000000 00:00 0 
7fddf66e4000-7fddf683a000 rw-p 00000000 00:00 0 
7fddf683a000-7fddf683b000 rw-p 00000000 00:00 0 
7fddf683b000-7fddf6852000 r-xp 00000000 08:02 537529                     /usr/lib/jvm/java-7-oracle/jre/lib/amd64/libzip.so
7fddf6852000-7fddf6a52000 ---p 00017000 08:02 537529                     /usr/lib/jvm/java-7-oracle/jre/lib/amd64/libzip.so
7fddf6a52000-7fddf6a53000 rw-p 00017000 08:02 537529                     /usr/lib/jvm/java-7-oracle/jre/lib/amd64/libzip.so
7fddf6a53000-7fddf6a5e000 r-xp 00000000 08:02 1053015                    /lib/x86_64-linux-gnu/libnss_files-2.19.so
7fddf6a5e000-7fddf6c5d000 ---p 0000b000 08:02 1053015                    /lib/x86_64-linux-gnu/libnss_files-2.19.so
7fddf6c5d000-7fddf6c5e000 r--p 0000a000 08:02 1053015                    /lib/x86_64-linux-gnu/libnss_files-2.19.so
7fddf6c5e000-7fddf6c5f000 rw-p 0000b000 08:02 1053015                    /lib/x86_64-linux-gnu/libnss_files-2.19.so
7fddf6c5f000-7fddf6c6a000 r-xp 00000000 08:02 1053025                    /lib/x86_64-linux-gnu/libnss_nis-2.19.so
7fddf6c6a000-7fddf6e69000 ---p 0000b000 08:02 1053025                    /lib/x86_64-linux-gnu/libnss_nis-2.19.so
7fddf6e69000-7fddf6e6a000 r--p 0000a000 08:02 1053025                    /lib/x86_64-linux-gnu/libnss_nis-2.19.so
7fddf6e6a000-7fddf6e6b000 rw-p 0000b000 08:02 1053025                    /lib/x86_64-linux-gnu/libnss_nis-2.19.so
7fddf6e6b000-7fddf6e82000 r-xp 00000000 08:02 1053009                    /lib/x86_64-linux-gnu/libnsl-2.19.so
7fddf6e82000-7fddf7081000 ---p 00017000 08:02 1053009                    /lib/x86_64-linux-gnu/libnsl-2.19.so
7fddf7081000-7fddf7082000 r--p 00016000 08:02 1053009                    /lib/x86_64-linux-gnu/libnsl-2.19.so
7fddf7082000-7fddf7083000 rw-p 00017000 08:02 1053009                    /lib/x86_64-linux-gnu/libnsl-2.19.so
7fddf7083000-7fddf7085000 rw-p 00000000 00:00 0 
7fddf7085000-7fddf708e000 r-xp 00000000 08:02 1053011                    /lib/x86_64-linux-gnu/libnss_compat-2.19.so
7fddf708e000-7fddf728d000 ---p 00009000 08:02 1053011                    /lib/x86_64-linux-gnu/libnss_compat-2.19.so
7fddf728d000-7fddf728e000 r--p 00008000 08:02 1053011                    /lib/x86_64-linux-gnu/libnss_compat-2.19.so
7fddf728e000-7fddf728f000 rw-p 00009000 08:02 1053011                    /lib/x86_64-linux-gnu/libnss_compat-2.19.so
7fddf728f000-7fddf72b8000 r-xp 00000000 08:02 537563                     /usr/lib/jvm/java-7-oracle/jre/lib/amd64/libjava.so
7fddf72b8000-7fddf74b8000 ---p 00029000 08:02 537563                     /usr/lib/jvm/java-7-oracle/jre/lib/amd64/libjava.so
7fddf74b8000-7fddf74ba000 rw-p 00029000 08:02 537563                     /usr/lib/jvm/java-7-oracle/jre/lib/amd64/libjava.so
7fddf74ba000-7fddf74c7000 r-xp 00000000 08:02 537558                     /usr/lib/jvm/java-7-oracle/jre/lib/amd64/libverify.so
7fddf74c7000-7fddf76c6000 ---p 0000d000 08:02 537558                     /usr/lib/jvm/java-7-oracle/jre/lib/amd64/libverify.so
7fddf76c6000-7fddf76c8000 rw-p 0000c000 08:02 537558                     /usr/lib/jvm/java-7-oracle/jre/lib/amd64/libverify.so
7fddf76c8000-7fddf76cf000 r-xp 00000000 08:02 1053068                    /lib/x86_64-linux-gnu/librt-2.19.so
7fddf76cf000-7fddf78ce000 ---p 00007000 08:02 1053068                    /lib/x86_64-linux-gnu/librt-2.19.so
7fddf78ce000-7fddf78cf000 r--p 00006000 08:02 1053068                    /lib/x86_64-linux-gnu/librt-2.19.so
7fddf78cf000-7fddf78d0000 rw-p 00007000 08:02 1053068                    /lib/x86_64-linux-gnu/librt-2.19.so
7fddf78d0000-7fddf79d5000 r-xp 00000000 08:02 1052990                    /lib/x86_64-linux-gnu/libm-2.19.so
7fddf79d5000-7fddf7bd4000 ---p 00105000 08:02 1052990                    /lib/x86_64-linux-gnu/libm-2.19.so
7fddf7bd4000-7fddf7bd5000 r--p 00104000 08:02 1052990                    /lib/x86_64-linux-gnu/libm-2.19.so
7fddf7bd5000-7fddf7bd6000 rw-p 00105000 08:02 1052990                    /lib/x86_64-linux-gnu/libm-2.19.so
7fddf7bd6000-7fddf874c000 r-xp 00000000 08:02 537570                     /usr/lib/jvm/java-7-oracle/jre/lib/amd64/server/libjvm.so
7fddf874c000-7fddf894b000 ---p 00b76000 08:02 537570                     /usr/lib/jvm/java-7-oracle/jre/lib/amd64/server/libjvm.so
7fddf894b000-7fddf8a0f000 rw-p 00b75000 08:02 537570                     /usr/lib/jvm/java-7-oracle/jre/lib/amd64/server/libjvm.so
7fddf8a0f000-7fddf8a50000 rw-p 00000000 00:00 0 
7fddf8a50000-7fddf8c0b000 r-xp 00000000 08:02 1052939                    /lib/x86_64-linux-gnu/libc-2.19.so
7fddf8c0b000-7fddf8e0a000 ---p 001bb000 08:02 1052939                    /lib/x86_64-linux-gnu/libc-2.19.so
7fddf8e0a000-7fddf8e0e000 r--p 001ba000 08:02 1052939                    /lib/x86_64-linux-gnu/libc-2.19.so
7fddf8e0e000-7fddf8e10000 rw-p 001be000 08:02 1052939                    /lib/x86_64-linux-gnu/libc-2.19.so
7fddf8e10000-7fddf8e15000 rw-p 00000000 00:00 0 
7fddf8e15000-7fddf8e18000 r-xp 00000000 08:02 1052956                    /lib/x86_64-linux-gnu/libdl-2.19.so
7fddf8e18000-7fddf9017000 ---p 00003000 08:02 1052956                    /lib/x86_64-linux-gnu/libdl-2.19.so
7fddf9017000-7fddf9018000 r--p 00002000 08:02 1052956                    /lib/x86_64-linux-gnu/libdl-2.19.so
7fddf9018000-7fddf9019000 rw-p 00003000 08:02 1052956                    /lib/x86_64-linux-gnu/libdl-2.19.so
7fddf9019000-7fddf902e000 r-xp 00000000 08:02 537539                     /usr/lib/jvm/java-7-oracle/jre/lib/amd64/jli/libjli.so
7fddf902e000-7fddf922d000 ---p 00015000 08:02 537539                     /usr/lib/jvm/java-7-oracle/jre/lib/amd64/jli/libjli.so
7fddf922d000-7fddf922e000 rw-p 00014000 08:02 537539                     /usr/lib/jvm/java-7-oracle/jre/lib/amd64/jli/libjli.so
7fddf922e000-7fddf9247000 r-xp 00000000 08:02 1053060                    /lib/x86_64-linux-gnu/libpthread-2.19.so
7fddf9247000-7fddf9446000 ---p 00019000 08:02 1053060                    /lib/x86_64-linux-gnu/libpthread-2.19.so
7fddf9446000-7fddf9447000 r--p 00018000 08:02 1053060                    /lib/x86_64-linux-gnu/libpthread-2.19.so
7fddf9447000-7fddf9448000 rw-p 00019000 08:02 1053060                    /lib/x86_64-linux-gnu/libpthread-2.19.so
7fddf9448000-7fddf944c000 rw-p 00000000 00:00 0 
7fddf944c000-7fddf946f000 r-xp 00000000 08:02 1052913                    /lib/x86_64-linux-gnu/ld-2.19.so
7fddf946f000-7fddf9470000 r--s 00000000 08:02 96747                      /var/cache/fontconfig/b9d506c9ac06c20b433354fa67a72993-le64.cache-4
7fddf9470000-7fddf9473000 r--s 00000000 08:02 96898                      /var/cache/fontconfig/e13b20fdb08344e0e664864cc2ede53d-le64.cache-4
7fddf9473000-7fddf9477000 r--s 00000000 08:02 99809                      /var/cache/fontconfig/7ef2298fde41cc6eeb7af42e48b7d293-le64.cache-4
7fddf9488000-7fddf9492000 rw-p 00000000 00:00 0 
7fddf9492000-7fddf9548000 rw-p 00000000 00:00 0 
7fddf9548000-7fddf954b000 ---p 00000000 00:00 0 
7fddf954b000-7fddf964d000 rw-p 00000000 00:00 0                          [stack:6831]
7fddf964d000-7fddf964e000 r--s 00000000 08:02 96722                      /var/cache/fontconfig/0c9eb80ebd1c36541ebe2852d3bb0c49-le64.cache-4
7fddf9661000-7fddf9662000 rw-p 00000000 00:00 0 
7fddf9662000-7fddf966a000 rw-s 00000000 08:02 13196                      /tmp/hsperfdata_ted-cassirer/6830
7fddf966a000-7fddf966b000 rw-p 00000000 00:00 0 
7fddf966b000-7fddf966c000 ---p 00000000 00:00 0 
7fddf966c000-7fddf966e000 rw-p 00000000 00:00 0 
7fddf966e000-7fddf966f000 r--p 00022000 08:02 1052913                    /lib/x86_64-linux-gnu/ld-2.19.so
7fddf966f000-7fddf9670000 rw-p 00023000 08:02 1052913                    /lib/x86_64-linux-gnu/ld-2.19.so
7fddf9670000-7fddf9671000 rw-p 00000000 00:00 0 
7ffd166ce000-7ffd166ef000 rw-p 00000000 00:00 0                          [stack]
7ffd167a6000-7ffd167a8000 r--p 00000000 00:00 0                          [vvar]
7ffd167a8000-7ffd167aa000 r-xp 00000000 00:00 0                          [vdso]
ffffffffff600000-ffffffffff601000 r-xp 00000000 00:00 0                  [vsyscall]

VM Arguments:
jvm_args: -Xmx2048m 
java_command: ir.SearchGUI -d /home/ted-cassirer/Desktop/Skolan/davisWiki
Launcher Type: SUN_STANDARD

Environment Variables:
PATH=/usr/local/sbin:/usr/local/bin:/usr/sbin:/usr/bin:/sbin:/bin:/usr/games:/usr/local/games
USERNAME=ted-cassirer
SHELL=/bin/bash
DISPLAY=:0

Signal Handlers:
SIGSEGV: [libjvm.so+0x9a3b20], sa_mask[0]=0x7ffbfeff, sa_flags=0x10000004
SIGBUS: [libjvm.so+0x9a3b20], sa_mask[0]=0x7ffbfeff, sa_flags=0x10000004
SIGFPE: [libjvm.so+0x81e740], sa_mask[0]=0x7ffbfeff, sa_flags=0x10000004
SIGPIPE: [libjvm.so+0x81e740], sa_mask[0]=0x7ffbfeff, sa_flags=0x10000004
SIGXFSZ: [libjvm.so+0x81e740], sa_mask[0]=0x7ffbfeff, sa_flags=0x10000004
SIGILL: [libjvm.so+0x81e740], sa_mask[0]=0x7ffbfeff, sa_flags=0x10000004
SIGUSR1: SIG_DFL, sa_mask[0]=0x00000000, sa_flags=0x00000000
SIGUSR2: [libjvm.so+0x81ffb0], sa_mask[0]=0x00000000, sa_flags=0x10000004
SIGHUP: [libjvm.so+0x8210d0], sa_mask[0]=0x7ffbfeff, sa_flags=0x10000004
SIGINT: [libjvm.so+0x8210d0], sa_mask[0]=0x7ffbfeff, sa_flags=0x10000004
SIGTERM: [libjvm.so+0x8210d0], sa_mask[0]=0x7ffbfeff, sa_flags=0x10000004
SIGQUIT: [libjvm.so+0x8210d0], sa_mask[0]=0x7ffbfeff, sa_flags=0x10000004


---------------  S Y S T E M  ---------------

OS:jessie/sid

uname:Linux 4.4.0-040400-generic #201601101930 SMP Mon Jan 11 00:32:41 UTC 2016 x86_64
libc:glibc 2.19 NPTL 2.19 
rlimit: STACK 8192k, CORE 0k, NPROC 31128, NOFILE 4096, AS infinity
load average:5,18 4,22 4,03

/proc/meminfo:
MemTotal:        8062264 kB
MemFree:           61388 kB
MemAvailable:     243492 kB
Buffers:            3472 kB
Cached:           992580 kB
SwapCached:            0 kB
Active:          6959592 kB
Inactive:         812408 kB
Active(anon):    6853344 kB
Inactive(anon):   744028 kB
Active(file):     106248 kB
Inactive(file):    68380 kB
Unevictable:         872 kB
Mlocked:        68719477608 kB
SwapTotal:             0 kB
SwapFree:              0 kB
Dirty:             22224 kB
Writeback:             0 kB
AnonPages:       6776912 kB
Mapped:           592976 kB
Shmem:            821344 kB
Slab:              92280 kB
SReclaimable:      49836 kB
SUnreclaim:        42444 kB
KernelStack:       12064 kB
PageTables:        61292 kB
NFS_Unstable:          0 kB
Bounce:                0 kB
WritebackTmp:          0 kB
CommitLimit:     4031132 kB
Committed_AS:   14169072 kB
VmallocTotal:   34359738367 kB
VmallocUsed:           0 kB
VmallocChunk:          0 kB
HardwareCorrupted:     0 kB
AnonHugePages:   3684352 kB
CmaTotal:              0 kB
CmaFree:               0 kB
HugePages_Total:       0
HugePages_Free:        0
HugePages_Rsvd:        0
HugePages_Surp:        0
Hugepagesize:       2048 kB
DirectMap4k:      181668 kB
DirectMap2M:     4947968 kB
DirectMap1G:     3145728 kB


CPU:total 4 (2 cores per cpu, 2 threads per core) family 6 model 78 stepping 3, cmov, cx8, fxsr, mmx, sse, sse2, sse3, ssse3, sse4.1, sse4.2, popcnt, avx, avx2, aes, erms, ht, tsc, tscinvbit

/proc/cpuinfo:
processor	: 0
vendor_id	: GenuineIntel
cpu family	: 6
model		: 78
model name	: Intel(R) Core(TM) i5-6200U CPU @ 2.30GHz
stepping	: 3
microcode	: 0x33
cpu MHz		: 2699.906
cache size	: 3072 KB
physical id	: 0
siblings	: 4
core id		: 0
cpu cores	: 2
apicid		: 0
initial apicid	: 0
fpu		: yes
fpu_exception	: yes
cpuid level	: 22
wp		: yes
flags		: fpu vme de pse tsc msr pae mce cx8 apic sep mtrr pge mca cmov pat pse36 clflush dts acpi mmx fxsr sse sse2 ss ht tm pbe syscall nx pdpe1gb rdtscp lm constant_tsc arch_perfmon pebs bts rep_good nopl xtopology nonstop_tsc aperfmperf eagerfpu pni pclmulqdq dtes64 monitor ds_cpl vmx est tm2 ssse3 sdbg fma cx16 xtpr pdcm pcid sse4_1 sse4_2 x2apic movbe popcnt tsc_deadline_timer aes xsave avx f16c rdrand lahf_lm abm 3dnowprefetch ida arat epb pln pts dtherm hwp hwp_notify hwp_act_window hwp_epp intel_pt tpr_shadow vnmi flexpriority ept vpid fsgsbase tsc_adjust bmi1 avx2 smep bmi2 erms invpcid mpx rdseed adx smap clflushopt xsaveopt xsavec xgetbv1
bugs		:
bogomips	: 4799.87
clflush size	: 64
cache_alignment	: 64
address sizes	: 39 bits physical, 48 bits virtual
power management:

processor	: 1
vendor_id	: GenuineIntel
cpu family	: 6
model		: 78
model name	: Intel(R) Core(TM) i5-6200U CPU @ 2.30GHz
stepping	: 3
microcode	: 0x33
cpu MHz		: 2700.000
cache size	: 3072 KB
physical id	: 0
siblings	: 4
core id		: 1
cpu cores	: 2
apicid		: 2
initial apicid	: 2
fpu		: yes
fpu_exception	: yes
cpuid level	: 22
wp		: yes
flags		: fpu vme de pse tsc msr pae mce cx8 apic sep mtrr pge mca cmov pat pse36 clflush dts acpi mmx fxsr sse sse2 ss ht tm pbe syscall nx pdpe1gb rdtscp lm constant_tsc arch_perfmon pebs bts rep_good nopl xtopology nonstop_tsc aperfmperf eagerfpu pni pclmulqdq dtes64 monitor ds_cpl vmx est tm2 ssse3 sdbg fma cx16 xtpr pdcm pcid sse4_1 sse4_2 x2apic movbe popcnt tsc_deadline_timer aes xsave avx f16c rdrand lahf_lm abm 3dnowprefetch ida arat epb pln pts dtherm hwp hwp_notify hwp_act_window hwp_epp intel_pt tpr_shadow vnmi flexpriority ept vpid fsgsbase tsc_adjust bmi1 avx2 smep bmi2 erms invpcid mpx rdseed adx smap clflushopt xsaveopt xsavec xgetbv1
bugs		:
bogomips	: 4799.87
clflush size	: 64
cache_alignment	: 64
address sizes	: 39 bits physical, 48 bits virtual
power management:

processor	: 2
vendor_id	: GenuineIntel
cpu family	: 6
model		: 78
model name	: Intel(R) Core(TM) i5-6200U CPU @ 2.30GHz
stepping	: 3
microcode	: 0x33
cpu MHz		: 2699.906
cache size	: 3072 KB
physical id	: 0
siblings	: 4
core id		: 0
cpu cores	: 2
apicid		: 1
initial apicid	: 1
fpu		: yes
fpu_exception	: yes
cpuid level	: 22
wp		: yes
flags		: fpu vme de pse tsc msr pae mce cx8 apic sep mtrr pge mca cmov pat pse36 clflush dts acpi mmx fxsr sse sse2 ss ht tm pbe syscall nx pdpe1gb rdtscp lm constant_tsc arch_perfmon pebs bts rep_good nopl xtopology nonstop_tsc aperfmperf eagerfpu pni pclmulqdq dtes64 monitor ds_cpl vmx est tm2 ssse3 sdbg fma cx16 xtpr pdcm pcid sse4_1 sse4_2 x2apic movbe popcnt tsc_deadline_timer aes xsave avx f16c rdrand lahf_lm abm 3dnowprefetch ida arat epb pln pts dtherm hwp hwp_notify hwp_act_window hwp_epp intel_pt tpr_shadow vnmi flexpriority ept vpid fsgsbase tsc_adjust bmi1 avx2 smep bmi2 erms invpcid mpx rdseed adx smap clflushopt xsaveopt xsavec xgetbv1
bugs		:
bogomips	: 4799.87
clflush size	: 64
cache_alignment	: 64
address sizes	: 39 bits physical, 48 bits virtual
power management:

processor	: 3
vendor_id	: GenuineIntel
cpu family	: 6
model		: 78
model name	: Intel(R) Core(TM) i5-6200U CPU @ 2.30GHz
stepping	: 3
microcode	: 0x33
cpu MHz		: 2693.250
cache size	: 3072 KB
physical id	: 0
siblings	: 4
core id		: 1
cpu cores	: 2
apicid		: 3
initial apicid	: 3
fpu		: yes
fpu_exception	: yes
cpuid level	: 22
wp		: yes
flags		: fpu vme de pse tsc msr pae mce cx8 apic sep mtrr pge mca cmov pat pse36 clflush dts acpi mmx fxsr sse sse2 ss ht tm pbe syscall nx pdpe1gb rdtscp lm constant_tsc arch_perfmon pebs bts rep_good nopl xtopology nonstop_tsc aperfmperf eagerfpu pni pclmulqdq dtes64 monitor ds_cpl vmx est tm2 ssse3 sdbg fma cx16 xtpr pdcm pcid sse4_1 sse4_2 x2apic movbe popcnt tsc_deadline_timer aes xsave avx f16c rdrand lahf_lm abm 3dnowprefetch ida arat epb pln pts dtherm hwp hwp_notify hwp_act_window hwp_epp intel_pt tpr_shadow vnmi flexpriority ept vpid fsgsbase tsc_adjust bmi1 avx2 smep bmi2 erms invpcid mpx rdseed adx smap clflushopt xsaveopt xsavec xgetbv1
bugs		:
bogomips	: 4799.87
clflush size	: 64
cache_alignment	: 64
address sizes	: 39 bits physical, 48 bits virtual
power management:



Memory: 4k page, physical 8062264k(61388k free), swap 0k(0k free)

vm_info: Java HotSpot(TM) 64-Bit Server VM (24.80-b11) for linux-amd64 JRE (1.7.0_80-b15), built on Apr 10 2015 19:53:14 by "java_re" with gcc 4.3.0 20080428 (Red Hat 4.3.0-8)

time: Mon Mar  7 23:28:24 2016
elapsed time: 26 seconds

